2023-01-04	18:24:25.433 INFO     328147nanosecs 		for topic=tb3_0/cmd_vel/linear/x
2023-01-04	18:24:26.002 INFO     320577nanosecs 		for topic=tb3_0/scan/ranges
2023-01-04	18:24:26.305 INFO     389858nanosecs 		for topic=tb3_0/odom/twist/twist/angular/z
2023-01-04	18:24:27.025 INFO     293396nanosecs 		for topic=tb3_0/cmd_vel/linear/x
2023-01-04	18:24:27.043 INFO     367847nanosecs 		for topic=tb3_0/imu/linear_acceleration/x
2023-01-04	18:24:27.266 INFO     713696nanosecs 		for topic=tb3_0/scan/ranges
2023-01-04	18:24:28.821 INFO     314937nanosecs 		for topic=tb3_0/cmd_vel/linear/x
2023-01-04	18:24:29.353 INFO     339638nanosecs 		for topic=tb3_0/scan/ranges
2023-01-04	18:24:29.353 INFO     328727nanosecs 		for topic=tb3_0/joint_states/position
2023-01-04	18:24:29.994 INFO     317527nanosecs 		for topic=tb3_0/cmd_vel/linear/x
2023-01-04	18:24:30.050 INFO     212004nanosecs 		for topic=tb3_0/odom/twist/twist/angular/z
2023-01-04	18:24:30.100 INFO     279246nanosecs 		for topic=tb3_0/imu/linear_acceleration/x
2023-01-04	18:24:31.423 INFO     327547nanosecs 		for topic=tb3_0/scan/ranges
2023-01-04	18:24:31.798 INFO     329257nanosecs 		for topic=tb3_0/cmd_vel/linear/x
2023-01-04	18:24:32.448 INFO     329768nanosecs 		for topic=tb3_0/scan/ranges
2023-01-04	18:24:33.034 INFO     384418nanosecs 		for topic=tb3_0/odom/twist/twist/angular/z
2023-01-04	18:24:33.193 INFO     304346nanosecs 		for topic=tb3_0/imu/linear_acceleration/x
2023-01-04	18:24:33.375 INFO     330057nanosecs 		for topic=tb3_0/cmd_vel/linear/x
2023-01-04	18:24:33.463 INFO     307757nanosecs 		for topic=tb3_0/scan/ranges
2023-01-04	18:24:34.840 INFO     341008nanosecs 		for topic=tb3_0/cmd_vel/linear/x
2023-01-04	18:24:35.265 INFO     291485nanosecs 		for topic=tb3_0/scan/ranges
2023-01-04	18:24:35.599 INFO     425030nanosecs 		for topic=tb3_0/imu/linear_acceleration/x
2023-01-04	18:24:35.600 INFO     315356nanosecs 		for topic=tb3_0/joint_states/position
2023-01-04	18:24:35.629 INFO     224064nanosecs 		for topic=tb3_0/odom/twist/twist/angular/z
2023-01-04	18:24:36.773 INFO     313996nanosecs 		for topic=tb3_0/cmd_vel/linear/x
2023-01-04	18:24:36.829 INFO     271026nanosecs 		for topic=tb3_0/scan/ranges
2023-01-04	18:24:38.029 INFO     345127nanosecs 		for topic=tb3_0/imu/linear_acceleration/x
2023-01-04	18:24:38.081 INFO     351787nanosecs 		for topic=tb3_0/odom/twist/twist/angular/z
2023-01-04	18:24:38.099 INFO     274586nanosecs 		for topic=tb3_0/scan/ranges
2023-01-04	18:24:38.104 INFO     283196nanosecs 		for topic=tb3_0/cmd_vel/linear/x
2023-01-04	18:24:40.022 INFO     334058nanosecs 		for topic=tb3_0/cmd_vel/linear/x
2023-01-04	18:24:40.120 INFO     339437nanosecs 		for topic=tb3_0/odom/twist/twist/angular/z
2023-01-04	18:24:40.120 INFO     295747nanosecs 		for topic=tb3_0/scan/ranges
2023-01-04	18:24:40.951 INFO     353507nanosecs 		for topic=tb3_0/joint_states/position
2023-01-04	18:24:41.012 INFO     327557nanosecs 		for topic=tb3_0/imu/linear_acceleration/x
2023-01-04	18:24:41.509 INFO     399529nanosecs 		for topic=tb3_0/scan/ranges
2023-01-04	18:24:41.510 INFO     295367nanosecs 		for topic=tb3_0/cmd_vel/linear/x
2023-01-04	18:24:42.635 INFO     334248nanosecs 		for topic=tb3_0/scan/ranges
2023-01-04	18:24:42.654 INFO     329157nanosecs 		for topic=tb3_0/odom/twist/twist/angular/z
2023-01-04	18:24:42.761 INFO     270355nanosecs 		for topic=tb3_0/cmd_vel/linear/x
2023-01-04	18:24:43.520 INFO     427099nanosecs 		for topic=tb3_0/imu/linear_acceleration/x
2023-01-04	18:24:43.693 INFO     363249nanosecs 		for topic=tb3_0/scan/ranges
2023-01-04	18:24:43.795 INFO     267735nanosecs 		for topic=tb3_0/cmd_vel/linear/x
2023-01-04	18:24:44.680 INFO     309947nanosecs 		for topic=tb3_0/odom/twist/twist/angular/z
2023-01-04	18:24:44.847 INFO     307197nanosecs 		for topic=tb3_0/cmd_vel/linear/x
2023-01-04	18:24:44.848 INFO     596084nanosecs 		for topic=tb3_0/scan/ranges
2023-01-04	18:24:45.548 INFO     345598nanosecs 		for topic=tb3_0/imu/linear_acceleration/x
2023-01-04	18:24:46.292 INFO     354298nanosecs 		for topic=tb3_0/joint_states/position
2023-01-04	18:24:46.618 INFO     326076nanosecs 		for topic=tb3_0/cmd_vel/linear/x
2023-01-04	18:24:46.804 INFO     285716nanosecs 		for topic=tb3_0/scan/ranges
2023-01-04	18:24:47.455 INFO     258535nanosecs 		for topic=tb3_0/odom/twist/twist/angular/z
2023-01-04	18:24:47.870 INFO     313436nanosecs 		for topic=tb3_0/scan/ranges
2023-01-04	18:24:47.871 INFO     300966nanosecs 		for topic=tb3_0/imu/linear_acceleration/x
2023-01-04	18:24:47.900 INFO     300056nanosecs 		for topic=tb3_0/cmd_vel/linear/x
2023-01-04	18:24:49.010 INFO     379947nanosecs 		for topic=tb3_0/scan/ranges
2023-01-04	18:24:49.239 INFO     300107nanosecs 		for topic=tb3_0/cmd_vel/linear/x
2023-01-04	18:24:49.719 INFO     310586nanosecs 		for topic=tb3_0/odom/twist/twist/angular/z
2023-01-04	18:24:50.055 INFO     321177nanosecs 		for topic=tb3_0/imu/linear_acceleration/x
2023-01-04	18:24:50.308 INFO     249396nanosecs 		for topic=tb3_0/scan/ranges
2023-01-04	18:24:50.309 INFO     230525nanosecs 		for topic=tb3_0/cmd_vel/linear/x
2023-01-04	18:24:51.977 INFO     253065nanosecs 		for topic=tb3_0/cmd_vel/linear/x
2023-01-04	18:24:51.978 INFO     310286nanosecs 		for topic=tb3_0/scan/ranges
2023-01-04	18:24:51.978 INFO     282595nanosecs 		for topic=tb3_0/joint_states/position
2023-01-04	18:24:52.129 INFO     336117nanosecs 		for topic=tb3_0/odom/twist/twist/angular/z
2023-01-04	18:24:52.570 INFO     312416nanosecs 		for topic=tb3_0/imu/linear_acceleration/x
2023-01-04	18:24:53.199 INFO     366529nanosecs 		for topic=tb3_0/scan/ranges
2023-01-04	18:24:53.199 INFO     239056nanosecs 		for topic=tb3_0/cmd_vel/linear/x
2023-01-04	18:24:54.548 INFO     383949nanosecs 		for topic=tb3_0/scan/ranges
2023-01-04	18:24:54.590 INFO     318588nanosecs 		for topic=tb3_0/imu/linear_acceleration/x
2023-01-04	18:24:54.874 INFO     341288nanosecs 		for topic=tb3_0/odom/twist/twist/angular/z
2023-01-04	18:24:54.893 INFO     183204nanosecs 		for topic=tb3_0/cmd_vel/linear/x
2023-01-04	18:24:55.876 INFO     298377nanosecs 		for topic=tb3_0/scan/ranges
2023-01-04	18:24:56.928 INFO     252246nanosecs 		for topic=tb3_0/cmd_vel/linear/x
2023-01-04	18:24:57.097 INFO     367178nanosecs 		for topic=tb3_0/imu/linear_acceleration/x
2023-01-04	18:24:57.360 INFO     285926nanosecs 		for topic=tb3_0/joint_states/position
2023-01-04	18:24:57.571 INFO     304036nanosecs 		for topic=tb3_0/scan/ranges
2023-01-04	18:24:57.880 INFO     271705nanosecs 		for topic=tb3_0/odom/twist/twist/angular/z
2023-01-04	18:24:57.996 INFO     156864nanosecs 		for topic=tb3_0/cmd_vel/linear/x
2023-01-04	18:24:58.679 INFO     298546nanosecs 		for topic=tb3_0/scan/ranges
2023-01-04	18:24:59.016 INFO     340947nanosecs 		for topic=tb3_0/cmd_vel/linear/x
2023-01-04	18:24:59.208 INFO     330027nanosecs 		for topic=tb3_0/imu/linear_acceleration/x
2023-01-04	18:25:00.111 INFO     326438nanosecs 		for topic=tb3_0/scan/ranges
2023-01-04	18:25:00.111 INFO     356027nanosecs 		for topic=tb3_0/odom/twist/twist/angular/z
2023-01-04	18:25:00.111 INFO     178704nanosecs 		for topic=tb3_0/cmd_vel/linear/x
2023-01-04	18:25:01.302 INFO     328158nanosecs 		for topic=tb3_0/imu/linear_acceleration/x
2023-01-04	18:25:01.312 INFO     265795nanosecs 		for topic=tb3_0/scan/ranges
2023-01-04	18:25:01.600 INFO     311027nanosecs 		for topic=tb3_0/cmd_vel/linear/x
2023-01-04	18:25:02.347 INFO     294166nanosecs 		for topic=tb3_0/scan/ranges
2023-01-04	18:25:02.347 INFO     312147nanosecs 		for topic=tb3_0/odom/twist/twist/angular/z
2023-01-04	18:25:02.682 INFO     216555nanosecs 		for topic=tb3_0/cmd_vel/linear/x
2023-01-04	18:25:02.763 INFO     497850nanosecs 		for topic=tb3_0/joint_states/position
2023-01-04	18:25:03.314 INFO     256336nanosecs 		for topic=tb3_0/imu/linear_acceleration/x
2023-01-04	18:25:03.569 INFO     327346nanosecs 		for topic=tb3_0/scan/ranges
2023-01-04	18:25:03.792 INFO     284867nanosecs 		for topic=tb3_0/cmd_vel/linear/x
2023-01-04	18:25:04.731 INFO     313797nanosecs 		for topic=tb3_0/odom/twist/twist/angular/z
2023-01-04	18:25:04.792 INFO     347078nanosecs 		for topic=tb3_0/scan/ranges
2023-01-04	18:25:04.808 INFO     187475nanosecs 		for topic=tb3_0/cmd_vel/linear/x
2023-01-04	18:25:05.734 INFO     354788nanosecs 		for topic=tb3_0/imu/linear_acceleration/x
2023-01-04	18:25:05.851 INFO     276635nanosecs 		for topic=tb3_0/scan/ranges
2023-01-04	18:25:06.074 INFO     269035nanosecs 		for topic=tb3_0/cmd_vel/linear/x
2023-01-04	18:25:06.993 INFO     346737nanosecs 		for topic=tb3_0/odom/twist/twist/angular/z
2023-01-04	18:25:07.270 INFO     341367nanosecs 		for topic=tb3_0/cmd_vel/linear/x
2023-01-04	18:25:07.936 INFO     340767nanosecs 		for topic=tb3_0/scan/ranges
2023-01-04	18:25:08.161 INFO     335457nanosecs 		for topic=tb3_0/joint_states/position
2023-01-04	18:25:08.282 INFO     313146nanosecs 		for topic=tb3_0/imu/linear_acceleration/x
2023-01-04	18:25:08.288 INFO     331677nanosecs 		for topic=tb3_0/cmd_vel/linear/x
2023-01-04	18:25:09.041 INFO     326377nanosecs 		for topic=tb3_0/odom/twist/twist/angular/z
2023-01-04	18:25:09.262 INFO     351337nanosecs 		for topic=tb3_0/scan/ranges
2023-01-04	18:25:09.587 INFO     328477nanosecs 		for topic=tb3_0/cmd_vel/linear/x
2023-01-04	18:25:10.842 INFO     273717nanosecs 		for topic=tb3_0/imu/linear_acceleration/x
2023-01-04	18:25:11.084 INFO     302526nanosecs 		for topic=tb3_0/scan/ranges
2023-01-04	18:25:11.149 INFO     312227nanosecs 		for topic=tb3_0/cmd_vel/linear/x
2023-01-04	18:25:11.733 INFO     356678nanosecs 		for topic=tb3_0/odom/twist/twist/angular/z
2023-01-04	18:25:12.097 INFO     377268nanosecs 		for topic=tb3_0/scan/ranges
2023-01-04	18:25:12.267 INFO     310756nanosecs 		for topic=tb3_0/cmd_vel/linear/x
2023-01-04	18:25:13.010 INFO     426809nanosecs 		for topic=tb3_0/imu/linear_acceleration/x
2023-01-04	18:25:13.968 INFO     349737nanosecs 		for topic=tb3_0/scan/ranges
2023-01-04	18:25:13.974 INFO     317287nanosecs 		for topic=tb3_0/joint_states/position
2023-01-04	18:25:13.986 INFO     279446nanosecs 		for topic=tb3_0/odom/twist/twist/angular/z
2023-01-04	18:25:13.997 INFO     145933nanosecs 		for topic=tb3_0/cmd_vel/linear/x
2023-01-04	18:25:15.024 INFO     297426nanosecs 		for topic=tb3_0/scan/ranges
2023-01-04	18:25:15.147 INFO     258135nanosecs 		for topic=tb3_0/cmd_vel/linear/x
2023-01-04	18:25:16.163 INFO     249966nanosecs 		for topic=tb3_0/odom/twist/twist/angular/z
2023-01-04	18:25:16.163 INFO     298786nanosecs 		for topic=tb3_0/scan/ranges
2023-01-04	18:25:16.350 INFO     187494nanosecs 		for topic=tb3_0/cmd_vel/linear/x
2023-01-04	18:25:16.371 INFO     326756nanosecs 		for topic=tb3_0/imu/linear_acceleration/x
2023-01-04	18:25:17.424 INFO     346148nanosecs 		for topic=tb3_0/scan/ranges
2023-01-04	18:25:17.595 INFO     250705nanosecs 		for topic=tb3_0/cmd_vel/linear/x
2023-01-04	18:25:18.403 INFO     301806nanosecs 		for topic=tb3_0/odom/twist/twist/angular/z
2023-01-04	18:25:18.515 INFO     270525nanosecs 		for topic=tb3_0/imu/linear_acceleration/x
2023-01-04	18:25:18.667 INFO     217664nanosecs 		for topic=tb3_0/cmd_vel/linear/x
2023-01-04	18:25:18.674 INFO     311717nanosecs 		for topic=tb3_0/scan/ranges
2023-01-04	18:25:19.016 INFO     325518nanosecs 		for topic=tb3_0/joint_states/position
2023-01-04	18:25:20.262 INFO     331987nanosecs 		for topic=tb3_0/cmd_vel/linear/x
2023-01-04	18:25:20.272 INFO     363588nanosecs 		for topic=tb3_0/scan/ranges
2023-01-04	18:25:20.535 INFO     292036nanosecs 		for topic=tb3_0/odom/twist/twist/angular/z
2023-01-04	18:25:20.788 INFO     278306nanosecs 		for topic=tb3_0/imu/linear_acceleration/x
2023-01-04	18:25:21.416 INFO     324867nanosecs 		for topic=tb3_0/scan/ranges
2023-01-04	18:25:21.427 INFO     299126nanosecs 		for topic=tb3_0/cmd_vel/linear/x
2023-01-04	18:25:22.840 INFO     360319nanosecs 		for topic=tb3_0/scan/ranges
2023-01-04	18:25:22.896 INFO     245326nanosecs 		for topic=tb3_0/odom/twist/twist/angular/z
2023-01-04	18:25:22.896 INFO     301437nanosecs 		for topic=tb3_0/imu/linear_acceleration/x
2023-01-04	18:25:23.861 INFO     304766nanosecs 		for topic=tb3_0/cmd_vel/linear/x
2023-01-04	18:25:24.066 INFO     305847nanosecs 		for topic=tb3_0/joint_states/position
2023-01-04	18:25:24.116 INFO     330448nanosecs 		for topic=tb3_0/scan/ranges
2023-01-04	18:25:24.934 INFO     397778nanosecs 		for topic=tb3_0/cmd_vel/linear/x
2023-01-04	18:25:25.192 INFO     305406nanosecs 		for topic=tb3_0/scan/ranges
2023-01-04	18:25:25.227 INFO     282706nanosecs 		for topic=tb3_0/odom/twist/twist/angular/z
2023-01-04	18:25:25.446 INFO     362477nanosecs 		for topic=tb3_0/imu/linear_acceleration/x
2023-01-04	18:25:26.014 INFO     225065nanosecs 		for topic=tb3_0/cmd_vel/linear/x
2023-01-04	18:25:26.613 INFO     328987nanosecs 		for topic=tb3_0/scan/ranges
2023-01-04	18:25:27.210 INFO     245505nanosecs 		for topic=tb3_0/cmd_vel/linear/x
2023-01-04	18:25:27.283 INFO     204494nanosecs 		for topic=tb3_0/odom/twist/twist/angular/z
2023-01-04	18:25:27.627 INFO     343286nanosecs 		for topic=tb3_0/imu/linear_acceleration/x
2023-01-04	18:25:27.786 INFO     359528nanosecs 		for topic=tb3_0/scan/ranges
2023-01-04	18:25:28.284 INFO     222895nanosecs 		for topic=tb3_0/cmd_vel/linear/x
2023-01-04	18:25:28.814 INFO     336608nanosecs 		for topic=tb3_0/scan/ranges
2023-01-04	18:25:29.083 INFO     317837nanosecs 		for topic=tb3_0/joint_states/position
2023-01-04	18:25:29.327 INFO     407879nanosecs 		for topic=tb3_0/odom/twist/twist/angular/z
2023-01-04	18:25:29.328 INFO     164514nanosecs 		for topic=tb3_0/cmd_vel/linear/x
2023-01-04	18:25:29.805 INFO     321117nanosecs 		for topic=tb3_0/imu/linear_acceleration/x
2023-01-04	18:25:30.100 INFO     356028nanosecs 		for topic=tb3_0/scan/ranges
2023-01-04	18:25:30.970 INFO     322818nanosecs 		for topic=tb3_0/cmd_vel/linear/x
2023-01-04	18:25:31.402 INFO     326027nanosecs 		for topic=tb3_0/scan/ranges
2023-01-04	18:25:32.043 INFO     286196nanosecs 		for topic=tb3_0/odom/twist/twist/angular/z
2023-01-04	18:25:32.444 INFO     318507nanosecs 		for topic=tb3_0/imu/linear_acceleration/x
2023-01-04	18:25:32.444 INFO     227744nanosecs 		for topic=tb3_0/cmd_vel/linear/x
2023-01-04	18:25:32.565 INFO     394458nanosecs 		for topic=tb3_0/scan/ranges
2023-01-04	18:25:34.212 INFO     339656nanosecs 		for topic=tb3_0/scan/ranges
2023-01-04	18:25:34.212 INFO     264255nanosecs 		for topic=tb3_0/cmd_vel/linear/x
2023-01-04	18:25:34.221 INFO     234585nanosecs 		for topic=tb3_0/odom/twist/twist/angular/z
2023-01-04	18:25:34.580 INFO     156044nanosecs 		for topic=tb3_0/joint_states/position
2023-01-04	18:25:34.880 INFO     354768nanosecs 		for topic=tb3_0/imu/linear_acceleration/x
2023-01-04	18:25:35.796 INFO     329737nanosecs 		for topic=tb3_0/scan/ranges
2023-01-04	18:25:35.796 INFO     258736nanosecs 		for topic=tb3_0/cmd_vel/linear/x
2023-01-04	18:25:36.686 INFO     246835nanosecs 		for topic=tb3_0/odom/twist/twist/angular/z
2023-01-04	18:25:37.218 INFO     269406nanosecs 		for topic=tb3_0/imu/linear_acceleration/x
2023-01-04	18:25:37.306 INFO     345628nanosecs 		for topic=tb3_0/scan/ranges
2023-01-04	18:25:38.003 INFO     304157nanosecs 		for topic=tb3_0/cmd_vel/linear/x
2023-01-04	18:25:39.088 INFO     300447nanosecs 		for topic=tb3_0/scan/ranges
2023-01-04	18:25:39.503 INFO     326987nanosecs 		for topic=tb3_0/cmd_vel/linear/x
2023-01-04	18:25:39.757 INFO     381319nanosecs 		for topic=tb3_0/odom/twist/twist/angular/z
2023-01-04	18:25:39.757 INFO     180503nanosecs 		for topic=tb3_0/joint_states/position
2023-01-04	18:25:39.824 INFO     212534nanosecs 		for topic=tb3_0/imu/linear_acceleration/x
2023-01-04	18:25:40.192 INFO     281836nanosecs 		for topic=tb3_0/scan/ranges
2023-01-04	18:25:40.942 INFO     278456nanosecs 		for topic=tb3_0/cmd_vel/linear/x
2023-01-04	18:25:41.267 INFO     342447nanosecs 		for topic=tb3_0/scan/ranges
2023-01-04	18:25:42.075 INFO     333237nanosecs 		for topic=tb3_0/odom/twist/twist/angular/z
2023-01-04	18:25:42.075 INFO     351208nanosecs 		for topic=tb3_0/cmd_vel/linear/x
2023-01-04	18:25:42.191 INFO     256615nanosecs 		for topic=tb3_0/imu/linear_acceleration/x
2023-01-04	18:25:42.378 INFO     337537nanosecs 		for topic=tb3_0/scan/ranges
2023-01-04	18:25:43.597 INFO     343747nanosecs 		for topic=tb3_0/cmd_vel/linear/x
2023-01-04	18:25:43.821 INFO     316387nanosecs 		for topic=tb3_0/scan/ranges
2023-01-04	18:25:44.479 INFO     354917nanosecs 		for topic=tb3_0/odom/twist/twist/angular/z
2023-01-04	18:25:44.566 INFO     233594nanosecs 		for topic=tb3_0/imu/linear_acceleration/x
2023-01-04	18:25:44.627 INFO     262935nanosecs 		for topic=tb3_0/cmd_vel/linear/x
2023-01-04	18:25:44.992 INFO     344968nanosecs 		for topic=tb3_0/scan/ranges
2023-01-04	18:25:44.993 INFO     286317nanosecs 		for topic=tb3_0/joint_states/position
2023-01-04	18:25:45.857 INFO     308656nanosecs 		for topic=tb3_0/cmd_vel/linear/x
2023-01-04	18:25:46.318 INFO     263876nanosecs 		for topic=tb3_0/scan/ranges
2023-01-04	18:25:46.538 INFO     360998nanosecs 		for topic=tb3_0/odom/twist/twist/angular/z
2023-01-04	18:25:46.760 INFO     222165nanosecs 		for topic=tb3_0/imu/linear_acceleration/x
2023-01-04	18:25:47.167 INFO     328756nanosecs 		for topic=tb3_0/cmd_vel/linear/x
2023-01-04	18:25:47.726 INFO     226954nanosecs 		for topic=tb3_0/scan/ranges
2023-01-04	18:25:48.263 INFO     327917nanosecs 		for topic=tb3_0/cmd_vel/linear/x
2023-01-04	18:25:48.668 INFO     336037nanosecs 		for topic=tb3_0/odom/twist/twist/angular/z
2023-01-04	18:25:48.958 INFO     336738nanosecs 		for topic=tb3_0/scan/ranges
2023-01-04	18:25:49.245 INFO     210024nanosecs 		for topic=tb3_0/imu/linear_acceleration/x
2023-01-04	18:25:49.312 INFO     291376nanosecs 		for topic=tb3_0/cmd_vel/linear/x
2023-01-04	18:25:50.095 INFO     595533nanosecs 		for topic=tb3_0/scan/ranges
2023-01-04	18:25:50.258 INFO     216264nanosecs 		for topic=tb3_0/joint_states/position
2023-01-04	18:25:50.324 INFO     333278nanosecs 		for topic=tb3_0/cmd_vel/linear/x
2023-01-04	18:25:50.759 INFO     364648nanosecs 		for topic=tb3_0/odom/twist/twist/angular/z
2023-01-04	18:25:51.383 INFO     264596nanosecs 		for topic=tb3_0/scan/ranges
2023-01-04	18:25:51.405 INFO     194745nanosecs 		for topic=tb3_0/imu/linear_acceleration/x
2023-01-04	18:25:51.780 INFO     309367nanosecs 		for topic=tb3_0/cmd_vel/linear/x
2023-01-04	18:25:52.553 INFO     277026nanosecs 		for topic=tb3_0/scan/ranges
2023-01-04	18:25:52.797 INFO     338737nanosecs 		for topic=tb3_0/cmd_vel/linear/x
2023-01-04	18:25:52.901 INFO     280016nanosecs 		for topic=tb3_0/odom/twist/twist/angular/z
2023-01-04	18:25:53.520 INFO     204214nanosecs 		for topic=tb3_0/imu/linear_acceleration/x
2023-01-04	18:25:53.844 INFO     278556nanosecs 		for topic=tb3_0/scan/ranges
2023-01-04	18:25:53.863 INFO     315107nanosecs 		for topic=tb3_0/cmd_vel/linear/x
2023-01-04	18:25:55.031 INFO     346057nanosecs 		for topic=tb3_0/scan/ranges
2023-01-04	18:25:55.036 INFO     286957nanosecs 		for topic=tb3_0/cmd_vel/linear/x
2023-01-04	18:25:55.047 INFO     262065nanosecs 		for topic=tb3_0/odom/twist/twist/angular/z
2023-01-04	18:25:55.719 INFO     193354nanosecs 		for topic=tb3_0/joint_states/position
2023-01-04	18:25:55.720 INFO     195624nanosecs 		for topic=tb3_0/imu/linear_acceleration/x
2023-01-04	18:25:56.064 INFO     196223nanosecs 		for topic=tb3_0/scan/ranges
2023-01-04	18:25:56.242 INFO     306026nanosecs 		for topic=tb3_0/cmd_vel/linear/x
2023-01-04	18:25:57.576 INFO     349118nanosecs 		for topic=tb3_0/cmd_vel/linear/x
2023-01-04	18:25:57.577 INFO     334637nanosecs 		for topic=tb3_0/odom/twist/twist/angular/z
2023-01-04	18:25:57.621 INFO     661265nanosecs 		for topic=tb3_0/scan/ranges
2023-01-04	18:25:58.033 INFO     165123nanosecs 		for topic=tb3_0/imu/linear_acceleration/x
2023-01-04	18:25:58.789 INFO     371887nanosecs 		for topic=tb3_0/cmd_vel/linear/x
2023-01-04	18:26:00.531 INFO     256305nanosecs 		for topic=tb3_0/scan/ranges
2023-01-04	18:26:00.567 INFO     332147nanosecs 		for topic=tb3_0/cmd_vel/linear/x
2023-01-04	18:26:01.099 INFO     238045nanosecs 		for topic=tb3_0/joint_states/position
2023-01-04	18:26:01.109 INFO     207784nanosecs 		for topic=tb3_0/odom/twist/twist/angular/z
2023-01-04	18:26:01.712 INFO     222485nanosecs 		for topic=tb3_0/imu/linear_acceleration/x
2023-01-04	18:26:01.712 INFO     168643nanosecs 		for topic=tb3_0/scan/ranges
2023-01-04	18:26:01.712 INFO     328157nanosecs 		for topic=tb3_0/cmd_vel/linear/x
2023-01-04	18:26:03.142 INFO     323717nanosecs 		for topic=tb3_0/odom/twist/twist/angular/z
2023-01-04	18:26:03.732 INFO     214544nanosecs 		for topic=tb3_0/scan/ranges
2023-01-04	18:26:04.294 INFO     321406nanosecs 		for topic=tb3_0/cmd_vel/linear/x
2023-01-04	18:26:04.822 INFO     245695nanosecs 		for topic=tb3_0/scan/ranges
2023-01-04	18:26:04.980 INFO     195485nanosecs 		for topic=tb3_0/imu/linear_acceleration/x
2023-01-04	18:26:05.353 INFO     234205nanosecs 		for topic=tb3_0/odom/twist/twist/angular/z
2023-01-04	18:26:05.354 INFO     333548nanosecs 		for topic=tb3_0/cmd_vel/linear/x
2023-01-04	18:26:06.245 INFO     218526nanosecs 		for topic=tb3_0/joint_states/position
2023-01-04	18:26:06.245 INFO     167083nanosecs 		for topic=tb3_0/scan/ranges
2023-01-04	18:26:07.320 INFO     292126nanosecs 		for topic=tb3_0/imu/linear_acceleration/x
2023-01-04	18:26:07.889 INFO     575952nanosecs 		for topic=tb3_0/cmd_vel/linear/x
2023-01-04	18:26:08.154 INFO     344407nanosecs 		for topic=tb3_0/scan/ranges
2023-01-04	18:26:08.815 INFO     335156nanosecs 		for topic=tb3_0/odom/twist/twist/angular/z
2023-01-04	18:26:09.051 INFO     344177nanosecs 		for topic=tb3_0/cmd_vel/linear/x
2023-01-04	18:26:09.439 INFO     295077nanosecs 		for topic=tb3_0/scan/ranges
2023-01-04	18:26:09.449 INFO     177554nanosecs 		for topic=tb3_0/imu/linear_acceleration/x
2023-01-04	18:26:10.677 INFO     331968nanosecs 		for topic=tb3_0/scan/ranges
2023-01-04	18:26:10.682 INFO     162673nanosecs 		for topic=tb3_0/cmd_vel/linear/x
2023-01-04	18:26:11.198 INFO     251165nanosecs 		for topic=tb3_0/odom/twist/twist/angular/z
2023-01-04	18:26:11.618 INFO     249355nanosecs 		for topic=tb3_0/imu/linear_acceleration/x
2023-01-04	18:26:11.720 INFO     194544nanosecs 		for topic=tb3_0/scan/ranges
2023-01-04	18:26:12.139 INFO     146773nanosecs 		for topic=tb3_0/cmd_vel/linear/x
2023-01-04	18:26:12.220 INFO     124752nanosecs 		for topic=tb3_0/joint_states/position
2023-01-04	18:26:13.162 INFO     206485nanosecs 		for topic=tb3_0/cmd_vel/linear/x
2023-01-04	18:26:14.088 INFO     323978nanosecs 		for topic=tb3_0/odom/twist/twist/angular/z
2023-01-04	18:26:14.088 INFO     184833nanosecs 		for topic=tb3_0/scan/ranges
2023-01-04	18:26:15.037 INFO     312807nanosecs 		for topic=tb3_0/imu/linear_acceleration/x
2023-01-04	18:26:16.137 INFO     274825nanosecs 		for topic=tb3_0/cmd_vel/linear/x
2023-01-04	18:26:16.593 INFO     196234nanosecs 		for topic=tb3_0/scan/ranges
2023-01-04	18:26:17.288 INFO     255896nanosecs 		for topic=tb3_0/joint_states/position
2023-01-04	18:26:17.299 INFO     176203nanosecs 		for topic=tb3_0/cmd_vel/linear/x
2023-01-04	18:26:17.586 INFO     205694nanosecs 		for topic=tb3_0/odom/twist/twist/angular/z
2023-01-04	18:26:17.749 INFO     135193nanosecs 		for topic=tb3_0/scan/ranges
2023-01-04	18:26:17.760 INFO     200214nanosecs 		for topic=tb3_0/imu/linear_acceleration/x
2023-01-04	18:26:18.533 INFO     200404nanosecs 		for topic=tb3_0/cmd_vel/linear/x
2023-01-04	18:26:18.780 INFO     176454nanosecs 		for topic=tb3_0/scan/ranges
2023-01-04	18:26:19.748 INFO     219044nanosecs 		for topic=tb3_0/cmd_vel/linear/x
2023-01-04	18:26:19.759 INFO     195944nanosecs 		for topic=tb3_0/odom/twist/twist/angular/z
2023-01-04	18:26:19.893 INFO     201504nanosecs 		for topic=tb3_0/imu/linear_acceleration/x
2023-01-04	18:26:19.893 INFO     164223nanosecs 		for topic=tb3_0/scan/ranges
2023-01-04	18:26:20.815 INFO     233885nanosecs 		for topic=tb3_0/cmd_vel/linear/x
2023-01-04	18:26:21.086 INFO     212724nanosecs 		for topic=tb3_0/scan/ranges
2023-01-04	18:26:21.821 INFO     239325nanosecs 		for topic=tb3_0/odom/twist/twist/angular/z
2023-01-04	18:26:21.887 INFO     144212nanosecs 		for topic=tb3_0/cmd_vel/linear/x
2023-01-04	18:26:21.968 INFO     164683nanosecs 		for topic=tb3_0/imu/linear_acceleration/x
2023-01-04	18:26:22.141 INFO     210925nanosecs 		for topic=tb3_0/scan/ranges
2023-01-04	18:26:22.319 INFO     203225nanosecs 		for topic=tb3_0/joint_states/position
2023-01-04	18:26:22.912 INFO     248265nanosecs 		for topic=tb3_0/cmd_vel/linear/x
2023-01-04	18:26:23.442 INFO     280737nanosecs 		for topic=tb3_0/scan/ranges
2023-01-04	18:26:23.846 INFO     226305nanosecs 		for topic=tb3_0/odom/twist/twist/angular/z
2023-01-04	18:26:24.001 INFO     221576nanosecs 		for topic=tb3_0/imu/linear_acceleration/x
2023-01-04	18:26:24.021 INFO     182123nanosecs 		for topic=tb3_0/cmd_vel/linear/x
2023-01-04	18:26:24.462 INFO     250895nanosecs 		for topic=tb3_0/scan/ranges
2023-01-04	18:26:25.152 INFO     207444nanosecs 		for topic=tb3_0/cmd_vel/linear/x
2023-01-04	18:26:25.587 INFO     236735nanosecs 		for topic=tb3_0/scan/ranges
2023-01-04	18:26:25.932 INFO     229795nanosecs 		for topic=tb3_0/odom/twist/twist/angular/z
2023-01-04	18:26:26.031 INFO     199455nanosecs 		for topic=tb3_0/imu/linear_acceleration/x
2023-01-04	18:26:26.501 INFO     168093nanosecs 		for topic=tb3_0/cmd_vel/linear/x
2023-01-04	18:26:26.790 INFO     248496nanosecs 		for topic=tb3_0/scan/ranges
2023-01-04	18:26:27.476 INFO     318586nanosecs 		for topic=tb3_0/joint_states/position
2023-01-04	18:26:27.803 INFO     232524nanosecs 		for topic=tb3_0/cmd_vel/linear/x
2023-01-04	18:26:27.901 INFO     192443nanosecs 		for topic=tb3_0/scan/ranges
2023-01-04	18:26:27.990 INFO     363068nanosecs 		for topic=tb3_0/odom/twist/twist/angular/z
2023-01-04	18:26:28.051 INFO     250436nanosecs 		for topic=tb3_0/imu/linear_acceleration/x
2023-01-04	18:26:28.905 INFO     306686nanosecs 		for topic=tb3_0/cmd_vel/linear/x
2023-01-04	18:26:28.926 INFO     179703nanosecs 		for topic=tb3_0/scan/ranges
2023-01-04	18:26:30.102 INFO     290456nanosecs 		for topic=tb3_0/cmd_vel/linear/x
2023-01-04	18:26:30.102 INFO     216694nanosecs 		for topic=tb3_0/scan/ranges
2023-01-04	18:26:30.152 INFO     191175nanosecs 		for topic=tb3_0/imu/linear_acceleration/x
2023-01-04	18:26:30.166 INFO     326217nanosecs 		for topic=tb3_0/odom/twist/twist/angular/z
2023-01-04	18:26:31.251 INFO     228966nanosecs 		for topic=tb3_0/cmd_vel/linear/x
2023-01-04	18:26:31.251 INFO     187583nanosecs 		for topic=tb3_0/scan/ranges
2023-01-04	18:26:32.256 INFO     192924nanosecs 		for topic=tb3_0/imu/linear_acceleration/x
2023-01-04	18:26:32.302 INFO     331887nanosecs 		for topic=tb3_0/odom/twist/twist/angular/z
2023-01-04	18:26:32.404 INFO     217745nanosecs 		for topic=tb3_0/cmd_vel/linear/x
2023-01-04	18:26:32.491 INFO     205364nanosecs 		for topic=tb3_0/joint_states/position
2023-01-04	18:26:32.619 INFO     349207nanosecs 		for topic=tb3_0/scan/ranges
2023-01-04	18:26:33.477 INFO     455569nanosecs 		for topic=tb3_0/cmd_vel/linear/x
2023-01-04	18:26:33.804 INFO     367958nanosecs 		for topic=tb3_0/scan/ranges
2023-01-04	18:26:34.270 INFO     235666nanosecs 		for topic=tb3_0/imu/linear_acceleration/x
2023-01-04	18:26:34.444 INFO     358808nanosecs 		for topic=tb3_0/odom/twist/twist/angular/z
2023-01-04	18:26:34.832 INFO     300307nanosecs 		for topic=tb3_0/cmd_vel/linear/x
2023-01-04	18:26:35.054 INFO     332437nanosecs 		for topic=tb3_0/scan/ranges
2023-01-04	18:26:36.224 INFO     237695nanosecs 		for topic=tb3_0/cmd_vel/linear/x
2023-01-04	18:26:36.225 INFO     312896nanosecs 		for topic=tb3_0/scan/ranges
2023-01-04	18:26:36.463 INFO     434179nanosecs 		for topic=tb3_0/odom/twist/twist/angular/z
2023-01-04	18:26:37.223 INFO     248845nanosecs 		for topic=tb3_0/imu/linear_acceleration/x
2023-01-04	18:26:37.352 INFO     176185nanosecs 		for topic=tb3_0/cmd_vel/linear/x
2023-01-04	18:26:37.431 INFO     335117nanosecs 		for topic=tb3_0/scan/ranges
2023-01-04	18:26:37.828 INFO     226655nanosecs 		for topic=tb3_0/joint_states/position
2023-01-04	18:26:38.375 INFO     182734nanosecs 		for topic=tb3_0/cmd_vel/linear/x
2023-01-04	18:26:38.477 INFO     365777nanosecs 		for topic=tb3_0/odom/twist/twist/angular/z
2023-01-04	18:26:38.527 INFO     371847nanosecs 		for topic=tb3_0/scan/ranges
2023-01-04	18:26:39.555 INFO     259705nanosecs 		for topic=tb3_0/imu/linear_acceleration/x
2023-01-04	18:26:39.555 INFO     166494nanosecs 		for topic=tb3_0/cmd_vel/linear/x
2023-01-04	18:26:39.654 INFO     288506nanosecs 		for topic=tb3_0/scan/ranges
2023-01-04	18:26:40.659 INFO     383048nanosecs 		for topic=tb3_0/odom/twist/twist/angular/z
2023-01-04	18:26:40.675 INFO     322547nanosecs 		for topic=tb3_0/cmd_vel/linear/x
2023-01-04	18:26:40.736 INFO     342866nanosecs 		for topic=tb3_0/scan/ranges
2023-01-04	18:26:41.698 INFO     355497nanosecs 		for topic=tb3_0/cmd_vel/linear/x
2023-01-04	18:26:41.704 INFO     472531nanosecs 		for topic=tb3_0/imu/linear_acceleration/x
2023-01-04	18:26:41.982 INFO     221925nanosecs 		for topic=tb3_0/scan/ranges
2023-01-04	18:26:43.172 INFO     341978nanosecs 		for topic=tb3_0/joint_states/position
2023-01-04	18:26:43.173 INFO     308947nanosecs 		for topic=tb3_0/cmd_vel/linear/x
2023-01-04	18:26:43.184 INFO     364018nanosecs 		for topic=tb3_0/odom/twist/twist/angular/z
2023-01-04	18:26:43.373 INFO     236374nanosecs 		for topic=tb3_0/scan/ranges
2023-01-04	18:26:44.178 INFO     209305nanosecs 		for topic=tb3_0/imu/linear_acceleration/x
2023-01-04	18:26:44.468 INFO     290366nanosecs 		for topic=tb3_0/cmd_vel/linear/x
2023-01-04	18:26:44.696 INFO     256955nanosecs 		for topic=tb3_0/scan/ranges
2023-01-04	18:26:45.664 INFO     322237nanosecs 		for topic=tb3_0/odom/twist/twist/angular/z
2023-01-04	18:26:45.816 INFO     252735nanosecs 		for topic=tb3_0/scan/ranges
2023-01-04	18:26:46.337 INFO     5402546nanosecs 		for topic=tb3_0/imu/linear_acceleration/x
2023-01-04	18:26:46.352 INFO     286556nanosecs 		for topic=tb3_0/cmd_vel/linear/x
2023-01-04	18:26:47.431 INFO     304766nanosecs 		for topic=tb3_0/scan/ranges
2023-01-04	18:26:47.778 INFO     404419nanosecs 		for topic=tb3_0/odom/twist/twist/angular/z
2023-01-04	18:26:47.879 INFO     318936nanosecs 		for topic=tb3_0/cmd_vel/linear/x
2023-01-04	18:26:48.512 INFO     293256nanosecs 		for topic=tb3_0/scan/ranges
2023-01-04	18:26:48.700 INFO     189154nanosecs 		for topic=tb3_0/joint_states/position
2023-01-04	18:26:48.847 INFO     225124nanosecs 		for topic=tb3_0/imu/linear_acceleration/x
2023-01-04	18:26:49.623 INFO     346907nanosecs 		for topic=tb3_0/scan/ranges
2023-01-04	18:26:49.634 INFO     236755nanosecs 		for topic=tb3_0/cmd_vel/linear/x
2023-01-04	18:26:49.909 INFO     271915nanosecs 		for topic=tb3_0/odom/twist/twist/angular/z
2023-01-04	18:26:50.657 INFO     236015nanosecs 		for topic=tb3_0/cmd_vel/linear/x
2023-01-04	18:26:50.759 INFO     543302nanosecs 		for topic=tb3_0/scan/ranges
2023-01-04	18:26:50.892 INFO     291486nanosecs 		for topic=tb3_0/imu/linear_acceleration/x
2023-01-04	18:26:51.863 INFO     274766nanosecs 		for topic=tb3_0/cmd_vel/linear/x
2023-01-04	18:26:51.863 INFO     301086nanosecs 		for topic=tb3_0/scan/ranges
2023-01-04	18:26:52.000 INFO     366038nanosecs 		for topic=tb3_0/odom/twist/twist/angular/z
2023-01-04	18:26:52.992 INFO     294216nanosecs 		for topic=tb3_0/imu/linear_acceleration/x
2023-01-04	18:26:52.992 INFO     306927nanosecs 		for topic=tb3_0/cmd_vel/linear/x
2023-01-04	18:26:52.992 INFO     233165nanosecs 		for topic=tb3_0/scan/ranges
2023-01-04	18:26:53.719 INFO     333086nanosecs 		for topic=tb3_0/joint_states/position
2023-01-04	18:26:54.119 INFO     272025nanosecs 		for topic=tb3_0/odom/twist/twist/angular/z
2023-01-04	18:26:54.129 INFO     278246nanosecs 		for topic=tb3_0/cmd_vel/linear/x
2023-01-04	18:26:54.210 INFO     283986nanosecs 		for topic=tb3_0/scan/ranges
2023-01-04	18:26:55.242 INFO     362408nanosecs 		for topic=tb3_0/imu/linear_acceleration/x
2023-01-04	18:26:55.535 INFO     216514nanosecs 		for topic=tb3_0/cmd_vel/linear/x
2023-01-04	18:26:55.682 INFO     160174nanosecs 		for topic=tb3_0/scan/ranges
2023-01-04	18:26:56.441 INFO     359348nanosecs 		for topic=tb3_0/odom/twist/twist/angular/z
2023-01-04	18:26:56.643 INFO     195895nanosecs 		for topic=tb3_0/cmd_vel/linear/x
2023-01-04	18:26:57.271 INFO     256696nanosecs 		for topic=tb3_0/imu/linear_acceleration/x
2023-01-04	18:26:57.510 INFO     228285nanosecs 		for topic=tb3_0/scan/ranges
2023-01-04	18:26:57.679 INFO     179674nanosecs 		for topic=tb3_0/cmd_vel/linear/x
2023-01-04	18:26:58.647 INFO     164653nanosecs 		for topic=tb3_0/scan/ranges
2023-01-04	18:26:58.654 INFO     367717nanosecs 		for topic=tb3_0/odom/twist/twist/angular/z
2023-01-04	18:26:58.745 INFO     273546nanosecs 		for topic=tb3_0/joint_states/position
2023-01-04	18:26:59.049 INFO     312317nanosecs 		for topic=tb3_0/cmd_vel/linear/x
2023-01-04	18:26:59.378 INFO     249626nanosecs 		for topic=tb3_0/imu/linear_acceleration/x
2023-01-04	18:26:59.733 INFO     329336nanosecs 		for topic=tb3_0/scan/ranges
2023-01-04	18:27:00.286 INFO     228034nanosecs 		for topic=tb3_0/cmd_vel/linear/x
2023-01-04	18:27:00.743 INFO     322347nanosecs 		for topic=tb3_0/odom/twist/twist/angular/z
2023-01-04	18:27:00.824 INFO     253485nanosecs 		for topic=tb3_0/scan/ranges
2023-01-04	18:27:01.408 INFO     213944nanosecs 		for topic=tb3_0/cmd_vel/linear/x
2023-01-04	18:27:01.828 INFO     339928nanosecs 		for topic=tb3_0/imu/linear_acceleration/x
2023-01-04	18:27:01.838 INFO     195983nanosecs 		for topic=tb3_0/scan/ranges
2023-01-04	18:27:02.577 INFO     186015nanosecs 		for topic=tb3_0/cmd_vel/linear/x
2023-01-04	18:27:02.804 INFO     369807nanosecs 		for topic=tb3_0/odom/twist/twist/angular/z
2023-01-04	18:27:02.853 INFO     229276nanosecs 		for topic=tb3_0/scan/ranges
2023-01-04	18:27:03.976 INFO     346117nanosecs 		for topic=tb3_0/cmd_vel/linear/x
2023-01-04	18:27:04.071 INFO     173054nanosecs 		for topic=tb3_0/scan/ranges
2023-01-04	18:27:04.071 INFO     310647nanosecs 		for topic=tb3_0/joint_states/position
2023-01-04	18:27:04.174 INFO     197155nanosecs 		for topic=tb3_0/imu/linear_acceleration/x
2023-01-04	18:27:04.904 INFO     387908nanosecs 		for topic=tb3_0/odom/twist/twist/angular/z
2023-01-04	18:27:05.000 INFO     338858nanosecs 		for topic=tb3_0/cmd_vel/linear/x
2023-01-04	18:27:05.418 INFO     349667nanosecs 		for topic=tb3_0/scan/ranges
2023-01-04	18:27:06.815 INFO     259255nanosecs 		for topic=tb3_0/cmd_vel/linear/x
2023-01-04	18:27:06.886 INFO     204575nanosecs 		for topic=tb3_0/scan/ranges
2023-01-04	18:27:07.686 INFO     325426nanosecs 		for topic=tb3_0/imu/linear_acceleration/x
2023-01-04	18:27:07.756 INFO     251945nanosecs 		for topic=tb3_0/odom/twist/twist/angular/z
2023-01-04	18:27:07.847 INFO     182645nanosecs 		for topic=tb3_0/cmd_vel/linear/x
2023-01-04	18:27:07.914 INFO     196825nanosecs 		for topic=tb3_0/scan/ranges
2023-01-04	18:27:09.071 INFO     215624nanosecs 		for topic=tb3_0/scan/ranges
2023-01-04	18:27:09.071 INFO     146883nanosecs 		for topic=tb3_0/cmd_vel/linear/x
2023-01-04	18:27:10.061 INFO     347487nanosecs 		for topic=tb3_0/imu/linear_acceleration/x
2023-01-04	18:27:10.072 INFO     339387nanosecs 		for topic=tb3_0/odom/twist/twist/angular/z
2023-01-04	18:27:10.158 INFO     239525nanosecs 		for topic=tb3_0/scan/ranges
2023-01-04	18:27:10.243 INFO     203555nanosecs 		for topic=tb3_0/cmd_vel/linear/x
2023-01-04	18:27:10.529 INFO     299306nanosecs 		for topic=tb3_0/joint_states/position
2023-01-04	18:27:11.269 INFO     312527nanosecs 		for topic=tb3_0/scan/ranges
2023-01-04	18:27:11.274 INFO     184664nanosecs 		for topic=tb3_0/cmd_vel/linear/x
2023-01-04	18:27:12.117 INFO     332658nanosecs 		for topic=tb3_0/odom/twist/twist/angular/z
2023-01-04	18:27:12.117 INFO     357118nanosecs 		for topic=tb3_0/imu/linear_acceleration/x
2023-01-04	18:27:12.879 INFO     253845nanosecs 		for topic=tb3_0/cmd_vel/linear/x
2023-01-04	18:27:13.251 INFO     285946nanosecs 		for topic=tb3_0/scan/ranges
2023-01-04	18:27:13.919 INFO     249456nanosecs 		for topic=tb3_0/cmd_vel/linear/x
2023-01-04	18:27:14.657 INFO     378678nanosecs 		for topic=tb3_0/imu/linear_acceleration/x
2023-01-04	18:27:14.658 INFO     316926nanosecs 		for topic=tb3_0/scan/ranges
2023-01-04	18:27:14.732 INFO     327547nanosecs 		for topic=tb3_0/odom/twist/twist/angular/z
2023-01-04	18:27:14.989 INFO     283595nanosecs 		for topic=tb3_0/cmd_vel/linear/x
2023-01-04	18:27:15.873 INFO     310026nanosecs 		for topic=tb3_0/joint_states/position
2023-01-04	18:27:16.630 INFO     331327nanosecs 		for topic=tb3_0/scan/ranges
2023-01-04	18:27:16.630 INFO     174955nanosecs 		for topic=tb3_0/cmd_vel/linear/x
2023-01-04	18:27:16.751 INFO     340328nanosecs 		for topic=tb3_0/imu/linear_acceleration/x
2023-01-04	18:27:17.583 INFO     335478nanosecs 		for topic=tb3_0/odom/twist/twist/angular/z
2023-01-04	18:27:18.017 INFO     326276nanosecs 		for topic=tb3_0/cmd_vel/linear/x
2023-01-04	18:27:18.017 INFO     199813nanosecs 		for topic=tb3_0/scan/ranges
2023-01-04	18:27:18.842 INFO     310387nanosecs 		for topic=tb3_0/imu/linear_acceleration/x
2023-01-04	18:27:19.175 INFO     238475nanosecs 		for topic=tb3_0/cmd_vel/linear/x
2023-01-04	18:27:20.103 INFO     373038nanosecs 		for topic=tb3_0/odom/twist/twist/angular/z
2023-01-04	18:27:20.184 INFO     264206nanosecs 		for topic=tb3_0/scan/ranges
2023-01-04	18:27:20.272 INFO     236875nanosecs 		for topic=tb3_0/cmd_vel/linear/x
2023-01-04	18:27:20.924 INFO     354798nanosecs 		for topic=tb3_0/imu/linear_acceleration/x
2023-01-04	18:27:20.924 INFO     174904nanosecs 		for topic=tb3_0/joint_states/position
2023-01-04	18:27:21.341 INFO     312626nanosecs 		for topic=tb3_0/scan/ranges
2023-01-04	18:27:21.424 INFO     217695nanosecs 		for topic=tb3_0/cmd_vel/linear/x
2023-01-04	18:27:22.751 INFO     317547nanosecs 		for topic=tb3_0/scan/ranges
2023-01-04	18:27:22.752 INFO     363018nanosecs 		for topic=tb3_0/odom/twist/twist/angular/z
2023-01-04	18:27:22.842 INFO     247915nanosecs 		for topic=tb3_0/cmd_vel/linear/x
2023-01-04	18:27:23.216 INFO     323696nanosecs 		for topic=tb3_0/imu/linear_acceleration/x
2023-01-04	18:27:24.031 INFO     306996nanosecs 		for topic=tb3_0/scan/ranges
2023-01-04	18:27:24.430 INFO     204875nanosecs 		for topic=tb3_0/cmd_vel/linear/x
2023-01-04	18:27:25.056 INFO     222504nanosecs 		for topic=tb3_0/scan/ranges
2023-01-04	18:27:25.644 INFO     322717nanosecs 		for topic=tb3_0/odom/twist/twist/angular/z
2023-01-04	18:27:25.644 INFO     183404nanosecs 		for topic=tb3_0/imu/linear_acceleration/x
2023-01-04	18:27:25.645 INFO     215374nanosecs 		for topic=tb3_0/cmd_vel/linear/x