2023-01-07	13:29:11.502 INFO     Watching for file changes with StatReloader
2023-01-07	13:29:11.652 INFO     Connection to ROS ready.
2023-01-07	13:29:11.652 INFO     Successfully connected to ROS bridge from listener
2023-01-07	13:29:11.653 INFO     Starting factory <roslibpy.comm.comm_autobahn.AutobahnRosBridgeClientFactory object at 0x7f570ff4f5b0>
2023-01-07	13:29:16.008 INFO     Connection to ROS ready.
2023-01-07	13:29:16.008 INFO     Successfully connected to ROS bridge from Ros Connector
2023-01-07	13:29:16.008 INFO     Generating new MQTT Forwarder
2023-01-07	13:29:16.008 INFO     local mqtt is set up
2023-01-07	13:29:20.068 INFO     publishing topic >>	open_manipulator/meta
2023-01-07	13:29:21.271 INFO     Created subscriber on gripper/kinematics_pose
2023-01-07	13:29:21.272 INFO     Created subscriber on gripper_position/command
2023-01-07	13:29:21.273 INFO     Created subscriber on states
2023-01-07	13:29:21.274 INFO     Created subscriber on gripper_sub_position/state
2023-01-07	13:29:21.274 INFO     Created subscriber on gripper_sub_position/command
2023-01-07	13:29:21.274 INFO     Created subscriber on gripper_sub_position/pid/parameter_descriptions
2023-01-07	13:29:21.285 INFO     publishing topic >>	open_manipulator/joint_states/effort
2023-01-07	13:29:21.285 INFO     Created subscriber on joint_states
2023-01-07	13:29:21.285 INFO     Created subscriber on gripper_position/state
2023-01-07	13:29:21.286 INFO     Created subscriber on gripper_position/pid/parameter_descriptions
2023-01-07	13:29:21.286 INFO     Created subscriber on joint1_position/command
2023-01-07	13:29:21.286 INFO     Created subscriber on gripper_position/pid/parameter_updates
2023-01-07	13:29:21.287 INFO     publishing topic >>	open_manipulator/gripper/kinematics_pose/pose/position/z
2023-01-07	13:29:21.287 INFO     Created subscriber on joint3_position/command
2023-01-07	13:29:21.287 INFO     publishing topic >>	open_manipulator/gripper_sub_position/command
2023-01-07	13:29:21.295 INFO     publishing topic >>	open_manipulator/gripper_sub_position/command/data
2023-01-07	13:29:21.295 INFO     Created subscriber on joint4_position/command
2023-01-07	13:29:21.296 INFO     Created subscriber on joint2_position/command
2023-01-07	13:29:21.305 INFO     publishing topic >>	open_manipulator/states/open_manipulator_moving_state
2023-01-07	13:29:21.306 INFO     Created subscriber on gripper_sub_position/pid/parameter_updates
2023-01-07	13:29:24.583 INFO     publishing topic >>	open_manipulator/joint_states/effort
2023-01-07	13:29:25.712 INFO     publishing topic >>	open_manipulator/gripper_sub_position/command
2023-01-07	13:29:25.996 INFO     publishing topic >>	open_manipulator/gripper_sub_position/command/data
2023-01-07	13:29:26.590 INFO     publishing topic >>	open_manipulator/gripper/kinematics_pose/pose/position/z
2023-01-07	13:29:26.995 INFO     publishing topic >>	open_manipulator/states/open_manipulator_moving_state
2023-01-07	13:29:28.233 INFO     publishing topic >>	open_manipulator/gripper_sub_position/command
2023-01-07	13:29:29.159 INFO     publishing topic >>	open_manipulator/joint_states/effort
2023-01-07	13:29:30.593 INFO     publishing topic >>	open_manipulator/states/open_manipulator_moving_state
2023-01-07	13:29:30.593 INFO     publishing topic >>	open_manipulator/gripper_sub_position/command
2023-01-07	13:29:30.604 INFO     publishing topic >>	open_manipulator/gripper_sub_position/command/data
2023-01-07	13:29:32.250 INFO     publishing topic >>	open_manipulator/gripper/kinematics_pose/pose/position/z
2023-01-07	13:29:32.256 INFO     publishing topic >>	open_manipulator/joint_states/effort
2023-01-07	13:29:33.210 INFO     publishing topic >>	open_manipulator/states/open_manipulator_moving_state
2023-01-07	13:29:33.543 INFO     publishing topic >>	open_manipulator/gripper_sub_position/command
2023-01-07	13:29:36.348 INFO     publishing topic >>	open_manipulator/gripper_sub_position/command/data
2023-01-07	13:29:40.098 INFO     publishing topic >>	open_manipulator/gripper/kinematics_pose/pose/position/z
2023-01-07	13:29:40.277 INFO     publishing topic >>	open_manipulator/joint_states/effort
2023-01-07	13:29:41.988 INFO     publishing topic >>	open_manipulator/states/open_manipulator_moving_state
2023-01-07	13:29:41.989 INFO     publishing topic >>	open_manipulator/gripper_sub_position/command
2023-01-07	13:29:46.528 INFO     publishing topic >>	open_manipulator/gripper_sub_position/command/data
2023-01-07	13:29:46.956 INFO     publishing topic >>	open_manipulator/gripper/kinematics_pose/pose/position/z
2023-01-07	13:29:49.604 INFO     publishing topic >>	open_manipulator/joint_states/effort
2023-01-07	13:29:51.735 INFO     publishing topic >>	open_manipulator/states/open_manipulator_moving_state
2023-01-07	13:29:54.264 INFO     publishing topic >>	open_manipulator/gripper_sub_position/command
2023-01-07	13:29:55.803 INFO     publishing topic >>	open_manipulator/gripper_sub_position/command/data
2023-01-07	13:29:56.654 INFO     publishing topic >>	open_manipulator/gripper/kinematics_pose/pose/position/z
2023-01-07	13:30:01.089 INFO     publishing topic >>	open_manipulator/joint_states/effort
2023-01-07	13:30:01.125 INFO     publishing topic >>	open_manipulator/states/open_manipulator_moving_state
2023-01-07	13:30:02.470 INFO     publishing topic >>	open_manipulator/gripper_sub_position/command/data
2023-01-07	13:30:03.643 INFO     publishing topic >>	open_manipulator/gripper/kinematics_pose/pose/position/z
2023-01-07	13:30:04.030 INFO     publishing topic >>	open_manipulator/gripper_sub_position/command
2023-01-07	13:30:04.961 INFO     publishing topic >>	open_manipulator/joint_states/effort
2023-01-07	13:30:04.998 INFO     publishing topic >>	open_manipulator/states/open_manipulator_moving_state
2023-01-07	13:30:07.398 INFO     publishing topic >>	open_manipulator/gripper_sub_position/command
2023-01-07	13:30:07.517 INFO     publishing topic >>	open_manipulator/gripper_sub_position/command/data
2023-01-07	13:30:07.716 INFO     publishing topic >>	open_manipulator/gripper/kinematics_pose/pose/position/z
2023-01-07	13:30:08.541 INFO     publishing topic >>	open_manipulator/gripper_sub_position/command
2023-01-07	13:30:08.796 INFO     publishing topic >>	open_manipulator/states/open_manipulator_moving_state
2023-01-07	13:30:08.797 INFO     publishing topic >>	open_manipulator/joint_states/effort
2023-01-07	13:30:11.651 INFO     publishing topic >>	open_manipulator/gripper/kinematics_pose/pose/position/z
2023-01-07	13:30:11.737 INFO     publishing topic >>	open_manipulator/gripper_sub_position/command/data
2023-01-07	13:30:11.738 INFO     publishing topic >>	open_manipulator/gripper_sub_position/command
2023-01-07	13:30:12.090 INFO     publishing topic >>	open_manipulator/states/open_manipulator_moving_state
2023-01-07	13:30:15.155 INFO     publishing topic >>	open_manipulator/joint_states/effort
2023-01-07	13:30:16.498 INFO     publishing topic >>	open_manipulator/gripper_sub_position/command/data
2023-01-07	13:30:16.605 INFO     publishing topic >>	open_manipulator/gripper/kinematics_pose/pose/position/z
2023-01-07	13:30:18.131 INFO     publishing topic >>	open_manipulator/gripper_sub_position/command
2023-01-07	13:30:19.238 INFO     publishing topic >>	open_manipulator/states/open_manipulator_moving_state
2023-01-07	13:30:23.054 INFO     publishing topic >>	open_manipulator/gripper_sub_position/command/data
2023-01-07	13:30:23.332 INFO     publishing topic >>	open_manipulator/joint_states/effort
2023-01-07	13:30:24.119 INFO     publishing topic >>	open_manipulator/gripper_sub_position/command
2023-01-07	13:30:24.724 INFO     publishing topic >>	open_manipulator/gripper/kinematics_pose/pose/position/z
2023-01-07	13:30:26.202 INFO     publishing topic >>	open_manipulator/states/open_manipulator_moving_state
2023-01-07	13:30:26.470 INFO     publishing topic >>	open_manipulator/gripper_sub_position/command/data
2023-01-07	13:30:28.148 INFO     publishing topic >>	open_manipulator/gripper_sub_position/command
2023-01-07	13:30:28.441 INFO     publishing topic >>	open_manipulator/joint_states/effort
2023-01-07	13:30:29.505 INFO     publishing topic >>	open_manipulator/gripper/kinematics_pose/pose/position/z
2023-01-07	13:30:29.640 INFO     publishing topic >>	open_manipulator/states/open_manipulator_moving_state
2023-01-07	13:30:30.644 INFO     publishing topic >>	open_manipulator/gripper_sub_position/command/data
2023-01-07	13:30:32.260 INFO     publishing topic >>	open_manipulator/gripper_sub_position/command
2023-01-07	13:30:32.607 INFO     publishing topic >>	open_manipulator/joint_states/effort
2023-01-07	13:30:35.062 INFO     publishing topic >>	open_manipulator/gripper/kinematics_pose/pose/position/z
2023-01-07	13:30:37.609 INFO     publishing topic >>	open_manipulator/states/open_manipulator_moving_state
2023-01-07	13:30:37.909 INFO     publishing topic >>	open_manipulator/gripper_sub_position/command/data
2023-01-07	13:30:39.806 INFO     publishing topic >>	open_manipulator/gripper_sub_position/command
2023-01-07	13:30:41.063 INFO     publishing topic >>	open_manipulator/gripper/kinematics_pose/pose/position/z
2023-01-07	13:30:42.005 INFO     publishing topic >>	open_manipulator/joint_states/effort
2023-01-07	13:30:42.149 INFO     publishing topic >>	open_manipulator/states/open_manipulator_moving_state
2023-01-07	13:30:44.656 INFO     publishing topic >>	open_manipulator/gripper_sub_position/command
2023-01-07	13:30:45.381 INFO     publishing topic >>	open_manipulator/gripper/kinematics_pose/pose/position/z
2023-01-07	13:30:45.465 INFO     publishing topic >>	open_manipulator/gripper_sub_position/command/data
2023-01-07	13:30:45.756 INFO     publishing topic >>	open_manipulator/gripper_sub_position/command
2023-01-07	13:30:45.959 INFO     publishing topic >>	open_manipulator/states/open_manipulator_moving_state
2023-01-07	13:30:46.544 INFO     publishing topic >>	open_manipulator/joint_states/effort
2023-01-07	13:30:46.567 INFO     publishing topic >>	open_manipulator/gripper_sub_position/command/data
2023-01-07	13:30:47.578 INFO     publishing topic >>	open_manipulator/gripper/kinematics_pose/pose/position/z
2023-01-07	13:30:47.707 INFO     publishing topic >>	open_manipulator/gripper_sub_position/command
2023-01-07	13:30:47.713 INFO     publishing topic >>	open_manipulator/gripper_sub_position/command/data
2023-01-07	13:30:47.851 INFO     publishing topic >>	open_manipulator/states/open_manipulator_moving_state
2023-01-07	13:30:48.611 INFO     publishing topic >>	open_manipulator/joint_states/effort
2023-01-07	13:30:49.299 INFO     publishing topic >>	open_manipulator/gripper_sub_position/command/data
2023-01-07	13:30:49.299 INFO     publishing topic >>	open_manipulator/gripper/kinematics_pose/pose/position/z
2023-01-07	13:30:49.300 INFO     publishing topic >>	open_manipulator/gripper_sub_position/command
2023-01-07	13:30:49.322 INFO     publishing topic >>	open_manipulator/states/open_manipulator_moving_state
2023-01-07	13:30:51.664 INFO     publishing topic >>	open_manipulator/gripper_sub_position/command/data
2023-01-07	13:30:51.919 INFO     publishing topic >>	open_manipulator/joint_states/effort
2023-01-07	13:30:53.531 INFO     publishing topic >>	open_manipulator/gripper/kinematics_pose/pose/position/z
2023-01-07	13:30:53.582 INFO     publishing topic >>	open_manipulator/gripper_sub_position/command
2023-01-07	13:30:54.733 INFO     publishing topic >>	open_manipulator/states/open_manipulator_moving_state
2023-01-07	13:30:55.137 INFO     publishing topic >>	open_manipulator/gripper_sub_position/command/data
2023-01-07	13:30:57.128 INFO     publishing topic >>	open_manipulator/joint_states/effort
2023-01-07	13:30:57.271 INFO     publishing topic >>	open_manipulator/gripper/kinematics_pose/pose/position/z
2023-01-07	13:30:57.584 INFO     publishing topic >>	open_manipulator/gripper_sub_position/command
2023-01-07	13:30:59.012 INFO     publishing topic >>	open_manipulator/states/open_manipulator_moving_state
2023-01-07	13:31:00.640 INFO     publishing topic >>	open_manipulator/gripper_sub_position/command/data
2023-01-07	13:31:02.989 INFO     publishing topic >>	open_manipulator/gripper/kinematics_pose/pose/position/z
2023-01-07	13:31:03.140 INFO     publishing topic >>	open_manipulator/gripper_sub_position/command
2023-01-07	13:31:04.442 INFO     publishing topic >>	open_manipulator/joint_states/effort
2023-01-07	13:31:06.876 INFO     publishing topic >>	open_manipulator/gripper_sub_position/command/data
2023-01-07	13:31:07.054 INFO     publishing topic >>	open_manipulator/states/open_manipulator_moving_state
2023-01-07	13:31:08.961 INFO     publishing topic >>	open_manipulator/gripper_sub_position/command
2023-01-07	13:31:09.315 INFO     publishing topic >>	open_manipulator/gripper/kinematics_pose/pose/position/z
2023-01-07	13:31:10.928 INFO     publishing topic >>	open_manipulator/states/open_manipulator_moving_state
2023-01-07	13:31:10.990 INFO     publishing topic >>	open_manipulator/gripper_sub_position/command/data
2023-01-07	13:31:11.946 INFO     publishing topic >>	open_manipulator/joint_states/effort
2023-01-07	13:31:13.077 INFO     publishing topic >>	open_manipulator/gripper_sub_position/command
2023-01-07	13:31:14.360 INFO     publishing topic >>	open_manipulator/gripper_sub_position/command/data
2023-01-07	13:31:14.528 INFO     publishing topic >>	open_manipulator/gripper/kinematics_pose/pose/position/z
2023-01-07	13:31:14.899 INFO     publishing topic >>	open_manipulator/states/open_manipulator_moving_state
2023-01-07	13:31:14.907 INFO     publishing topic >>	open_manipulator/gripper_sub_position/command
2023-01-07	13:31:15.621 INFO     publishing topic >>	open_manipulator/joint_states/effort
2023-01-07	13:31:17.019 INFO     publishing topic >>	open_manipulator/gripper_sub_position/command/data
2023-01-07	13:31:18.896 INFO     publishing topic >>	open_manipulator/gripper/kinematics_pose/pose/position/z
2023-01-07	13:31:19.778 INFO     publishing topic >>	open_manipulator/states/open_manipulator_moving_state
2023-01-07	13:31:19.980 INFO     publishing topic >>	open_manipulator/gripper_sub_position/command
2023-01-07	13:31:20.692 INFO     publishing topic >>	open_manipulator/joint_states/effort
2023-01-07	13:31:21.142 INFO     publishing topic >>	open_manipulator/gripper_sub_position/command/data
2023-01-07	13:31:21.545 INFO     publishing topic >>	open_manipulator/states/open_manipulator_moving_state
2023-01-07	13:31:23.832 INFO     publishing topic >>	open_manipulator/gripper/kinematics_pose/pose/position/z
2023-01-07	13:31:23.833 INFO     publishing topic >>	open_manipulator/gripper_sub_position/command
2023-01-07	13:31:24.272 INFO     publishing topic >>	open_manipulator/joint_states/effort
2023-01-07	13:31:25.465 INFO     publishing topic >>	open_manipulator/states/open_manipulator_moving_state
2023-01-07	13:31:25.466 INFO     publishing topic >>	open_manipulator/gripper_sub_position/command/data
2023-01-07	13:31:27.953 INFO     publishing topic >>	open_manipulator/gripper_sub_position/command
2023-01-07	13:31:28.121 INFO     publishing topic >>	open_manipulator/gripper/kinematics_pose/pose/position/z
2023-01-07	13:31:28.849 INFO     publishing topic >>	open_manipulator/states/open_manipulator_moving_state
2023-01-07	13:31:28.961 INFO     publishing topic >>	open_manipulator/gripper_sub_position/command/data
2023-01-07	13:31:28.969 INFO     publishing topic >>	open_manipulator/gripper_sub_position/command
2023-01-07	13:31:29.503 INFO     publishing topic >>	open_manipulator/joint_states/effort
2023-01-07	13:31:30.738 INFO     publishing topic >>	open_manipulator/states/open_manipulator_moving_state
2023-01-07	13:31:31.192 INFO     publishing topic >>	open_manipulator/gripper/kinematics_pose/pose/position/z
2023-01-07	13:31:32.077 INFO     publishing topic >>	open_manipulator/gripper_sub_position/command/data
2023-01-07	13:31:33.832 INFO     publishing topic >>	open_manipulator/gripper_sub_position/command
2023-01-07	13:31:33.833 INFO     publishing topic >>	open_manipulator/states/open_manipulator_moving_state
2023-01-07	13:31:34.505 INFO     publishing topic >>	open_manipulator/gripper/kinematics_pose/pose/position/z
2023-01-07	13:31:34.506 INFO     publishing topic >>	open_manipulator/gripper_sub_position/command/data
2023-01-07	13:31:37.816 INFO     publishing topic >>	open_manipulator/gripper_sub_position/command
2023-01-07	13:31:38.229 INFO     publishing topic >>	open_manipulator/joint_states/effort
2023-01-07	13:31:39.340 INFO     publishing topic >>	open_manipulator/states/open_manipulator_moving_state
2023-01-07	13:31:40.057 INFO     publishing topic >>	open_manipulator/gripper/kinematics_pose/pose/position/z
2023-01-07	13:31:40.914 INFO     publishing topic >>	open_manipulator/gripper_sub_position/command/data
2023-01-07	13:31:41.078 INFO     publishing topic >>	open_manipulator/gripper_sub_position/command
2023-01-07	13:31:42.298 INFO     publishing topic >>	open_manipulator/joint_states/effort
2023-01-07	13:31:42.959 INFO     publishing topic >>	open_manipulator/states/open_manipulator_moving_state
2023-01-07	13:31:43.414 INFO     publishing topic >>	open_manipulator/gripper/kinematics_pose/pose/position/z
2023-01-07	13:31:45.703 INFO     publishing topic >>	open_manipulator/gripper_sub_position/command
2023-01-07	13:31:45.741 INFO     publishing topic >>	open_manipulator/gripper_sub_position/command/data
2023-01-07	13:31:47.232 INFO     publishing topic >>	open_manipulator/joint_states/effort
2023-01-07	13:31:47.499 INFO     publishing topic >>	open_manipulator/states/open_manipulator_moving_state
2023-01-07	13:31:49.347 INFO     publishing topic >>	open_manipulator/gripper_sub_position/command
2023-01-07	13:31:49.347 INFO     publishing topic >>	open_manipulator/gripper/kinematics_pose/pose/position/z
2023-01-07	13:31:49.348 INFO     publishing topic >>	open_manipulator/gripper_sub_position/command/data
2023-01-07	13:31:51.277 INFO     publishing topic >>	open_manipulator/joint_states/effort
2023-01-07	13:31:51.761 INFO     publishing topic >>	open_manipulator/states/open_manipulator_moving_state
2023-01-07	13:31:53.772 INFO     publishing topic >>	open_manipulator/gripper/kinematics_pose/pose/position/z
2023-01-07	13:31:54.818 INFO     publishing topic >>	open_manipulator/gripper_sub_position/command/data
2023-01-07	13:31:56.031 INFO     publishing topic >>	open_manipulator/gripper_sub_position/command
2023-01-07	13:31:57.784 INFO     publishing topic >>	open_manipulator/states/open_manipulator_moving_state
2023-01-07	13:31:58.249 INFO     publishing topic >>	open_manipulator/joint_states/effort
2023-01-07	13:31:59.474 INFO     publishing topic >>	open_manipulator/gripper/kinematics_pose/pose/position/z
2023-01-07	13:32:00.248 INFO     publishing topic >>	open_manipulator/states/open_manipulator_moving_state
2023-01-07	13:32:00.479 INFO     publishing topic >>	open_manipulator/gripper_sub_position/command/data
2023-01-07	13:32:00.526 INFO     publishing topic >>	open_manipulator/gripper_sub_position/command
2023-01-07	13:32:02.097 INFO     publishing topic >>	open_manipulator/gripper/kinematics_pose/pose/position/z
2023-01-07	13:32:02.179 INFO     publishing topic >>	open_manipulator/joint_states/effort
2023-01-07	13:32:02.755 INFO     publishing topic >>	open_manipulator/states/open_manipulator_moving_state
2023-01-07	13:32:03.872 INFO     publishing topic >>	open_manipulator/gripper_sub_position/command/data
2023-01-07	13:32:04.033 INFO     publishing topic >>	open_manipulator/gripper_sub_position/command
2023-01-07	13:32:07.140 INFO     publishing topic >>	open_manipulator/gripper/kinematics_pose/pose/position/z
2023-01-07	13:32:07.476 INFO     publishing topic >>	open_manipulator/joint_states/effort
2023-01-07	13:32:08.142 INFO     publishing topic >>	open_manipulator/states/open_manipulator_moving_state
2023-01-07	13:32:09.249 INFO     publishing topic >>	open_manipulator/gripper_sub_position/command/data
2023-01-07	13:32:10.948 INFO     publishing topic >>	open_manipulator/gripper_sub_position/command
2023-01-07	13:32:11.671 INFO     publishing topic >>	open_manipulator/gripper/kinematics_pose/pose/position/z
2023-01-07	13:32:13.416 INFO     publishing topic >>	open_manipulator/gripper_sub_position/command/data
2023-01-07	13:32:14.427 INFO     publishing topic >>	open_manipulator/states/open_manipulator_moving_state
2023-01-07	13:32:14.433 INFO     publishing topic >>	open_manipulator/joint_states/effort
2023-01-07	13:32:14.434 INFO     publishing topic >>	open_manipulator/gripper_sub_position/command
2023-01-07	13:32:14.466 INFO     publishing topic >>	open_manipulator/gripper/kinematics_pose/pose/position/z
2023-01-07	13:32:14.735 INFO     publishing topic >>	open_manipulator/gripper_sub_position/command/data
2023-01-07	13:32:16.160 INFO     publishing topic >>	open_manipulator/states/open_manipulator_moving_state
2023-01-07	13:32:17.293 INFO     publishing topic >>	open_manipulator/joint_states/effort
2023-01-07	13:32:18.136 INFO     publishing topic >>	open_manipulator/gripper_sub_position/command
2023-01-07	13:32:19.014 INFO     publishing topic >>	open_manipulator/gripper/kinematics_pose/pose/position/z
2023-01-07	13:32:20.437 INFO     publishing topic >>	open_manipulator/gripper_sub_position/command/data
2023-01-07	13:32:20.437 INFO     publishing topic >>	open_manipulator/states/open_manipulator_moving_state
2023-01-07	13:32:21.322 INFO     publishing topic >>	open_manipulator/gripper_sub_position/command
2023-01-07	13:32:22.688 INFO     publishing topic >>	open_manipulator/joint_states/effort
2023-01-07	13:32:23.131 INFO     publishing topic >>	open_manipulator/gripper/kinematics_pose/pose/position/z
2023-01-07	13:32:23.677 INFO     publishing topic >>	open_manipulator/states/open_manipulator_moving_state
2023-01-07	13:32:24.219 INFO     publishing topic >>	open_manipulator/gripper_sub_position/command/data
2023-01-07	13:32:24.568 INFO     publishing topic >>	open_manipulator/gripper_sub_position/command
2023-01-07	13:32:25.475 INFO     publishing topic >>	open_manipulator/gripper/kinematics_pose/pose/position/z
2023-01-07	13:32:25.709 INFO     publishing topic >>	open_manipulator/joint_states/effort
2023-01-07	13:32:25.844 INFO     publishing topic >>	open_manipulator/states/open_manipulator_moving_state
2023-01-07	13:32:26.739 INFO     publishing topic >>	open_manipulator/gripper_sub_position/command/data
2023-01-07	13:32:27.959 INFO     publishing topic >>	open_manipulator/gripper_sub_position/command
2023-01-07	13:32:28.702 INFO     publishing topic >>	open_manipulator/gripper/kinematics_pose/pose/position/z
2023-01-07	13:32:29.698 INFO     publishing topic >>	open_manipulator/states/open_manipulator_moving_state
2023-01-07	13:32:30.296 INFO     publishing topic >>	open_manipulator/joint_states/effort
2023-01-07	13:32:30.296 INFO     publishing topic >>	open_manipulator/gripper_sub_position/command/data
2023-01-07	13:32:32.673 INFO     publishing topic >>	open_manipulator/gripper_sub_position/command
2023-01-07	13:32:34.716 INFO     publishing topic >>	open_manipulator/gripper/kinematics_pose/pose/position/z
2023-01-07	13:32:35.409 INFO     publishing topic >>	open_manipulator/states/open_manipulator_moving_state
2023-01-07	13:32:36.204 INFO     publishing topic >>	open_manipulator/gripper_sub_position/command/data
2023-01-07	13:32:37.009 INFO     publishing topic >>	open_manipulator/joint_states/effort
2023-01-07	13:32:37.026 INFO     publishing topic >>	open_manipulator/gripper_sub_position/command
2023-01-07	13:32:37.361 INFO     publishing topic >>	open_manipulator/gripper_sub_position/command/data
2023-01-07	13:32:37.412 INFO     publishing topic >>	open_manipulator/states/open_manipulator_moving_state
2023-01-07	13:32:37.429 INFO     publishing topic >>	open_manipulator/gripper/kinematics_pose/pose/position/z
2023-01-07	13:32:38.691 INFO     publishing topic >>	open_manipulator/states/open_manipulator_moving_state
2023-01-07	13:32:38.691 INFO     publishing topic >>	open_manipulator/gripper_sub_position/command
2023-01-07	13:32:39.536 INFO     publishing topic >>	open_manipulator/joint_states/effort
2023-01-07	13:32:39.708 INFO     publishing topic >>	open_manipulator/gripper/kinematics_pose/pose/position/z
2023-01-07	13:32:40.902 INFO     publishing topic >>	open_manipulator/gripper_sub_position/command/data
2023-01-07	13:32:40.902 INFO     publishing topic >>	open_manipulator/states/open_manipulator_moving_state
2023-01-07	13:32:43.689 INFO     publishing topic >>	open_manipulator/gripper_sub_position/command
2023-01-07	13:32:45.923 INFO     publishing topic >>	open_manipulator/joint_states/effort
2023-01-07	13:32:47.851 INFO     publishing topic >>	open_manipulator/gripper/kinematics_pose/pose/position/z
2023-01-07	13:32:48.775 INFO     publishing topic >>	open_manipulator/gripper_sub_position/command/data
2023-01-07	13:32:49.279 INFO     publishing topic >>	open_manipulator/states/open_manipulator_moving_state
2023-01-07	13:32:49.658 INFO     publishing topic >>	open_manipulator/gripper_sub_position/command
2023-01-07	13:32:50.717 INFO     publishing topic >>	open_manipulator/gripper_sub_position/command/data
2023-01-07	13:32:51.799 INFO     publishing topic >>	open_manipulator/joint_states/effort
2023-01-07	13:32:52.830 INFO     publishing topic >>	open_manipulator/gripper/kinematics_pose/pose/position/z
2023-01-07	13:32:52.831 INFO     publishing topic >>	open_manipulator/states/open_manipulator_moving_state
2023-01-07	13:32:52.837 INFO     publishing topic >>	open_manipulator/gripper_sub_position/command
2023-01-07	13:32:54.788 INFO     publishing topic >>	open_manipulator/gripper_sub_position/command/data
2023-01-07	13:32:57.129 INFO     publishing topic >>	open_manipulator/gripper/kinematics_pose/pose/position/z
2023-01-07	13:32:57.129 INFO     publishing topic >>	open_manipulator/states/open_manipulator_moving_state
2023-01-07	13:32:57.197 INFO     publishing topic >>	open_manipulator/joint_states/effort
2023-01-07	13:32:59.744 INFO     publishing topic >>	open_manipulator/gripper_sub_position/command
2023-01-07	13:33:01.054 INFO     publishing topic >>	open_manipulator/gripper_sub_position/command/data
2023-01-07	13:33:02.826 INFO     publishing topic >>	open_manipulator/gripper/kinematics_pose/pose/position/z
2023-01-07	13:33:05.039 INFO     publishing topic >>	open_manipulator/states/open_manipulator_moving_state
2023-01-07	13:33:06.807 INFO     publishing topic >>	open_manipulator/gripper_sub_position/command
2023-01-07	13:33:06.807 INFO     publishing topic >>	open_manipulator/joint_states/effort
2023-01-07	13:33:07.159 INFO     publishing topic >>	open_manipulator/gripper_sub_position/command/data
2023-01-07	13:33:08.989 INFO     publishing topic >>	open_manipulator/gripper/kinematics_pose/pose/position/z
2023-01-07	13:33:13.148 INFO     publishing topic >>	open_manipulator/states/open_manipulator_moving_state
2023-01-07	13:33:13.288 INFO     publishing topic >>	open_manipulator/gripper_sub_position/command
2023-01-07	13:33:15.121 INFO     publishing topic >>	open_manipulator/joint_states/effort
2023-01-07	13:33:16.526 INFO     publishing topic >>	open_manipulator/gripper_sub_position/command/data
2023-01-07	13:33:17.227 INFO     publishing topic >>	open_manipulator/states/open_manipulator_moving_state
2023-01-07	13:33:17.371 INFO     publishing topic >>	open_manipulator/gripper/kinematics_pose/pose/position/z
2023-01-07	13:33:19.739 INFO     publishing topic >>	open_manipulator/gripper_sub_position/command
2023-01-07	13:33:20.161 INFO     publishing topic >>	open_manipulator/states/open_manipulator_moving_state
2023-01-07	13:33:20.357 INFO     publishing topic >>	open_manipulator/joint_states/effort
2023-01-07	13:33:20.545 INFO     publishing topic >>	open_manipulator/gripper_sub_position/command/data
2023-01-07	13:33:22.336 INFO     publishing topic >>	open_manipulator/gripper/kinematics_pose/pose/position/z
2023-01-07	13:33:22.751 INFO     publishing topic >>	open_manipulator/gripper_sub_position/command
2023-01-07	13:33:23.332 INFO     publishing topic >>	open_manipulator/states/open_manipulator_moving_state
2023-01-07	13:33:24.359 INFO     publishing topic >>	open_manipulator/gripper_sub_position/command/data
2023-01-07	13:33:26.357 INFO     publishing topic >>	open_manipulator/joint_states/effort
2023-01-07	13:33:26.525 INFO     publishing topic >>	open_manipulator/gripper/kinematics_pose/pose/position/z
2023-01-07	13:33:28.337 INFO     publishing topic >>	open_manipulator/gripper_sub_position/command
2023-01-07	13:33:28.892 INFO     publishing topic >>	open_manipulator/states/open_manipulator_moving_state
2023-01-07	13:33:30.467 INFO     publishing topic >>	open_manipulator/gripper_sub_position/command/data
2023-01-07	13:33:32.708 INFO     publishing topic >>	open_manipulator/gripper/kinematics_pose/pose/position/z
2023-01-07	13:33:32.903 INFO     publishing topic >>	open_manipulator/joint_states/effort
2023-01-07	13:33:33.392 INFO     publishing topic >>	open_manipulator/gripper_sub_position/command
2023-01-07	13:33:33.999 INFO     publishing topic >>	open_manipulator/states/open_manipulator_moving_state
2023-01-07	13:33:35.965 INFO     publishing topic >>	open_manipulator/gripper/kinematics_pose/pose/position/z
2023-01-07	13:33:36.141 INFO     publishing topic >>	open_manipulator/gripper_sub_position/command/data
2023-01-07	13:33:37.103 INFO     publishing topic >>	open_manipulator/joint_states/effort
2023-01-07	13:33:38.638 INFO     publishing topic >>	open_manipulator/gripper_sub_position/command
2023-01-07	13:33:39.984 INFO     publishing topic >>	open_manipulator/states/open_manipulator_moving_state
2023-01-07	13:33:40.111 INFO     publishing topic >>	open_manipulator/gripper_sub_position/command/data
2023-01-07	13:33:40.339 INFO     publishing topic >>	open_manipulator/gripper/kinematics_pose/pose/position/z
2023-01-07	13:33:41.754 INFO     publishing topic >>	open_manipulator/gripper_sub_position/command
2023-01-07	13:33:42.800 INFO     publishing topic >>	open_manipulator/states/open_manipulator_moving_state
2023-01-07	13:33:42.800 INFO     publishing topic >>	open_manipulator/gripper_sub_position/command/data
2023-01-07	13:33:42.909 INFO     publishing topic >>	open_manipulator/joint_states/effort
2023-01-07	13:33:45.155 INFO     publishing topic >>	open_manipulator/gripper/kinematics_pose/pose/position/z
2023-01-07	13:33:46.140 INFO     publishing topic >>	open_manipulator/gripper_sub_position/command
