2023-01-04 10:22:00 UTC INFO     Watching for file changes with StatReloader
2023-01-04 10:22:00 UTC INFO     Connection to ROS ready.
2023-01-04 10:22:00 UTC INFO     Successfully connected to ROS bridge from listener
2023-01-04 10:22:00 UTC INFO     Starting factory <roslibpy.comm.comm_autobahn.AutobahnRosBridgeClientFactory object at 0x7fcc48a16550>
2023-01-04 10:22:05 UTC INFO     Connection to ROS ready.
2023-01-04 10:22:05 UTC INFO     Successfully connected to ROS bridge from Ros Connector
2023-01-04 10:22:05 UTC INFO     Generating new MQTT Forwarder
2023-01-04 10:22:05 UTC INFO     local mqtt is set up
2023-01-04 10:22:23 UTC INFO     Created subscriber on odom
2023-01-04 10:22:23 UTC INFO     Created subscriber on imu
2023-01-04 10:22:23 UTC INFO     Created subscriber on cmd_vel
2023-01-04 10:22:23 UTC INFO     Forwarding topic: tb3_0/scan/ranges
2023-01-04 10:22:23 UTC INFO     Created subscriber on joint_states
2023-01-04 10:22:23 UTC INFO     Created subscriber on scan
2023-01-04 10:22:23 UTC INFO     Forwarding topic: tb3_0/cmd_vel/linear/x
2023-01-04 10:22:24 UTC INFO     Forwarding topic: tb3_0/scan/ranges
2023-01-04 10:22:26 UTC INFO     Forwarding topic: tb3_0/scan/ranges
2023-01-04 10:22:26 UTC INFO     Forwarding topic: tb3_0/cmd_vel/linear/x
2023-01-04 10:22:27 UTC INFO     Forwarding topic: tb3_0/scan/ranges
2023-01-04 10:22:28 UTC INFO     Forwarding topic: tb3_0/scan/ranges
2023-01-04 10:22:29 UTC INFO     Forwarding topic: tb3_0/cmd_vel/linear/x
2023-01-04 10:22:30 UTC INFO     Forwarding topic: tb3_0/scan/ranges
2023-01-04 10:22:31 UTC INFO     Forwarding topic: tb3_0/cmd_vel/linear/x
2023-01-04 10:22:31 UTC INFO     Forwarding topic: tb3_0/scan/ranges
2023-01-04 10:22:33 UTC INFO     Forwarding topic: tb3_0/scan/ranges
2023-01-04 10:22:34 UTC INFO     Forwarding topic: tb3_0/cmd_vel/linear/x
2023-01-04 10:22:34 UTC INFO     Forwarding topic: tb3_0/scan/ranges
2023-01-04 10:22:36 UTC INFO     Forwarding topic: tb3_0/scan/ranges
2023-01-04 10:22:37 UTC INFO     Forwarding topic: tb3_0/cmd_vel/linear/x
2023-01-04 10:22:38 UTC INFO     Forwarding topic: tb3_0/scan/ranges
2023-01-04 10:22:39 UTC INFO     Forwarding topic: tb3_0/scan/ranges
2023-01-04 10:22:39 UTC INFO     Forwarding topic: tb3_0/cmd_vel/linear/x
2023-01-04 10:22:41 UTC INFO     Forwarding topic: tb3_0/scan/ranges
2023-01-04 10:22:42 UTC INFO     Forwarding topic: tb3_0/scan/ranges
2023-01-04 10:22:42 UTC INFO     Forwarding topic: tb3_0/cmd_vel/linear/x
2023-01-04 10:22:43 UTC INFO     Forwarding topic: tb3_0/scan/ranges
2023-01-04 10:22:45 UTC INFO     Forwarding topic: tb3_0/scan/ranges
2023-01-04 10:22:46 UTC INFO     Forwarding topic: tb3_0/cmd_vel/linear/x
2023-01-04 10:22:47 UTC INFO     Forwarding topic: tb3_0/scan/ranges
2023-01-04 10:22:48 UTC INFO     Forwarding topic: tb3_0/scan/ranges
2023-01-04 10:22:48 UTC INFO     Forwarding topic: tb3_0/cmd_vel/linear/x
2023-01-04 10:22:49 UTC INFO     Forwarding topic: tb3_0/scan/ranges
2023-01-04 10:22:51 UTC INFO     Forwarding topic: tb3_0/cmd_vel/linear/x
2023-01-04 10:22:52 UTC INFO     Forwarding topic: tb3_0/scan/ranges
2023-01-04 10:22:53 UTC INFO     Forwarding topic: tb3_0/scan/ranges
2023-01-04 10:22:53 UTC INFO     Forwarding topic: tb3_0/cmd_vel/linear/x
2023-01-04 10:22:54 UTC INFO     Forwarding topic: tb3_0/scan/ranges
2023-01-04 10:22:55 UTC INFO     Forwarding topic: tb3_0/scan/ranges
2023-01-04 10:22:56 UTC INFO     Forwarding topic: tb3_0/cmd_vel/linear/x
2023-01-04 10:22:57 UTC INFO     Forwarding topic: tb3_0/scan/ranges
2023-01-04 10:22:58 UTC INFO     Forwarding topic: tb3_0/scan/ranges
2023-01-04 10:22:59 UTC INFO     Forwarding topic: tb3_0/cmd_vel/linear/x
2023-01-04 10:22:59 UTC INFO     Forwarding topic: tb3_0/scan/ranges
2023-01-04 10:23:01 UTC INFO     Forwarding topic: tb3_0/scan/ranges
2023-01-04 10:23:02 UTC INFO     Forwarding topic: tb3_0/cmd_vel/linear/x
2023-01-04 10:23:03 UTC INFO     Forwarding topic: tb3_0/scan/ranges
2023-01-04 10:23:04 UTC INFO     Forwarding topic: tb3_0/scan/ranges
2023-01-04 10:23:04 UTC INFO     Forwarding topic: tb3_0/cmd_vel/linear/x
2023-01-04 10:23:05 UTC INFO     Forwarding topic: tb3_0/scan/ranges
2023-01-04 10:23:06 UTC INFO     Forwarding topic: tb3_0/scan/ranges
2023-01-04 10:23:07 UTC INFO     Forwarding topic: tb3_0/cmd_vel/linear/x
2023-01-04 10:23:08 UTC INFO     Forwarding topic: tb3_0/scan/ranges
2023-01-04 10:23:09 UTC INFO     Forwarding topic: tb3_0/scan/ranges
2023-01-04 10:23:10 UTC INFO     Forwarding topic: tb3_0/cmd_vel/linear/x
2023-01-04 10:23:10 UTC INFO     Forwarding topic: tb3_0/scan/ranges
2023-01-04 10:23:11 UTC INFO     Forwarding topic: tb3_0/scan/ranges
2023-01-04 10:23:13 UTC INFO     Forwarding topic: tb3_0/scan/ranges
2023-01-04 10:23:13 UTC INFO     Forwarding topic: tb3_0/cmd_vel/linear/x
2023-01-04 10:23:14 UTC INFO     Forwarding topic: tb3_0/scan/ranges
2023-01-04 10:23:15 UTC INFO     Forwarding topic: tb3_0/scan/ranges
2023-01-04 10:23:15 UTC INFO     Forwarding topic: tb3_0/cmd_vel/linear/x
2023-01-04 10:23:17 UTC INFO     Forwarding topic: tb3_0/scan/ranges
2023-01-04 10:23:18 UTC INFO     Forwarding topic: tb3_0/cmd_vel/linear/x
2023-01-04 10:23:18 UTC INFO     Forwarding topic: tb3_0/scan/ranges
2023-01-04 10:23:19 UTC INFO     Forwarding topic: tb3_0/scan/ranges
2023-01-04 10:23:20 UTC INFO     Forwarding topic: tb3_0/scan/ranges
2023-01-04 10:23:20 UTC INFO     Forwarding topic: tb3_0/cmd_vel/linear/x
2023-01-04 10:23:22 UTC INFO     Forwarding topic: tb3_0/scan/ranges
2023-01-04 10:23:23 UTC INFO     Forwarding topic: tb3_0/cmd_vel/linear/x
2023-01-04 10:23:24 UTC INFO     Forwarding topic: tb3_0/scan/ranges
2023-01-04 10:23:26 UTC INFO     Forwarding topic: tb3_0/scan/ranges
2023-01-04 10:23:26 UTC INFO     Forwarding topic: tb3_0/cmd_vel/linear/x
2023-01-04 10:23:28 UTC INFO     Forwarding topic: tb3_0/scan/ranges
2023-01-04 10:23:29 UTC INFO     Forwarding topic: tb3_0/cmd_vel/linear/x
2023-01-04 10:23:30 UTC INFO     Forwarding topic: tb3_0/scan/ranges
2023-01-04 10:23:31 UTC INFO     Forwarding topic: tb3_0/scan/ranges
2023-01-04 10:23:31 UTC INFO     Forwarding topic: tb3_0/cmd_vel/linear/x
2023-01-04 10:23:32 UTC INFO     Forwarding topic: tb3_0/scan/ranges
2023-01-04 10:23:34 UTC INFO     Forwarding topic: tb3_0/scan/ranges
2023-01-04 10:23:34 UTC INFO     Forwarding topic: tb3_0/cmd_vel/linear/x
2023-01-04 10:23:36 UTC INFO     Forwarding topic: tb3_0/scan/ranges
2023-01-04 10:23:37 UTC INFO     Forwarding topic: tb3_0/cmd_vel/linear/x
2023-01-04 10:23:38 UTC INFO     Forwarding topic: tb3_0/scan/ranges
2023-01-04 10:23:39 UTC INFO     Forwarding topic: tb3_0/scan/ranges
2023-01-04 10:23:40 UTC INFO     Forwarding topic: tb3_0/cmd_vel/linear/x
2023-01-04 10:23:40 UTC INFO     Forwarding topic: tb3_0/scan/ranges
2023-01-04 10:23:41 UTC INFO     Forwarding topic: tb3_0/scan/ranges
2023-01-04 10:23:43 UTC INFO     Forwarding topic: tb3_0/cmd_vel/linear/x
2023-01-04 10:23:45 UTC INFO     Forwarding topic: tb3_0/scan/ranges
2023-01-04 10:23:46 UTC INFO     Forwarding topic: tb3_0/cmd_vel/linear/x
2023-01-04 10:23:46 UTC INFO     Forwarding topic: tb3_0/scan/ranges
2023-01-04 10:23:47 UTC INFO     Forwarding topic: tb3_0/scan/ranges
2023-01-04 10:23:48 UTC INFO     Forwarding topic: tb3_0/scan/ranges
2023-01-04 10:23:48 UTC INFO     Forwarding topic: tb3_0/cmd_vel/linear/x
2023-01-04 10:23:51 UTC INFO     Forwarding topic: tb3_0/scan/ranges
2023-01-04 10:23:52 UTC INFO     Forwarding topic: tb3_0/cmd_vel/linear/x
2023-01-04 10:23:53 UTC INFO     Forwarding topic: tb3_0/scan/ranges
2023-01-04 10:23:55 UTC INFO     Forwarding topic: tb3_0/cmd_vel/linear/x
2023-01-04 10:23:56 UTC INFO     Forwarding topic: tb3_0/scan/ranges
2023-01-04 10:23:58 UTC INFO     Forwarding topic: tb3_0/scan/ranges
2023-01-04 10:23:58 UTC INFO     Forwarding topic: tb3_0/cmd_vel/linear/x
2023-01-04 10:23:59 UTC INFO     Forwarding topic: tb3_0/scan/ranges
2023-01-04 10:24:00 UTC INFO     Forwarding topic: tb3_0/scan/ranges
2023-01-04 10:24:00 UTC INFO     Forwarding topic: tb3_0/cmd_vel/linear/x
2023-01-04 10:24:01 UTC INFO     Forwarding topic: tb3_0/scan/ranges
2023-01-04 10:24:03 UTC INFO     Forwarding topic: tb3_0/scan/ranges
2023-01-04 10:24:03 UTC INFO     Forwarding topic: tb3_0/cmd_vel/linear/x
2023-01-04 10:24:04 UTC INFO     Forwarding topic: tb3_0/scan/ranges
2023-01-04 10:24:05 UTC INFO     Forwarding topic: tb3_0/scan/ranges
2023-01-04 10:24:06 UTC INFO     Forwarding topic: tb3_0/cmd_vel/linear/x
2023-01-04 10:24:07 UTC INFO     Forwarding topic: tb3_0/scan/ranges
2023-01-04 10:24:08 UTC INFO     Forwarding topic: tb3_0/cmd_vel/linear/x
2023-01-04 10:24:08 UTC INFO     Forwarding topic: tb3_0/scan/ranges
2023-01-04 10:24:10 UTC INFO     Forwarding topic: tb3_0/scan/ranges
2023-01-04 10:24:11 UTC INFO     Forwarding topic: tb3_0/cmd_vel/linear/x
2023-01-04 10:24:12 UTC INFO     Forwarding topic: tb3_0/scan/ranges
2023-01-04 10:24:13 UTC INFO     Forwarding topic: tb3_0/scan/ranges
2023-01-04 10:24:14 UTC INFO     Forwarding topic: tb3_0/scan/ranges
2023-01-04 10:24:14 UTC INFO     Forwarding topic: tb3_0/cmd_vel/linear/x
2023-01-04 10:24:15 UTC INFO     Forwarding topic: tb3_0/scan/ranges
2023-01-04 10:24:17 UTC INFO     Forwarding topic: tb3_0/cmd_vel/linear/x
2023-01-04 10:24:17 UTC INFO     Forwarding topic: tb3_0/scan/ranges
2023-01-04 10:24:18 UTC INFO     Forwarding topic: tb3_0/scan/ranges
2023-01-04 10:24:19 UTC INFO     Forwarding topic: tb3_0/scan/ranges
2023-01-04 10:24:20 UTC INFO     Forwarding topic: tb3_0/cmd_vel/linear/x
2023-01-04 10:24:21 UTC INFO     Forwarding topic: tb3_0/scan/ranges
2023-01-04 10:24:23 UTC INFO     Forwarding topic: tb3_0/cmd_vel/linear/x
2023-01-04 10:24:23 UTC INFO     Forwarding topic: tb3_0/scan/ranges
2023-01-04 10:24:25 UTC INFO     Forwarding topic: tb3_0/scan/ranges
2023-01-04 10:24:26 UTC INFO     Forwarding topic: tb3_0/scan/ranges
2023-01-04 10:24:26 UTC INFO     Forwarding topic: tb3_0/cmd_vel/linear/x
2023-01-04 10:24:27 UTC INFO     Forwarding topic: tb3_0/scan/ranges
2023-01-04 10:24:29 UTC INFO     Forwarding topic: tb3_0/scan/ranges
2023-01-04 10:24:30 UTC INFO     Forwarding topic: tb3_0/cmd_vel/linear/x
2023-01-04 10:24:31 UTC INFO     Forwarding topic: tb3_0/scan/ranges
2023-01-04 10:24:32 UTC INFO     Forwarding topic: tb3_0/scan/ranges
2023-01-04 10:24:33 UTC INFO     Forwarding topic: tb3_0/cmd_vel/linear/x
2023-01-04 10:24:34 UTC INFO     Forwarding topic: tb3_0/scan/ranges
2023-01-04 10:24:35 UTC INFO     Forwarding topic: tb3_0/scan/ranges
2023-01-04 10:24:36 UTC INFO     Forwarding topic: tb3_0/scan/ranges
2023-01-04 10:24:36 UTC INFO     Forwarding topic: tb3_0/cmd_vel/linear/x
2023-01-04 10:24:37 UTC INFO     Forwarding topic: tb3_0/scan/ranges
2023-01-04 10:24:38 UTC INFO     Forwarding topic: tb3_0/scan/ranges
2023-01-04 10:24:39 UTC INFO     Forwarding topic: tb3_0/cmd_vel/linear/x
2023-01-04 10:24:40 UTC INFO     Forwarding topic: tb3_0/scan/ranges
2023-01-04 10:24:41 UTC INFO     Forwarding topic: tb3_0/scan/ranges
2023-01-04 10:24:41 UTC INFO     Forwarding topic: tb3_0/cmd_vel/linear/x
2023-01-04 10:24:43 UTC INFO     Forwarding topic: tb3_0/scan/ranges
2023-01-04 10:24:44 UTC INFO     Forwarding topic: tb3_0/scan/ranges
2023-01-04 10:24:44 UTC INFO     Forwarding topic: tb3_0/cmd_vel/linear/x
2023-01-04 10:24:45 UTC INFO     Forwarding topic: tb3_0/scan/ranges
2023-01-04 10:24:47 UTC INFO     Forwarding topic: tb3_0/scan/ranges
2023-01-04 10:24:47 UTC INFO     Forwarding topic: tb3_0/cmd_vel/linear/x
2023-01-04 10:24:48 UTC INFO     Forwarding topic: tb3_0/scan/ranges
2023-01-04 10:24:50 UTC INFO     Forwarding topic: tb3_0/cmd_vel/linear/x
2023-01-04 10:24:51 UTC INFO     Forwarding topic: tb3_0/scan/ranges
2023-01-04 10:24:52 UTC INFO     Forwarding topic: tb3_0/scan/ranges
2023-01-04 10:24:53 UTC INFO     Forwarding topic: tb3_0/cmd_vel/linear/x
2023-01-04 10:24:54 UTC INFO     Forwarding topic: tb3_0/scan/ranges
2023-01-04 10:24:56 UTC INFO     Forwarding topic: tb3_0/scan/ranges
2023-01-04 10:24:56 UTC INFO     Forwarding topic: tb3_0/cmd_vel/linear/x
2023-01-04 10:24:57 UTC INFO     Forwarding topic: tb3_0/scan/ranges
2023-01-04 10:24:58 UTC INFO     Forwarding topic: tb3_0/scan/ranges
2023-01-04 10:24:59 UTC INFO     Forwarding topic: tb3_0/cmd_vel/linear/x
2023-01-04 10:24:59 UTC INFO     Forwarding topic: tb3_0/scan/ranges
2023-01-04 10:25:01 UTC INFO     Forwarding topic: tb3_0/scan/ranges
2023-01-04 10:25:01 UTC INFO     Forwarding topic: tb3_0/cmd_vel/linear/x
2023-01-04 10:25:02 UTC INFO     Forwarding topic: tb3_0/scan/ranges
2023-01-04 10:25:03 UTC INFO     Forwarding topic: tb3_0/scan/ranges
2023-01-04 10:25:04 UTC INFO     Forwarding topic: tb3_0/cmd_vel/linear/x
2023-01-04 10:25:04 UTC INFO     Forwarding topic: tb3_0/scan/ranges
2023-01-04 10:25:06 UTC INFO     Forwarding topic: tb3_0/scan/ranges
2023-01-04 10:25:07 UTC INFO     Forwarding topic: tb3_0/cmd_vel/linear/x
2023-01-04 10:25:07 UTC INFO     Forwarding topic: tb3_0/scan/ranges
2023-01-04 10:25:08 UTC INFO     Forwarding topic: tb3_0/scan/ranges
2023-01-04 10:25:10 UTC INFO     Forwarding topic: tb3_0/cmd_vel/linear/x
2023-01-04 10:25:10 UTC INFO     Forwarding topic: tb3_0/scan/ranges
2023-01-04 10:25:11 UTC INFO     Forwarding topic: tb3_0/scan/ranges
2023-01-04 10:25:12 UTC INFO     Forwarding topic: tb3_0/scan/ranges
2023-01-04 10:25:12 UTC INFO     Forwarding topic: tb3_0/cmd_vel/linear/x
2023-01-04 10:25:14 UTC INFO     Forwarding topic: tb3_0/scan/ranges
2023-01-04 10:25:15 UTC INFO     Forwarding topic: tb3_0/cmd_vel/linear/x
2023-01-04 10:25:16 UTC INFO     Forwarding topic: tb3_0/scan/ranges
2023-01-04 10:25:17 UTC INFO     Forwarding topic: tb3_0/scan/ranges
2023-01-04 10:25:18 UTC INFO     Forwarding topic: tb3_0/cmd_vel/linear/x
2023-01-04 10:25:19 UTC INFO     Forwarding topic: tb3_0/scan/ranges
2023-01-04 10:25:20 UTC INFO     Forwarding topic: tb3_0/scan/ranges
2023-01-04 10:25:21 UTC INFO     Forwarding topic: tb3_0/cmd_vel/linear/x
2023-01-04 10:25:21 UTC INFO     Forwarding topic: tb3_0/scan/ranges
2023-01-04 10:25:23 UTC INFO     Forwarding topic: tb3_0/scan/ranges
2023-01-04 10:25:23 UTC INFO     Forwarding topic: tb3_0/cmd_vel/linear/x
2023-01-04 10:25:24 UTC INFO     Forwarding topic: tb3_0/scan/ranges
2023-01-04 10:25:25 UTC INFO     Forwarding topic: tb3_0/scan/ranges
2023-01-04 10:25:26 UTC INFO     Forwarding topic: tb3_0/cmd_vel/linear/x
2023-01-04 10:25:27 UTC INFO     Forwarding topic: tb3_0/scan/ranges
2023-01-04 10:25:29 UTC INFO     Forwarding topic: tb3_0/cmd_vel/linear/x
2023-01-04 10:25:30 UTC INFO     Forwarding topic: tb3_0/scan/ranges
2023-01-04 10:25:31 UTC INFO     Forwarding topic: tb3_0/scan/ranges
2023-01-04 10:25:32 UTC INFO     Forwarding topic: tb3_0/cmd_vel/linear/x
2023-01-04 10:25:32 UTC INFO     Forwarding topic: tb3_0/scan/ranges
2023-01-04 10:25:33 UTC INFO     Forwarding topic: tb3_0/scan/ranges
2023-01-04 10:25:35 UTC INFO     Forwarding topic: tb3_0/scan/ranges
2023-01-04 10:25:35 UTC INFO     Forwarding topic: tb3_0/cmd_vel/linear/x
2023-01-04 10:25:37 UTC INFO     Forwarding topic: tb3_0/scan/ranges
2023-01-04 10:25:38 UTC INFO     Forwarding topic: tb3_0/scan/ranges
2023-01-04 10:25:38 UTC INFO     Forwarding topic: tb3_0/cmd_vel/linear/x
2023-01-04 10:25:41 UTC INFO     Forwarding topic: tb3_0/scan/ranges
2023-01-04 10:25:41 UTC INFO     Forwarding topic: tb3_0/cmd_vel/linear/x
2023-01-04 10:25:42 UTC INFO     Forwarding topic: tb3_0/scan/ranges
2023-01-04 10:25:44 UTC INFO     Forwarding topic: tb3_0/scan/ranges
2023-01-04 10:25:44 UTC INFO     Forwarding topic: tb3_0/cmd_vel/linear/x
2023-01-04 10:25:45 UTC INFO     Forwarding topic: tb3_0/scan/ranges
2023-01-04 10:25:47 UTC INFO     Forwarding topic: tb3_0/cmd_vel/linear/x
2023-01-04 10:25:47 UTC INFO     Forwarding topic: tb3_0/scan/ranges
2023-01-04 10:25:49 UTC INFO     Forwarding topic: tb3_0/scan/ranges
2023-01-04 10:25:49 UTC INFO     Forwarding topic: tb3_0/cmd_vel/linear/x
