2023-01-07	13:20:39.523 INFO     publishing topic >>	open_manipulator/gripper_sub_position/command/data
2023-01-07	13:20:39.539 INFO     publishing topic >>	open_manipulator/gripper/kinematics_pose/pose/position/z
2023-01-07	13:20:40.013 INFO     publishing topic >>	open_manipulator/gripper_sub_position/command
2023-01-07	13:20:42.425 INFO     publishing topic >>	open_manipulator/joint_states/effort
2023-01-07	13:20:43.709 INFO     publishing topic >>	open_manipulator/states/open_manipulator_moving_state
2023-01-07	13:20:45.170 INFO     publishing topic >>	open_manipulator/gripper_sub_position/command/data
2023-01-07	13:20:46.008 INFO     publishing topic >>	open_manipulator/gripper/kinematics_pose/pose/position/z
2023-01-07	13:20:47.152 INFO     publishing topic >>	open_manipulator/gripper_sub_position/command
2023-01-07	13:20:49.305 INFO     publishing topic >>	open_manipulator/gripper_sub_position/command/data
2023-01-07	13:20:49.356 INFO     publishing topic >>	open_manipulator/joint_states/effort
2023-01-07	13:20:49.430 INFO     publishing topic >>	open_manipulator/states/open_manipulator_moving_state
2023-01-07	13:20:50.096 INFO     publishing topic >>	open_manipulator/gripper_sub_position/command
2023-01-07	13:20:51.097 INFO     publishing topic >>	open_manipulator/gripper/kinematics_pose/pose/position/z
2023-01-07	13:20:51.102 INFO     publishing topic >>	open_manipulator/gripper_sub_position/command/data
2023-01-07	13:20:51.504 INFO     publishing topic >>	open_manipulator/joint_states/effort
2023-01-07	13:20:51.505 INFO     publishing topic >>	open_manipulator/gripper_sub_position/command
2023-01-07	13:20:51.505 INFO     publishing topic >>	open_manipulator/states/open_manipulator_moving_state
2023-01-07	13:20:53.249 INFO     publishing topic >>	open_manipulator/gripper_sub_position/command/data
2023-01-07	13:20:54.466 INFO     publishing topic >>	open_manipulator/gripper/kinematics_pose/pose/position/z
2023-01-07	13:20:55.186 INFO     publishing topic >>	open_manipulator/joint_states/effort
2023-01-07	13:20:55.297 INFO     publishing topic >>	open_manipulator/gripper_sub_position/command
2023-01-07	13:20:56.307 INFO     publishing topic >>	open_manipulator/states/open_manipulator_moving_state
2023-01-07	13:20:56.401 INFO     publishing topic >>	open_manipulator/gripper_sub_position/command/data
2023-01-07	13:20:58.339 INFO     publishing topic >>	open_manipulator/gripper/kinematics_pose/pose/position/z
2023-01-07	13:21:00.183 INFO     publishing topic >>	open_manipulator/gripper_sub_position/command
2023-01-07	13:21:00.998 INFO     publishing topic >>	open_manipulator/joint_states/effort
2023-01-07	13:21:01.582 INFO     publishing topic >>	open_manipulator/states/open_manipulator_moving_state
2023-01-07	13:21:05.658 INFO     publishing topic >>	open_manipulator/gripper_sub_position/command/data
2023-01-07	13:21:06.965 INFO     publishing topic >>	open_manipulator/gripper_sub_position/command
2023-01-07	13:21:07.302 INFO     publishing topic >>	open_manipulator/states/open_manipulator_moving_state
2023-01-07	13:21:07.637 INFO     publishing topic >>	open_manipulator/gripper/kinematics_pose/pose/position/z
2023-01-07	13:21:08.305 INFO     publishing topic >>	open_manipulator/gripper_sub_position/command/data
2023-01-07	13:21:08.305 INFO     publishing topic >>	open_manipulator/gripper_sub_position/command
2023-01-07	13:21:08.365 INFO     publishing topic >>	open_manipulator/states/open_manipulator_moving_state
2023-01-07	13:21:08.629 INFO     publishing topic >>	open_manipulator/joint_states/effort
2023-01-07	13:21:09.701 INFO     publishing topic >>	open_manipulator/gripper/kinematics_pose/pose/position/z
2023-01-07	13:21:11.279 INFO     publishing topic >>	open_manipulator/states/open_manipulator_moving_state
2023-01-07	13:21:11.645 INFO     publishing topic >>	open_manipulator/gripper_sub_position/command
2023-01-07	13:21:12.265 INFO     publishing topic >>	open_manipulator/gripper_sub_position/command/data
2023-01-07	13:21:14.032 INFO     publishing topic >>	open_manipulator/states/open_manipulator_moving_state
2023-01-07	13:21:14.038 INFO     publishing topic >>	open_manipulator/joint_states/effort
2023-01-07	13:21:14.049 INFO     publishing topic >>	open_manipulator/gripper/kinematics_pose/pose/position/z
2023-01-07	13:21:17.174 INFO     publishing topic >>	open_manipulator/gripper_sub_position/command
2023-01-07	13:21:18.339 INFO     publishing topic >>	open_manipulator/gripper_sub_position/command/data
2023-01-07	13:21:19.815 INFO     publishing topic >>	open_manipulator/states/open_manipulator_moving_state
2023-01-07	13:21:20.732 INFO     publishing topic >>	open_manipulator/joint_states/effort
2023-01-07	13:21:22.271 INFO     publishing topic >>	open_manipulator/gripper/kinematics_pose/pose/position/z
2023-01-07	13:21:22.271 INFO     publishing topic >>	open_manipulator/gripper_sub_position/command
2023-01-07	13:21:22.271 INFO     publishing topic >>	open_manipulator/gripper_sub_position/command/data
2023-01-07	13:21:23.611 INFO     publishing topic >>	open_manipulator/states/open_manipulator_moving_state
2023-01-07	13:21:23.622 INFO     publishing topic >>	open_manipulator/joint_states/effort
2023-01-07	13:21:26.825 INFO     publishing topic >>	open_manipulator/gripper/kinematics_pose/pose/position/z
2023-01-07	13:21:27.871 INFO     publishing topic >>	open_manipulator/gripper_sub_position/command
2023-01-07	13:21:27.990 INFO     publishing topic >>	open_manipulator/gripper_sub_position/command/data
2023-01-07	13:21:29.600 INFO     publishing topic >>	open_manipulator/states/open_manipulator_moving_state
2023-01-07	13:21:30.619 INFO     publishing topic >>	open_manipulator/gripper/kinematics_pose/pose/position/z
2023-01-07	13:21:30.870 INFO     publishing topic >>	open_manipulator/joint_states/effort
2023-01-07	13:21:31.315 INFO     publishing topic >>	open_manipulator/gripper_sub_position/command
2023-01-07	13:21:32.016 INFO     publishing topic >>	open_manipulator/gripper_sub_position/command/data
2023-01-07	13:21:33.257 INFO     publishing topic >>	open_manipulator/states/open_manipulator_moving_state
2023-01-07	13:21:33.472 INFO     publishing topic >>	open_manipulator/gripper/kinematics_pose/pose/position/z
2023-01-07	13:21:35.078 INFO     publishing topic >>	open_manipulator/gripper_sub_position/command/data
2023-01-07	13:21:35.079 INFO     publishing topic >>	open_manipulator/gripper_sub_position/command
2023-01-07	13:21:35.512 INFO     publishing topic >>	open_manipulator/joint_states/effort
2023-01-07	13:21:36.571 INFO     publishing topic >>	open_manipulator/states/open_manipulator_moving_state
2023-01-07	13:21:38.061 INFO     publishing topic >>	open_manipulator/gripper/kinematics_pose/pose/position/z
2023-01-07	13:21:38.061 INFO     publishing topic >>	open_manipulator/gripper_sub_position/command/data
2023-01-07	13:21:39.145 INFO     publishing topic >>	open_manipulator/gripper_sub_position/command
2023-01-07	13:21:40.376 INFO     publishing topic >>	open_manipulator/joint_states/effort
2023-01-07	13:21:41.471 INFO     publishing topic >>	open_manipulator/states/open_manipulator_moving_state
2023-01-07	13:21:42.395 INFO     publishing topic >>	open_manipulator/gripper/kinematics_pose/pose/position/z
2023-01-07	13:21:43.103 INFO     publishing topic >>	open_manipulator/gripper_sub_position/command
2023-01-07	13:21:43.393 INFO     publishing topic >>	open_manipulator/gripper_sub_position/command/data
2023-01-07	13:21:44.209 INFO     publishing topic >>	open_manipulator/states/open_manipulator_moving_state
2023-01-07	13:21:44.454 INFO     publishing topic >>	open_manipulator/joint_states/effort
2023-01-07	13:21:44.878 INFO     publishing topic >>	open_manipulator/gripper/kinematics_pose/pose/position/z
2023-01-07	13:21:45.455 INFO     publishing topic >>	open_manipulator/gripper_sub_position/command/data
2023-01-07	13:21:45.475 INFO     publishing topic >>	open_manipulator/gripper_sub_position/command
2023-01-07	13:21:46.308 INFO     publishing topic >>	open_manipulator/states/open_manipulator_moving_state
2023-01-07	13:21:47.368 INFO     publishing topic >>	open_manipulator/states/open_manipulator_moving_state
2023-01-07	13:21:47.369 INFO     publishing topic >>	open_manipulator/gripper/kinematics_pose/pose/position/z
2023-01-07	13:21:47.369 INFO     publishing topic >>	open_manipulator/gripper_sub_position/command/data
2023-01-07	13:21:47.376 INFO     publishing topic >>	open_manipulator/gripper_sub_position/command
2023-01-07	13:21:48.263 INFO     publishing topic >>	open_manipulator/joint_states/effort
2023-01-07	13:21:48.821 INFO     publishing topic >>	open_manipulator/states/open_manipulator_moving_state
2023-01-07	13:21:50.663 INFO     publishing topic >>	open_manipulator/gripper/kinematics_pose/pose/position/z
2023-01-07	13:21:51.808 INFO     publishing topic >>	open_manipulator/gripper_sub_position/command/data
2023-01-07	13:21:52.586 INFO     publishing topic >>	open_manipulator/gripper_sub_position/command
2023-01-07	13:21:54.216 INFO     publishing topic >>	open_manipulator/states/open_manipulator_moving_state
2023-01-07	13:21:54.814 INFO     publishing topic >>	open_manipulator/gripper/kinematics_pose/pose/position/z
2023-01-07	13:21:55.024 INFO     publishing topic >>	open_manipulator/joint_states/effort
2023-01-07	13:21:55.589 INFO     publishing topic >>	open_manipulator/states/open_manipulator_moving_state
2023-01-07	13:21:55.626 INFO     publishing topic >>	open_manipulator/gripper_sub_position/command/data
2023-01-07	13:21:55.665 INFO     publishing topic >>	open_manipulator/gripper_sub_position/command
2023-01-07	13:21:56.379 INFO     publishing topic >>	open_manipulator/gripper/kinematics_pose/pose/position/z
2023-01-07	13:21:56.637 INFO     publishing topic >>	open_manipulator/states/open_manipulator_moving_state
2023-01-07	13:21:56.638 INFO     publishing topic >>	open_manipulator/gripper_sub_position/command/data
2023-01-07	13:21:56.814 INFO     publishing topic >>	open_manipulator/gripper_sub_position/command
2023-01-07	13:21:57.068 INFO     publishing topic >>	open_manipulator/joint_states/effort
2023-01-07	13:21:57.914 INFO     publishing topic >>	open_manipulator/gripper/kinematics_pose/pose/position/z
2023-01-07	13:21:58.348 INFO     publishing topic >>	open_manipulator/states/open_manipulator_moving_state
2023-01-07	13:21:59.008 INFO     publishing topic >>	open_manipulator/gripper_sub_position/command/data
2023-01-07	13:21:59.733 INFO     publishing topic >>	open_manipulator/gripper_sub_position/command
2023-01-07	13:22:01.164 INFO     publishing topic >>	open_manipulator/joint_states/effort
2023-01-07	13:22:02.082 INFO     publishing topic >>	open_manipulator/gripper/kinematics_pose/pose/position/z
2023-01-07	13:22:02.083 INFO     publishing topic >>	open_manipulator/states/open_manipulator_moving_state
2023-01-07	13:22:02.170 INFO     publishing topic >>	open_manipulator/gripper_sub_position/command
2023-01-07	13:22:03.240 INFO     publishing topic >>	open_manipulator/joint_states/effort
2023-01-07	13:22:04.192 INFO     publishing topic >>	open_manipulator/gripper/kinematics_pose/pose/position/z
2023-01-07	13:22:04.260 INFO     publishing topic >>	open_manipulator/gripper_sub_position/command/data
2023-01-07	13:22:05.709 INFO     publishing topic >>	open_manipulator/states/open_manipulator_moving_state
2023-01-07	13:22:06.117 INFO     publishing topic >>	open_manipulator/gripper_sub_position/command
2023-01-07	13:22:07.694 INFO     publishing topic >>	open_manipulator/joint_states/effort
2023-01-07	13:22:08.083 INFO     publishing topic >>	open_manipulator/gripper/kinematics_pose/pose/position/z
2023-01-07	13:22:08.208 INFO     publishing topic >>	open_manipulator/gripper_sub_position/command/data
2023-01-07	13:22:09.188 INFO     publishing topic >>	open_manipulator/states/open_manipulator_moving_state
2023-01-07	13:22:09.365 INFO     publishing topic >>	open_manipulator/gripper_sub_position/command
2023-01-07	13:22:11.172 INFO     publishing topic >>	open_manipulator/joint_states/effort
2023-01-07	13:22:12.867 INFO     publishing topic >>	open_manipulator/gripper_sub_position/command/data
2023-01-07	13:22:13.133 INFO     publishing topic >>	open_manipulator/states/open_manipulator_moving_state
2023-01-07	13:22:13.528 INFO     publishing topic >>	open_manipulator/gripper/kinematics_pose/pose/position/z
2023-01-07	13:22:14.804 INFO     publishing topic >>	open_manipulator/gripper_sub_position/command
2023-01-07	13:22:15.613 INFO     publishing topic >>	open_manipulator/joint_states/effort
2023-01-07	13:22:15.614 INFO     publishing topic >>	open_manipulator/gripper_sub_position/command/data
2023-01-07	13:22:15.614 INFO     publishing topic >>	open_manipulator/states/open_manipulator_moving_state
2023-01-07	13:22:15.822 INFO     publishing topic >>	open_manipulator/gripper_sub_position/command
2023-01-07	13:22:16.343 INFO     publishing topic >>	open_manipulator/gripper/kinematics_pose/pose/position/z
2023-01-07	13:22:18.260 INFO     publishing topic >>	open_manipulator/states/open_manipulator_moving_state
2023-01-07	13:22:18.260 INFO     publishing topic >>	open_manipulator/joint_states/effort
2023-01-07	13:22:18.266 INFO     publishing topic >>	open_manipulator/gripper_sub_position/command/data
2023-01-07	13:22:20.902 INFO     publishing topic >>	open_manipulator/gripper_sub_position/command
2023-01-07	13:22:20.949 INFO     publishing topic >>	open_manipulator/gripper/kinematics_pose/pose/position/z
2023-01-07	13:22:21.937 INFO     publishing topic >>	open_manipulator/states/open_manipulator_moving_state
2023-01-07	13:22:22.471 INFO     publishing topic >>	open_manipulator/gripper_sub_position/command
2023-01-07	13:22:23.076 INFO     publishing topic >>	open_manipulator/gripper/kinematics_pose/pose/position/z
2023-01-07	13:22:23.076 INFO     publishing topic >>	open_manipulator/states/open_manipulator_moving_state
2023-01-07	13:22:23.105 INFO     publishing topic >>	open_manipulator/gripper_sub_position/command/data
2023-01-07	13:22:23.540 INFO     publishing topic >>	open_manipulator/joint_states/effort
2023-01-07	13:22:23.729 INFO     publishing topic >>	open_manipulator/gripper_sub_position/command
2023-01-07	13:22:25.283 INFO     publishing topic >>	open_manipulator/gripper_sub_position/command/data
2023-01-07	13:22:25.360 INFO     publishing topic >>	open_manipulator/gripper/kinematics_pose/pose/position/z
2023-01-07	13:22:25.360 INFO     publishing topic >>	open_manipulator/states/open_manipulator_moving_state
2023-01-07	13:22:28.123 INFO     publishing topic >>	open_manipulator/joint_states/effort
2023-01-07	13:22:28.134 INFO     publishing topic >>	open_manipulator/gripper_sub_position/command
2023-01-07	13:22:28.207 INFO     publishing topic >>	open_manipulator/gripper_sub_position/command/data
2023-01-07	13:22:29.747 INFO     publishing topic >>	open_manipulator/states/open_manipulator_moving_state
2023-01-07	13:22:30.737 INFO     publishing topic >>	open_manipulator/gripper/kinematics_pose/pose/position/z
2023-01-07	13:22:31.333 INFO     publishing topic >>	open_manipulator/gripper_sub_position/command
2023-01-07	13:22:31.339 INFO     publishing topic >>	open_manipulator/joint_states/effort
2023-01-07	13:22:31.776 INFO     publishing topic >>	open_manipulator/states/open_manipulator_moving_state
2023-01-07	13:22:31.776 INFO     publishing topic >>	open_manipulator/gripper_sub_position/command/data
2023-01-07	13:22:33.141 INFO     publishing topic >>	open_manipulator/gripper_sub_position/command
2023-01-07	13:22:33.519 INFO     publishing topic >>	open_manipulator/gripper/kinematics_pose/pose/position/z
2023-01-07	13:22:33.693 INFO     publishing topic >>	open_manipulator/joint_states/effort
2023-01-07	13:22:33.878 INFO     publishing topic >>	open_manipulator/states/open_manipulator_moving_state
2023-01-07	13:22:35.223 INFO     publishing topic >>	open_manipulator/gripper_sub_position/command/data
2023-01-07	13:22:35.822 INFO     publishing topic >>	open_manipulator/gripper_sub_position/command
2023-01-07	13:22:36.513 INFO     publishing topic >>	open_manipulator/gripper/kinematics_pose/pose/position/z
2023-01-07	13:22:36.869 INFO     publishing topic >>	open_manipulator/joint_states/effort
2023-01-07	13:22:37.525 INFO     publishing topic >>	open_manipulator/states/open_manipulator_moving_state
2023-01-07	13:22:39.532 INFO     publishing topic >>	open_manipulator/gripper_sub_position/command/data
2023-01-07	13:22:39.662 INFO     publishing topic >>	open_manipulator/gripper_sub_position/command
2023-01-07	13:22:40.560 INFO     publishing topic >>	open_manipulator/gripper/kinematics_pose/pose/position/z
2023-01-07	13:22:43.620 INFO     publishing topic >>	open_manipulator/joint_states/effort
2023-01-07	13:22:44.321 INFO     publishing topic >>	open_manipulator/states/open_manipulator_moving_state
2023-01-07	13:22:46.217 INFO     publishing topic >>	open_manipulator/gripper_sub_position/command/data
2023-01-07	13:22:46.350 INFO     publishing topic >>	open_manipulator/gripper/kinematics_pose/pose/position/z
2023-01-07	13:22:46.894 INFO     publishing topic >>	open_manipulator/gripper_sub_position/command
2023-01-07	13:22:48.508 INFO     publishing topic >>	open_manipulator/states/open_manipulator_moving_state
2023-01-07	13:22:49.018 INFO     publishing topic >>	open_manipulator/gripper_sub_position/command/data
2023-01-07	13:22:50.155 INFO     publishing topic >>	open_manipulator/joint_states/effort
2023-01-07	13:22:52.022 INFO     publishing topic >>	open_manipulator/gripper/kinematics_pose/pose/position/z
2023-01-07	13:22:52.023 INFO     publishing topic >>	open_manipulator/gripper_sub_position/command
2023-01-07	13:22:55.387 INFO     publishing topic >>	open_manipulator/states/open_manipulator_moving_state
2023-01-07	13:22:55.950 INFO     publishing topic >>	open_manipulator/gripper_sub_position/command/data
2023-01-07	13:22:57.455 INFO     publishing topic >>	open_manipulator/gripper/kinematics_pose/pose/position/z
2023-01-07	13:22:57.688 INFO     publishing topic >>	open_manipulator/joint_states/effort
2023-01-07	13:22:57.689 INFO     publishing topic >>	open_manipulator/gripper_sub_position/command
2023-01-07	13:22:58.973 INFO     publishing topic >>	open_manipulator/states/open_manipulator_moving_state
2023-01-07	13:22:59.487 INFO     publishing topic >>	open_manipulator/gripper_sub_position/command/data
2023-01-07	13:23:00.109 INFO     publishing topic >>	open_manipulator/gripper/kinematics_pose/pose/position/z
2023-01-07	13:23:01.714 INFO     publishing topic >>	open_manipulator/joint_states/effort
2023-01-07	13:23:02.427 INFO     publishing topic >>	open_manipulator/gripper_sub_position/command
2023-01-07	13:23:02.494 INFO     publishing topic >>	open_manipulator/states/open_manipulator_moving_state
2023-01-07	13:23:04.136 INFO     publishing topic >>	open_manipulator/gripper_sub_position/command/data
2023-01-07	13:23:04.830 INFO     publishing topic >>	open_manipulator/gripper/kinematics_pose/pose/position/z
2023-01-07	13:23:05.456 INFO     publishing topic >>	open_manipulator/gripper_sub_position/command
2023-01-07	13:23:05.776 INFO     publishing topic >>	open_manipulator/joint_states/effort
2023-01-07	13:23:08.523 INFO     publishing topic >>	open_manipulator/states/open_manipulator_moving_state
2023-01-07	13:23:08.736 INFO     publishing topic >>	open_manipulator/gripper_sub_position/command/data
2023-01-07	13:23:09.598 INFO     publishing topic >>	open_manipulator/gripper_sub_position/command
2023-01-07	13:23:10.902 INFO     publishing topic >>	open_manipulator/states/open_manipulator_moving_state
2023-01-07	13:23:10.919 INFO     publishing topic >>	open_manipulator/gripper/kinematics_pose/pose/position/z
2023-01-07	13:23:11.043 INFO     publishing topic >>	open_manipulator/joint_states/effort
2023-01-07	13:23:12.267 INFO     publishing topic >>	open_manipulator/gripper_sub_position/command/data
2023-01-07	13:23:12.272 INFO     publishing topic >>	open_manipulator/gripper_sub_position/command
2023-01-07	13:23:13.461 INFO     publishing topic >>	open_manipulator/states/open_manipulator_moving_state
2023-01-07	13:23:15.344 INFO     publishing topic >>	open_manipulator/gripper/kinematics_pose/pose/position/z
2023-01-07	13:23:15.699 INFO     publishing topic >>	open_manipulator/gripper_sub_position/command/data
2023-01-07	13:23:16.088 INFO     publishing topic >>	open_manipulator/joint_states/effort
2023-01-07	13:23:16.089 INFO     publishing topic >>	open_manipulator/gripper_sub_position/command
2023-01-07	13:23:16.267 INFO     publishing topic >>	open_manipulator/states/open_manipulator_moving_state
2023-01-07	13:23:17.206 INFO     publishing topic >>	open_manipulator/gripper/kinematics_pose/pose/position/z
2023-01-07	13:23:17.787 INFO     publishing topic >>	open_manipulator/gripper_sub_position/command/data
2023-01-07	13:23:18.829 INFO     publishing topic >>	open_manipulator/gripper_sub_position/command
2023-01-07	13:23:19.316 INFO     publishing topic >>	open_manipulator/joint_states/effort
2023-01-07	13:23:19.792 INFO     publishing topic >>	open_manipulator/states/open_manipulator_moving_state
2023-01-07	13:23:20.906 INFO     publishing topic >>	open_manipulator/gripper_sub_position/command/data
2023-01-07	13:23:21.147 INFO     publishing topic >>	open_manipulator/gripper/kinematics_pose/pose/position/z
2023-01-07	13:23:23.024 INFO     publishing topic >>	open_manipulator/gripper_sub_position/command
2023-01-07	13:23:24.183 INFO     publishing topic >>	open_manipulator/joint_states/effort
2023-01-07	13:23:25.149 INFO     publishing topic >>	open_manipulator/states/open_manipulator_moving_state
2023-01-07	13:23:25.707 INFO     publishing topic >>	open_manipulator/gripper_sub_position/command
2023-01-07	13:23:25.708 INFO     publishing topic >>	open_manipulator/gripper_sub_position/command/data
2023-01-07	13:23:25.847 INFO     publishing topic >>	open_manipulator/gripper/kinematics_pose/pose/position/z
2023-01-07	13:23:27.304 INFO     publishing topic >>	open_manipulator/states/open_manipulator_moving_state
2023-01-07	13:23:27.549 INFO     publishing topic >>	open_manipulator/gripper_sub_position/command
2023-01-07	13:23:28.801 INFO     publishing topic >>	open_manipulator/joint_states/effort
2023-01-07	13:23:29.492 INFO     publishing topic >>	open_manipulator/gripper_sub_position/command/data
2023-01-07	13:23:31.271 INFO     publishing topic >>	open_manipulator/gripper/kinematics_pose/pose/position/z
2023-01-07	13:23:31.694 INFO     publishing topic >>	open_manipulator/gripper_sub_position/command
2023-01-07	13:23:33.347 INFO     publishing topic >>	open_manipulator/states/open_manipulator_moving_state
2023-01-07	13:23:33.487 INFO     publishing topic >>	open_manipulator/joint_states/effort
2023-01-07	13:23:34.699 INFO     publishing topic >>	open_manipulator/gripper_sub_position/command/data
2023-01-07	13:23:36.591 INFO     publishing topic >>	open_manipulator/gripper/kinematics_pose/pose/position/z
2023-01-07	13:23:37.735 INFO     publishing topic >>	open_manipulator/states/open_manipulator_moving_state
2023-01-07	13:23:38.681 INFO     publishing topic >>	open_manipulator/gripper_sub_position/command
2023-01-07	13:23:38.682 INFO     publishing topic >>	open_manipulator/gripper_sub_position/command/data
2023-01-07	13:23:38.800 INFO     publishing topic >>	open_manipulator/states/open_manipulator_moving_state
2023-01-07	13:23:39.343 INFO     publishing topic >>	open_manipulator/gripper/kinematics_pose/pose/position/z
2023-01-07	13:23:39.480 INFO     publishing topic >>	open_manipulator/joint_states/effort