2023-01-04 10:32:56 UTC INFO     Watching for file changes with StatReloader
2023-01-04 10:32:56 UTC INFO     Connection to ROS ready.
2023-01-04 10:32:56 UTC INFO     Successfully connected to ROS bridge from listener
2023-01-04 10:32:56 UTC INFO     Starting factory <roslibpy.comm.comm_autobahn.AutobahnRosBridgeClientFactory object at 0x7f0394af85b0>
2023-01-04 10:33:01 UTC INFO     Connection to ROS ready.
2023-01-04 10:33:01 UTC INFO     Successfully connected to ROS bridge from Ros Connector
2023-01-04 10:33:01 UTC INFO     Generating new MQTT Forwarder
2023-01-04 10:33:01 UTC INFO     local mqtt is set up
2023-01-04 10:33:10 UTC INFO     Created subscriber on imu
2023-01-04 10:33:10 UTC INFO     Created subscriber on odom
2023-01-04 10:33:10 UTC INFO     Created subscriber on cmd_vel
2023-01-04 10:33:10 UTC INFO     Forwarding topic: tb3_0/scan/ranges
2023-01-04 10:33:10 UTC INFO     Created subscriber on scan
2023-01-04 10:33:10 UTC INFO     Created subscriber on joint_states
2023-01-04 10:33:10 UTC INFO     Forwarding topic: tb3_0/cmd_vel/linear/x
2023-01-04 10:33:12 UTC INFO     Forwarding topic: tb3_0/scan/ranges
2023-01-04 10:33:13 UTC INFO     Forwarding topic: tb3_0/scan/ranges
2023-01-04 10:33:13 UTC INFO     Forwarding topic: tb3_0/cmd_vel/linear/x
2023-01-04 10:33:14 UTC INFO     Forwarding topic: tb3_0/scan/ranges
2023-01-04 10:33:16 UTC INFO     Forwarding topic: tb3_0/scan/ranges
2023-01-04 10:33:16 UTC INFO     Forwarding topic: tb3_0/cmd_vel/linear/x
2023-01-04 10:33:17 UTC INFO     Forwarding topic: tb3_0/scan/ranges
2023-01-04 10:33:19 UTC INFO     Forwarding topic: tb3_0/cmd_vel/linear/x
2023-01-04 10:33:19 UTC INFO     Forwarding topic: tb3_0/scan/ranges
2023-01-04 10:33:20 UTC INFO     Forwarding topic: tb3_0/scan/ranges
2023-01-04 10:33:21 UTC INFO     Forwarding topic: tb3_0/cmd_vel/linear/x
2023-01-04 10:33:22 UTC INFO     Forwarding topic: tb3_0/scan/ranges
2023-01-04 10:33:23 UTC INFO     Forwarding topic: tb3_0/scan/ranges
2023-01-04 10:33:24 UTC INFO     Forwarding topic: tb3_0/cmd_vel/linear/x
2023-01-04 10:33:25 UTC INFO     Forwarding topic: tb3_0/scan/ranges
2023-01-04 10:33:26 UTC INFO     Forwarding topic: tb3_0/scan/ranges
2023-01-04 10:33:26 UTC INFO     Forwarding topic: tb3_0/cmd_vel/linear/x
2023-01-04 10:33:27 UTC INFO     Forwarding topic: tb3_0/scan/ranges
2023-01-04 10:33:29 UTC INFO     Forwarding topic: tb3_0/scan/ranges
2023-01-04 10:33:29 UTC INFO     Forwarding topic: tb3_0/cmd_vel/linear/x
2023-01-04 10:33:31 UTC INFO     Forwarding topic: tb3_0/scan/ranges
2023-01-04 10:33:32 UTC INFO     Forwarding topic: tb3_0/cmd_vel/linear/x
2023-01-04 10:33:32 UTC INFO     Forwarding topic: tb3_0/scan/ranges
2023-01-04 10:33:34 UTC INFO     Forwarding topic: tb3_0/scan/ranges
2023-01-04 10:33:34 UTC INFO     Forwarding topic: tb3_0/cmd_vel/linear/x
2023-01-04 10:33:35 UTC INFO     Forwarding topic: tb3_0/scan/ranges
2023-01-04 10:33:37 UTC INFO     Forwarding topic: tb3_0/scan/ranges
2023-01-04 10:33:37 UTC INFO     Forwarding topic: tb3_0/cmd_vel/linear/x
2023-01-04 10:33:38 UTC INFO     Forwarding topic: tb3_0/scan/ranges
2023-01-04 10:33:39 UTC INFO     Forwarding topic: tb3_0/scan/ranges
2023-01-04 10:33:40 UTC INFO     Forwarding topic: tb3_0/cmd_vel/linear/x
2023-01-04 10:33:41 UTC INFO     Forwarding topic: tb3_0/scan/ranges
2023-01-04 10:33:42 UTC INFO     Forwarding topic: tb3_0/scan/ranges
2023-01-04 10:33:43 UTC INFO     Forwarding topic: tb3_0/cmd_vel/linear/x
2023-01-04 10:33:43 UTC INFO     Forwarding topic: tb3_0/scan/ranges
2023-01-04 10:33:44 UTC INFO     Forwarding topic: tb3_0/scan/ranges
2023-01-04 10:33:46 UTC INFO     Forwarding topic: tb3_0/cmd_vel/linear/x
2023-01-04 10:33:47 UTC INFO     Forwarding topic: tb3_0/scan/ranges
2023-01-04 10:33:48 UTC INFO     Forwarding topic: tb3_0/scan/ranges
2023-01-04 10:33:48 UTC INFO     Forwarding topic: tb3_0/cmd_vel/linear/x
2023-01-04 10:33:50 UTC INFO     Forwarding topic: tb3_0/scan/ranges
2023-01-04 10:33:51 UTC INFO     Forwarding topic: tb3_0/cmd_vel/linear/x
2023-01-04 10:33:52 UTC INFO     Forwarding topic: tb3_0/scan/ranges
2023-01-04 10:33:53 UTC INFO     Forwarding topic: tb3_0/scan/ranges
2023-01-04 10:33:54 UTC INFO     Forwarding topic: tb3_0/cmd_vel/linear/x
2023-01-04 10:33:55 UTC INFO     Forwarding topic: tb3_0/scan/ranges
2023-01-04 10:33:56 UTC INFO     Forwarding topic: tb3_0/cmd_vel/linear/x
2023-01-04 10:33:57 UTC INFO     Forwarding topic: tb3_0/scan/ranges
2023-01-04 10:33:58 UTC INFO     Forwarding topic: tb3_0/scan/ranges
2023-01-04 10:33:59 UTC INFO     Forwarding topic: tb3_0/cmd_vel/linear/x
2023-01-04 10:33:59 UTC INFO     Forwarding topic: tb3_0/scan/ranges
2023-01-04 10:34:01 UTC INFO     Forwarding topic: tb3_0/scan/ranges
2023-01-04 10:34:02 UTC INFO     Forwarding topic: tb3_0/cmd_vel/linear/x
2023-01-04 10:34:03 UTC INFO     Forwarding topic: tb3_0/scan/ranges
2023-01-04 10:34:05 UTC INFO     Forwarding topic: tb3_0/cmd_vel/linear/x
2023-01-04 10:34:06 UTC INFO     Forwarding topic: tb3_0/scan/ranges
2023-01-04 10:34:07 UTC INFO     Forwarding topic: tb3_0/scan/ranges
2023-01-04 10:34:08 UTC INFO     Forwarding topic: tb3_0/cmd_vel/linear/x
2023-01-04 10:34:09 UTC INFO     Forwarding topic: tb3_0/scan/ranges
2023-01-04 10:34:10 UTC INFO     Forwarding topic: tb3_0/scan/ranges
2023-01-04 10:34:10 UTC INFO     Forwarding topic: tb3_0/cmd_vel/linear/x
2023-01-04 10:34:11 UTC INFO     Forwarding topic: tb3_0/scan/ranges
2023-01-04 10:34:12 UTC INFO     Forwarding topic: tb3_0/scan/ranges
2023-01-04 10:34:13 UTC INFO     Forwarding topic: tb3_0/cmd_vel/linear/x
2023-01-04 10:34:13 UTC INFO     Forwarding topic: tb3_0/scan/ranges
2023-01-04 10:34:15 UTC INFO     Forwarding topic: tb3_0/scan/ranges
2023-01-04 10:34:15 UTC INFO     Forwarding topic: tb3_0/cmd_vel/linear/x
2023-01-04 10:34:17 UTC INFO     Forwarding topic: tb3_0/scan/ranges
2023-01-04 10:34:18 UTC INFO     Forwarding topic: tb3_0/scan/ranges
2023-01-04 10:34:18 UTC INFO     Forwarding topic: tb3_0/cmd_vel/linear/x
2023-01-04 10:34:19 UTC INFO     Forwarding topic: tb3_0/scan/ranges
2023-01-04 10:34:20 UTC INFO     Forwarding topic: tb3_0/scan/ranges
2023-01-04 10:34:21 UTC INFO     Forwarding topic: tb3_0/cmd_vel/linear/x
2023-01-04 10:34:22 UTC INFO     Forwarding topic: tb3_0/scan/ranges
2023-01-04 10:34:24 UTC INFO     Forwarding topic: tb3_0/cmd_vel/linear/x
2023-01-04 10:34:24 UTC INFO     Forwarding topic: tb3_0/scan/ranges
2023-01-04 10:34:25 UTC INFO     Forwarding topic: tb3_0/scan/ranges
2023-01-04 10:34:26 UTC INFO     Forwarding topic: tb3_0/cmd_vel/linear/x
2023-01-04 10:34:27 UTC INFO     Forwarding topic: tb3_0/scan/ranges
2023-01-04 10:34:28 UTC INFO     Forwarding topic: tb3_0/scan/ranges
2023-01-04 10:34:29 UTC INFO     Forwarding topic: tb3_0/cmd_vel/linear/x
2023-01-04 10:34:30 UTC INFO     Forwarding topic: tb3_0/scan/ranges
2023-01-04 10:34:31 UTC INFO     Forwarding topic: tb3_0/scan/ranges
2023-01-04 10:34:32 UTC INFO     Forwarding topic: tb3_0/cmd_vel/linear/x
2023-01-04 10:34:33 UTC INFO     Forwarding topic: tb3_0/scan/ranges
2023-01-04 10:34:34 UTC INFO     Forwarding topic: tb3_0/scan/ranges
2023-01-04 10:34:35 UTC INFO     Forwarding topic: tb3_0/cmd_vel/linear/x
2023-01-04 10:34:35 UTC INFO     Forwarding topic: tb3_0/scan/ranges
2023-01-04 10:34:37 UTC INFO     Forwarding topic: tb3_0/cmd_vel/linear/x
2023-01-04 10:34:38 UTC INFO     Forwarding topic: tb3_0/scan/ranges
2023-01-04 10:34:39 UTC INFO     Forwarding topic: tb3_0/scan/ranges
2023-01-04 10:34:40 UTC INFO     Forwarding topic: tb3_0/scan/ranges
2023-01-04 10:34:40 UTC INFO     Forwarding topic: tb3_0/cmd_vel/linear/x
2023-01-04 10:34:41 UTC INFO     Forwarding topic: tb3_0/scan/ranges
2023-01-04 10:34:43 UTC INFO     Forwarding topic: tb3_0/scan/ranges
2023-01-04 10:34:43 UTC INFO     Forwarding topic: tb3_0/cmd_vel/linear/x
2023-01-04 10:34:44 UTC INFO     Forwarding topic: tb3_0/scan/ranges
2023-01-04 10:34:46 UTC INFO     Forwarding topic: tb3_0/scan/ranges
2023-01-04 10:34:46 UTC INFO     Forwarding topic: tb3_0/cmd_vel/linear/x
2023-01-04 10:34:47 UTC INFO     Forwarding topic: tb3_0/scan/ranges
2023-01-04 10:34:48 UTC INFO     Forwarding topic: tb3_0/scan/ranges
2023-01-04 10:34:49 UTC INFO     Forwarding topic: tb3_0/cmd_vel/linear/x
2023-01-04 10:34:50 UTC INFO     Forwarding topic: tb3_0/scan/ranges
2023-01-04 10:34:51 UTC INFO     Forwarding topic: tb3_0/scan/ranges
2023-01-04 10:34:51 UTC INFO     Forwarding topic: tb3_0/cmd_vel/linear/x
2023-01-04 10:34:53 UTC INFO     Forwarding topic: tb3_0/scan/ranges
2023-01-04 10:34:54 UTC INFO     Forwarding topic: tb3_0/cmd_vel/linear/x
2023-01-04 10:34:54 UTC INFO     Forwarding topic: tb3_0/scan/ranges
2023-01-04 10:34:56 UTC INFO     Forwarding topic: tb3_0/scan/ranges
2023-01-04 10:34:57 UTC INFO     Forwarding topic: tb3_0/cmd_vel/linear/x
2023-01-04 10:34:57 UTC INFO     Forwarding topic: tb3_0/scan/ranges
2023-01-04 10:34:59 UTC INFO     Forwarding topic: tb3_0/scan/ranges
2023-01-04 10:35:00 UTC INFO     Forwarding topic: tb3_0/scan/ranges
2023-01-04 10:35:00 UTC INFO     Forwarding topic: tb3_0/cmd_vel/linear/x
2023-01-04 10:35:02 UTC INFO     Forwarding topic: tb3_0/scan/ranges
2023-01-04 10:35:03 UTC INFO     Forwarding topic: tb3_0/scan/ranges
2023-01-04 10:35:03 UTC INFO     Forwarding topic: tb3_0/cmd_vel/linear/x
2023-01-04 10:35:04 UTC INFO     Forwarding topic: tb3_0/scan/ranges
2023-01-04 10:35:05 UTC INFO     Forwarding topic: tb3_0/scan/ranges
2023-01-04 10:35:06 UTC INFO     Forwarding topic: tb3_0/cmd_vel/linear/x
2023-01-04 10:35:07 UTC INFO     Forwarding topic: tb3_0/scan/ranges
2023-01-04 10:35:08 UTC INFO     Forwarding topic: tb3_0/scan/ranges
2023-01-04 10:35:09 UTC INFO     Forwarding topic: tb3_0/cmd_vel/linear/x
2023-01-04 10:35:09 UTC INFO     Forwarding topic: tb3_0/scan/ranges
2023-01-04 10:35:10 UTC INFO     Forwarding topic: tb3_0/scan/ranges
2023-01-04 10:35:11 UTC INFO     Forwarding topic: tb3_0/cmd_vel/linear/x
2023-01-04 10:35:11 UTC INFO     Forwarding topic: tb3_0/scan/ranges
2023-01-04 10:35:13 UTC INFO     Forwarding topic: tb3_0/scan/ranges
2023-01-04 10:35:14 UTC INFO     Forwarding topic: tb3_0/scan/ranges
2023-01-04 10:35:14 UTC INFO     Forwarding topic: tb3_0/cmd_vel/linear/x
2023-01-04 10:35:15 UTC INFO     Forwarding topic: tb3_0/scan/ranges
2023-01-04 10:35:16 UTC INFO     Forwarding topic: tb3_0/scan/ranges
2023-01-04 10:35:17 UTC INFO     Forwarding topic: tb3_0/cmd_vel/linear/x
2023-01-04 10:35:17 UTC INFO     Forwarding topic: tb3_0/scan/ranges
2023-01-04 10:35:18 UTC INFO     Forwarding topic: tb3_0/scan/ranges
2023-01-04 10:35:19 UTC INFO     Forwarding topic: tb3_0/cmd_vel/linear/x
2023-01-04 10:35:20 UTC INFO     Forwarding topic: tb3_0/scan/ranges
2023-01-04 10:35:21 UTC INFO     Forwarding topic: tb3_0/scan/ranges
2023-01-04 10:35:22 UTC INFO     Forwarding topic: tb3_0/cmd_vel/linear/x
2023-01-04 10:35:22 UTC INFO     Forwarding topic: tb3_0/scan/ranges
2023-01-04 10:35:25 UTC INFO     Forwarding topic: tb3_0/scan/ranges
2023-01-04 10:35:25 UTC INFO     Forwarding topic: tb3_0/cmd_vel/linear/x
2023-01-04 10:35:26 UTC INFO     Forwarding topic: tb3_0/scan/ranges
2023-01-04 10:35:27 UTC INFO     Forwarding topic: tb3_0/scan/ranges
2023-01-04 10:35:28 UTC INFO     Forwarding topic: tb3_0/cmd_vel/linear/x
2023-01-04 10:35:29 UTC INFO     Forwarding topic: tb3_0/scan/ranges
2023-01-04 10:35:30 UTC INFO     Forwarding topic: tb3_0/scan/ranges
2023-01-04 10:35:30 UTC INFO     Forwarding topic: tb3_0/cmd_vel/linear/x
2023-01-04 10:35:32 UTC INFO     Forwarding topic: tb3_0/scan/ranges
2023-01-04 10:35:34 UTC INFO     Forwarding topic: tb3_0/scan/ranges
2023-01-04 10:35:34 UTC INFO     Forwarding topic: tb3_0/cmd_vel/linear/x
2023-01-04 10:35:35 UTC INFO     Forwarding topic: tb3_0/scan/ranges
2023-01-04 10:35:37 UTC INFO     Forwarding topic: tb3_0/cmd_vel/linear/x
2023-01-04 10:35:37 UTC INFO     Forwarding topic: tb3_0/scan/ranges
2023-01-04 10:35:38 UTC INFO     Forwarding topic: tb3_0/scan/ranges
2023-01-04 10:35:40 UTC INFO     Forwarding topic: tb3_0/cmd_vel/linear/x
2023-01-04 10:35:40 UTC INFO     Forwarding topic: tb3_0/scan/ranges
2023-01-04 10:35:41 UTC INFO     Forwarding topic: tb3_0/scan/ranges
2023-01-04 10:35:43 UTC INFO     Forwarding topic: tb3_0/cmd_vel/linear/x
2023-01-04 10:35:43 UTC INFO     Forwarding topic: tb3_0/scan/ranges
2023-01-04 10:35:44 UTC INFO     Forwarding topic: tb3_0/scan/ranges
2023-01-04 10:35:46 UTC INFO     Forwarding topic: tb3_0/cmd_vel/linear/x
2023-01-04 10:35:46 UTC INFO     Forwarding topic: tb3_0/scan/ranges
2023-01-04 10:35:48 UTC INFO     Forwarding topic: tb3_0/scan/ranges
2023-01-04 10:35:48 UTC INFO     Forwarding topic: tb3_0/cmd_vel/linear/x
2023-01-04 10:35:49 UTC INFO     Forwarding topic: tb3_0/scan/ranges
2023-01-04 10:35:51 UTC INFO     Forwarding topic: tb3_0/scan/ranges
2023-01-04 10:35:51 UTC INFO     Forwarding topic: tb3_0/cmd_vel/linear/x
2023-01-04 10:35:52 UTC INFO     Forwarding topic: tb3_0/scan/ranges
2023-01-04 10:35:53 UTC INFO     Forwarding topic: tb3_0/scan/ranges
2023-01-04 10:35:53 UTC INFO     Forwarding topic: tb3_0/cmd_vel/linear/x
2023-01-04 10:35:54 UTC INFO     Forwarding topic: tb3_0/scan/ranges
2023-01-04 10:35:56 UTC INFO     Forwarding topic: tb3_0/cmd_vel/linear/x
2023-01-04 10:35:56 UTC INFO     Forwarding topic: tb3_0/scan/ranges
2023-01-04 10:35:59 UTC INFO     Forwarding topic: tb3_0/scan/ranges
2023-01-04 10:36:00 UTC INFO     Forwarding topic: tb3_0/cmd_vel/linear/x
2023-01-04 10:36:00 UTC INFO     Forwarding topic: tb3_0/scan/ranges
2023-01-04 10:36:02 UTC INFO     Forwarding topic: tb3_0/scan/ranges
2023-01-04 10:36:02 UTC INFO     Forwarding topic: tb3_0/cmd_vel/linear/x
2023-01-04 10:36:04 UTC INFO     Forwarding topic: tb3_0/scan/ranges
2023-01-04 10:36:05 UTC INFO     Forwarding topic: tb3_0/scan/ranges
2023-01-04 10:36:05 UTC INFO     Forwarding topic: tb3_0/cmd_vel/linear/x
2023-01-04 10:36:07 UTC INFO     Forwarding topic: tb3_0/scan/ranges
2023-01-04 10:36:08 UTC INFO     Forwarding topic: tb3_0/cmd_vel/linear/x
2023-01-04 10:36:08 UTC INFO     Forwarding topic: tb3_0/scan/ranges
2023-01-04 10:36:09 UTC INFO     Forwarding topic: tb3_0/scan/ranges
2023-01-04 10:36:10 UTC INFO     Forwarding topic: tb3_0/cmd_vel/linear/x
2023-01-04 10:36:11 UTC INFO     Forwarding topic: tb3_0/scan/ranges
2023-01-04 10:36:12 UTC INFO     Forwarding topic: tb3_0/scan/ranges
2023-01-04 10:36:13 UTC INFO     Forwarding topic: tb3_0/scan/ranges
2023-01-04 10:36:13 UTC INFO     Forwarding topic: tb3_0/cmd_vel/linear/x
2023-01-04 10:36:14 UTC INFO     Forwarding topic: tb3_0/scan/ranges
2023-01-04 10:36:16 UTC INFO     Forwarding topic: tb3_0/scan/ranges
2023-01-04 10:36:16 UTC INFO     Forwarding topic: tb3_0/cmd_vel/linear/x
2023-01-04 10:36:17 UTC INFO     Forwarding topic: tb3_0/scan/ranges
2023-01-04 10:36:18 UTC INFO     Forwarding topic: tb3_0/scan/ranges
2023-01-04 10:36:18 UTC INFO     Forwarding topic: tb3_0/cmd_vel/linear/x
2023-01-04 10:36:20 UTC INFO     Forwarding topic: tb3_0/scan/ranges
2023-01-04 10:36:21 UTC INFO     Forwarding topic: tb3_0/cmd_vel/linear/x
2023-01-04 10:36:21 UTC INFO     Forwarding topic: tb3_0/scan/ranges
2023-01-04 10:36:23 UTC INFO     Forwarding topic: tb3_0/scan/ranges
2023-01-04 10:36:24 UTC INFO     Forwarding topic: tb3_0/cmd_vel/linear/x
2023-01-04 10:36:24 UTC INFO     Forwarding topic: tb3_0/scan/ranges
2023-01-04 10:36:26 UTC INFO     Forwarding topic: tb3_0/scan/ranges
2023-01-04 10:36:27 UTC INFO     Forwarding topic: tb3_0/cmd_vel/linear/x
2023-01-04 10:36:28 UTC INFO     Forwarding topic: tb3_0/scan/ranges
2023-01-04 10:36:29 UTC INFO     Forwarding topic: tb3_0/scan/ranges
2023-01-04 10:36:29 UTC INFO     Forwarding topic: tb3_0/cmd_vel/linear/x
2023-01-04 10:36:30 UTC INFO     Forwarding topic: tb3_0/scan/ranges
2023-01-04 10:36:32 UTC INFO     Forwarding topic: tb3_0/scan/ranges
2023-01-04 10:36:32 UTC INFO     Forwarding topic: tb3_0/cmd_vel/linear/x
