2023-01-07	13:44:15.442 INFO     Watching for file changes with StatReloader
2023-01-07	13:44:15.576 INFO     Connection to ROS ready.
2023-01-07	13:44:15.576 INFO     Successfully connected to ROS bridge from listener
2023-01-07	13:44:15.577 INFO     Starting factory <roslibpy.comm.comm_autobahn.AutobahnRosBridgeClientFactory object at 0x7fae456375e0>
2023-01-07	13:44:20.008 INFO     Connection to ROS ready.
2023-01-07	13:44:20.008 INFO     Successfully connected to ROS bridge from Ros Connector
2023-01-07	13:44:20.008 INFO     Generating new MQTT Forwarder
2023-01-07	13:44:20.009 INFO     local mqtt is set up
2023-01-07	13:44:27.630 INFO     Created subscriber on gripper/kinematics_pose
2023-01-07	13:44:27.631 INFO     Created subscriber on gripper_position/pid/parameter_descriptions
2023-01-07	13:44:27.631 INFO     Created subscriber on gripper_position/pid/parameter_updates
2023-01-07	13:44:27.632 INFO     Created subscriber on gripper_sub_position/pid/parameter_descriptions
2023-01-07	13:44:27.632 INFO     Created subscriber on gripper_sub_position/pid/parameter_updates
2023-01-07	13:44:27.633 INFO     Created subscriber on joint1_position/command
2023-01-07	13:44:27.633 INFO     Created subscriber on gripper_position/command
2023-01-07	13:44:27.633 INFO     Created subscriber on gripper_sub_position/command
2023-01-07	13:44:27.634 INFO     Created subscriber on gripper_sub_position/state
2023-01-07	13:44:27.634 INFO     Created subscriber on joint2_position/command
2023-01-07	13:44:27.635 INFO     Created subscriber on joint4_position/command
2023-01-07	13:44:27.636 INFO     Created subscriber on joint_states
2023-01-07	13:44:27.637 INFO     Created subscriber on joint3_position/command
2023-01-07	13:44:27.641 INFO     Created subscriber on states
2023-01-07	13:44:27.641 INFO     Created subscriber on gripper_position/state
2023-01-07	13:44:28.645 INFO     252ms delay	 >> open_manipulator/states/open_manipulator_actuator_state
2023-01-07	13:44:29.773 INFO     479ms delay	 >> open_manipulator/joint_states/effort
2023-01-07	13:44:34.806 INFO     1307ms delay	 >> open_manipulator/states/open_manipulator_actuator_state
2023-01-07	13:44:35.760 INFO     687ms delay	 >> open_manipulator/joint_states/effort
2023-01-07	13:44:36.348 INFO     15ms delay	 >> open_manipulator/states/open_manipulator_actuator_state
2023-01-07	13:44:37.416 INFO     54ms delay	 >> open_manipulator/states/open_manipulator_actuator_state
2023-01-07	13:44:39.631 INFO     439ms delay	 >> open_manipulator/joint_states/effort
2023-01-07	13:44:39.804 INFO     28ms delay	 >> open_manipulator/states/open_manipulator_actuator_state
2023-01-07	13:44:41.342 INFO     179ms delay	 >> open_manipulator/joint_states/effort
2023-01-07	13:44:41.452 INFO     2ms delay	 >> open_manipulator/states/open_manipulator_actuator_state
2023-01-07	13:44:45.206 INFO     391ms delay	 >> open_manipulator/joint_states/effort
2023-01-07	13:44:46.740 INFO     101ms delay	 >> open_manipulator/states/open_manipulator_actuator_state
2023-01-07	13:44:47.771 INFO     703ms delay	 >> open_manipulator/states/open_manipulator_actuator_state
2023-01-07	13:44:49.118 INFO     200ms delay	 >> open_manipulator/joint_states/effort
2023-01-07	13:44:49.118 INFO     201ms delay	 >> open_manipulator/states/open_manipulator_actuator_state
2023-01-07	13:44:50.913 INFO     145ms delay	 >> open_manipulator/joint_states/effort
2023-01-07	13:44:51.098 INFO     2ms delay	 >> open_manipulator/states/open_manipulator_actuator_state
2023-01-07	13:44:52.480 INFO     7ms delay	 >> open_manipulator/joint_states/effort
2023-01-07	13:44:52.755 INFO     283ms delay	 >> open_manipulator/states/open_manipulator_actuator_state
2023-01-07	13:44:54.040 INFO     102ms delay	 >> open_manipulator/states/open_manipulator_actuator_state
2023-01-07	13:44:54.360 INFO     81ms delay	 >> open_manipulator/joint_states/effort
2023-01-07	13:44:55.874 INFO     1285ms delay	 >> open_manipulator/states/open_manipulator_actuator_state
2023-01-07	13:44:57.723 INFO     930ms delay	 >> open_manipulator/states/open_manipulator_actuator_state
2023-01-07	13:44:58.913 INFO     49ms delay	 >> open_manipulator/joint_states/effort
2023-01-07	13:45:00.342 INFO     20ms delay	 >> open_manipulator/states/open_manipulator_actuator_state
2023-01-07	13:45:01.418 INFO     1096ms delay	 >> open_manipulator/states/open_manipulator_actuator_state
2023-01-07	13:45:01.847 INFO     68ms delay	 >> open_manipulator/joint_states/effort
2023-01-07	13:45:02.892 INFO     19ms delay	 >> open_manipulator/states/open_manipulator_actuator_state
2023-01-07	13:45:04.367 INFO     16ms delay	 >> open_manipulator/joint_states/effort
2023-01-07	13:45:05.533 INFO     591ms delay	 >> open_manipulator/states/open_manipulator_actuator_state
2023-01-07	13:45:08.919 INFO     1670ms delay	 >> open_manipulator/joint_states/effort
2023-01-07	13:45:08.953 INFO     1705ms delay	 >> open_manipulator/states/open_manipulator_actuator_state
2023-01-07	13:45:10.615 INFO     438ms delay	 >> open_manipulator/states/open_manipulator_actuator_state
2023-01-07	13:45:10.616 INFO     436ms delay	 >> open_manipulator/joint_states/effort
2023-01-07	13:45:11.939 INFO     957ms delay	 >> open_manipulator/states/open_manipulator_actuator_state
2023-01-07	13:45:12.534 INFO     1551ms delay	 >> open_manipulator/joint_states/effort
2023-01-07	13:45:13.073 INFO     2091ms delay	 >> open_manipulator/states/open_manipulator_actuator_state
2023-01-07	13:45:14.849 INFO     796ms delay	 >> open_manipulator/joint_states/effort
2023-01-07	13:45:14.855 INFO     803ms delay	 >> open_manipulator/states/open_manipulator_actuator_state
2023-01-07	13:45:17.192 INFO     919ms delay	 >> open_manipulator/joint_states/effort
2023-01-07	13:45:17.226 INFO     954ms delay	 >> open_manipulator/states/open_manipulator_actuator_state
2023-01-07	13:45:18.297 INFO     155ms delay	 >> open_manipulator/states/open_manipulator_actuator_state
2023-01-07	13:45:19.155 INFO     4ms delay	 >> open_manipulator/joint_states/effort
2023-01-07	13:45:19.366 INFO     17ms delay	 >> open_manipulator/states/open_manipulator_actuator_state
2023-01-07	13:45:22.241 INFO     1628ms delay	 >> open_manipulator/joint_states/effort
2023-01-07	13:45:22.263 INFO     1649ms delay	 >> open_manipulator/states/open_manipulator_actuator_state
2023-01-07	13:45:24.268 INFO     30ms delay	 >> open_manipulator/states/open_manipulator_actuator_state
2023-01-07	13:45:25.056 INFO     45ms delay	 >> open_manipulator/joint_states/effort
2023-01-07	13:45:25.490 INFO     61ms delay	 >> open_manipulator/states/open_manipulator_actuator_state
2023-01-07	13:45:26.566 INFO     571ms delay	 >> open_manipulator/states/open_manipulator_actuator_state
2023-01-07	13:45:26.572 INFO     1ms delay	 >> open_manipulator/joint_states/effort
2023-01-07	13:45:28.896 INFO     12ms delay	 >> open_manipulator/states/open_manipulator_actuator_state
2023-01-07	13:45:30.400 INFO     757ms delay	 >> open_manipulator/joint_states/effort
2023-01-07	13:45:31.447 INFO     169ms delay	 >> open_manipulator/states/open_manipulator_actuator_state
2023-01-07	13:45:32.646 INFO     334ms delay	 >> open_manipulator/joint_states/effort
2023-01-07	13:45:33.850 INFO     1540ms delay	 >> open_manipulator/states/open_manipulator_actuator_state
2023-01-07	13:45:34.814 INFO     870ms delay	 >> open_manipulator/joint_states/effort
2023-01-07	13:45:37.917 INFO     196ms delay	 >> open_manipulator/states/open_manipulator_actuator_state
2023-01-07	13:45:39.215 INFO     377ms delay	 >> open_manipulator/states/open_manipulator_actuator_state
2023-01-07	13:45:39.216 INFO     1137ms delay	 >> open_manipulator/joint_states/effort
2023-01-07	13:45:41.656 INFO     1700ms delay	 >> open_manipulator/states/open_manipulator_actuator_state
2023-01-07	13:45:42.565 INFO     2601ms delay	 >> open_manipulator/joint_states/effort
2023-01-07	13:45:43.953 INFO     288ms delay	 >> open_manipulator/states/open_manipulator_actuator_state
2023-01-07	13:45:45.315 INFO     274ms delay	 >> open_manipulator/joint_states/effort
2023-01-07	13:45:45.676 INFO     35ms delay	 >> open_manipulator/states/open_manipulator_actuator_state
2023-01-07	13:45:46.701 INFO     11ms delay	 >> open_manipulator/states/open_manipulator_actuator_state
2023-01-07	13:45:47.249 INFO     12ms delay	 >> open_manipulator/joint_states/effort
2023-01-07	13:45:49.182 INFO     633ms delay	 >> open_manipulator/states/open_manipulator_actuator_state
2023-01-07	13:45:50.045 INFO     176ms delay	 >> open_manipulator/joint_states/effort
2023-01-07	13:45:50.531 INFO     365ms delay	 >> open_manipulator/states/open_manipulator_actuator_state
2023-01-07	13:45:51.756 INFO     542ms delay	 >> open_manipulator/joint_states/effort
2023-01-07	13:45:51.924 INFO     710ms delay	 >> open_manipulator/states/open_manipulator_actuator_state
2023-01-07	13:45:53.627 INFO     461ms delay	 >> open_manipulator/states/open_manipulator_actuator_state
2023-01-07	13:45:53.649 INFO     453ms delay	 >> open_manipulator/joint_states/effort
2023-01-07	13:45:55.502 INFO     118ms delay	 >> open_manipulator/states/open_manipulator_actuator_state
2023-01-07	13:45:55.564 INFO     182ms delay	 >> open_manipulator/joint_states/effort
2023-01-07	13:45:58.809 INFO     104ms delay	 >> open_manipulator/states/open_manipulator_actuator_state
2023-01-07	13:45:59.660 INFO     802ms delay	 >> open_manipulator/joint_states/effort
2023-01-07	13:45:59.944 INFO     1085ms delay	 >> open_manipulator/states/open_manipulator_actuator_state
2023-01-07	13:46:01.934 INFO     10ms delay	 >> open_manipulator/states/open_manipulator_actuator_state
2023-01-07	13:46:02.296 INFO     193ms delay	 >> open_manipulator/joint_states/effort
2023-01-07	13:46:03.521 INFO     1165ms delay	 >> open_manipulator/states/open_manipulator_actuator_state
2023-01-07	13:46:05.667 INFO     302ms delay	 >> open_manipulator/joint_states/effort
2023-01-07	13:46:06.182 INFO     496ms delay	 >> open_manipulator/states/open_manipulator_actuator_state
2023-01-07	13:46:10.254 INFO     603ms delay	 >> open_manipulator/joint_states/effort
2023-01-07	13:46:11.772 INFO     8ms delay	 >> open_manipulator/states/open_manipulator_actuator_state
2023-01-07	13:46:11.841 INFO     75ms delay	 >> open_manipulator/joint_states/effort
2023-01-07	13:46:13.962 INFO     84ms delay	 >> open_manipulator/states/open_manipulator_actuator_state
2023-01-07	13:46:15.486 INFO     1ms delay	 >> open_manipulator/joint_states/effort
2023-01-07	13:46:16.516 INFO     1041ms delay	 >> open_manipulator/states/open_manipulator_actuator_state
2023-01-07	13:46:18.037 INFO     1024ms delay	 >> open_manipulator/joint_states/effort
2023-01-07	13:46:20.469 INFO     171ms delay	 >> open_manipulator/states/open_manipulator_actuator_state
2023-01-07	13:46:22.065 INFO     235ms delay	 >> open_manipulator/states/open_manipulator_actuator_state
2023-01-07	13:46:22.066 INFO     236ms delay	 >> open_manipulator/joint_states/effort
2023-01-07	13:46:23.629 INFO     482ms delay	 >> open_manipulator/states/open_manipulator_actuator_state
2023-01-07	13:46:25.321 INFO     251ms delay	 >> open_manipulator/states/open_manipulator_actuator_state
2023-01-07	13:46:25.895 INFO     825ms delay	 >> open_manipulator/joint_states/effort
2023-01-07	13:46:27.222 INFO     10ms delay	 >> open_manipulator/states/open_manipulator_actuator_state
2023-01-07	13:46:27.512 INFO     26ms delay	 >> open_manipulator/joint_states/effort
2023-01-07	13:46:29.723 INFO     1ms delay	 >> open_manipulator/states/open_manipulator_actuator_state
2023-01-07	13:46:30.390 INFO     76ms delay	 >> open_manipulator/joint_states/effort
2023-01-07	13:46:31.931 INFO     741ms delay	 >> open_manipulator/states/open_manipulator_actuator_state
2023-01-07	13:46:32.071 INFO     884ms delay	 >> open_manipulator/joint_states/effort
2023-01-07	13:46:33.032 INFO     7ms delay	 >> open_manipulator/states/open_manipulator_actuator_state
2023-01-07	13:46:34.122 INFO     1090ms delay	 >> open_manipulator/joint_states/effort
2023-01-07	13:46:34.245 INFO     1220ms delay	 >> open_manipulator/states/open_manipulator_actuator_state
2023-01-07	13:46:35.638 INFO     301ms delay	 >> open_manipulator/joint_states/effort
2023-01-07	13:46:38.871 INFO     789ms delay	 >> open_manipulator/states/open_manipulator_actuator_state
2023-01-07	13:46:39.055 INFO     1ms delay	 >> open_manipulator/joint_states/effort
2023-01-07	13:46:41.513 INFO     319ms delay	 >> open_manipulator/states/open_manipulator_actuator_state
2023-01-07	13:46:43.610 INFO     419ms delay	 >> open_manipulator/states/open_manipulator_actuator_state
2023-01-07	13:46:44.424 INFO     16ms delay	 >> open_manipulator/joint_states/effort
2023-01-07	13:46:44.701 INFO     294ms delay	 >> open_manipulator/states/open_manipulator_actuator_state
2023-01-07	13:46:47.424 INFO     5ms delay	 >> open_manipulator/joint_states/effort
2023-01-07	13:46:47.850 INFO     186ms delay	 >> open_manipulator/states/open_manipulator_actuator_state
2023-01-07	13:46:49.906 INFO     103ms delay	 >> open_manipulator/joint_states/effort
2023-01-07	13:46:49.911 INFO     111ms delay	 >> open_manipulator/states/open_manipulator_actuator_state
2023-01-07	13:46:52.265 INFO     160ms delay	 >> open_manipulator/joint_states/effort
2023-01-07	13:46:53.353 INFO     1031ms delay	 >> open_manipulator/states/open_manipulator_actuator_state
2023-01-07	13:46:54.272 INFO     358ms delay	 >> open_manipulator/joint_states/effort
2023-01-07	13:46:55.115 INFO     629ms delay	 >> open_manipulator/states/open_manipulator_actuator_state
2023-01-07	13:46:56.298 INFO     905ms delay	 >> open_manipulator/states/open_manipulator_actuator_state
2023-01-07	13:46:56.854 INFO     1460ms delay	 >> open_manipulator/joint_states/effort
2023-01-07	13:46:58.122 INFO     60ms delay	 >> open_manipulator/states/open_manipulator_actuator_state
2023-01-07	13:46:58.399 INFO     110ms delay	 >> open_manipulator/joint_states/effort
2023-01-07	13:46:59.409 INFO     155ms delay	 >> open_manipulator/states/open_manipulator_actuator_state
2023-01-07	13:47:01.531 INFO     28ms delay	 >> open_manipulator/states/open_manipulator_actuator_state
2023-01-07	13:47:01.885 INFO     381ms delay	 >> open_manipulator/joint_states/effort
2023-01-07	13:47:02.653 INFO     175ms delay	 >> open_manipulator/states/open_manipulator_actuator_state
2023-01-07	13:47:04.341 INFO     1086ms delay	 >> open_manipulator/joint_states/effort
2023-01-07	13:47:05.912 INFO     33ms delay	 >> open_manipulator/states/open_manipulator_actuator_state
2023-01-07	13:47:06.527 INFO     175ms delay	 >> open_manipulator/joint_states/effort
2023-01-07	13:47:09.507 INFO     568ms delay	 >> open_manipulator/states/open_manipulator_actuator_state
2023-01-07	13:47:10.865 INFO     899ms delay	 >> open_manipulator/states/open_manipulator_actuator_state
2023-01-07	13:47:12.013 INFO     531ms delay	 >> open_manipulator/joint_states/effort
2023-01-07	13:47:12.357 INFO     218ms delay	 >> open_manipulator/states/open_manipulator_actuator_state
2023-01-07	13:47:13.862 INFO     707ms delay	 >> open_manipulator/joint_states/effort
2023-01-07	13:47:16.965 INFO     217ms delay	 >> open_manipulator/states/open_manipulator_actuator_state
2023-01-07	13:47:17.438 INFO     399ms delay	 >> open_manipulator/joint_states/effort
2023-01-07	13:47:19.875 INFO     1491ms delay	 >> open_manipulator/states/open_manipulator_actuator_state
2023-01-07	13:47:21.158 INFO     744ms delay	 >> open_manipulator/joint_states/effort
2023-01-07	13:47:24.272 INFO     112ms delay	 >> open_manipulator/states/open_manipulator_actuator_state
2023-01-07	13:47:24.968 INFO     808ms delay	 >> open_manipulator/joint_states/effort
2023-01-07	13:47:26.920 INFO     947ms delay	 >> open_manipulator/states/open_manipulator_actuator_state
2023-01-07	13:47:27.647 INFO     83ms delay	 >> open_manipulator/joint_states/effort
2023-01-07	13:47:28.806 INFO     679ms delay	 >> open_manipulator/states/open_manipulator_actuator_state
2023-01-07	13:47:29.274 INFO     8ms delay	 >> open_manipulator/joint_states/effort
2023-01-07	13:47:30.114 INFO     322ms delay	 >> open_manipulator/states/open_manipulator_actuator_state
2023-01-07	13:47:30.899 INFO     302ms delay	 >> open_manipulator/joint_states/effort
2023-01-07	13:47:31.539 INFO     6ms delay	 >> open_manipulator/states/open_manipulator_actuator_state
2023-01-07	13:47:32.650 INFO     622ms delay	 >> open_manipulator/states/open_manipulator_actuator_state
2023-01-07	13:47:33.076 INFO     1ms delay	 >> open_manipulator/joint_states/effort
2023-01-07	13:47:33.680 INFO     605ms delay	 >> open_manipulator/states/open_manipulator_actuator_state
2023-01-07	13:47:34.605 INFO     271ms delay	 >> open_manipulator/joint_states/effort
2023-01-07	13:47:36.080 INFO     979ms delay	 >> open_manipulator/states/open_manipulator_actuator_state
2023-01-07	13:47:36.398 INFO     42ms delay	 >> open_manipulator/joint_states/effort
2023-01-07	13:47:38.648 INFO     298ms delay	 >> open_manipulator/states/open_manipulator_actuator_state
2023-01-07	13:47:39.271 INFO     361ms delay	 >> open_manipulator/joint_states/effort
2023-01-07	13:47:39.679 INFO     769ms delay	 >> open_manipulator/states/open_manipulator_actuator_state
2023-01-07	13:47:41.260 INFO     1580ms delay	 >> open_manipulator/states/open_manipulator_actuator_state
2023-01-07	13:47:42.005 INFO     474ms delay	 >> open_manipulator/joint_states/effort
2023-01-07	13:47:42.741 INFO     723ms delay	 >> open_manipulator/states/open_manipulator_actuator_state
2023-01-07	13:47:44.065 INFO     92ms delay	 >> open_manipulator/states/open_manipulator_actuator_state
2023-01-07	13:47:44.364 INFO     395ms delay	 >> open_manipulator/joint_states/effort
2023-01-07	13:47:45.267 INFO     215ms delay	 >> open_manipulator/states/open_manipulator_actuator_state
2023-01-07	13:47:46.284 INFO     192ms delay	 >> open_manipulator/joint_states/effort
2023-01-07	13:47:48.593 INFO     634ms delay	 >> open_manipulator/states/open_manipulator_actuator_state
2023-01-07	13:47:49.381 INFO     0ms delay	 >> open_manipulator/joint_states/effort
2023-01-07	13:47:51.129 INFO     996ms delay	 >> open_manipulator/states/open_manipulator_actuator_state
2023-01-07	13:47:51.792 INFO     319ms delay	 >> open_manipulator/joint_states/effort
2023-01-07	13:47:53.048 INFO     5ms delay	 >> open_manipulator/states/open_manipulator_actuator_state
2023-01-07	13:47:54.222 INFO     2ms delay	 >> open_manipulator/joint_states/effort
2023-01-07	13:47:54.523 INFO     302ms delay	 >> open_manipulator/states/open_manipulator_actuator_state
2023-01-07	13:47:56.804 INFO     138ms delay	 >> open_manipulator/joint_states/effort
2023-01-07	13:47:57.955 INFO     1ms delay	 >> open_manipulator/states/open_manipulator_actuator_state
2023-01-07	13:47:59.000 INFO     79ms delay	 >> open_manipulator/joint_states/effort
2023-01-07	13:47:59.743 INFO     821ms delay	 >> open_manipulator/states/open_manipulator_actuator_state
2023-01-07	13:48:01.248 INFO     8ms delay	 >> open_manipulator/joint_states/effort
2023-01-07	13:48:01.780 INFO     953ms delay	 >> open_manipulator/states/open_manipulator_actuator_state
2023-01-07	13:48:02.996 INFO     369ms delay	 >> open_manipulator/states/open_manipulator_actuator_state
2023-01-07	13:48:04.190 INFO     424ms delay	 >> open_manipulator/joint_states/effort
2023-01-07	13:48:05.073 INFO     373ms delay	 >> open_manipulator/states/open_manipulator_actuator_state
2023-01-07	13:48:06.131 INFO     507ms delay	 >> open_manipulator/joint_states/effort
2023-01-07	13:48:06.650 INFO     467ms delay	 >> open_manipulator/states/open_manipulator_actuator_state
2023-01-07	13:48:07.686 INFO     869ms delay	 >> open_manipulator/states/open_manipulator_actuator_state
2023-01-07	13:48:08.511 INFO     1694ms delay	 >> open_manipulator/joint_states/effort
2023-01-07	13:48:10.194 INFO     88ms delay	 >> open_manipulator/states/open_manipulator_actuator_state
2023-01-07	13:48:11.820 INFO     1726ms delay	 >> open_manipulator/joint_states/effort
