2023-01-07	14:52:31.205 INFO     Watching for file changes with StatReloader
2023-01-07	14:52:31.328 INFO     Connection to ROS ready.
2023-01-07	14:52:31.328 INFO     Successfully connected to ROS bridge from listener
2023-01-07	14:52:31.328 INFO     Starting factory <roslibpy.comm.comm_autobahn.AutobahnRosBridgeClientFactory object at 0x7fcc2420b610>
2023-01-07	14:52:36.008 INFO     Connection to ROS ready.
2023-01-07	14:52:36.009 INFO     Successfully connected to ROS bridge from Ros Connector
2023-01-07	14:52:36.009 INFO     Generating new MQTT Forwarder
2023-01-07	14:52:36.009 INFO     local mqtt is set up
2023-01-07	14:52:38.624 INFO     Created subscriber on gripper/kinematics_pose
2023-01-07	14:52:38.625 INFO     Created subscriber on gripper_position/pid/parameter_descriptions
2023-01-07	14:52:38.626 INFO     Created subscriber on gripper_position/pid/parameter_updates
2023-01-07	14:52:38.626 INFO     Created subscriber on gripper_sub_position/state
2023-01-07	14:52:38.627 INFO     Created subscriber on joint2_position/command
2023-01-07	14:52:38.636 INFO     Created subscriber on joint1_position/command
2023-01-07	14:52:38.636 INFO     Created subscriber on gripper_sub_position/command
2023-01-07	14:52:38.636 INFO     Created subscriber on gripper_position/state
2023-01-07	14:52:38.636 INFO     Created subscriber on gripper_sub_position/pid/parameter_updates
2023-01-07	14:52:38.645 INFO     Created subscriber on states
2023-01-07	14:52:38.646 INFO     Created subscriber on gripper_position/command
2023-01-07	14:52:38.646 INFO     Created subscriber on gripper_sub_position/pid/parameter_descriptions
2023-01-07	14:52:38.646 INFO     Created subscriber on joint4_position/command
2023-01-07	14:52:38.653 INFO     Created subscriber on joint_states
2023-01-07	14:52:38.653 INFO     Created subscriber on joint3_position/command
2023-01-07	14:52:39.713 INFO     277ms delay for topic >> open_manipulator/gripper_sub_position/command/data
2023-01-07	14:52:39.714 INFO     278ms delay for topic >> open_manipulator/gripper_position/command/data
2023-01-07	14:52:39.782 INFO     345ms delay for topic >> open_manipulator/states/open_manipulator_actuator_state
2023-01-07	14:52:39.834 INFO     397ms delay for topic >> open_manipulator/joint4_position/command/data
2023-01-07	14:52:40.159 INFO     6ms delay for topic >> open_manipulator/joint_states/effort
2023-01-07	14:52:40.472 INFO     123ms delay for topic >> open_manipulator/gripper/kinematics_pose/pose/position/z
2023-01-07	14:52:40.671 INFO     321ms delay for topic >> open_manipulator/joint3_position/command/data
2023-01-07	14:52:41.593 INFO     189ms delay for topic >> open_manipulator/gripper_sub_position/command/data
2023-01-07	14:52:41.593 INFO     190ms delay for topic >> open_manipulator/gripper_position/command/data
2023-01-07	14:52:41.722 INFO     319ms delay for topic >> open_manipulator/gripper_sub_position/state/command
2023-01-07	14:52:41.740 INFO     16ms delay for topic >> open_manipulator/gripper_position/state/process_value_dot
2023-01-07	14:52:41.740 INFO     15ms delay for topic >> open_manipulator/joint2_position/command/data
2023-01-07	14:52:42.766 INFO     336ms delay for topic >> open_manipulator/states/open_manipulator_actuator_state
2023-01-07	14:52:42.849 INFO     419ms delay for topic >> open_manipulator/joint4_position/command/data
2023-01-07	14:52:42.884 INFO     454ms delay for topic >> open_manipulator/joint1_position/command/data
2023-01-07	14:52:45.809 INFO     661ms delay for topic >> open_manipulator/joint_states/effort
2023-01-07	14:52:46.101 INFO     185ms delay for topic >> open_manipulator/gripper/kinematics_pose/pose/position/z
2023-01-07	14:52:47.299 INFO     264ms delay for topic >> open_manipulator/joint3_position/command/data
2023-01-07	14:52:47.336 INFO     6ms delay for topic >> open_manipulator/gripper_sub_position/command/data
2023-01-07	14:52:48.151 INFO     278ms delay for topic >> open_manipulator/gripper_position/command/data
2023-01-07	14:52:49.939 INFO     525ms delay for topic >> open_manipulator/gripper_sub_position/state/command
2023-01-07	14:52:51.303 INFO     881ms delay for topic >> open_manipulator/gripper_position/state/process_value_dot
2023-01-07	14:52:51.303 INFO     881ms delay for topic >> open_manipulator/states/open_manipulator_actuator_state
2023-01-07	14:52:51.367 INFO     48ms delay for topic >> open_manipulator/joint2_position/command/data
2023-01-07	14:52:52.625 INFO     261ms delay for topic >> open_manipulator/joint4_position/command/data
2023-01-07	14:52:54.077 INFO     10ms delay for topic >> open_manipulator/gripper/kinematics_pose/pose/position/z
2023-01-07	14:52:54.084 INFO     14ms delay for topic >> open_manipulator/joint_states/effort
2023-01-07	14:52:54.504 INFO     47ms delay for topic >> open_manipulator/gripper_sub_position/command/data
2023-01-07	14:52:54.769 INFO     312ms delay for topic >> open_manipulator/joint3_position/command/data
2023-01-07	14:52:55.630 INFO     1173ms delay for topic >> open_manipulator/joint1_position/command/data
2023-01-07	14:52:56.244 INFO     597ms delay for topic >> open_manipulator/gripper_position/command/data
2023-01-07	14:52:57.429 INFO     1783ms delay for topic >> open_manipulator/gripper_sub_position/state/command
2023-01-07	14:52:57.435 INFO     1792ms delay for topic >> open_manipulator/states/open_manipulator_actuator_state
2023-01-07	14:52:57.965 INFO     439ms delay for topic >> open_manipulator/gripper_position/state/process_value_dot
2023-01-07	14:53:00.680 INFO     11ms delay for topic >> open_manipulator/joint2_position/command/data
2023-01-07	14:53:01.482 INFO     811ms delay for topic >> open_manipulator/joint4_position/command/data
2023-01-07	14:53:02.515 INFO     340ms delay for topic >> open_manipulator/gripper/kinematics_pose/pose/position/z
2023-01-07	14:53:03.257 INFO     362ms delay for topic >> open_manipulator/gripper_sub_position/command/data
2023-01-07	14:53:03.258 INFO     362ms delay for topic >> open_manipulator/joint_states/effort
2023-01-07	14:53:04.805 INFO     158ms delay for topic >> open_manipulator/joint3_position/command/data
2023-01-07	14:53:05.945 INFO     1299ms delay for topic >> open_manipulator/gripper_position/command/data
2023-01-07	14:53:07.549 INFO     227ms delay for topic >> open_manipulator/states/open_manipulator_actuator_state
2023-01-07	14:53:08.477 INFO     232ms delay for topic >> open_manipulator/gripper_sub_position/state/command
2023-01-07	14:53:09.550 INFO     929ms delay for topic >> open_manipulator/joint1_position/command/data
2023-01-07	14:53:09.592 INFO     971ms delay for topic >> open_manipulator/joint4_position/command/data
2023-01-07	14:53:10.038 INFO     0ms delay for topic >> open_manipulator/gripper_position/state/process_value_dot
2023-01-07	14:53:10.757 INFO     727ms delay for topic >> open_manipulator/joint2_position/command/data
2023-01-07	14:53:10.987 INFO     956ms delay for topic >> open_manipulator/gripper_sub_position/command/data
2023-01-07	14:53:11.410 INFO     388ms delay for topic >> open_manipulator/gripper/kinematics_pose/pose/position/z
2023-01-07	14:53:13.483 INFO     443ms delay for topic >> open_manipulator/joint_states/effort
2023-01-07	14:53:13.673 INFO     156ms delay for topic >> open_manipulator/gripper_position/command/data
2023-01-07	14:53:13.812 INFO     295ms delay for topic >> open_manipulator/joint3_position/command/data
2023-01-07	14:53:15.180 INFO     550ms delay for topic >> open_manipulator/states/open_manipulator_actuator_state
2023-01-07	14:53:17.554 INFO     3ms delay for topic >> open_manipulator/gripper_sub_position/state/command
2023-01-07	14:53:19.712 INFO     342ms delay for topic >> open_manipulator/joint4_position/command/data
2023-01-07	14:53:21.307 INFO     457ms delay for topic >> open_manipulator/joint1_position/command/data
2023-01-07	14:53:22.923 INFO     558ms delay for topic >> open_manipulator/gripper_sub_position/command/data
2023-01-07	14:53:22.923 INFO     558ms delay for topic >> open_manipulator/gripper_position/command/data
2023-01-07	14:53:23.194 INFO     830ms delay for topic >> open_manipulator/joint2_position/command/data
2023-01-07	14:53:23.230 INFO     825ms delay for topic >> open_manipulator/gripper/kinematics_pose/pose/position/z
2023-01-07	14:53:23.231 INFO     823ms delay for topic >> open_manipulator/joint_states/effort
2023-01-07	14:53:23.417 INFO     169ms delay for topic >> open_manipulator/gripper_position/state/process_value_dot
2023-01-07	14:53:24.074 INFO     648ms delay for topic >> open_manipulator/states/open_manipulator_actuator_state
2023-01-07	14:53:24.203 INFO     25ms delay for topic >> open_manipulator/joint3_position/command/data
2023-01-07	14:53:27.580 INFO     593ms delay for topic >> open_manipulator/gripper_sub_position/state/command
2023-01-07	14:53:28.193 INFO     6ms delay for topic >> open_manipulator/gripper_sub_position/command/data
2023-01-07	14:53:28.394 INFO     211ms delay for topic >> open_manipulator/joint4_position/command/data
2023-01-07	14:53:30.032 INFO     164ms delay for topic >> open_manipulator/gripper/kinematics_pose/pose/position/z
2023-01-07	14:53:30.880 INFO     606ms delay for topic >> open_manipulator/joint_states/effort
2023-01-07	14:53:31.111 INFO     837ms delay for topic >> open_manipulator/joint1_position/command/data
2023-01-07	14:53:31.266 INFO     3ms delay for topic >> open_manipulator/gripper_position/command/data
2023-01-07	14:53:31.628 INFO     366ms delay for topic >> open_manipulator/joint2_position/command/data
2023-01-07	14:53:33.628 INFO     1330ms delay for topic >> open_manipulator/states/open_manipulator_actuator_state
2023-01-07	14:53:33.697 INFO     1401ms delay for topic >> open_manipulator/gripper_position/state/process_value_dot
2023-01-07	14:53:34.486 INFO     298ms delay for topic >> open_manipulator/joint3_position/command/data
2023-01-07	14:53:35.740 INFO     500ms delay for topic >> open_manipulator/gripper_sub_position/command/data
2023-01-07	14:53:36.840 INFO     1ms delay for topic >> open_manipulator/gripper_sub_position/state/command
2023-01-07	14:53:37.240 INFO     400ms delay for topic >> open_manipulator/joint4_position/command/data
2023-01-07	14:53:38.660 INFO     1ms delay for topic >> open_manipulator/gripper/kinematics_pose/pose/position/z
2023-01-07	14:53:40.769 INFO     917ms delay for topic >> open_manipulator/joint_states/effort
2023-01-07	14:53:43.673 INFO     946ms delay for topic >> open_manipulator/gripper_position/command/data
2023-01-07	14:53:43.673 INFO     1505ms delay for topic >> open_manipulator/joint1_position/command/data
2023-01-07	14:53:43.797 INFO     1072ms delay for topic >> open_manipulator/states/open_manipulator_actuator_state
2023-01-07	14:53:44.683 INFO     397ms delay for topic >> open_manipulator/joint2_position/command/data
2023-01-07	14:53:46.689 INFO     456ms delay for topic >> open_manipulator/gripper_position/state/process_value_dot
2023-01-07	14:53:46.862 INFO     627ms delay for topic >> open_manipulator/gripper_sub_position/command/data
2023-01-07	14:53:47.519 INFO     613ms delay for topic >> open_manipulator/joint3_position/command/data
2023-01-07	14:53:48.301 INFO     0ms delay for topic >> open_manipulator/joint4_position/command/data
2023-01-07	14:53:49.225 INFO     672ms delay for topic >> open_manipulator/joint_states/effort
2023-01-07	14:53:49.227 INFO     676ms delay for topic >> open_manipulator/gripper/kinematics_pose/pose/position/z
2023-01-07	14:53:49.341 INFO     109ms delay for topic >> open_manipulator/gripper_position/command/data
2023-01-07	14:53:49.810 INFO     1256ms delay for topic >> open_manipulator/states/open_manipulator_actuator_state
2023-01-07	14:53:49.948 INFO     1395ms delay for topic >> open_manipulator/gripper_sub_position/state/command
2023-01-07	14:53:52.292 INFO     23ms delay for topic >> open_manipulator/gripper_sub_position/command/data
2023-01-07	14:53:52.503 INFO     234ms delay for topic >> open_manipulator/joint2_position/command/data
2023-01-07	14:53:52.514 INFO     2ms delay for topic >> open_manipulator/joint1_position/command/data
2023-01-07	14:53:53.220 INFO     709ms delay for topic >> open_manipulator/gripper_position/state/process_value_dot
2023-01-07	14:53:54.240 INFO     69ms delay for topic >> open_manipulator/joint4_position/command/data
2023-01-07	14:53:54.269 INFO     97ms delay for topic >> open_manipulator/joint3_position/command/data
2023-01-07	14:53:55.097 INFO     927ms delay for topic >> open_manipulator/joint_states/effort
2023-01-07	14:53:57.276 INFO     563ms delay for topic >> open_manipulator/gripper/kinematics_pose/pose/position/z
2023-01-07	14:53:58.057 INFO     504ms delay for topic >> open_manipulator/gripper_position/command/data
2023-01-07	14:53:59.397 INFO     6ms delay for topic >> open_manipulator/states/open_manipulator_actuator_state
2023-01-07	14:53:59.537 INFO     5ms delay for topic >> open_manipulator/gripper_sub_position/command/data
2023-01-07	14:54:00.924 INFO     928ms delay for topic >> open_manipulator/gripper_sub_position/state/command
2023-01-07	14:54:03.274 INFO     331ms delay for topic >> open_manipulator/joint2_position/command/data
2023-01-07	14:54:04.957 INFO     1018ms delay for topic >> open_manipulator/joint1_position/command/data
2023-01-07	14:54:05.514 INFO     1572ms delay for topic >> open_manipulator/joint4_position/command/data
2023-01-07	14:54:06.912 INFO     374ms delay for topic >> open_manipulator/gripper_position/state/process_value_dot
2023-01-07	14:54:06.934 INFO     9ms delay for topic >> open_manipulator/joint3_position/command/data
2023-01-07	14:54:08.029 INFO     698ms delay for topic >> open_manipulator/joint_states/effort
2023-01-07	14:54:08.838 INFO     398ms delay for topic >> open_manipulator/gripper/kinematics_pose/pose/position/z
2023-01-07	14:54:09.661 INFO     11ms delay for topic >> open_manipulator/states/open_manipulator_actuator_state
2023-01-07	14:54:09.661 INFO     7ms delay for topic >> open_manipulator/gripper_position/command/data
2023-01-07	14:54:12.860 INFO     514ms delay for topic >> open_manipulator/gripper_sub_position/command/data
2023-01-07	14:54:14.895 INFO     474ms delay for topic >> open_manipulator/gripper_sub_position/state/command
2023-01-07	14:54:15.153 INFO     106ms delay for topic >> open_manipulator/joint2_position/command/data
2023-01-07	14:54:15.494 INFO     265ms delay for topic >> open_manipulator/joint4_position/command/data
2023-01-07	14:54:16.265 INFO     87ms delay for topic >> open_manipulator/joint1_position/command/data
2023-01-07	14:54:17.426 INFO     550ms delay for topic >> open_manipulator/joint_states/effort
2023-01-07	14:54:17.687 INFO     811ms delay for topic >> open_manipulator/joint3_position/command/data
2023-01-07	14:54:18.229 INFO     0ms delay for topic >> open_manipulator/gripper_position/state/process_value_dot
2023-01-07	14:54:19.176 INFO     10ms delay for topic >> open_manipulator/gripper/kinematics_pose/pose/position/z
2023-01-07	14:54:19.830 INFO     609ms delay for topic >> open_manipulator/states/open_manipulator_actuator_state
2023-01-07	14:54:20.572 INFO     1341ms delay for topic >> open_manipulator/gripper_position/command/data
2023-01-07	14:54:23.154 INFO     956ms delay for topic >> open_manipulator/gripper_sub_position/command/data
2023-01-07	14:54:24.393 INFO     606ms delay for topic >> open_manipulator/joint4_position/command/data
2023-01-07	14:54:24.506 INFO     710ms delay for topic >> open_manipulator/gripper_sub_position/state/command
2023-01-07	14:54:25.680 INFO     135ms delay for topic >> open_manipulator/joint2_position/command/data
2023-01-07	14:54:26.282 INFO     1878ms delay for topic >> open_manipulator/joint_states/effort
2023-01-07	14:54:27.499 INFO     244ms delay for topic >> open_manipulator/joint1_position/command/data
2023-01-07	14:54:28.263 INFO     745ms delay for topic >> open_manipulator/gripper_position/command/data
2023-01-07	14:54:28.264 INFO     750ms delay for topic >> open_manipulator/states/open_manipulator_actuator_state
2023-01-07	14:54:28.946 INFO     604ms delay for topic >> open_manipulator/joint3_position/command/data
2023-01-07	14:54:28.947 INFO     606ms delay for topic >> open_manipulator/gripper/kinematics_pose/pose/position/z
2023-01-07	14:54:28.953 INFO     612ms delay for topic >> open_manipulator/gripper_sub_position/command/data
2023-01-07	14:54:29.587 INFO     259ms delay for topic >> open_manipulator/gripper_position/state/process_value_dot
2023-01-07	14:54:29.989 INFO     87ms delay for topic >> open_manipulator/joint4_position/command/data
2023-01-07	14:54:31.230 INFO     460ms delay for topic >> open_manipulator/gripper_position/command/data
2023-01-07	14:54:31.918 INFO     694ms delay for topic >> open_manipulator/joint_states/effort
2023-01-07	14:54:32.651 INFO     727ms delay for topic >> open_manipulator/gripper_sub_position/state/command
2023-01-07	14:54:32.657 INFO     0ms delay for topic >> open_manipulator/states/open_manipulator_actuator_state
2023-01-07	14:54:32.700 INFO     47ms delay for topic >> open_manipulator/joint2_position/command/data
2023-01-07	14:54:33.439 INFO     213ms delay for topic >> open_manipulator/joint3_position/command/data
2023-01-07	14:54:33.789 INFO     34ms delay for topic >> open_manipulator/gripper_sub_position/command/data
2023-01-07	14:54:34.166 INFO     409ms delay for topic >> open_manipulator/joint1_position/command/data
2023-01-07	14:54:34.442 INFO     131ms delay for topic >> open_manipulator/gripper/kinematics_pose/pose/position/z
2023-01-07	14:54:34.841 INFO     4ms delay for topic >> open_manipulator/joint4_position/command/data
2023-01-07	14:54:34.928 INFO     88ms delay for topic >> open_manipulator/gripper_position/command/data
2023-01-07	14:54:35.487 INFO     290ms delay for topic >> open_manipulator/joint_states/effort
2023-01-07	14:54:35.745 INFO     8ms delay for topic >> open_manipulator/states/open_manipulator_actuator_state
2023-01-07	14:54:36.273 INFO     277ms delay for topic >> open_manipulator/gripper_position/state/process_value_dot
2023-01-07	14:54:37.015 INFO     228ms delay for topic >> open_manipulator/gripper_sub_position/command/data
2023-01-07	14:54:37.467 INFO     340ms delay for topic >> open_manipulator/gripper_sub_position/state/command
2023-01-07	14:54:37.505 INFO     54ms delay for topic >> open_manipulator/joint3_position/command/data
2023-01-07	14:54:38.584 INFO     202ms delay for topic >> open_manipulator/joint2_position/command/data
2023-01-07	14:54:39.326 INFO     357ms delay for topic >> open_manipulator/gripper/kinematics_pose/pose/position/z
2023-01-07	14:54:39.707 INFO     316ms delay for topic >> open_manipulator/joint4_position/command/data
2023-01-07	14:54:40.590 INFO     1ms delay for topic >> open_manipulator/joint1_position/command/data
2023-01-07	14:54:41.576 INFO     2ms delay for topic >> open_manipulator/gripper_position/command/data
2023-01-07	14:54:42.962 INFO     567ms delay for topic >> open_manipulator/states/open_manipulator_actuator_state
2023-01-07	14:54:43.387 INFO     4ms delay for topic >> open_manipulator/joint_states/effort
2023-01-07	14:54:43.657 INFO     77ms delay for topic >> open_manipulator/gripper_sub_position/command/data
2023-01-07	14:54:45.408 INFO     288ms delay for topic >> open_manipulator/gripper_position/state/process_value_dot
2023-01-07	14:54:46.302 INFO     366ms delay for topic >> open_manipulator/joint3_position/command/data
2023-01-07	14:54:46.303 INFO     365ms delay for topic >> open_manipulator/gripper/kinematics_pose/pose/position/z
2023-01-07	14:54:46.995 INFO     689ms delay for topic >> open_manipulator/joint2_position/command/data
2023-01-07	14:54:47.001 INFO     2ms delay for topic >> open_manipulator/gripper_sub_position/state/command
2023-01-07	14:54:48.024 INFO     105ms delay for topic >> open_manipulator/joint4_position/command/data
2023-01-07	14:54:49.320 INFO     668ms delay for topic >> open_manipulator/gripper_position/command/data
2023-01-07	14:54:49.426 INFO     776ms delay for topic >> open_manipulator/states/open_manipulator_actuator_state
2023-01-07	14:54:50.060 INFO     251ms delay for topic >> open_manipulator/gripper_sub_position/command/data
2023-01-07	14:54:50.343 INFO     265ms delay for topic >> open_manipulator/joint_states/effort
2023-01-07	14:54:51.028 INFO     393ms delay for topic >> open_manipulator/gripper/kinematics_pose/pose/position/z
2023-01-07	14:54:51.634 INFO     6ms delay for topic >> open_manipulator/joint1_position/command/data
2023-01-07	14:54:52.014 INFO     194ms delay for topic >> open_manipulator/joint3_position/command/data
2023-01-07	14:54:52.050 INFO     232ms delay for topic >> open_manipulator/joint4_position/command/data
2023-01-07	14:54:52.534 INFO     31ms delay for topic >> open_manipulator/gripper_position/command/data
2023-01-07	14:54:52.761 INFO     58ms delay for topic >> open_manipulator/states/open_manipulator_actuator_state
2023-01-07	14:54:52.789 INFO     85ms delay for topic >> open_manipulator/gripper_position/state/process_value_dot
2023-01-07	14:54:52.897 INFO     192ms delay for topic >> open_manipulator/joint2_position/command/data
2023-01-07	14:54:53.301 INFO     609ms delay for topic >> open_manipulator/gripper_sub_position/state/command
2023-01-07	14:54:54.021 INFO     482ms delay for topic >> open_manipulator/gripper_sub_position/command/data
2023-01-07	14:54:54.344 INFO     20ms delay for topic >> open_manipulator/joint_states/effort
2023-01-07	14:54:55.182 INFO     385ms delay for topic >> open_manipulator/gripper/kinematics_pose/pose/position/z
2023-01-07	14:54:56.243 INFO     497ms delay for topic >> open_manipulator/joint3_position/command/data
2023-01-07	14:54:56.911 INFO     333ms delay for topic >> open_manipulator/joint4_position/command/data
2023-01-07	14:54:57.546 INFO     356ms delay for topic >> open_manipulator/states/open_manipulator_actuator_state
2023-01-07	14:54:57.583 INFO     394ms delay for topic >> open_manipulator/gripper_position/command/data
2023-01-07	14:54:59.359 INFO     173ms delay for topic >> open_manipulator/joint1_position/command/data
2023-01-07	14:55:00.137 INFO     943ms delay for topic >> open_manipulator/gripper_position/state/process_value_dot
2023-01-07	14:55:01.168 INFO     118ms delay for topic >> open_manipulator/joint2_position/command/data
2023-01-07	14:55:01.740 INFO     539ms delay for topic >> open_manipulator/gripper_sub_position/state/command
2023-01-07	14:55:02.240 INFO     165ms delay for topic >> open_manipulator/gripper_sub_position/command/data
2023-01-07	14:55:03.862 INFO     426ms delay for topic >> open_manipulator/joint_states/effort
2023-01-07	14:55:04.491 INFO     242ms delay for topic >> open_manipulator/joint4_position/command/data
2023-01-07	14:55:04.492 INFO     241ms delay for topic >> open_manipulator/gripper/kinematics_pose/pose/position/z
2023-01-07	14:55:04.795 INFO     546ms delay for topic >> open_manipulator/states/open_manipulator_actuator_state
2023-01-07	14:55:04.801 INFO     244ms delay for topic >> open_manipulator/gripper_position/command/data
2023-01-07	14:55:05.512 INFO     143ms delay for topic >> open_manipulator/joint3_position/command/data
2023-01-07	14:55:08.861 INFO     707ms delay for topic >> open_manipulator/joint1_position/command/data
2023-01-07	14:55:09.338 INFO     121ms delay for topic >> open_manipulator/gripper_position/state/process_value_dot
2023-01-07	14:55:09.857 INFO     429ms delay for topic >> open_manipulator/joint2_position/command/data
2023-01-07	14:55:10.421 INFO     138ms delay for topic >> open_manipulator/gripper_sub_position/command/data
2023-01-07	14:55:11.279 INFO     288ms delay for topic >> open_manipulator/joint_states/effort
2023-01-07	14:55:11.668 INFO     378ms delay for topic >> open_manipulator/joint4_position/command/data
2023-01-07	14:55:12.726 INFO     6ms delay for topic >> open_manipulator/gripper/kinematics_pose/pose/position/z
2023-01-07	14:55:13.187 INFO     207ms delay for topic >> open_manipulator/states/open_manipulator_actuator_state
2023-01-07	14:55:13.779 INFO     1ms delay for topic >> open_manipulator/gripper_sub_position/state/command
2023-01-07	14:55:14.016 INFO     239ms delay for topic >> open_manipulator/gripper_position/command/data
2023-01-07	14:55:15.828 INFO     12ms delay for topic >> open_manipulator/joint3_position/command/data
2023-01-07	14:55:16.927 INFO     1110ms delay for topic >> open_manipulator/gripper_position/state/process_value_dot
2023-01-07	14:55:17.437 INFO     1621ms delay for topic >> open_manipulator/joint2_position/command/data
2023-01-07	14:55:17.557 INFO     1742ms delay for topic >> open_manipulator/joint1_position/command/data
2023-01-07	14:55:18.142 INFO     9ms delay for topic >> open_manipulator/gripper_sub_position/command/data
2023-01-07	14:55:19.405 INFO     941ms delay for topic >> open_manipulator/joint_states/effort
2023-01-07	14:55:19.411 INFO     948ms delay for topic >> open_manipulator/joint4_position/command/data
2023-01-07	14:55:21.412 INFO     1265ms delay for topic >> open_manipulator/gripper/kinematics_pose/pose/position/z
2023-01-07	14:55:23.042 INFO     9ms delay for topic >> open_manipulator/states/open_manipulator_actuator_state
2023-01-07	14:55:23.671 INFO     636ms delay for topic >> open_manipulator/gripper_position/command/data
2023-01-07	14:55:24.515 INFO     244ms delay for topic >> open_manipulator/joint3_position/command/data
2023-01-07	14:55:25.543 INFO     225ms delay for topic >> open_manipulator/gripper_sub_position/state/command
2023-01-07	14:55:26.546 INFO     11ms delay for topic >> open_manipulator/gripper_position/state/process_value_dot
2023-01-07	14:55:26.979 INFO     435ms delay for topic >> open_manipulator/joint4_position/command/data
2023-01-07	14:55:27.005 INFO     3ms delay for topic >> open_manipulator/gripper_sub_position/command/data
2023-01-07	14:55:27.282 INFO     278ms delay for topic >> open_manipulator/joint_states/effort
2023-01-07	14:55:28.081 INFO     319ms delay for topic >> open_manipulator/joint2_position/command/data
2023-01-07	14:55:28.768 INFO     1005ms delay for topic >> open_manipulator/states/open_manipulator_actuator_state
2023-01-07	14:55:28.769 INFO     674ms delay for topic >> open_manipulator/joint1_position/command/data
2023-01-07	14:55:28.873 INFO     776ms delay for topic >> open_manipulator/gripper/kinematics_pose/pose/position/z
2023-01-07	14:55:29.189 INFO     194ms delay for topic >> open_manipulator/gripper_position/command/data
2023-01-07	14:55:30.950 INFO     1137ms delay for topic >> open_manipulator/joint3_position/command/data
2023-01-07	14:55:31.641 INFO     595ms delay for topic >> open_manipulator/joint4_position/command/data
2023-01-07	14:55:31.815 INFO     771ms delay for topic >> open_manipulator/gripper_sub_position/command/data
2023-01-07	14:55:31.889 INFO     841ms delay for topic >> open_manipulator/gripper_sub_position/state/command
2023-01-07	14:55:32.581 INFO     11ms delay for topic >> open_manipulator/gripper_position/state/process_value_dot
2023-01-07	14:55:33.575 INFO     620ms delay for topic >> open_manipulator/joint_states/effort
2023-01-07	14:55:36.030 INFO     301ms delay for topic >> open_manipulator/states/open_manipulator_actuator_state
2023-01-07	14:55:36.592 INFO     12ms delay for topic >> open_manipulator/gripper_position/command/data
2023-01-07	14:55:36.598 INFO     13ms delay for topic >> open_manipulator/gripper/kinematics_pose/pose/position/z
2023-01-07	14:55:37.161 INFO     234ms delay for topic >> open_manipulator/joint2_position/command/data
2023-01-07	14:55:37.712 INFO     444ms delay for topic >> open_manipulator/joint4_position/command/data
2023-01-07	14:55:37.947 INFO     678ms delay for topic >> open_manipulator/joint3_position/command/data
2023-01-07	14:55:38.233 INFO     974ms delay for topic >> open_manipulator/gripper_sub_position/command/data
2023-01-07	14:55:39.030 INFO     381ms delay for topic >> open_manipulator/joint1_position/command/data
2023-01-07	14:55:40.475 INFO     46ms delay for topic >> open_manipulator/gripper_position/state/process_value_dot
2023-01-07	14:55:40.492 INFO     63ms delay for topic >> open_manipulator/gripper_sub_position/state/command
2023-01-07	14:55:41.025 INFO     348ms delay for topic >> open_manipulator/gripper_position/command/data
2023-01-07	14:55:41.026 INFO     348ms delay for topic >> open_manipulator/states/open_manipulator_actuator_state
2023-01-07	14:55:41.301 INFO     10ms delay for topic >> open_manipulator/gripper/kinematics_pose/pose/position/z
2023-01-07	14:55:41.500 INFO     206ms delay for topic >> open_manipulator/joint4_position/command/data
2023-01-07	14:55:41.558 INFO     263ms delay for topic >> open_manipulator/joint_states/effort
2023-01-07	14:55:43.194 INFO     83ms delay for topic >> open_manipulator/joint2_position/command/data
2023-01-07	14:55:43.849 INFO     768ms delay for topic >> open_manipulator/joint3_position/command/data
2023-01-07	14:55:44.173 INFO     12ms delay for topic >> open_manipulator/gripper_sub_position/command/data
2023-01-07	14:55:46.427 INFO     6ms delay for topic >> open_manipulator/gripper_position/command/data
2023-01-07	14:55:47.285 INFO     13ms delay for topic >> open_manipulator/gripper_position/state/process_value_dot
2023-01-07	14:55:47.285 INFO     16ms delay for topic >> open_manipulator/states/open_manipulator_actuator_state
2023-01-07	14:55:48.259 INFO     923ms delay for topic >> open_manipulator/joint4_position/command/data
2023-01-07	14:55:48.265 INFO     930ms delay for topic >> open_manipulator/joint1_position/command/data
2023-01-07	14:55:48.306 INFO     974ms delay for topic >> open_manipulator/gripper_sub_position/state/command
2023-01-07	14:55:48.454 INFO     115ms delay for topic >> open_manipulator/gripper/kinematics_pose/pose/position/z
2023-01-07	14:55:50.375 INFO     172ms delay for topic >> open_manipulator/joint_states/effort
2023-01-07	14:55:51.879 INFO     26ms delay for topic >> open_manipulator/gripper_sub_position/command/data
2023-01-07	14:55:52.339 INFO     351ms delay for topic >> open_manipulator/joint3_position/command/data
2023-01-07	14:55:52.946 INFO     481ms delay for topic >> open_manipulator/gripper_position/command/data
2023-01-07	14:55:53.182 INFO     139ms delay for topic >> open_manipulator/joint2_position/command/data
2023-01-07	14:55:54.276 INFO     611ms delay for topic >> open_manipulator/states/open_manipulator_actuator_state
2023-01-07	14:55:57.403 INFO     2884ms delay for topic >> open_manipulator/joint4_position/command/data
2023-01-07	14:55:58.497 INFO     334ms delay for topic >> open_manipulator/joint1_position/command/data
2023-01-07	14:55:59.333 INFO     48ms delay for topic >> open_manipulator/gripper_position/state/process_value_dot
2023-01-07	14:56:00.303 INFO     1027ms delay for topic >> open_manipulator/gripper/kinematics_pose/pose/position/z
2023-01-07	14:56:01.662 INFO     373ms delay for topic >> open_manipulator/gripper_sub_position/state/command
2023-01-07	14:56:03.918 INFO     240ms delay for topic >> open_manipulator/gripper_sub_position/command/data
2023-01-07	14:56:04.407 INFO     163ms delay for topic >> open_manipulator/joint_states/effort
2023-01-07	14:56:05.695 INFO     253ms delay for topic >> open_manipulator/gripper_position/command/data
