2023-01-05	19:39:47.086 INFO     279866nanosecs 		for topic=tb3_0/cmd_vel/linear/x
2023-01-05	19:39:47.110 INFO     240005nanosecs 		for topic=tb3_0/magnetic_field/magnetic_field_covariance
2023-01-05	19:39:47.132 INFO     175324nanosecs 		for topic=tb3_0/scan/ranges
2023-01-05	19:39:47.133 INFO     224054nanosecs 		for topic=tb3_0/sensor_state/cliff
2023-01-05	19:39:47.133 INFO     191524nanosecs 		for topic=tb3_0/rpms/data
2023-01-05	19:39:47.135 INFO     167374nanosecs 		for topic=tb3_0/joint_states/name
2023-01-05	19:39:47.135 INFO     211315nanosecs 		for topic=tb3_0/imu/angular_velocity_covariance
2023-01-05	19:39:47.192 INFO     210175nanosecs 		for topic=tb3_0/battery_state/percentage
2023-01-05	19:39:47.193 INFO     230265nanosecs 		for topic=tb3_0/odom/header/seq
2023-01-05	19:39:47.193 INFO     229425nanosecs 		for topic=tb3_0/odom/header/frame_id
2023-01-05	19:39:47.349 INFO     232445nanosecs 		for topic=tb3_0/odom/header/stamp/secs
2023-01-05	19:39:47.350 INFO     274925nanosecs 		for topic=tb3_0/odom/header/stamp/nsecs
2023-01-05	19:39:47.485 INFO     150284nanosecs 		for topic=tb3_0/firmware_version/hardware
2023-01-05	19:39:48.736 INFO     122363nanosecs 		for topic=tb3_0/version_info/software
2023-01-05	19:39:48.741 INFO     102312nanosecs 		for topic=tb3_0/diagnostics/header/seq
2023-01-05	19:39:48.747 INFO     143033nanosecs 		for topic=tb3_0/diagnostics/header/stamp/nsecs
2023-01-05	19:39:49.912 INFO     222294nanosecs 		for topic=tb3_0/diagnostics/header/stamp/secs
2023-01-05	19:39:49.919 INFO     133422nanosecs 		for topic=tb3_0/diagnostics/header/frame_id
2023-01-05	19:39:51.299 INFO     163953nanosecs 		for topic=tb3_0/cmd_vel/linear/x
2023-01-05	19:39:52.281 INFO     140503nanosecs 		for topic=tb3_0/magnetic_field/magnetic_field_covariance
2023-01-05	19:39:53.539 INFO     166943nanosecs 		for topic=tb3_0/scan/ranges
2023-01-05	19:39:54.642 INFO     168394nanosecs 		for topic=tb3_0/sensor_state/cliff
2023-01-05	19:39:54.652 INFO     235765nanosecs 		for topic=tb3_0/rpms/data
2023-01-05	19:39:54.765 INFO     210325nanosecs 		for topic=tb3_0/joint_states/name
2023-01-05	19:39:54.998 INFO     206944nanosecs 		for topic=tb3_0/imu/angular_velocity_covariance
2023-01-05	19:39:57.977 INFO     241866nanosecs 		for topic=tb3_0/odom/header/seq
2023-01-05	19:39:58.088 INFO     330967nanosecs 		for topic=tb3_0/battery_state/percentage
2023-01-05	19:39:59.747 INFO     261574nanosecs 		for topic=tb3_0/odom/header/frame_id
2023-01-05	19:40:00.850 INFO     243946nanosecs 		for topic=tb3_0/odom/header/stamp/secs
2023-01-05	19:40:01.243 INFO     290446nanosecs 		for topic=tb3_0/odom/header/stamp/nsecs
2023-01-05	19:40:03.613 INFO     161813nanosecs 		for topic=tb3_0/firmware_version/hardware
2023-01-05	19:40:04.225 INFO     179563nanosecs 		for topic=tb3_0/version_info/software
2023-01-05	19:40:08.322 INFO     192234nanosecs 		for topic=tb3_0/diagnostics/header/seq
2023-01-05	19:40:09.044 INFO     137503nanosecs 		for topic=tb3_0/diagnostics/header/stamp/nsecs
2023-01-05	19:40:10.126 INFO     189155nanosecs 		for topic=tb3_0/diagnostics/header/stamp/secs
2023-01-05	19:40:12.512 INFO     248805nanosecs 		for topic=tb3_0/diagnostics/header/frame_id
2023-01-05	19:40:12.750 INFO     209805nanosecs 		for topic=tb3_0/cmd_vel/linear/x
2023-01-05	19:40:14.014 INFO     194895nanosecs 		for topic=tb3_0/magnetic_field/magnetic_field_covariance
2023-01-05	19:40:14.990 INFO     271925nanosecs 		for topic=tb3_0/scan/ranges
2023-01-05	19:40:15.455 INFO     247825nanosecs 		for topic=tb3_0/sensor_state/cliff
2023-01-05	19:40:17.198 INFO     123462nanosecs 		for topic=tb3_0/rpms/data
2023-01-05	19:40:18.003 INFO     247385nanosecs 		for topic=tb3_0/joint_states/name
2023-01-05	19:40:18.054 INFO     223055nanosecs 		for topic=tb3_0/imu/angular_velocity_covariance
2023-01-05	19:40:18.806 INFO     164743nanosecs 		for topic=tb3_0/odom/header/seq
2023-01-05	19:40:19.473 INFO     311937nanosecs 		for topic=tb3_0/battery_state/percentage
2023-01-05	19:40:19.974 INFO     290486nanosecs 		for topic=tb3_0/odom/header/frame_id
2023-01-05	19:40:21.354 INFO     284506nanosecs 		for topic=tb3_0/odom/header/stamp/secs
2023-01-05	19:40:22.579 INFO     413669nanosecs 		for topic=tb3_0/firmware_version/hardware
2023-01-05	19:40:22.594 INFO     269166nanosecs 		for topic=tb3_0/odom/header/stamp/nsecs
2023-01-05	19:40:24.994 INFO     155074nanosecs 		for topic=tb3_0/version_info/software
2023-01-05	19:40:25.379 INFO     261055nanosecs 		for topic=tb3_0/diagnostics/header/stamp/nsecs
2023-01-05	19:40:25.409 INFO     219394nanosecs 		for topic=tb3_0/diagnostics/header/seq
2023-01-05	19:40:26.498 INFO     214805nanosecs 		for topic=tb3_0/diagnostics/header/stamp/secs
2023-01-05	19:40:27.540 INFO     267746nanosecs 		for topic=tb3_0/diagnostics/header/frame_id
2023-01-05	19:40:27.962 INFO     255665nanosecs 		for topic=tb3_0/cmd_vel/linear/x
2023-01-05	19:40:28.938 INFO     176984nanosecs 		for topic=tb3_0/magnetic_field/magnetic_field_covariance
2023-01-05	19:40:28.983 INFO     280576nanosecs 		for topic=tb3_0/scan/ranges
2023-01-05	19:40:31.927 INFO     279706nanosecs 		for topic=tb3_0/sensor_state/cliff
2023-01-05	19:40:32.482 INFO     239865nanosecs 		for topic=tb3_0/rpms/data
2023-01-05	19:40:35.135 INFO     220386nanosecs 		for topic=tb3_0/joint_states/name
2023-01-05	19:40:35.706 INFO     301135nanosecs 		for topic=tb3_0/imu/angular_velocity_covariance
2023-01-05	19:40:36.590 INFO     234025nanosecs 		for topic=tb3_0/odom/header/seq
2023-01-05	19:40:38.292 INFO     243656nanosecs 		for topic=tb3_0/battery_state/percentage
2023-01-05	19:40:39.483 INFO     184644nanosecs 		for topic=tb3_0/odom/header/frame_id
2023-01-05	19:40:39.494 INFO     257045nanosecs 		for topic=tb3_0/odom/header/stamp/secs
2023-01-05	19:40:39.564 INFO     155954nanosecs 		for topic=tb3_0/firmware_version/hardware
2023-01-05	19:40:39.599 INFO     196054nanosecs 		for topic=tb3_0/version_info/software
2023-01-05	19:40:39.599 INFO     140503nanosecs 		for topic=tb3_0/odom/header/stamp/nsecs
2023-01-05	19:40:40.777 INFO     188004nanosecs 		for topic=tb3_0/diagnostics/header/stamp/nsecs
2023-01-05	19:40:41.434 INFO     227654nanosecs 		for topic=tb3_0/diagnostics/header/seq
2023-01-05	19:40:44.073 INFO     244506nanosecs 		for topic=tb3_0/diagnostics/header/stamp/secs
2023-01-05	19:40:45.433 INFO     182725nanosecs 		for topic=tb3_0/diagnostics/header/frame_id
2023-01-05	19:40:46.454 INFO     224124nanosecs 		for topic=tb3_0/magnetic_field/magnetic_field_covariance
2023-01-05	19:40:46.990 INFO     179044nanosecs 		for topic=tb3_0/cmd_vel/linear/x
2023-01-05	19:40:47.205 INFO     253775nanosecs 		for topic=tb3_0/scan/ranges
2023-01-05	19:40:47.606 INFO     135194nanosecs 		for topic=tb3_0/sensor_state/cliff
2023-01-05	19:40:48.431 INFO     245366nanosecs 		for topic=tb3_0/rpms/data
2023-01-05	19:40:48.487 INFO     251786nanosecs 		for topic=tb3_0/imu/angular_velocity_covariance
2023-01-05	19:40:48.520 INFO     128902nanosecs 		for topic=tb3_0/joint_states/name
2023-01-05	19:40:49.122 INFO     264616nanosecs 		for topic=tb3_0/battery_state/percentage
2023-01-05	19:40:49.190 INFO     256755nanosecs 		for topic=tb3_0/odom/header/seq
2023-01-05	19:40:49.503 INFO     218364nanosecs 		for topic=tb3_0/odom/header/stamp/secs
2023-01-05	19:40:49.513 INFO     233975nanosecs 		for topic=tb3_0/odom/header/frame_id
2023-01-05	19:40:50.120 INFO     180113nanosecs 		for topic=tb3_0/firmware_version/hardware
2023-01-05	19:40:50.180 INFO     181984nanosecs 		for topic=tb3_0/version_info/software
2023-01-05	19:40:51.099 INFO     180404nanosecs 		for topic=tb3_0/odom/header/stamp/nsecs
2023-01-05	19:40:51.790 INFO     205515nanosecs 		for topic=tb3_0/diagnostics/header/stamp/nsecs
2023-01-05	19:40:51.826 INFO     277237nanosecs 		for topic=tb3_0/diagnostics/header/seq
2023-01-05	19:40:51.826 INFO     169725nanosecs 		for topic=tb3_0/diagnostics/header/stamp/secs
2023-01-05	19:40:52.436 INFO     172564nanosecs 		for topic=tb3_0/diagnostics/header/frame_id
2023-01-05	19:40:52.885 INFO     207705nanosecs 		for topic=tb3_0/magnetic_field/magnetic_field_covariance
2023-01-05	19:40:52.979 INFO     100153nanosecs 		for topic=tb3_0/cmd_vel/linear/x
2023-01-05	19:40:53.130 INFO     142354nanosecs 		for topic=tb3_0/scan/ranges
2023-01-05	19:40:53.550 INFO     212474nanosecs 		for topic=tb3_0/sensor_state/cliff
2023-01-05	19:40:54.090 INFO     129602nanosecs 		for topic=tb3_0/rpms/data
2023-01-05	19:40:55.177 INFO     260005nanosecs 		for topic=tb3_0/imu/angular_velocity_covariance
2023-01-05	19:40:55.799 INFO     184813nanosecs 		for topic=tb3_0/joint_states/name
2023-01-05	19:40:55.874 INFO     150033nanosecs 		for topic=tb3_0/battery_state/percentage
2023-01-05	19:40:57.349 INFO     260746nanosecs 		for topic=tb3_0/odom/header/stamp/secs
2023-01-05	19:40:57.379 INFO     247216nanosecs 		for topic=tb3_0/odom/header/seq
2023-01-05	19:40:57.960 INFO     202944nanosecs 		for topic=tb3_0/odom/header/frame_id
2023-01-05	19:41:00.141 INFO     193264nanosecs 		for topic=tb3_0/firmware_version/hardware
2023-01-05	19:41:00.534 INFO     173653nanosecs 		for topic=tb3_0/version_info/software
2023-01-05	19:41:00.767 INFO     192664nanosecs 		for topic=tb3_0/diagnostics/header/stamp/nsecs
2023-01-05	19:41:01.445 INFO     139664nanosecs 		for topic=tb3_0/diagnostics/header/seq
2023-01-05	19:41:02.269 INFO     253306nanosecs 		for topic=tb3_0/diagnostics/header/stamp/secs
2023-01-05	19:41:02.870 INFO     189644nanosecs 		for topic=tb3_0/diagnostics/header/frame_id
2023-01-05	19:41:04.321 INFO     196135nanosecs 		for topic=tb3_0/magnetic_field/magnetic_field_covariance
2023-01-05	19:41:05.605 INFO     213374nanosecs 		for topic=tb3_0/cmd_vel/linear/x
2023-01-05	19:41:08.010 INFO     210834nanosecs 		for topic=tb3_0/scan/ranges
2023-01-05	19:41:08.238 INFO     204974nanosecs 		for topic=tb3_0/sensor_state/cliff
2023-01-05	19:41:09.208 INFO     211284nanosecs 		for topic=tb3_0/rpms/data
2023-01-05	19:41:09.466 INFO     252035nanosecs 		for topic=tb3_0/imu/angular_velocity_covariance
2023-01-05	19:41:10.503 INFO     276325nanosecs 		for topic=tb3_0/battery_state/percentage
2023-01-05	19:41:10.861 INFO     254376nanosecs 		for topic=tb3_0/joint_states/name
2023-01-05	19:41:11.837 INFO     280845nanosecs 		for topic=tb3_0/odom/header/stamp/secs
2023-01-05	19:41:11.903 INFO     241165nanosecs 		for topic=tb3_0/odom/header/seq
2023-01-05	19:41:14.227 INFO     311737nanosecs 		for topic=tb3_0/odom/header/frame_id
2023-01-05	19:41:14.824 INFO     210194nanosecs 		for topic=tb3_0/firmware_version/hardware
2023-01-05	19:41:16.966 INFO     162533nanosecs 		for topic=tb3_0/version_info/software
2023-01-05	19:41:17.339 INFO     178694nanosecs 		for topic=tb3_0/odom/header/stamp/nsecs
2023-01-05	19:41:17.384 INFO     155334nanosecs 		for topic=tb3_0/diagnostics/header/seq
2023-01-05	19:41:17.774 INFO     195105nanosecs 		for topic=tb3_0/diagnostics/header/stamp/secs
2023-01-05	19:41:17.913 INFO     198375nanosecs 		for topic=tb3_0/diagnostics/header/frame_id
2023-01-05	19:41:18.444 INFO     280936nanosecs 		for topic=tb3_0/diagnostics/header/stamp/nsecs
2023-01-05	19:41:18.656 INFO     223496nanosecs 		for topic=tb3_0/magnetic_field/magnetic_field_covariance
2023-01-05	19:41:20.234 INFO     198114nanosecs 		for topic=tb3_0/cmd_vel/linear/x
2023-01-05	19:41:22.195 INFO     260505nanosecs 		for topic=tb3_0/scan/ranges
2023-01-05	19:41:23.464 INFO     276555nanosecs 		for topic=tb3_0/sensor_state/cliff
2023-01-05	19:41:24.597 INFO     222154nanosecs 		for topic=tb3_0/rpms/data
2023-01-05	19:41:26.049 INFO     286906nanosecs 		for topic=tb3_0/imu/angular_velocity_covariance
2023-01-05	19:41:26.402 INFO     255096nanosecs 		for topic=tb3_0/battery_state/percentage
2023-01-05	19:41:26.873 INFO     238176nanosecs 		for topic=tb3_0/joint_states/name
2023-01-05	19:41:27.965 INFO     247645nanosecs 		for topic=tb3_0/odom/header/seq
2023-01-05	19:41:28.895 INFO     258335nanosecs 		for topic=tb3_0/odom/header/frame_id
2023-01-05	19:41:28.928 INFO     236665nanosecs 		for topic=tb3_0/odom/header/stamp/secs
2023-01-05	19:41:28.965 INFO     180104nanosecs 		for topic=tb3_0/firmware_version/hardware
2023-01-05	19:41:30.910 INFO     103262nanosecs 		for topic=tb3_0/version_info/software
2023-01-05	19:41:31.012 INFO     222225nanosecs 		for topic=tb3_0/diagnostics/header/seq
2023-01-05	19:41:32.029 INFO     264916nanosecs 		for topic=tb3_0/diagnostics/header/stamp/secs
2023-01-05	19:41:32.053 INFO     218514nanosecs 		for topic=tb3_0/odom/header/stamp/nsecs
2023-01-05	19:41:32.741 INFO     232255nanosecs 		for topic=tb3_0/diagnostics/header/stamp/nsecs
2023-01-05	19:41:33.538 INFO     166283nanosecs 		for topic=tb3_0/diagnostics/header/frame_id
2023-01-05	19:41:34.742 INFO     225705nanosecs 		for topic=tb3_0/magnetic_field/magnetic_field_covariance
2023-01-05	19:41:36.968 INFO     208934nanosecs 		for topic=tb3_0/cmd_vel/linear/x
2023-01-05	19:41:37.115 INFO     259016nanosecs 		for topic=tb3_0/scan/ranges
2023-01-05	19:41:38.288 INFO     235195nanosecs 		for topic=tb3_0/sensor_state/cliff
2023-01-05	19:41:38.869 INFO     244915nanosecs 		for topic=tb3_0/rpms/data
2023-01-05	19:41:39.126 INFO     216655nanosecs 		for topic=tb3_0/imu/angular_velocity_covariance
2023-01-05	19:41:40.553 INFO     308576nanosecs 		for topic=tb3_0/battery_state/percentage
2023-01-05	19:41:41.285 INFO     235405nanosecs 		for topic=tb3_0/joint_states/name
2023-01-05	19:41:41.392 INFO     231725nanosecs 		for topic=tb3_0/odom/header/seq
2023-01-05	19:41:42.346 INFO     222184nanosecs 		for topic=tb3_0/odom/header/frame_id
2023-01-05	19:41:43.200 INFO     228075nanosecs 		for topic=tb3_0/odom/header/stamp/secs
2023-01-05	19:41:43.837 INFO     224925nanosecs 		for topic=tb3_0/firmware_version/hardware
2023-01-05	19:41:45.541 INFO     245065nanosecs 		for topic=tb3_0/version_info/software
2023-01-05	19:41:45.642 INFO     263555nanosecs 		for topic=tb3_0/diagnostics/header/seq
2023-01-05	19:41:47.291 INFO     210264nanosecs 		for topic=tb3_0/diagnostics/header/stamp/secs
2023-01-05	19:41:47.357 INFO     246956nanosecs 		for topic=tb3_0/odom/header/stamp/nsecs
2023-01-05	19:41:48.287 INFO     205104nanosecs 		for topic=tb3_0/diagnostics/header/stamp/nsecs
2023-01-05	19:41:49.496 INFO     274446nanosecs 		for topic=tb3_0/diagnostics/header/frame_id
2023-01-05	19:41:50.193 INFO     209424nanosecs 		for topic=tb3_0/magnetic_field/magnetic_field_covariance
2023-01-05	19:41:51.315 INFO     186904nanosecs 		for topic=tb3_0/cmd_vel/linear/x
2023-01-05	19:41:52.488 INFO     265656nanosecs 		for topic=tb3_0/scan/ranges
2023-01-05	19:41:53.945 INFO     257695nanosecs 		for topic=tb3_0/sensor_state/cliff
2023-01-05	19:41:55.583 INFO     253976nanosecs 		for topic=tb3_0/rpms/data
2023-01-05	19:41:56.209 INFO     250354nanosecs 		for topic=tb3_0/imu/angular_velocity_covariance
2023-01-05	19:41:56.729 INFO     173573nanosecs 		for topic=tb3_0/battery_state/percentage
2023-01-05	19:41:56.977 INFO     198004nanosecs 		for topic=tb3_0/joint_states/name
2023-01-05	19:41:58.069 INFO     467230nanosecs 		for topic=tb3_0/odom/header/seq
2023-01-05	19:41:58.240 INFO     242496nanosecs 		for topic=tb3_0/odom/header/frame_id
2023-01-05	19:41:59.250 INFO     283006nanosecs 		for topic=tb3_0/odom/header/stamp/secs
2023-01-05	19:42:00.641 INFO     204754nanosecs 		for topic=tb3_0/firmware_version/hardware
2023-01-05	19:42:00.772 INFO     179493nanosecs 		for topic=tb3_0/version_info/software
2023-01-05	19:42:02.465 INFO     166984nanosecs 		for topic=tb3_0/diagnostics/header/stamp/secs
2023-01-05	19:42:02.465 INFO     259807nanosecs 		for topic=tb3_0/diagnostics/header/seq
2023-01-05	19:42:02.966 INFO     236386nanosecs 		for topic=tb3_0/odom/header/stamp/nsecs
2023-01-05	19:42:03.167 INFO     196384nanosecs 		for topic=tb3_0/diagnostics/header/stamp/nsecs
2023-01-05	19:42:03.415 INFO     223354nanosecs 		for topic=tb3_0/diagnostics/header/frame_id
2023-01-05	19:42:03.707 INFO     150354nanosecs 		for topic=tb3_0/magnetic_field/magnetic_field_covariance
2023-01-05	19:42:04.465 INFO     196135nanosecs 		for topic=tb3_0/cmd_vel/linear/x
2023-01-05	19:42:04.471 INFO     253244nanosecs 		for topic=tb3_0/sensor_state/cliff
2023-01-05	19:42:04.779 INFO     230616nanosecs 		for topic=tb3_0/scan/ranges
2023-01-05	19:42:05.499 INFO     250555nanosecs 		for topic=tb3_0/rpms/data
2023-01-05	19:42:05.701 INFO     267195nanosecs 		for topic=tb3_0/imu/angular_velocity_covariance
2023-01-05	19:42:05.918 INFO     187653nanosecs 		for topic=tb3_0/joint_states/name
2023-01-05	19:42:05.918 INFO     145053nanosecs 		for topic=tb3_0/battery_state/percentage
2023-01-05	19:42:05.943 INFO     215654nanosecs 		for topic=tb3_0/odom/header/seq
2023-01-05	19:42:08.026 INFO     345318nanosecs 		for topic=tb3_0/odom/header/frame_id
2023-01-05	19:42:08.269 INFO     229685nanosecs 		for topic=tb3_0/odom/header/stamp/secs
2023-01-05	19:42:08.830 INFO     206634nanosecs 		for topic=tb3_0/firmware_version/hardware
2023-01-05	19:42:09.542 INFO     201415nanosecs 		for topic=tb3_0/version_info/software
2023-01-05	19:42:10.972 INFO     236154nanosecs 		for topic=tb3_0/diagnostics/header/stamp/secs
2023-01-05	19:42:12.296 INFO     250224nanosecs 		for topic=tb3_0/diagnostics/header/seq
2023-01-05	19:42:13.216 INFO     177283nanosecs 		for topic=tb3_0/odom/header/stamp/nsecs
2023-01-05	19:42:14.621 INFO     180564nanosecs 		for topic=tb3_0/diagnostics/header/stamp/nsecs
2023-01-05	19:42:15.787 INFO     264296nanosecs 		for topic=tb3_0/magnetic_field/magnetic_field_covariance
2023-01-05	19:42:15.787 INFO     147373nanosecs 		for topic=tb3_0/diagnostics/header/frame_id
2023-01-05	19:42:16.809 INFO     228125nanosecs 		for topic=tb3_0/cmd_vel/linear/x
2023-01-05	19:42:17.031 INFO     154154nanosecs 		for topic=tb3_0/scan/ranges
2023-01-05	19:42:17.713 INFO     287076nanosecs 		for topic=tb3_0/rpms/data
2023-01-05	19:42:17.713 INFO     136813nanosecs 		for topic=tb3_0/sensor_state/cliff
2023-01-05	19:42:17.808 INFO     209984nanosecs 		for topic=tb3_0/imu/angular_velocity_covariance
2023-01-05	19:42:17.972 INFO     213335nanosecs 		for topic=tb3_0/battery_state/percentage
2023-01-05	19:42:17.991 INFO     158553nanosecs 		for topic=tb3_0/joint_states/name
2023-01-05	19:42:18.083 INFO     264005nanosecs 		for topic=tb3_0/odom/header/frame_id
2023-01-05	19:42:19.978 INFO     223005nanosecs 		for topic=tb3_0/odom/header/seq
2023-01-05	19:42:20.262 INFO     234285nanosecs 		for topic=tb3_0/odom/header/stamp/secs
2023-01-05	19:42:20.529 INFO     194104nanosecs 		for topic=tb3_0/firmware_version/hardware
2023-01-05	19:42:20.539 INFO     145603nanosecs 		for topic=tb3_0/version_info/software
2023-01-05	19:42:21.101 INFO     179744nanosecs 		for topic=tb3_0/diagnostics/header/stamp/secs
2023-01-05	19:42:21.500 INFO     176113nanosecs 		for topic=tb3_0/diagnostics/header/seq
2023-01-05	19:42:21.576 INFO     229825nanosecs 		for topic=tb3_0/odom/header/stamp/nsecs
2023-01-05	19:42:22.733 INFO     200494nanosecs 		for topic=tb3_0/diagnostics/header/stamp/nsecs
2023-01-05	19:42:25.189 INFO     191844nanosecs 		for topic=tb3_0/magnetic_field/magnetic_field_covariance
2023-01-05	19:42:26.479 INFO     226786nanosecs 		for topic=tb3_0/diagnostics/header/frame_id
2023-01-05	19:42:26.524 INFO     182653nanosecs 		for topic=tb3_0/cmd_vel/linear/x
2023-01-05	19:42:27.662 INFO     251705nanosecs 		for topic=tb3_0/scan/ranges
2023-01-05	19:42:28.111 INFO     222444nanosecs 		for topic=tb3_0/rpms/data
2023-01-05	19:42:31.574 INFO     169904nanosecs 		for topic=tb3_0/sensor_state/cliff
2023-01-05	19:42:32.661 INFO     197063nanosecs 		for topic=tb3_0/imu/angular_velocity_covariance
2023-01-05	19:42:33.095 INFO     173674nanosecs 		for topic=tb3_0/battery_state/percentage
2023-01-05	19:42:33.257 INFO     161294nanosecs 		for topic=tb3_0/joint_states/name
2023-01-05	19:42:34.510 INFO     159184nanosecs 		for topic=tb3_0/odom/header/frame_id
2023-01-05	19:42:38.926 INFO     266384nanosecs 		for topic=tb3_0/odom/header/seq
2023-01-05	19:42:40.336 INFO     293616nanosecs 		for topic=tb3_0/odom/header/stamp/secs
2023-01-05	19:42:40.907 INFO     176494nanosecs 		for topic=tb3_0/firmware_version/hardware
2023-01-05	19:42:41.352 INFO     128804nanosecs 		for topic=tb3_0/version_info/software
2023-01-05	19:42:41.787 INFO     273165nanosecs 		for topic=tb3_0/diagnostics/header/stamp/secs
2023-01-05	19:42:42.085 INFO     190123nanosecs 		for topic=tb3_0/diagnostics/header/seq
2023-01-05	19:42:42.389 INFO     289286nanosecs 		for topic=tb3_0/odom/header/stamp/nsecs
2023-01-05	19:42:42.524 INFO     140393nanosecs 		for topic=tb3_0/diagnostics/header/stamp/nsecs
2023-01-05	19:42:42.620 INFO     120402nanosecs 		for topic=tb3_0/magnetic_field/magnetic_field_covariance
2023-01-05	19:42:43.601 INFO     206154nanosecs 		for topic=tb3_0/diagnostics/header/frame_id
2023-01-05	19:42:44.865 INFO     107682nanosecs 		for topic=tb3_0/cmd_vel/linear/x
2023-01-05	19:42:45.421 INFO     216844nanosecs 		for topic=tb3_0/scan/ranges
2023-01-05	19:42:45.902 INFO     204444nanosecs 		for topic=tb3_0/rpms/data