2023-01-05	20:56:26.667 INFO     393ms delay	 >> tb3_0/odom/header/seq
2023-01-05	20:56:26.668 INFO     394ms delay	 >> tb3_0/odom/header/stamp/secs
2023-01-05	20:56:26.668 INFO     394ms delay	 >> tb3_0/odom/header/stamp/nsecs
2023-01-05	20:56:26.777 INFO     503ms delay	 >> tb3_0/odom/header/frame_id
2023-01-05	20:56:26.981 INFO     707ms delay	 >> tb3_0/diagnostics/header/stamp/nsecs
2023-01-05	20:56:26.981 INFO     708ms delay	 >> tb3_0/diagnostics/header/stamp/secs
2023-01-05	20:56:26.981 INFO     708ms delay	 >> tb3_0/diagnostics/header/frame_id
2023-01-05	20:56:27.162 INFO     889ms delay	 >> tb3_0/diagnostics/header/seq
2023-01-05	20:56:27.441 INFO     251ms delay	 >> tb3_0/sensor_state/cliff
2023-01-05	20:56:27.441 INFO     761ms delay	 >> tb3_0/scan/ranges
2023-01-05	20:56:27.441 INFO     249ms delay	 >> tb3_0/magnetic_field/magnetic_field_covariance
2023-01-05	20:56:28.569 INFO     432ms delay	 >> tb3_0/cmd_vel/linear/x
2023-01-05	20:56:28.650 INFO     504ms delay	 >> tb3_0/odom/header/seq
2023-01-05	20:56:29.219 INFO     33ms delay	 >> tb3_0/firmware_version/hardware
2023-01-05	20:56:29.228 INFO     11ms delay	 >> tb3_0/odom/header/stamp/nsecs
2023-01-05	20:56:29.228 INFO     12ms delay	 >> tb3_0/battery_state/percentage
2023-01-05	20:56:29.566 INFO     28ms delay	 >> tb3_0/odom/header/frame_id
2023-01-05	20:56:30.101 INFO     569ms delay	 >> tb3_0/joint_states/name
2023-01-05	20:56:30.143 INFO     12ms delay	 >> tb3_0/odom/header/stamp/secs
2023-01-05	20:56:30.274 INFO     774ms delay	 >> tb3_0/diagnostics/header/stamp/nsecs
2023-01-05	20:56:30.280 INFO     749ms delay	 >> tb3_0/rpms/data
2023-01-05	20:56:30.317 INFO     185ms delay	 >> tb3_0/imu/angular_velocity_covariance
2023-01-05	20:56:30.552 INFO     1052ms delay	 >> tb3_0/version_info/software
2023-01-05	20:56:30.567 INFO     1067ms delay	 >> tb3_0/diagnostics/header/frame_id
2023-01-05	20:56:30.896 INFO     239ms delay	 >> tb3_0/diagnostics/header/stamp/secs
2023-01-05	20:56:30.987 INFO     330ms delay	 >> tb3_0/diagnostics/header/seq
2023-01-05	20:56:32.228 INFO     1263ms delay	 >> tb3_0/sensor_state/cliff
2023-01-05	20:56:32.916 INFO     1960ms delay	 >> tb3_0/scan/ranges
2023-01-05	20:56:33.450 INFO     346ms delay	 >> tb3_0/magnetic_field/magnetic_field_covariance
2023-01-05	20:56:35.186 INFO     787ms delay	 >> tb3_0/cmd_vel/linear/x
2023-01-05	20:56:35.202 INFO     799ms delay	 >> tb3_0/odom/header/seq
2023-01-05	20:56:35.931 INFO     1ms delay	 >> tb3_0/odom/header/stamp/nsecs
2023-01-05	20:56:37.630 INFO     1721ms delay	 >> tb3_0/firmware_version/hardware
2023-01-05	20:56:39.310 INFO     1270ms delay	 >> tb3_0/battery_state/percentage
2023-01-05	20:56:39.364 INFO     1325ms delay	 >> tb3_0/odom/header/stamp/secs
2023-01-05	20:56:39.470 INFO     1438ms delay	 >> tb3_0/diagnostics/header/stamp/nsecs
2023-01-05	20:56:39.658 INFO     267ms delay	 >> tb3_0/odom/header/frame_id
2023-01-05	20:56:41.895 INFO     53ms delay	 >> tb3_0/joint_states/name
2023-01-05	20:56:42.234 INFO     171ms delay	 >> tb3_0/diagnostics/header/frame_id
2023-01-05	20:56:43.301 INFO     16ms delay	 >> tb3_0/imu/angular_velocity_covariance
2023-01-05	20:56:43.307 INFO     25ms delay	 >> tb3_0/diagnostics/header/stamp/secs
2023-01-05	20:56:43.665 INFO     20ms delay	 >> tb3_0/rpms/data
2023-01-05	20:56:45.614 INFO     480ms delay	 >> tb3_0/version_info/software
2023-01-05	20:56:45.737 INFO     603ms delay	 >> tb3_0/diagnostics/header/seq
2023-01-05	20:56:47.798 INFO     2ms delay	 >> tb3_0/sensor_state/cliff
2023-01-05	20:56:47.819 INFO     39ms delay	 >> tb3_0/scan/ranges
2023-01-05	20:56:48.167 INFO     199ms delay	 >> tb3_0/magnetic_field/magnetic_field_covariance
2023-01-05	20:56:49.373 INFO     269ms delay	 >> tb3_0/odom/header/seq
2023-01-05	20:56:49.445 INFO     3ms delay	 >> tb3_0/odom/header/stamp/nsecs
2023-01-05	20:56:49.944 INFO     500ms delay	 >> tb3_0/cmd_vel/linear/x
2023-01-05	20:56:51.783 INFO     121ms delay	 >> tb3_0/odom/header/stamp/secs
2023-01-05	20:56:53.438 INFO     1161ms delay	 >> tb3_0/battery_state/percentage
2023-01-05	20:56:53.800 INFO     1551ms delay	 >> tb3_0/diagnostics/header/stamp/nsecs
2023-01-05	20:56:54.492 INFO     5051ms delay	 >> tb3_0/firmware_version/hardware
2023-01-05	20:56:55.185 INFO     87ms delay	 >> tb3_0/odom/header/frame_id
2023-01-05	20:56:58.483 INFO     2085ms delay	 >> tb3_0/diagnostics/header/frame_id
2023-01-05	20:57:00.502 INFO     9ms delay	 >> tb3_0/joint_states/name
2023-01-05	20:57:03.879 INFO     828ms delay	 >> tb3_0/diagnostics/header/stamp/secs
2023-01-05	20:57:04.696 INFO     716ms delay	 >> tb3_0/imu/angular_velocity_covariance
2023-01-05	20:57:06.641 INFO     3590ms delay	 >> tb3_0/diagnostics/header/seq
2023-01-05	20:57:07.219 INFO     270ms delay	 >> tb3_0/sensor_state/cliff
2023-01-05	20:57:07.573 INFO     210ms delay	 >> tb3_0/rpms/data
2023-01-05	20:57:07.573 INFO     805ms delay	 >> tb3_0/version_info/software
2023-01-05	20:57:08.942 INFO     1580ms delay	 >> tb3_0/odom/header/seq
2023-01-05	20:57:09.101 INFO     2266ms delay	 >> tb3_0/scan/ranges
2023-01-05	20:57:10.214 INFO     78ms delay	 >> tb3_0/magnetic_field/magnetic_field_covariance
2023-01-05	20:57:12.642 INFO     28ms delay	 >> tb3_0/odom/header/stamp/nsecs
2023-01-05	20:57:14.205 INFO     1433ms delay	 >> tb3_0/cmd_vel/linear/x
2023-01-05	20:57:14.596 INFO     80ms delay	 >> tb3_0/odom/header/stamp/secs
2023-01-05	20:57:15.813 INFO     134ms delay	 >> tb3_0/odom/header/frame_id
2023-01-05	20:57:16.124 INFO     477ms delay	 >> tb3_0/diagnostics/header/stamp/nsecs
2023-01-05	20:57:17.712 INFO     528ms delay	 >> tb3_0/diagnostics/header/frame_id
2023-01-05	20:57:17.855 INFO     671ms delay	 >> tb3_0/diagnostics/header/stamp/secs
2023-01-05	20:57:17.855 INFO     643ms delay	 >> tb3_0/battery_state/percentage
2023-01-05	20:57:18.212 INFO     1058ms delay	 >> tb3_0/firmware_version/hardware
2023-01-05	20:57:20.220 INFO     22ms delay	 >> tb3_0/joint_states/name
2023-01-05	20:57:21.494 INFO     119ms delay	 >> tb3_0/diagnostics/header/seq
2023-01-05	20:57:24.400 INFO     3003ms delay	 >> tb3_0/imu/angular_velocity_covariance
2023-01-05	20:57:24.503 INFO     3106ms delay	 >> tb3_0/sensor_state/cliff
2023-01-05	20:57:27.965 INFO     755ms delay	 >> tb3_0/odom/header/seq
2023-01-05	20:57:29.500 INFO     1164ms delay	 >> tb3_0/rpms/data
2023-01-05	20:57:29.949 INFO     1278ms delay	 >> tb3_0/odom/header/stamp/nsecs
2023-01-05	20:57:30.351 INFO     1680ms delay	 >> tb3_0/magnetic_field/magnetic_field_covariance
2023-01-05	20:57:30.611 INFO     2294ms delay	 >> tb3_0/version_info/software
2023-01-05	20:57:30.836 INFO     2500ms delay	 >> tb3_0/scan/ranges
2023-01-05	20:57:31.876 INFO     87ms delay	 >> tb3_0/odom/header/stamp/secs
2023-01-05	20:57:32.269 INFO     28ms delay	 >> tb3_0/cmd_vel/linear/x
2023-01-05	20:57:32.550 INFO     762ms delay	 >> tb3_0/diagnostics/header/frame_id
2023-01-05	20:57:32.570 INFO     309ms delay	 >> tb3_0/odom/header/frame_id
2023-01-05	20:57:33.150 INFO     1362ms delay	 >> tb3_0/diagnostics/header/stamp/nsecs
2023-01-05	20:57:34.707 INFO     1305ms delay	 >> tb3_0/diagnostics/header/stamp/secs
2023-01-05	20:57:37.090 INFO     1319ms delay	 >> tb3_0/battery_state/percentage
2023-01-05	20:57:37.951 INFO     2222ms delay	 >> tb3_0/firmware_version/hardware
2023-01-05	20:57:41.124 INFO     2082ms delay	 >> tb3_0/diagnostics/header/seq
2023-01-05	20:57:43.223 INFO     547ms delay	 >> tb3_0/joint_states/name
2023-01-05	20:57:44.488 INFO     739ms delay	 >> tb3_0/odom/header/seq
2023-01-05	20:57:45.834 INFO     1324ms delay	 >> tb3_0/sensor_state/cliff
2023-01-05	20:57:47.294 INFO     840ms delay	 >> tb3_0/odom/header/stamp/nsecs
2023-01-05	20:57:47.396 INFO     1ms delay	 >> tb3_0/imu/angular_velocity_covariance
2023-01-05	20:57:49.504 INFO     2120ms delay	 >> tb3_0/rpms/data
2023-01-05	20:57:49.632 INFO     625ms delay	 >> tb3_0/magnetic_field/magnetic_field_covariance
2023-01-05	20:57:50.696 INFO     617ms delay	 >> tb3_0/version_info/software
2023-01-05	20:57:51.646 INFO     614ms delay	 >> tb3_0/scan/ranges
2023-01-05	20:57:51.875 INFO     824ms delay	 >> tb3_0/odom/header/stamp/secs
2023-01-05	20:57:55.830 INFO     799ms delay	 >> tb3_0/odom/header/frame_id
2023-01-05	20:57:57.683 INFO     250ms delay	 >> tb3_0/diagnostics/header/frame_id
2023-01-05	20:57:57.688 INFO     254ms delay	 >> tb3_0/cmd_vel/linear/x
2023-01-05	20:58:02.045 INFO     148ms delay	 >> tb3_0/diagnostics/header/stamp/secs
2023-01-05	20:58:02.857 INFO     960ms delay	 >> tb3_0/diagnostics/header/stamp/nsecs
2023-01-05	20:58:05.350 INFO     163ms delay	 >> tb3_0/battery_state/percentage
2023-01-05	20:58:08.536 INFO     14ms delay	 >> tb3_0/diagnostics/header/seq
2023-01-05	20:58:08.675 INFO     140ms delay	 >> tb3_0/odom/header/seq
2023-01-05	20:58:08.949 INFO     187ms delay	 >> tb3_0/odom/header/stamp/nsecs
2023-01-05	20:58:09.927 INFO     814ms delay	 >> tb3_0/sensor_state/cliff
2023-01-05	20:58:11.296 INFO     114ms delay	 >> tb3_0/firmware_version/hardware
2023-01-05	20:58:11.592 INFO     383ms delay	 >> tb3_0/joint_states/name
2023-01-05	20:58:13.614 INFO     1131ms delay	 >> tb3_0/odom/header/stamp/secs
2023-01-05	20:58:13.625 INFO     1140ms delay	 >> tb3_0/magnetic_field/magnetic_field_covariance
2023-01-05	20:58:14.113 INFO     421ms delay	 >> tb3_0/scan/ranges
2023-01-05	20:58:14.113 INFO     423ms delay	 >> tb3_0/odom/header/frame_id
2023-01-05	20:58:15.010 INFO     173ms delay	 >> tb3_0/imu/angular_velocity_covariance
2023-01-05	20:58:15.011 INFO     219ms delay	 >> tb3_0/rpms/data
2023-01-05	20:58:15.627 INFO     838ms delay	 >> tb3_0/diagnostics/header/frame_id
2023-01-05	20:58:15.933 INFO     168ms delay	 >> tb3_0/version_info/software
2023-01-05	20:58:17.457 INFO     1692ms delay	 >> tb3_0/diagnostics/header/stamp/secs
2023-01-05	20:58:18.274 INFO     691ms delay	 >> tb3_0/cmd_vel/linear/x
2023-01-05	20:58:18.281 INFO     2516ms delay	 >> tb3_0/diagnostics/header/stamp/nsecs
2023-01-05	20:58:21.138 INFO     1802ms delay	 >> tb3_0/odom/header/stamp/nsecs
2023-01-05	20:58:21.150 INFO     1910ms delay	 >> tb3_0/diagnostics/header/seq
2023-01-05	20:58:21.199 INFO     1862ms delay	 >> tb3_0/odom/header/seq
2023-01-05	20:58:21.581 INFO     2244ms delay	 >> tb3_0/battery_state/percentage
2023-01-05	20:58:21.993 INFO     7ms delay	 >> tb3_0/sensor_state/cliff
2023-01-05	20:58:28.356 INFO     1229ms delay	 >> tb3_0/odom/header/stamp/secs
2023-01-05	20:58:28.356 INFO     1455ms delay	 >> tb3_0/firmware_version/hardware
2023-01-05	20:58:29.551 INFO     333ms delay	 >> tb3_0/joint_states/name
2023-01-05	20:58:30.220 INFO     225ms delay	 >> tb3_0/magnetic_field/magnetic_field_covariance
2023-01-05	20:58:31.283 INFO     613ms delay	 >> tb3_0/scan/ranges
2023-01-05	20:58:32.133 INFO     1445ms delay	 >> tb3_0/odom/header/frame_id
2023-01-05	20:58:33.158 INFO     2492ms delay	 >> tb3_0/diagnostics/header/frame_id
2023-01-05	20:58:34.671 INFO     1133ms delay	 >> tb3_0/diagnostics/header/stamp/secs
2023-01-05	20:58:34.765 INFO     83ms delay	 >> tb3_0/odom/header/stamp/nsecs
2023-01-05	20:58:35.117 INFO     1579ms delay	 >> tb3_0/diagnostics/header/stamp/nsecs
2023-01-05	20:58:35.184 INFO     503ms delay	 >> tb3_0/imu/angular_velocity_covariance
2023-01-05	20:58:36.433 INFO     907ms delay	 >> tb3_0/odom/header/seq
2023-01-05	20:58:36.433 INFO     2894ms delay	 >> tb3_0/rpms/data
2023-01-05	20:58:36.440 INFO     2902ms delay	 >> tb3_0/diagnostics/header/seq
2023-01-05	20:58:36.461 INFO     935ms delay	 >> tb3_0/cmd_vel/linear/x
2023-01-05	20:58:36.917 INFO     3375ms delay	 >> tb3_0/version_info/software
2023-01-05	20:58:40.125 INFO     926ms delay	 >> tb3_0/battery_state/percentage
2023-01-05	20:58:42.031 INFO     7ms delay	 >> tb3_0/odom/header/stamp/secs
2023-01-05	20:58:42.997 INFO     2186ms delay	 >> tb3_0/sensor_state/cliff
2023-01-05	20:58:43.595 INFO     2783ms delay	 >> tb3_0/magnetic_field/magnetic_field_covariance
2023-01-05	20:58:44.438 INFO     358ms delay	 >> tb3_0/firmware_version/hardware
2023-01-05	20:58:45.300 INFO     1157ms delay	 >> tb3_0/odom/header/frame_id
2023-01-05	20:58:45.551 INFO     1402ms delay	 >> tb3_0/joint_states/name
2023-01-05	20:58:45.557 INFO     1432ms delay	 >> tb3_0/scan/ranges
2023-01-05	20:58:47.871 INFO     2087ms delay	 >> tb3_0/diagnostics/header/stamp/secs
2023-01-05	20:58:48.095 INFO     871ms delay	 >> tb3_0/odom/header/stamp/nsecs
2023-01-05	20:58:48.254 INFO     2470ms delay	 >> tb3_0/diagnostics/header/frame_id
2023-01-05	20:58:52.693 INFO     114ms delay	 >> tb3_0/diagnostics/header/stamp/nsecs
2023-01-05	20:58:53.069 INFO     377ms delay	 >> tb3_0/odom/header/seq
2023-01-05	20:58:55.501 INFO     845ms delay	 >> tb3_0/imu/angular_velocity_covariance
2023-01-05	20:58:57.219 INFO     578ms delay	 >> tb3_0/rpms/data
2023-01-05	20:58:58.744 INFO     966ms delay	 >> tb3_0/diagnostics/header/seq
2023-01-05	20:59:00.313 INFO     872ms delay	 >> tb3_0/cmd_vel/linear/x
2023-01-05	20:59:00.314 INFO     80ms delay	 >> tb3_0/odom/header/stamp/secs
2023-01-05	20:59:01.203 INFO     385ms delay	 >> tb3_0/sensor_state/cliff
2023-01-05	20:59:01.591 INFO     274ms delay	 >> tb3_0/battery_state/percentage
2023-01-05	20:59:02.115 INFO     821ms delay	 >> tb3_0/version_info/software
2023-01-05	20:59:02.115 INFO     481ms delay	 >> tb3_0/magnetic_field/magnetic_field_covariance
2023-01-05	20:59:03.242 INFO     323ms delay	 >> tb3_0/odom/header/frame_id
2023-01-05	20:59:04.061 INFO     415ms delay	 >> tb3_0/firmware_version/hardware
2023-01-05	20:59:05.396 INFO     1755ms delay	 >> tb3_0/diagnostics/header/stamp/secs
2023-01-05	20:59:05.402 INFO     249ms delay	 >> tb3_0/odom/header/stamp/nsecs
2023-01-05	20:59:05.494 INFO     348ms delay	 >> tb3_0/scan/ranges
2023-01-05	20:59:06.079 INFO     2438ms delay	 >> tb3_0/diagnostics/header/frame_id
2023-01-05	20:59:06.398 INFO     292ms delay	 >> tb3_0/joint_states/name
2023-01-05	20:59:07.979 INFO     222ms delay	 >> tb3_0/odom/header/seq
2023-01-05	20:59:08.482 INFO     1399ms delay	 >> tb3_0/diagnostics/header/stamp/nsecs
2023-01-05	20:59:09.547 INFO     373ms delay	 >> tb3_0/diagnostics/header/seq
2023-01-05	20:59:10.521 INFO     334ms delay	 >> tb3_0/odom/header/stamp/secs
2023-01-05	20:59:11.056 INFO     137ms delay	 >> tb3_0/imu/angular_velocity_covariance
2023-01-05	20:59:11.581 INFO     670ms delay	 >> tb3_0/sensor_state/cliff
2023-01-05	20:59:11.838 INFO     919ms delay	 >> tb3_0/rpms/data
2023-01-05	20:59:12.229 INFO     281ms delay	 >> tb3_0/cmd_vel/linear/x
2023-01-05	20:59:13.733 INFO     1055ms delay	 >> tb3_0/magnetic_field/magnetic_field_covariance
2023-01-05	20:59:13.738 INFO     2ms delay	 >> tb3_0/odom/header/frame_id
2023-01-05	20:59:14.399 INFO     666ms delay	 >> tb3_0/battery_state/percentage
2023-01-05	20:59:14.692 INFO     2144ms delay	 >> tb3_0/diagnostics/header/stamp/secs
2023-01-05	20:59:16.859 INFO     1766ms delay	 >> tb3_0/version_info/software
2023-01-05	20:59:16.876 INFO     984ms delay	 >> tb3_0/firmware_version/hardware
2023-01-05	20:59:17.147 INFO     725ms delay	 >> tb3_0/scan/ranges
2023-01-05	20:59:17.194 INFO     323ms delay	 >> tb3_0/odom/header/stamp/nsecs
2023-01-05	20:59:17.200 INFO     2130ms delay	 >> tb3_0/diagnostics/header/frame_id
2023-01-05	20:59:18.392 INFO     1521ms delay	 >> tb3_0/odom/header/seq
2023-01-05	20:59:18.920 INFO     132ms delay	 >> tb3_0/diagnostics/header/stamp/nsecs
2023-01-05	20:59:20.065 INFO     1671ms delay	 >> tb3_0/odom/header/stamp/secs
2023-01-05	20:59:20.103 INFO     1315ms delay	 >> tb3_0/diagnostics/header/seq
2023-01-05	20:59:20.978 INFO     9ms delay	 >> tb3_0/joint_states/name
2023-01-05	20:59:22.934 INFO     209ms delay	 >> tb3_0/sensor_state/cliff
2023-01-05	20:59:23.801 INFO     478ms delay	 >> tb3_0/imu/angular_velocity_covariance
2023-01-05	20:59:26.640 INFO     1519ms delay	 >> tb3_0/odom/header/frame_id
2023-01-05	20:59:26.888 INFO     168ms delay	 >> tb3_0/rpms/data
2023-01-05	20:59:26.888 INFO     140ms delay	 >> tb3_0/magnetic_field/magnetic_field_covariance