2023-01-04	17:44:42.194 INFO     114ms 		for topic=tb3_0/scan/ranges
2023-01-04	17:44:42.194 INFO     77ms 		for topic=tb3_0/cmd_vel/linear/x
2023-01-04	17:44:43.182 INFO     37ms 		for topic=tb3_0/imu/linear_acceleration/x
2023-01-04	17:44:43.183 INFO     41ms 		for topic=tb3_0/odom/twist/twist/angular/z
2023-01-04	17:44:43.243 INFO     858ms 		for topic=tb3_0/scan/ranges
2023-01-04	17:44:43.449 INFO     23ms 		for topic=tb3_0/cmd_vel/linear/x
2023-01-04	17:44:44.822 INFO     509ms 		for topic=tb3_0/cmd_vel/linear/x
2023-01-04	17:44:44.868 INFO     536ms 		for topic=tb3_0/scan/ranges
2023-01-04	17:44:45.224 INFO     132ms 		for topic=tb3_0/imu/linear_acceleration/x
2023-01-04	17:44:45.483 INFO     17ms 		for topic=tb3_0/odom/twist/twist/angular/z
2023-01-04	17:44:46.143 INFO     437ms 		for topic=tb3_0/scan/ranges
2023-01-04	17:44:46.206 INFO     9ms 		for topic=tb3_0/cmd_vel/linear/x
2023-01-04	17:44:46.372 INFO     179ms 		for topic=tb3_0/joint_states/position
2023-01-04	17:44:47.210 INFO     466ms 		for topic=tb3_0/scan/ranges
2023-01-04	17:44:47.227 INFO     425ms 		for topic=tb3_0/cmd_vel/linear/x
2023-01-04	17:44:47.737 INFO     522ms 		for topic=tb3_0/imu/linear_acceleration/x
2023-01-04	17:44:47.756 INFO     16ms 		for topic=tb3_0/odom/twist/twist/angular/z
2023-01-04	17:44:48.478 INFO     502ms 		for topic=tb3_0/scan/ranges
2023-01-04	17:44:48.478 INFO     465ms 		for topic=tb3_0/cmd_vel/linear/x
2023-01-04	17:44:50.144 INFO     462ms 		for topic=tb3_0/cmd_vel/linear/x
2023-01-04	17:44:50.145 INFO     412ms 		for topic=tb3_0/imu/linear_acceleration/x
2023-01-04	17:44:50.145 INFO     426ms 		for topic=tb3_0/odom/twist/twist/angular/z
2023-01-04	17:44:50.218 INFO     516ms 		for topic=tb3_0/scan/ranges
2023-01-04	17:44:51.230 INFO     72ms 		for topic=tb3_0/cmd_vel/linear/x
2023-01-04	17:44:51.801 INFO     71ms 		for topic=tb3_0/scan/ranges
2023-01-04	17:44:51.812 INFO     27ms 		for topic=tb3_0/joint_states/position
2023-01-04	17:44:52.456 INFO     358ms 		for topic=tb3_0/odom/twist/twist/angular/z
2023-01-04	17:44:52.456 INFO     398ms 		for topic=tb3_0/cmd_vel/linear/x
2023-01-04	17:44:52.457 INFO     357ms 		for topic=tb3_0/imu/linear_acceleration/x
2023-01-04	17:44:52.843 INFO     773ms 		for topic=tb3_0/scan/ranges
2023-01-04	17:44:53.680 INFO     382ms 		for topic=tb3_0/cmd_vel/linear/x
2023-01-04	17:44:54.095 INFO     779ms 		for topic=tb3_0/scan/ranges
2023-01-04	17:44:54.664 INFO     550ms 		for topic=tb3_0/odom/twist/twist/angular/z
2023-01-04	17:44:54.710 INFO     590ms 		for topic=tb3_0/cmd_vel/linear/x
2023-01-04	17:44:55.131 INFO     52ms 		for topic=tb3_0/imu/linear_acceleration/x
2023-01-04	17:44:55.131 INFO     224ms 		for topic=tb3_0/scan/ranges
2023-01-04	17:44:55.917 INFO     291ms 		for topic=tb3_0/cmd_vel/linear/x
2023-01-04	17:44:56.350 INFO     41ms 		for topic=tb3_0/scan/ranges
2023-01-04	17:44:56.746 INFO     406ms 		for topic=tb3_0/odom/twist/twist/angular/z
2023-01-04	17:44:56.860 INFO     74ms 		for topic=tb3_0/joint_states/position
2023-01-04	17:44:56.947 INFO     100ms 		for topic=tb3_0/cmd_vel/linear/x
2023-01-04	17:44:57.228 INFO     67ms 		for topic=tb3_0/imu/linear_acceleration/x
2023-01-04	17:44:57.889 INFO     760ms 		for topic=tb3_0/scan/ranges
2023-01-04	17:44:57.977 INFO     25ms 		for topic=tb3_0/cmd_vel/linear/x
2023-01-04	17:44:59.107 INFO     649ms 		for topic=tb3_0/scan/ranges
2023-01-04	17:44:59.259 INFO     143ms 		for topic=tb3_0/imu/linear_acceleration/x
2023-01-04	17:44:59.294 INFO     182ms 		for topic=tb3_0/cmd_vel/linear/x
2023-01-04	17:44:59.294 INFO     475ms 		for topic=tb3_0/odom/twist/twist/angular/z
2023-01-04	17:45:00.308 INFO     327ms 		for topic=tb3_0/scan/ranges
2023-01-04	17:45:00.846 INFO     9ms 		for topic=tb3_0/cmd_vel/linear/x
2023-01-04	17:45:01.460 INFO     382ms 		for topic=tb3_0/scan/ranges
2023-01-04	17:45:01.565 INFO     6ms 		for topic=tb3_0/imu/linear_acceleration/x
2023-01-04	17:45:01.872 INFO     210ms 		for topic=tb3_0/joint_states/position
2023-01-04	17:45:01.946 INFO     49ms 		for topic=tb3_0/cmd_vel/linear/x
2023-01-04	17:45:01.997 INFO     78ms 		for topic=tb3_0/odom/twist/twist/angular/z
2023-01-04	17:45:02.687 INFO     350ms 		for topic=tb3_0/scan/ranges
2023-01-04	17:45:03.041 INFO     165ms 		for topic=tb3_0/cmd_vel/linear/x
2023-01-04	17:45:03.709 INFO     250ms 		for topic=tb3_0/imu/linear_acceleration/x
2023-01-04	17:45:03.719 INFO     342ms 		for topic=tb3_0/scan/ranges
2023-01-04	17:45:04.292 INFO     30ms 		for topic=tb3_0/odom/twist/twist/angular/z
2023-01-04	17:45:04.303 INFO     58ms 		for topic=tb3_0/cmd_vel/linear/x
2023-01-04	17:45:04.819 INFO     564ms 		for topic=tb3_0/scan/ranges
2023-01-04	17:45:05.781 INFO     442ms 		for topic=tb3_0/cmd_vel/linear/x
2023-01-04	17:45:05.908 INFO     66ms 		for topic=tb3_0/imu/linear_acceleration/x
2023-01-04	17:45:06.076 INFO     730ms 		for topic=tb3_0/scan/ranges
2023-01-04	17:45:06.542 INFO     4ms 		for topic=tb3_0/odom/twist/twist/angular/z
2023-01-04	17:45:06.840 INFO     235ms 		for topic=tb3_0/cmd_vel/linear/x
2023-01-04	17:45:06.984 INFO     31ms 		for topic=tb3_0/joint_states/position
2023-01-04	17:45:07.091 INFO     217ms 		for topic=tb3_0/scan/ranges
2023-01-04	17:45:08.164 INFO     518ms 		for topic=tb3_0/imu/linear_acceleration/x
2023-01-04	17:45:08.190 INFO     558ms 		for topic=tb3_0/cmd_vel/linear/x
2023-01-04	17:45:08.276 INFO     641ms 		for topic=tb3_0/scan/ranges
2023-01-04	17:45:08.650 INFO     26ms 		for topic=tb3_0/odom/twist/twist/angular/z
2023-01-04	17:45:09.472 INFO     542ms 		for topic=tb3_0/cmd_vel/linear/x
2023-01-04	17:45:09.473 INFO     540ms 		for topic=tb3_0/scan/ranges
2023-01-04	17:45:10.275 INFO     244ms 		for topic=tb3_0/imu/linear_acceleration/x
2023-01-04	17:45:10.574 INFO     554ms 		for topic=tb3_0/cmd_vel/linear/x
2023-01-04	17:45:10.656 INFO     628ms 		for topic=tb3_0/scan/ranges
2023-01-04	17:45:10.676 INFO     141ms 		for topic=tb3_0/odom/twist/twist/angular/z
2023-01-04	17:45:11.716 INFO     448ms 		for topic=tb3_0/cmd_vel/linear/x
2023-01-04	17:45:11.716 INFO     583ms 		for topic=tb3_0/scan/ranges
2023-01-04	17:45:12.076 INFO     297ms 		for topic=tb3_0/joint_states/position
2023-01-04	17:45:12.532 INFO     446ms 		for topic=tb3_0/imu/linear_acceleration/x
2023-01-04	17:45:12.724 INFO     122ms 		for topic=tb3_0/odom/twist/twist/angular/z
2023-01-04	17:45:13.343 INFO     414ms 		for topic=tb3_0/scan/ranges
2023-01-04	17:45:13.537 INFO     140ms 		for topic=tb3_0/cmd_vel/linear/x
2023-01-04	17:45:14.451 INFO     760ms 		for topic=tb3_0/scan/ranges
2023-01-04	17:45:14.583 INFO     79ms 		for topic=tb3_0/cmd_vel/linear/x
2023-01-04	17:45:14.649 INFO     1ms 		for topic=tb3_0/imu/linear_acceleration/x
2023-01-04	17:45:14.830 INFO     135ms 		for topic=tb3_0/odom/twist/twist/angular/z
2023-01-04	17:45:15.646 INFO     107ms 		for topic=tb3_0/scan/ranges
2023-01-04	17:45:15.900 INFO     47ms 		for topic=tb3_0/cmd_vel/linear/x
2023-01-04	17:45:16.844 INFO     330ms 		for topic=tb3_0/imu/linear_acceleration/x
2023-01-04	17:45:17.163 INFO     650ms 		for topic=tb3_0/cmd_vel/linear/x
2023-01-04	17:45:17.168 INFO     658ms 		for topic=tb3_0/odom/twist/twist/angular/z
2023-01-04	17:45:17.169 INFO     657ms 		for topic=tb3_0/scan/ranges
2023-01-04	17:45:17.709 INFO     117ms 		for topic=tb3_0/joint_states/position
2023-01-04	17:45:18.868 INFO     512ms 		for topic=tb3_0/cmd_vel/linear/x
2023-01-04	17:45:18.869 INFO     516ms 		for topic=tb3_0/scan/ranges
2023-01-04	17:45:19.363 INFO     26ms 		for topic=tb3_0/imu/linear_acceleration/x
2023-01-04	17:45:19.421 INFO     25ms 		for topic=tb3_0/odom/twist/twist/angular/z
2023-01-04	17:45:20.165 INFO     503ms 		for topic=tb3_0/scan/ranges
2023-01-04	17:45:20.166 INFO     498ms 		for topic=tb3_0/cmd_vel/linear/x
2023-01-04	17:45:21.714 INFO     1194ms 		for topic=tb3_0/scan/ranges
2023-01-04	17:45:21.714 INFO     447ms 		for topic=tb3_0/odom/twist/twist/angular/z
2023-01-04	17:45:21.715 INFO     457ms 		for topic=tb3_0/cmd_vel/linear/x
2023-01-04	17:45:21.715 INFO     425ms 		for topic=tb3_0/imu/linear_acceleration/x
2023-01-04	17:45:23.124 INFO     770ms 		for topic=tb3_0/joint_states/position
2023-01-04	17:45:23.539 INFO     1194ms 		for topic=tb3_0/cmd_vel/linear/x
2023-01-04	17:45:23.558 INFO     1241ms 		for topic=tb3_0/scan/ranges
2023-01-04	17:45:24.551 INFO     664ms 		for topic=tb3_0/odom/twist/twist/angular/z
2023-01-04	17:45:24.551 INFO     650ms 		for topic=tb3_0/imu/linear_acceleration/x
2023-01-04	17:45:24.573 INFO     6ms 		for topic=tb3_0/cmd_vel/linear/x
2023-01-04	17:45:24.713 INFO     146ms 		for topic=tb3_0/scan/ranges
2023-01-04	17:45:26.373 INFO     253ms 		for topic=tb3_0/scan/ranges
2023-01-04	17:45:26.443 INFO     2ms 		for topic=tb3_0/cmd_vel/linear/x
2023-01-04	17:45:26.814 INFO     383ms 		for topic=tb3_0/odom/twist/twist/angular/z
2023-01-04	17:45:27.468 INFO     580ms 		for topic=tb3_0/imu/linear_acceleration/x
2023-01-04	17:45:27.474 INFO     616ms 		for topic=tb3_0/scan/ranges
2023-01-04	17:45:27.518 INFO     21ms 		for topic=tb3_0/cmd_vel/linear/x
2023-01-04	17:45:28.208 INFO     77ms 		for topic=tb3_0/joint_states/position
2023-01-04	17:45:28.506 INFO     382ms 		for topic=tb3_0/scan/ranges
2023-01-04	17:45:28.532 INFO     405ms 		for topic=tb3_0/cmd_vel/linear/x
2023-01-04	17:45:29.206 INFO     271ms 		for topic=tb3_0/odom/twist/twist/angular/z
2023-01-04	17:45:29.713 INFO     350ms 		for topic=tb3_0/imu/linear_acceleration/x
2023-01-04	17:45:29.714 INFO     384ms 		for topic=tb3_0/scan/ranges
2023-01-04	17:45:30.022 INFO     689ms 		for topic=tb3_0/cmd_vel/linear/x
2023-01-04	17:45:31.306 INFO     200ms 		for topic=tb3_0/scan/ranges
2023-01-04	17:45:31.307 INFO     167ms 		for topic=tb3_0/odom/twist/twist/angular/z
2023-01-04	17:45:31.362 INFO     247ms 		for topic=tb3_0/cmd_vel/linear/x
2023-01-04	17:45:32.402 INFO     378ms 		for topic=tb3_0/scan/ranges
2023-01-04	17:45:32.449 INFO     26ms 		for topic=tb3_0/imu/linear_acceleration/x
2023-01-04	17:45:33.012 INFO     558ms 		for topic=tb3_0/cmd_vel/linear/x
2023-01-04	17:45:33.737 INFO     536ms 		for topic=tb3_0/joint_states/position
2023-01-04	17:45:33.748 INFO     566ms 		for topic=tb3_0/odom/twist/twist/angular/z
2023-01-04	17:45:33.748 INFO     1724ms 		for topic=tb3_0/scan/ranges
2023-01-04	17:45:34.767 INFO     300ms 		for topic=tb3_0/imu/linear_acceleration/x
2023-01-04	17:45:34.767 INFO     322ms 		for topic=tb3_0/cmd_vel/linear/x
2023-01-04	17:45:35.827 INFO     1383ms 		for topic=tb3_0/scan/ranges
2023-01-04	17:45:35.898 INFO     2ms 		for topic=tb3_0/odom/twist/twist/angular/z
2023-01-04	17:45:37.028 INFO     1094ms 		for topic=tb3_0/cmd_vel/linear/x
2023-01-04	17:45:37.677 INFO     866ms 		for topic=tb3_0/scan/ranges
2023-01-04	17:45:38.048 INFO     370ms 		for topic=tb3_0/cmd_vel/linear/x
2023-01-04	17:45:38.048 INFO     356ms 		for topic=tb3_0/imu/linear_acceleration/x
2023-01-04	17:45:38.676 INFO     505ms 		for topic=tb3_0/odom/twist/twist/angular/z
2023-01-04	17:45:38.813 INFO     640ms 		for topic=tb3_0/joint_states/position
2023-01-04	17:45:39.133 INFO     8ms 		for topic=tb3_0/scan/ranges
2023-01-04	17:45:39.194 INFO     32ms 		for topic=tb3_0/cmd_vel/linear/x
2023-01-04	17:45:40.231 INFO     177ms 		for topic=tb3_0/scan/ranges
2023-01-04	17:45:41.164 INFO     746ms 		for topic=tb3_0/imu/linear_acceleration/x
2023-01-04	17:45:41.177 INFO     773ms 		for topic=tb3_0/cmd_vel/linear/x
2023-01-04	17:45:41.177 INFO     762ms 		for topic=tb3_0/odom/twist/twist/angular/z
2023-01-04	17:45:42.171 INFO     1781ms 		for topic=tb3_0/scan/ranges
2023-01-04	17:45:42.576 INFO     2172ms 		for topic=tb3_0/cmd_vel/linear/x
2023-01-04	17:45:43.382 INFO     330ms 		for topic=tb3_0/scan/ranges
2023-01-04	17:45:43.393 INFO     6ms 		for topic=tb3_0/imu/linear_acceleration/x
2023-01-04	17:45:43.970 INFO     239ms 		for topic=tb3_0/joint_states/position
2023-01-04	17:45:43.970 INFO     268ms 		for topic=tb3_0/cmd_vel/linear/x
2023-01-04	17:45:44.220 INFO     229ms 		for topic=tb3_0/odom/twist/twist/angular/z
2023-01-04	17:45:44.600 INFO     871ms 		for topic=tb3_0/scan/ranges
2023-01-04	17:45:45.635 INFO     821ms 		for topic=tb3_0/cmd_vel/linear/x
2023-01-04	17:45:45.635 INFO     229ms 		for topic=tb3_0/imu/linear_acceleration/x
2023-01-04	17:45:47.004 INFO     506ms 		for topic=tb3_0/odom/twist/twist/angular/z
2023-01-04	17:45:47.005 INFO     563ms 		for topic=tb3_0/scan/ranges
2023-01-04	17:45:47.033 INFO     525ms 		for topic=tb3_0/cmd_vel/linear/x
2023-01-04	17:45:48.184 INFO     37ms 		for topic=tb3_0/imu/linear_acceleration/x
2023-01-04	17:45:48.994 INFO     913ms 		for topic=tb3_0/scan/ranges
2023-01-04	17:45:48.994 INFO     801ms 		for topic=tb3_0/cmd_vel/linear/x
2023-01-04	17:45:49.017 INFO     872ms 		for topic=tb3_0/joint_states/position
2023-01-04	17:45:49.073 INFO     72ms 		for topic=tb3_0/odom/twist/twist/angular/z
2023-01-04	17:45:50.081 INFO     161ms 		for topic=tb3_0/cmd_vel/linear/x
2023-01-04	17:45:50.156 INFO     254ms 		for topic=tb3_0/scan/ranges
2023-01-04	17:45:50.288 INFO     20ms 		for topic=tb3_0/imu/linear_acceleration/x
2023-01-04	17:45:51.193 INFO     1291ms 		for topic=tb3_0/scan/ranges
2023-01-04	17:45:51.193 INFO     904ms 		for topic=tb3_0/cmd_vel/linear/x
2023-01-04	17:45:51.477 INFO     254ms 		for topic=tb3_0/odom/twist/twist/angular/z
2023-01-04	17:45:52.917 INFO     633ms 		for topic=tb3_0/cmd_vel/linear/x
2023-01-04	17:45:52.917 INFO     629ms 		for topic=tb3_0/scan/ranges
2023-01-04	17:45:53.117 INFO     16ms 		for topic=tb3_0/imu/linear_acceleration/x
2023-01-04	17:45:53.642 INFO     497ms 		for topic=tb3_0/odom/twist/twist/angular/z
2023-01-04	17:45:53.983 INFO     240ms 		for topic=tb3_0/cmd_vel/linear/x
2023-01-04	17:45:54.631 INFO     890ms 		for topic=tb3_0/scan/ranges
2023-01-04	17:45:54.727 INFO     7ms 		for topic=tb3_0/joint_states/position
2023-01-04	17:45:55.034 INFO     51ms 		for topic=tb3_0/cmd_vel/linear/x
2023-01-04	17:45:55.433 INFO     323ms 		for topic=tb3_0/imu/linear_acceleration/x
2023-01-04	17:45:55.740 INFO     263ms 		for topic=tb3_0/odom/twist/twist/angular/z
2023-01-04	17:45:55.889 INFO     405ms 		for topic=tb3_0/scan/ranges
2023-01-04	17:45:56.100 INFO     616ms 		for topic=tb3_0/cmd_vel/linear/x
2023-01-04	17:45:56.917 INFO     37ms 		for topic=tb3_0/scan/ranges
2023-01-04	17:45:57.201 INFO     217ms 		for topic=tb3_0/cmd_vel/linear/x
2023-01-04	17:45:57.633 INFO     183ms 		for topic=tb3_0/imu/linear_acceleration/x
2023-01-04	17:45:57.760 INFO     312ms 		for topic=tb3_0/odom/twist/twist/angular/z
2023-01-04	17:45:58.179 INFO     33ms 		for topic=tb3_0/scan/ranges
2023-01-04	17:45:58.554 INFO     209ms 		for topic=tb3_0/cmd_vel/linear/x
2023-01-04	17:45:59.725 INFO     209ms 		for topic=tb3_0/scan/ranges
2023-01-04	17:45:59.845 INFO     85ms 		for topic=tb3_0/odom/twist/twist/angular/z
2023-01-04	17:45:59.845 INFO     319ms 		for topic=tb3_0/joint_states/position
2023-01-04	17:45:59.892 INFO     124ms 		for topic=tb3_0/imu/linear_acceleration/x
2023-01-04	17:46:00.371 INFO     293ms 		for topic=tb3_0/cmd_vel/linear/x
2023-01-04	17:46:00.956 INFO     247ms 		for topic=tb3_0/scan/ranges
2023-01-04	17:46:01.425 INFO     173ms 		for topic=tb3_0/cmd_vel/linear/x
2023-01-04	17:46:01.965 INFO     0ms 		for topic=tb3_0/odom/twist/twist/angular/z
2023-01-04	17:46:01.976 INFO     11ms 		for topic=tb3_0/scan/ranges
2023-01-04	17:46:02.380 INFO     224ms 		for topic=tb3_0/imu/linear_acceleration/x
2023-01-04	17:46:02.543 INFO     611ms 		for topic=tb3_0/cmd_vel/linear/x
2023-01-04	17:46:03.178 INFO     120ms 		for topic=tb3_0/scan/ranges
2023-01-04	17:46:03.710 INFO     650ms 		for topic=tb3_0/cmd_vel/linear/x
2023-01-04	17:46:04.070 INFO     1ms 		for topic=tb3_0/odom/twist/twist/angular/z
2023-01-04	17:46:04.210 INFO     142ms 		for topic=tb3_0/scan/ranges
2023-01-04	17:46:04.397 INFO     6ms 		for topic=tb3_0/imu/linear_acceleration/x
2023-01-04	17:46:04.734 INFO     168ms 		for topic=tb3_0/cmd_vel/linear/x
2023-01-04	17:46:05.070 INFO     416ms 		for topic=tb3_0/joint_states/position
2023-01-04	17:46:05.291 INFO     504ms 		for topic=tb3_0/scan/ranges
2023-01-04	17:46:06.361 INFO     1282ms 		for topic=tb3_0/cmd_vel/linear/x
2023-01-04	17:46:06.362 INFO     1575ms 		for topic=tb3_0/scan/ranges
2023-01-04	17:46:06.363 INFO     1013ms 		for topic=tb3_0/odom/twist/twist/angular/z
2023-01-04	17:46:06.520 INFO     122ms 		for topic=tb3_0/imu/linear_acceleration/x
2023-01-04	17:46:08.952 INFO     1096ms 		for topic=tb3_0/scan/ranges
2023-01-04	17:46:09.353 INFO     1001ms 		for topic=tb3_0/cmd_vel/linear/x
2023-01-04	17:46:10.162 INFO     18ms 		for topic=tb3_0/odom/twist/twist/angular/z
2023-01-04	17:46:10.233 INFO     97ms 		for topic=tb3_0/joint_states/position
2023-01-04	17:46:10.521 INFO     2ms 		for topic=tb3_0/imu/linear_acceleration/x
2023-01-04	17:46:10.526 INFO     10ms 		for topic=tb3_0/scan/ranges
2023-01-04	17:46:10.527 INFO     9ms 		for topic=tb3_0/cmd_vel/linear/x
2023-01-04	17:46:11.730 INFO     764ms 		for topic=tb3_0/scan/ranges
2023-01-04	17:46:11.766 INFO     789ms 		for topic=tb3_0/cmd_vel/linear/x
2023-01-04	17:46:12.237 INFO     428ms 		for topic=tb3_0/odom/twist/twist/angular/z
2023-01-04	17:46:13.114 INFO     484ms 		for topic=tb3_0/imu/linear_acceleration/x
2023-01-04	17:46:13.114 INFO     642ms 		for topic=tb3_0/cmd_vel/linear/x
2023-01-04	17:46:13.114 INFO     784ms 		for topic=tb3_0/scan/ranges
2023-01-04	17:46:14.268 INFO     1034ms 		for topic=tb3_0/odom/twist/twist/angular/z
2023-01-04	17:46:15.297 INFO     44ms 		for topic=tb3_0/joint_states/position
2023-01-04	17:46:15.317 INFO     84ms 		for topic=tb3_0/cmd_vel/linear/x
2023-01-04	17:46:15.333 INFO     47ms 		for topic=tb3_0/imu/linear_acceleration/x
2023-01-04	17:46:15.460 INFO     261ms 		for topic=tb3_0/scan/ranges
2023-01-04	17:46:16.416 INFO     215ms 		for topic=tb3_0/odom/twist/twist/angular/z
2023-01-04	17:46:16.417 INFO     216ms 		for topic=tb3_0/cmd_vel/linear/x
2023-01-04	17:46:17.174 INFO     975ms 		for topic=tb3_0/scan/ranges
2023-01-04	17:46:18.005 INFO     670ms 		for topic=tb3_0/imu/linear_acceleration/x
2023-01-04	17:46:19.511 INFO     1086ms 		for topic=tb3_0/odom/twist/twist/angular/z
2023-01-04	17:46:19.512 INFO     1114ms 		for topic=tb3_0/scan/ranges
2023-01-04	17:46:19.512 INFO     1087ms 		for topic=tb3_0/cmd_vel/linear/x
2023-01-04	17:46:20.260 INFO     0ms 		for topic=tb3_0/imu/linear_acceleration/x
2023-01-04	17:46:20.336 INFO     13ms 		for topic=tb3_0/joint_states/position
2023-01-04	17:46:21.346 INFO     1003ms 		for topic=tb3_0/cmd_vel/linear/x
2023-01-04	17:46:21.347 INFO     1004ms 		for topic=tb3_0/scan/ranges
2023-01-04	17:46:21.561 INFO     644ms 		for topic=tb3_0/odom/twist/twist/angular/z
2023-01-04	17:46:22.303 INFO     315ms 		for topic=tb3_0/imu/linear_acceleration/x
2023-01-04	17:46:22.588 INFO     2245ms 		for topic=tb3_0/cmd_vel/linear/x
2023-01-04	17:46:22.635 INFO     2292ms 		for topic=tb3_0/scan/ranges
2023-01-04	17:46:23.698 INFO     382ms 		for topic=tb3_0/odom/twist/twist/angular/z
2023-01-04	17:46:23.698 INFO     373ms 		for topic=tb3_0/cmd_vel/linear/x
2023-01-04	17:46:23.756 INFO     431ms 		for topic=tb3_0/scan/ranges
2023-01-04	17:46:24.381 INFO     224ms 		for topic=tb3_0/imu/linear_acceleration/x
2023-01-04	17:46:25.268 INFO     474ms 		for topic=tb3_0/cmd_vel/linear/x
2023-01-04	17:46:25.593 INFO     321ms 		for topic=tb3_0/scan/ranges
2023-01-04	17:46:26.226 INFO     917ms 		for topic=tb3_0/joint_states/position
2023-01-04	17:46:26.434 INFO     183ms 		for topic=tb3_0/imu/linear_acceleration/x
2023-01-04	17:46:26.435 INFO     1127ms 		for topic=tb3_0/odom/twist/twist/angular/z
2023-01-04	17:46:26.622 INFO     109ms 		for topic=tb3_0/scan/ranges
2023-01-04	17:46:26.670 INFO     148ms 		for topic=tb3_0/cmd_vel/linear/x
2023-01-04	17:46:28.437 INFO     1326ms 		for topic=tb3_0/cmd_vel/linear/x
2023-01-04	17:46:28.437 INFO     1324ms 		for topic=tb3_0/scan/ranges
2023-01-04	17:46:29.773 INFO     899ms 		for topic=tb3_0/odom/twist/twist/angular/z
2023-01-04	17:46:29.779 INFO     1306ms 		for topic=tb3_0/scan/ranges
2023-01-04	17:46:29.789 INFO     5ms 		for topic=tb3_0/imu/linear_acceleration/x
2023-01-04	17:46:29.789 INFO     1005ms 		for topic=tb3_0/cmd_vel/linear/x
2023-01-04	17:46:31.234 INFO     1161ms 		for topic=tb3_0/scan/ranges
2023-01-04	17:46:31.629 INFO     8ms 		for topic=tb3_0/cmd_vel/linear/x
2023-01-04	17:46:31.640 INFO     17ms 		for topic=tb3_0/joint_states/position
2023-01-04	17:46:32.163 INFO     206ms 		for topic=tb3_0/odom/twist/twist/angular/z
2023-01-04	17:46:32.651 INFO     218ms 		for topic=tb3_0/imu/linear_acceleration/x
2023-01-04	17:46:32.651 INFO     1031ms 		for topic=tb3_0/scan/ranges
2023-01-04	17:46:32.697 INFO     1076ms 		for topic=tb3_0/cmd_vel/linear/x
2023-01-04	17:46:33.756 INFO     46ms 		for topic=tb3_0/scan/ranges
2023-01-04	17:46:34.437 INFO     591ms 		for topic=tb3_0/odom/twist/twist/angular/z
2023-01-04	17:46:34.444 INFO     598ms 		for topic=tb3_0/cmd_vel/linear/x
2023-01-04	17:46:34.720 INFO     159ms 		for topic=tb3_0/imu/linear_acceleration/x
2023-01-04	17:46:35.995 INFO     666ms 		for topic=tb3_0/scan/ranges
2023-01-04	17:46:35.995 INFO     801ms 		for topic=tb3_0/cmd_vel/linear/x
2023-01-04	17:46:36.746 INFO     46ms 		for topic=tb3_0/odom/twist/twist/angular/z
2023-01-04	17:46:36.747 INFO     48ms 		for topic=tb3_0/joint_states/position
2023-01-04	17:46:37.226 INFO     259ms 		for topic=tb3_0/imu/linear_acceleration/x
2023-01-04	17:46:37.232 INFO     306ms 		for topic=tb3_0/cmd_vel/linear/x
2023-01-04	17:46:37.282 INFO     346ms 		for topic=tb3_0/scan/ranges
2023-01-04	17:46:38.276 INFO     100ms 		for topic=tb3_0/cmd_vel/linear/x
2023-01-04	17:46:38.296 INFO     120ms 		for topic=tb3_0/scan/ranges
2023-01-04	17:46:38.847 INFO     237ms 		for topic=tb3_0/odom/twist/twist/angular/z
2023-01-04	17:46:39.313 INFO     371ms 		for topic=tb3_0/imu/linear_acceleration/x
2023-01-04	17:46:39.313 INFO     431ms 		for topic=tb3_0/scan/ranges
2023-01-04	17:46:39.314 INFO     395ms 		for topic=tb3_0/cmd_vel/linear/x
2023-01-04	17:46:40.456 INFO     330ms 		for topic=tb3_0/scan/ranges
2023-01-04	17:46:40.573 INFO     402ms 		for topic=tb3_0/cmd_vel/linear/x
2023-01-04	17:46:40.873 INFO     692ms 		for topic=tb3_0/odom/twist/twist/angular/z
2023-01-04	17:46:41.648 INFO     375ms 		for topic=tb3_0/scan/ranges
2023-01-04	17:46:41.649 INFO     374ms 		for topic=tb3_0/cmd_vel/linear/x
2023-01-04	17:46:41.668 INFO     315ms 		for topic=tb3_0/imu/linear_acceleration/x
2023-01-04	17:46:41.961 INFO     19ms 		for topic=tb3_0/joint_states/position
2023-01-04	17:46:42.734 INFO     67ms 		for topic=tb3_0/scan/ranges
2023-01-04	17:46:42.942 INFO     207ms 		for topic=tb3_0/cmd_vel/linear/x
2023-01-04	17:46:43.207 INFO     6ms 		for topic=tb3_0/odom/twist/twist/angular/z
2023-01-04	17:46:43.875 INFO     41ms 		for topic=tb3_0/imu/linear_acceleration/x
2023-01-04	17:46:44.056 INFO     87ms 		for topic=tb3_0/cmd_vel/linear/x
2023-01-04	17:46:44.057 INFO     89ms 		for topic=tb3_0/scan/ranges
2023-01-04	17:46:45.189 INFO     739ms 		for topic=tb3_0/cmd_vel/linear/x
2023-01-04	17:46:45.555 INFO     299ms 		for topic=tb3_0/scan/ranges
2023-01-04	17:46:45.556 INFO     297ms 		for topic=tb3_0/odom/twist/twist/angular/z
2023-01-04	17:46:45.962 INFO     214ms 		for topic=tb3_0/imu/linear_acceleration/x
2023-01-04	17:46:46.580 INFO     36ms 		for topic=tb3_0/cmd_vel/linear/x
2023-01-04	17:46:46.659 INFO     19ms 		for topic=tb3_0/scan/ranges
2023-01-04	17:46:47.094 INFO     377ms 		for topic=tb3_0/joint_states/position
2023-01-04	17:46:47.672 INFO     318ms 		for topic=tb3_0/scan/ranges
2023-01-04	17:46:47.702 INFO     9ms 		for topic=tb3_0/cmd_vel/linear/x
2023-01-04	17:46:47.822 INFO     10ms 		for topic=tb3_0/odom/twist/twist/angular/z
2023-01-04	17:46:48.040 INFO     72ms 		for topic=tb3_0/imu/linear_acceleration/x
2023-01-04	17:46:48.837 INFO     113ms 		for topic=tb3_0/scan/ranges
2023-01-04	17:46:49.956 INFO     1229ms 		for topic=tb3_0/cmd_vel/linear/x
2023-01-04	17:46:49.961 INFO     1237ms 		for topic=tb3_0/scan/ranges
2023-01-04	17:46:49.972 INFO     1165ms 		for topic=tb3_0/odom/twist/twist/angular/z
2023-01-04	17:46:50.402 INFO     385ms 		for topic=tb3_0/imu/linear_acceleration/x
2023-01-04	17:46:51.016 INFO     299ms 		for topic=tb3_0/scan/ranges
2023-01-04	17:46:51.017 INFO     302ms 		for topic=tb3_0/cmd_vel/linear/x
2023-01-04	17:46:52.036 INFO     189ms 		for topic=tb3_0/odom/twist/twist/angular/z
2023-01-04	17:46:52.638 INFO     487ms 		for topic=tb3_0/scan/ranges
2023-01-04	17:46:52.644 INFO     493ms 		for topic=tb3_0/imu/linear_acceleration/x
2023-01-04	17:46:52.644 INFO     514ms 		for topic=tb3_0/joint_states/position
2023-01-04	17:46:52.644 INFO     504ms 		for topic=tb3_0/cmd_vel/linear/x
2023-01-04	17:46:54.120 INFO     694ms 		for topic=tb3_0/odom/twist/twist/angular/z
2023-01-04	17:46:54.562 INFO     327ms 		for topic=tb3_0/scan/ranges
2023-01-04	17:46:54.563 INFO     317ms 		for topic=tb3_0/cmd_vel/linear/x
2023-01-04	17:46:55.274 INFO     83ms 		for topic=tb3_0/imu/linear_acceleration/x
2023-01-04	17:46:56.585 INFO     1158ms 		for topic=tb3_0/odom/twist/twist/angular/z
2023-01-04	17:46:56.586 INFO     1160ms 		for topic=tb3_0/cmd_vel/linear/x
2023-01-04	17:46:56.586 INFO     1146ms 		for topic=tb3_0/scan/ranges
2023-01-04	17:46:57.653 INFO     467ms 		for topic=tb3_0/imu/linear_acceleration/x
2023-01-04	17:46:57.979 INFO     43ms 		for topic=tb3_0/cmd_vel/linear/x
2023-01-04	17:46:57.990 INFO     7ms 		for topic=tb3_0/scan/ranges
2023-01-04	17:46:58.553 INFO     3ms 		for topic=tb3_0/joint_states/position
2023-01-04	17:46:58.826 INFO     276ms 		for topic=tb3_0/odom/twist/twist/angular/z
2023-01-04	17:46:59.238 INFO     355ms 		for topic=tb3_0/cmd_vel/linear/x
2023-01-04	17:46:59.333 INFO     440ms 		for topic=tb3_0/scan/ranges
2023-01-04	17:46:59.703 INFO     78ms 		for topic=tb3_0/imu/linear_acceleration/x
2023-01-04	17:47:00.415 INFO     799ms 		for topic=tb3_0/scan/ranges
2023-01-04	17:47:00.415 INFO     694ms 		for topic=tb3_0/cmd_vel/linear/x
2023-01-04	17:47:01.023 INFO     371ms 		for topic=tb3_0/odom/twist/twist/angular/z
2023-01-04	17:47:01.505 INFO     888ms 		for topic=tb3_0/scan/ranges
2023-01-04	17:47:01.825 INFO     240ms 		for topic=tb3_0/imu/linear_acceleration/x
2023-01-04	17:47:02.491 INFO     1865ms 		for topic=tb3_0/cmd_vel/linear/x
2023-01-04	17:47:03.129 INFO     2512ms 		for topic=tb3_0/scan/ranges
2023-01-04	17:47:03.532 INFO     386ms 		for topic=tb3_0/cmd_vel/linear/x
2023-01-04	17:47:03.573 INFO     421ms 		for topic=tb3_0/joint_states/position
2023-01-04	17:47:03.744 INFO     588ms 		for topic=tb3_0/odom/twist/twist/angular/z
2023-01-04	17:47:04.226 INFO     1082ms 		for topic=tb3_0/scan/ranges
2023-01-04	17:47:04.516 INFO     198ms 		for topic=tb3_0/imu/linear_acceleration/x
2023-01-04	17:47:04.562 INFO     669ms 		for topic=tb3_0/cmd_vel/linear/x
2023-01-04	17:47:05.318 INFO     85ms 		for topic=tb3_0/scan/ranges
2023-01-04	17:47:05.933 INFO     693ms 		for topic=tb3_0/cmd_vel/linear/x
2023-01-04	17:47:05.934 INFO     610ms 		for topic=tb3_0/odom/twist/twist/angular/z
2023-01-04	17:47:06.591 INFO     320ms 		for topic=tb3_0/scan/ranges
2023-01-04	17:47:06.591 INFO     229ms 		for topic=tb3_0/imu/linear_acceleration/x
2023-01-04	17:47:07.177 INFO     908ms 		for topic=tb3_0/cmd_vel/linear/x
2023-01-04	17:47:08.095 INFO     31ms 		for topic=tb3_0/scan/ranges
2023-01-04	17:47:08.246 INFO     182ms 		for topic=tb3_0/cmd_vel/linear/x
2023-01-04	17:47:08.267 INFO     14ms 		for topic=tb3_0/odom/twist/twist/angular/z
2023-01-04	17:47:08.771 INFO     169ms 		for topic=tb3_0/joint_states/position
2023-01-04	17:47:09.569 INFO     579ms 		for topic=tb3_0/cmd_vel/linear/x
2023-01-04	17:47:09.569 INFO     735ms 		for topic=tb3_0/scan/ranges
2023-01-04	17:47:09.600 INFO     11ms 		for topic=tb3_0/imu/linear_acceleration/x
2023-01-04	17:47:10.280 INFO     39ms 		for topic=tb3_0/odom/twist/twist/angular/z
2023-01-04	17:47:10.675 INFO     137ms 		for topic=tb3_0/cmd_vel/linear/x
2023-01-04	17:47:10.954 INFO     407ms 		for topic=tb3_0/scan/ranges
2023-01-04	17:47:12.204 INFO     828ms 		for topic=tb3_0/scan/ranges
2023-01-04	17:47:12.228 INFO     14ms 		for topic=tb3_0/imu/linear_acceleration/x
2023-01-04	17:47:12.422 INFO     149ms 		for topic=tb3_0/odom/twist/twist/angular/z
2023-01-04	17:47:12.422 INFO     148ms 		for topic=tb3_0/cmd_vel/linear/x
2023-01-04	17:47:13.255 INFO     225ms 		for topic=tb3_0/scan/ranges
2023-01-04	17:47:14.237 INFO     850ms 		for topic=tb3_0/joint_states/position
2023-01-04	17:47:14.247 INFO     889ms 		for topic=tb3_0/cmd_vel/linear/x
2023-01-04	17:47:14.326 INFO     1296ms 		for topic=tb3_0/scan/ranges
2023-01-04	17:47:14.935 INFO     0ms 		for topic=tb3_0/imu/linear_acceleration/x
2023-01-04	17:47:15.324 INFO     320ms 		for topic=tb3_0/cmd_vel/linear/x
2023-01-04	17:47:15.325 INFO     321ms 		for topic=tb3_0/odom/twist/twist/angular/z
2023-01-04	17:47:15.522 INFO     75ms 		for topic=tb3_0/scan/ranges
2023-01-04	17:47:17.146 INFO     8ms 		for topic=tb3_0/imu/linear_acceleration/x
2023-01-04	17:47:17.309 INFO     146ms 		for topic=tb3_0/cmd_vel/linear/x
2023-01-04	17:47:17.786 INFO     589ms 		for topic=tb3_0/scan/ranges
2023-01-04	17:47:18.364 INFO     19ms 		for topic=tb3_0/cmd_vel/linear/x
2023-01-04	17:47:18.399 INFO     41ms 		for topic=tb3_0/odom/twist/twist/angular/z
2023-01-04	17:47:18.847 INFO     148ms 		for topic=tb3_0/scan/ranges
2023-01-04	17:47:19.176 INFO     46ms 		for topic=tb3_0/imu/linear_acceleration/x
2023-01-04	17:47:19.278 INFO     89ms 		for topic=tb3_0/joint_states/position
2023-01-04	17:47:19.969 INFO     842ms 		for topic=tb3_0/scan/ranges
2023-01-04	17:47:19.975 INFO     795ms 		for topic=tb3_0/cmd_vel/linear/x
2023-01-04	17:47:20.465 INFO     420ms 		for topic=tb3_0/odom/twist/twist/angular/z
2023-01-04	17:47:21.372 INFO     302ms 		for topic=tb3_0/scan/ranges
2023-01-04	17:47:21.372 INFO     833ms 		for topic=tb3_0/imu/linear_acceleration/x
2023-01-04	17:47:21.587 INFO     105ms 		for topic=tb3_0/cmd_vel/linear/x
2023-01-04	17:47:22.546 INFO     206ms 		for topic=tb3_0/odom/twist/twist/angular/z
2023-01-04	17:47:22.646 INFO     19ms 		for topic=tb3_0/scan/ranges
2023-01-04	17:47:22.740 INFO     36ms 		for topic=tb3_0/cmd_vel/linear/x
2023-01-04	17:47:23.840 INFO     498ms 		for topic=tb3_0/imu/linear_acceleration/x
2023-01-04	17:47:23.851 INFO     585ms 		for topic=tb3_0/scan/ranges
2023-01-04	17:47:24.337 INFO     7ms 		for topic=tb3_0/joint_states/position
2023-01-04	17:47:24.343 INFO     15ms 		for topic=tb3_0/cmd_vel/linear/x
2023-01-04	17:47:24.568 INFO     2ms 		for topic=tb3_0/odom/twist/twist/angular/z
2023-01-04	17:47:25.640 INFO     34ms 		for topic=tb3_0/scan/ranges
2023-01-04	17:47:25.878 INFO     207ms 		for topic=tb3_0/cmd_vel/linear/x
2023-01-04	17:47:25.879 INFO     77ms 		for topic=tb3_0/imu/linear_acceleration/x
2023-01-04	17:47:26.706 INFO     471ms 		for topic=tb3_0/scan/ranges
2023-01-04	17:47:27.171 INFO     853ms 		for topic=tb3_0/odom/twist/twist/angular/z
2023-01-04	17:47:27.172 INFO     926ms 		for topic=tb3_0/cmd_vel/linear/x
2023-01-04	17:47:28.052 INFO     10ms 		for topic=tb3_0/scan/ranges
2023-01-04	17:47:28.271 INFO     219ms 		for topic=tb3_0/imu/linear_acceleration/x
2023-01-04	17:47:29.686 INFO     594ms 		for topic=tb3_0/joint_states/position
2023-01-04	17:47:29.687 INFO     594ms 		for topic=tb3_0/odom/twist/twist/angular/z
2023-01-04	17:47:29.688 INFO     634ms 		for topic=tb3_0/cmd_vel/linear/x
2023-01-04	17:47:30.055 INFO     1593ms 		for topic=tb3_0/scan/ranges
2023-01-04	17:47:31.461 INFO     585ms 		for topic=tb3_0/scan/ranges
2023-01-04	17:47:31.462 INFO     373ms 		for topic=tb3_0/cmd_vel/linear/x
2023-01-04	17:47:31.836 INFO     1ms 		for topic=tb3_0/imu/linear_acceleration/x
2023-01-04	17:47:32.545 INFO     656ms 		for topic=tb3_0/odom/twist/twist/angular/z
2023-01-04	17:47:33.263 INFO     1400ms 		for topic=tb3_0/cmd_vel/linear/x
2023-01-04	17:47:33.264 INFO     1377ms 		for topic=tb3_0/scan/ranges
2023-01-04	17:47:34.643 INFO     311ms 		for topic=tb3_0/cmd_vel/linear/x
2023-01-04	17:47:34.643 INFO     310ms 		for topic=tb3_0/imu/linear_acceleration/x
2023-01-04	17:47:34.644 INFO     356ms 		for topic=tb3_0/scan/ranges
2023-01-04	17:47:35.275 INFO     10ms 		for topic=tb3_0/odom/twist/twist/angular/z
2023-01-04	17:47:35.476 INFO     130ms 		for topic=tb3_0/joint_states/position
2023-01-04	17:47:35.955 INFO     356ms 		for topic=tb3_0/cmd_vel/linear/x
2023-01-04	17:47:37.395 INFO     397ms 		for topic=tb3_0/scan/ranges
2023-01-04	17:47:37.577 INFO     1ms 		for topic=tb3_0/imu/linear_acceleration/x
2023-01-04	17:47:37.938 INFO     453ms 		for topic=tb3_0/cmd_vel/linear/x
2023-01-04	17:47:38.012 INFO     64ms 		for topic=tb3_0/odom/twist/twist/angular/z
2023-01-04	17:47:38.748 INFO     684ms 		for topic=tb3_0/scan/ranges
2023-01-04	17:47:39.480 INFO     142ms 		for topic=tb3_0/cmd_vel/linear/x
2023-01-04	17:47:39.609 INFO     129ms 		for topic=tb3_0/imu/linear_acceleration/x
2023-01-04	17:47:39.888 INFO     973ms 		for topic=tb3_0/scan/ranges
2023-01-04	17:47:40.594 INFO     576ms 		for topic=tb3_0/odom/twist/twist/angular/z
2023-01-04	17:47:40.600 INFO     582ms 		for topic=tb3_0/cmd_vel/linear/x
2023-01-04	17:47:40.985 INFO     977ms 		for topic=tb3_0/scan/ranges
2023-01-04	17:47:41.290 INFO     20ms 		for topic=tb3_0/joint_states/position
2023-01-04	17:47:41.625 INFO     20ms 		for topic=tb3_0/cmd_vel/linear/x
2023-01-04	17:47:41.807 INFO     183ms 		for topic=tb3_0/imu/linear_acceleration/x
2023-01-04	17:47:42.015 INFO     56ms 		for topic=tb3_0/scan/ranges
2023-01-04	17:47:42.727 INFO     6ms 		for topic=tb3_0/odom/twist/twist/angular/z
2023-01-04	17:47:42.920 INFO     748ms 		for topic=tb3_0/cmd_vel/linear/x