2023-01-04	17:39:35.002 INFO     Watching for file changes with StatReloader
2023-01-04	17:39:35.125 INFO     Connection to ROS ready.
2023-01-04	17:39:35.125 INFO     Successfully connected to ROS bridge from listener
2023-01-04	17:39:35.126 INFO     Starting factory <roslibpy.comm.comm_autobahn.AutobahnRosBridgeClientFactory object at 0x7ff985985550>
2023-01-04	17:39:40.009 INFO     Connection to ROS ready.
2023-01-04	17:39:40.009 INFO     Successfully connected to ROS bridge from Ros Connector
2023-01-04	17:39:40.009 INFO     Generating new MQTT Forwarder
2023-01-04	17:39:40.010 INFO     local mqtt is set up
2023-01-04	17:39:58.368 INFO     Created subscriber on cmd_vel
2023-01-04	17:39:58.369 INFO     Created subscriber on odom
2023-01-04	17:39:58.370 INFO     Created subscriber on joint_states
2023-01-04	17:39:58.370 INFO     Created subscriber on imu
2023-01-04	17:39:58.372 INFO     Created subscriber on scan
2023-01-04	17:39:59.518 INFO     737ms 		for topic=tb3_0/cmd_vel/linear/x
2023-01-04	17:39:59.518 INFO     3ms 		for topic=tb3_0/scan/ranges
2023-01-04	17:40:00.420 INFO     501ms 		for topic=tb3_0/odom/twist/twist/angular/z
2023-01-04	17:40:00.420 INFO     498ms 		for topic=tb3_0/imu/linear_acceleration/x
2023-01-04	17:40:00.823 INFO     902ms 		for topic=tb3_0/cmd_vel/linear/x
2023-01-04	17:40:00.855 INFO     306ms 		for topic=tb3_0/scan/ranges
2023-01-04	17:40:02.519 INFO     252ms 		for topic=tb3_0/cmd_vel/linear/x
2023-01-04	17:40:02.846 INFO     312ms 		for topic=tb3_0/scan/ranges
2023-01-04	17:40:02.902 INFO     126ms 		for topic=tb3_0/odom/twist/twist/angular/z
2023-01-04	17:40:03.380 INFO     70ms 		for topic=tb3_0/joint_states/position
2023-01-04	17:40:03.541 INFO     11ms 		for topic=tb3_0/imu/linear_acceleration/x
2023-01-04	17:40:03.745 INFO     219ms 		for topic=tb3_0/cmd_vel/linear/x
2023-01-04	17:40:04.200 INFO     555ms 		for topic=tb3_0/scan/ranges
2023-01-04	17:40:04.874 INFO     521ms 		for topic=tb3_0/cmd_vel/linear/x
2023-01-04	17:40:05.753 INFO     1119ms 		for topic=tb3_0/odom/twist/twist/angular/z
2023-01-04	17:40:05.754 INFO     538ms 		for topic=tb3_0/imu/linear_acceleration/x
2023-01-04	17:40:05.754 INFO     2109ms 		for topic=tb3_0/scan/ranges
2023-01-04	17:40:06.235 INFO     462ms 		for topic=tb3_0/cmd_vel/linear/x
2023-01-04	17:40:07.369 INFO     803ms 		for topic=tb3_0/scan/ranges
2023-01-04	17:40:07.628 INFO     691ms 		for topic=tb3_0/cmd_vel/linear/x
2023-01-04	17:40:07.806 INFO     124ms 		for topic=tb3_0/odom/twist/twist/angular/z
2023-01-04	17:40:08.356 INFO     6ms 		for topic=tb3_0/imu/linear_acceleration/x
2023-01-04	17:40:08.411 INFO     514ms 		for topic=tb3_0/scan/ranges
2023-01-04	17:40:08.412 INFO     64ms 		for topic=tb3_0/joint_states/position
2023-01-04	17:40:08.731 INFO     383ms 		for topic=tb3_0/cmd_vel/linear/x
2023-01-04	17:40:09.491 INFO     214ms 		for topic=tb3_0/scan/ranges
2023-01-04	17:40:10.276 INFO     387ms 		for topic=tb3_0/odom/twist/twist/angular/z
2023-01-04	17:40:10.276 INFO     435ms 		for topic=tb3_0/cmd_vel/linear/x
2023-01-04	17:40:10.727 INFO     915ms 		for topic=tb3_0/scan/ranges
2023-01-04	17:40:10.727 INFO     315ms 		for topic=tb3_0/imu/linear_acceleration/x
2023-01-04	17:40:11.404 INFO     239ms 		for topic=tb3_0/cmd_vel/linear/x
2023-01-04	17:40:12.073 INFO     242ms 		for topic=tb3_0/scan/ranges
2023-01-04	17:40:12.486 INFO     381ms 		for topic=tb3_0/odom/twist/twist/angular/z
2023-01-04	17:40:12.508 INFO     405ms 		for topic=tb3_0/cmd_vel/linear/x
2023-01-04	17:40:13.085 INFO     86ms 		for topic=tb3_0/imu/linear_acceleration/x
2023-01-04	17:40:13.104 INFO     485ms 		for topic=tb3_0/scan/ranges
2023-01-04	17:40:13.936 INFO     789ms 		for topic=tb3_0/cmd_vel/linear/x
2023-01-04	17:40:13.936 INFO     508ms 		for topic=tb3_0/joint_states/position
2023-01-04	17:40:14.120 INFO     684ms 		for topic=tb3_0/scan/ranges
2023-01-04	17:40:14.525 INFO     205ms 		for topic=tb3_0/odom/twist/twist/angular/z
2023-01-04	17:40:15.182 INFO     440ms 		for topic=tb3_0/scan/ranges
2023-01-04	17:40:15.405 INFO     676ms 		for topic=tb3_0/cmd_vel/linear/x
2023-01-04	17:40:15.431 INFO     16ms 		for topic=tb3_0/imu/linear_acceleration/x
2023-01-04	17:40:16.546 INFO     19ms 		for topic=tb3_0/odom/twist/twist/angular/z
2023-01-04	17:40:16.612 INFO     141ms 		for topic=tb3_0/scan/ranges
2023-01-04	17:40:16.646 INFO     131ms 		for topic=tb3_0/cmd_vel/linear/x
2023-01-04	17:40:17.859 INFO     269ms 		for topic=tb3_0/imu/linear_acceleration/x
2023-01-04	17:40:17.914 INFO     362ms 		for topic=tb3_0/scan/ranges
2023-01-04	17:40:18.230 INFO     321ms 		for topic=tb3_0/cmd_vel/linear/x
2023-01-04	17:40:18.731 INFO     821ms 		for topic=tb3_0/odom/twist/twist/angular/z
2023-01-04	17:40:18.947 INFO     111ms 		for topic=tb3_0/scan/ranges
2023-01-04	17:40:19.226 INFO     4ms 		for topic=tb3_0/joint_states/position
2023-01-04	17:40:19.313 INFO     127ms 		for topic=tb3_0/cmd_vel/linear/x
2023-01-04	17:40:20.177 INFO     395ms 		for topic=tb3_0/imu/linear_acceleration/x
2023-01-04	17:40:20.178 INFO     428ms 		for topic=tb3_0/scan/ranges
2023-01-04	17:40:20.349 INFO     591ms 		for topic=tb3_0/cmd_vel/linear/x
2023-01-04	17:40:21.098 INFO     702ms 		for topic=tb3_0/odom/twist/twist/angular/z
2023-01-04	17:40:22.202 INFO     14ms 		for topic=tb3_0/scan/ranges
2023-01-04	17:40:22.381 INFO     427ms 		for topic=tb3_0/cmd_vel/linear/x
2023-01-04	17:40:22.381 INFO     1ms 		for topic=tb3_0/imu/linear_acceleration/x
2023-01-04	17:40:23.506 INFO     333ms 		for topic=tb3_0/scan/ranges
2023-01-04	17:40:23.507 INFO     336ms 		for topic=tb3_0/cmd_vel/linear/x
2023-01-04	17:40:23.507 INFO     326ms 		for topic=tb3_0/odom/twist/twist/angular/z
2023-01-04	17:40:24.297 INFO     721ms 		for topic=tb3_0/joint_states/position
2023-01-04	17:40:24.693 INFO     130ms 		for topic=tb3_0/scan/ranges
2023-01-04	17:40:24.724 INFO     6ms 		for topic=tb3_0/imu/linear_acceleration/x
2023-01-04	17:40:25.938 INFO     730ms 		for topic=tb3_0/cmd_vel/linear/x
2023-01-04	17:40:25.939 INFO     739ms 		for topic=tb3_0/scan/ranges
2023-01-04	17:40:26.343 INFO     43ms 		for topic=tb3_0/odom/twist/twist/angular/z
2023-01-04	17:40:26.806 INFO     341ms 		for topic=tb3_0/imu/linear_acceleration/x
2023-01-04	17:40:27.480 INFO     586ms 		for topic=tb3_0/scan/ranges
2023-01-04	17:40:27.516 INFO     647ms 		for topic=tb3_0/cmd_vel/linear/x
2023-01-04	17:40:28.559 INFO     87ms 		for topic=tb3_0/cmd_vel/linear/x
2023-01-04	17:40:28.793 INFO     229ms 		for topic=tb3_0/scan/ranges
2023-01-04	17:40:28.873 INFO     62ms 		for topic=tb3_0/imu/linear_acceleration/x
2023-01-04	17:40:28.878 INFO     69ms 		for topic=tb3_0/odom/twist/twist/angular/z
2023-01-04	17:40:29.353 INFO     201ms 		for topic=tb3_0/joint_states/position
2023-01-04	17:40:30.034 INFO     890ms 		for topic=tb3_0/cmd_vel/linear/x
2023-01-04	17:40:30.034 INFO     975ms 		for topic=tb3_0/scan/ranges
2023-01-04	17:40:31.216 INFO     64ms 		for topic=tb3_0/cmd_vel/linear/x
2023-01-04	17:40:31.217 INFO     52ms 		for topic=tb3_0/odom/twist/twist/angular/z
2023-01-04	17:40:31.455 INFO     1ms 		for topic=tb3_0/imu/linear_acceleration/x
2023-01-04	17:40:31.500 INFO     49ms 		for topic=tb3_0/scan/ranges
2023-01-04	17:40:32.596 INFO     1165ms 		for topic=tb3_0/cmd_vel/linear/x
2023-01-04	17:40:33.375 INFO     121ms 		for topic=tb3_0/scan/ranges
2023-01-04	17:40:33.581 INFO     86ms 		for topic=tb3_0/odom/twist/twist/angular/z
2023-01-04	17:40:33.622 INFO     77ms 		for topic=tb3_0/imu/linear_acceleration/x
2023-01-04	17:40:33.642 INFO     17ms 		for topic=tb3_0/cmd_vel/linear/x
2023-01-04	17:40:34.372 INFO     515ms 		for topic=tb3_0/joint_states/position
2023-01-04	17:40:34.641 INFO     875ms 		for topic=tb3_0/scan/ranges
2023-01-04	17:40:34.734 INFO     7ms 		for topic=tb3_0/cmd_vel/linear/x
2023-01-04	17:40:35.653 INFO     31ms 		for topic=tb3_0/odom/twist/twist/angular/z
2023-01-04	17:40:35.694 INFO     480ms 		for topic=tb3_0/scan/ranges
2023-01-04	17:40:35.695 INFO     43ms 		for topic=tb3_0/imu/linear_acceleration/x
2023-01-04	17:40:35.811 INFO     41ms 		for topic=tb3_0/cmd_vel/linear/x
2023-01-04	17:40:36.932 INFO     399ms 		for topic=tb3_0/scan/ranges
2023-01-04	17:40:37.343 INFO     48ms 		for topic=tb3_0/cmd_vel/linear/x
2023-01-04	17:40:37.666 INFO     61ms 		for topic=tb3_0/odom/twist/twist/angular/z
2023-01-04	17:40:38.153 INFO     254ms 		for topic=tb3_0/imu/linear_acceleration/x
2023-01-04	17:40:38.370 INFO     623ms 		for topic=tb3_0/scan/ranges
2023-01-04	17:40:38.376 INFO     556ms 		for topic=tb3_0/cmd_vel/linear/x
2023-01-04	17:40:39.503 INFO     547ms 		for topic=tb3_0/scan/ranges
2023-01-04	17:40:39.503 INFO     544ms 		for topic=tb3_0/joint_states/position
2023-01-04	17:40:39.570 INFO     16ms 		for topic=tb3_0/cmd_vel/linear/x
2023-01-04	17:40:39.728 INFO     24ms 		for topic=tb3_0/odom/twist/twist/angular/z
2023-01-04	17:40:40.199 INFO     475ms 		for topic=tb3_0/imu/linear_acceleration/x
2023-01-04	17:40:40.564 INFO     118ms 		for topic=tb3_0/scan/ranges
2023-01-04	17:40:41.481 INFO     399ms 		for topic=tb3_0/cmd_vel/linear/x
2023-01-04	17:40:41.959 INFO     130ms 		for topic=tb3_0/scan/ranges
2023-01-04	17:40:42.710 INFO     320ms 		for topic=tb3_0/cmd_vel/linear/x
2023-01-04	17:40:42.853 INFO     107ms 		for topic=tb3_0/imu/linear_acceleration/x
2023-01-04	17:40:42.858 INFO     380ms 		for topic=tb3_0/odom/twist/twist/angular/z
2023-01-04	17:40:43.279 INFO     127ms 		for topic=tb3_0/scan/ranges
2023-01-04	17:40:43.735 INFO     39ms 		for topic=tb3_0/cmd_vel/linear/x
2023-01-04	17:40:44.722 INFO     259ms 		for topic=tb3_0/joint_states/position
2023-01-04	17:40:44.723 INFO     257ms 		for topic=tb3_0/scan/ranges
2023-01-04	17:40:44.894 INFO     733ms 		for topic=tb3_0/cmd_vel/linear/x
2023-01-04	17:40:45.322 INFO     300ms 		for topic=tb3_0/imu/linear_acceleration/x
2023-01-04	17:40:45.656 INFO     653ms 		for topic=tb3_0/odom/twist/twist/angular/z
2023-01-04	17:40:45.743 INFO     1278ms 		for topic=tb3_0/scan/ranges
2023-01-04	17:40:45.936 INFO     943ms 		for topic=tb3_0/cmd_vel/linear/x
2023-01-04	17:40:46.995 INFO     58ms 		for topic=tb3_0/cmd_vel/linear/x
2023-01-04	17:40:47.079 INFO     90ms 		for topic=tb3_0/scan/ranges
2023-01-04	17:40:47.578 INFO     299ms 		for topic=tb3_0/imu/linear_acceleration/x
2023-01-04	17:40:47.926 INFO     650ms 		for topic=tb3_0/odom/twist/twist/angular/z
2023-01-04	17:40:48.024 INFO     5ms 		for topic=tb3_0/cmd_vel/linear/x
2023-01-04	17:40:48.244 INFO     202ms 		for topic=tb3_0/scan/ranges
2023-01-04	17:40:49.285 INFO     223ms 		for topic=tb3_0/cmd_vel/linear/x
2023-01-04	17:40:49.536 INFO     474ms 		for topic=tb3_0/scan/ranges
2023-01-04	17:40:49.599 INFO     69ms 		for topic=tb3_0/imu/linear_acceleration/x
2023-01-04	17:40:50.092 INFO     271ms 		for topic=tb3_0/joint_states/position
2023-01-04	17:40:50.103 INFO     303ms 		for topic=tb3_0/odom/twist/twist/angular/z
2023-01-04	17:40:50.446 INFO     177ms 		for topic=tb3_0/cmd_vel/linear/x
2023-01-04	17:40:50.578 INFO     313ms 		for topic=tb3_0/scan/ranges
2023-01-04	17:40:51.820 INFO     634ms 		for topic=tb3_0/cmd_vel/linear/x
2023-01-04	17:40:51.821 INFO     1057ms 		for topic=tb3_0/scan/ranges
2023-01-04	17:40:51.821 INFO     631ms 		for topic=tb3_0/imu/linear_acceleration/x
2023-01-04	17:40:52.363 INFO     316ms 		for topic=tb3_0/odom/twist/twist/angular/z
2023-01-04	17:40:52.993 INFO     364ms 		for topic=tb3_0/cmd_vel/linear/x
2023-01-04	17:40:52.993 INFO     393ms 		for topic=tb3_0/scan/ranges
2023-01-04	17:40:54.006 INFO     199ms 		for topic=tb3_0/imu/linear_acceleration/x
2023-01-04	17:40:54.240 INFO     572ms 		for topic=tb3_0/cmd_vel/linear/x
2023-01-04	17:40:54.240 INFO     588ms 		for topic=tb3_0/scan/ranges
2023-01-04	17:40:54.536 INFO     816ms 		for topic=tb3_0/odom/twist/twist/angular/z
2023-01-04	17:40:55.127 INFO     87ms 		for topic=tb3_0/joint_states/position
2023-01-04	17:40:55.828 INFO     33ms 		for topic=tb3_0/cmd_vel/linear/x
2023-01-04	17:40:55.944 INFO     139ms 		for topic=tb3_0/scan/ranges
2023-01-04	17:40:56.263 INFO     31ms 		for topic=tb3_0/imu/linear_acceleration/x
2023-01-04	17:40:56.857 INFO     640ms 		for topic=tb3_0/cmd_vel/linear/x
2023-01-04	17:40:57.306 INFO     308ms 		for topic=tb3_0/scan/ranges
2023-01-04	17:40:57.307 INFO     298ms 		for topic=tb3_0/odom/twist/twist/angular/z
2023-01-04	17:40:57.907 INFO     565ms 		for topic=tb3_0/cmd_vel/linear/x
2023-01-04	17:40:58.389 INFO     16ms 		for topic=tb3_0/imu/linear_acceleration/x
2023-01-04	17:40:58.702 INFO     715ms 		for topic=tb3_0/scan/ranges
2023-01-04	17:40:59.285 INFO     853ms 		for topic=tb3_0/cmd_vel/linear/x
2023-01-04	17:40:59.772 INFO     188ms 		for topic=tb3_0/scan/ranges
2023-01-04	17:41:00.008 INFO     138ms 		for topic=tb3_0/odom/twist/twist/angular/z
2023-01-04	17:41:00.357 INFO     340ms 		for topic=tb3_0/joint_states/position
2023-01-04	17:41:00.779 INFO     389ms 		for topic=tb3_0/imu/linear_acceleration/x
2023-01-04	17:41:00.798 INFO     14ms 		for topic=tb3_0/scan/ranges
2023-01-04	17:41:01.325 INFO     414ms 		for topic=tb3_0/cmd_vel/linear/x
2023-01-04	17:41:02.046 INFO     245ms 		for topic=tb3_0/odom/twist/twist/angular/z
2023-01-04	17:41:02.411 INFO     613ms 		for topic=tb3_0/cmd_vel/linear/x
2023-01-04	17:41:02.411 INFO     611ms 		for topic=tb3_0/scan/ranges
2023-01-04	17:41:03.085 INFO     310ms 		for topic=tb3_0/imu/linear_acceleration/x
2023-01-04	17:41:03.827 INFO     1076ms 		for topic=tb3_0/cmd_vel/linear/x
2023-01-04	17:41:03.827 INFO     655ms 		for topic=tb3_0/scan/ranges
2023-01-04	17:41:04.163 INFO     201ms 		for topic=tb3_0/odom/twist/twist/angular/z
2023-01-04	17:41:04.951 INFO     513ms 		for topic=tb3_0/cmd_vel/linear/x
2023-01-04	17:41:04.987 INFO     787ms 		for topic=tb3_0/scan/ranges
2023-01-04	17:41:05.375 INFO     892ms 		for topic=tb3_0/joint_states/position
2023-01-04	17:41:06.108 INFO     522ms 		for topic=tb3_0/imu/linear_acceleration/x
2023-01-04	17:41:06.279 INFO     1ms 		for topic=tb3_0/odom/twist/twist/angular/z
2023-01-04	17:41:06.832 INFO     7ms 		for topic=tb3_0/scan/ranges
2023-01-04	17:41:06.888 INFO     62ms 		for topic=tb3_0/cmd_vel/linear/x
2023-01-04	17:41:08.114 INFO     996ms 		for topic=tb3_0/cmd_vel/linear/x
2023-01-04	17:41:08.114 INFO     1091ms 		for topic=tb3_0/scan/ranges
2023-01-04	17:41:08.215 INFO     8ms 		for topic=tb3_0/imu/linear_acceleration/x
2023-01-04	17:41:08.912 INFO     673ms 		for topic=tb3_0/odom/twist/twist/angular/z
2023-01-04	17:41:09.454 INFO     399ms 		for topic=tb3_0/cmd_vel/linear/x
2023-01-04	17:41:09.637 INFO     584ms 		for topic=tb3_0/scan/ranges
2023-01-04	17:41:10.254 INFO     6ms 		for topic=tb3_0/imu/linear_acceleration/x
2023-01-04	17:41:10.456 INFO     423ms 		for topic=tb3_0/joint_states/position
2023-01-04	17:41:10.705 INFO     529ms 		for topic=tb3_0/cmd_vel/linear/x
2023-01-04	17:41:10.706 INFO     715ms 		for topic=tb3_0/scan/ranges
2023-01-04	17:41:11.055 INFO     1023ms 		for topic=tb3_0/odom/twist/twist/angular/z
2023-01-04	17:41:11.914 INFO     1738ms 		for topic=tb3_0/cmd_vel/linear/x
2023-01-04	17:41:12.361 INFO     2370ms 		for topic=tb3_0/scan/ranges
2023-01-04	17:41:12.362 INFO     372ms 		for topic=tb3_0/imu/linear_acceleration/x
2023-01-04	17:41:13.017 INFO     273ms 		for topic=tb3_0/cmd_vel/linear/x
2023-01-04	17:41:13.269 INFO     131ms 		for topic=tb3_0/odom/twist/twist/angular/z
2023-01-04	17:41:13.527 INFO     456ms 		for topic=tb3_0/scan/ranges
2023-01-04	17:41:14.156 INFO     1076ms 		for topic=tb3_0/cmd_vel/linear/x
2023-01-04	17:41:14.457 INFO     26ms 		for topic=tb3_0/imu/linear_acceleration/x
2023-01-04	17:41:15.372 INFO     832ms 		for topic=tb3_0/cmd_vel/linear/x
2023-01-04	17:41:15.396 INFO     9ms 		for topic=tb3_0/odom/twist/twist/angular/z
2023-01-04	17:41:15.415 INFO     25ms 		for topic=tb3_0/scan/ranges
2023-01-04	17:41:15.592 INFO     22ms 		for topic=tb3_0/joint_states/position
2023-01-04	17:41:16.394 INFO     633ms 		for topic=tb3_0/cmd_vel/linear/x
2023-01-04	17:41:16.505 INFO     782ms 		for topic=tb3_0/scan/ranges
2023-01-04	17:41:16.505 INFO     6ms 		for topic=tb3_0/imu/linear_acceleration/x
2023-01-04	17:41:17.409 INFO     747ms 		for topic=tb3_0/cmd_vel/linear/x
2023-01-04	17:41:17.409 INFO     322ms 		for topic=tb3_0/odom/twist/twist/angular/z
2023-01-04	17:41:17.922 INFO     310ms 		for topic=tb3_0/scan/ranges
2023-01-04	17:41:18.745 INFO     1208ms 		for topic=tb3_0/cmd_vel/linear/x
2023-01-04	17:41:19.121 INFO     1509ms 		for topic=tb3_0/scan/ranges
2023-01-04	17:41:19.132 INFO     1ms 		for topic=tb3_0/imu/linear_acceleration/x
2023-01-04	17:41:19.621 INFO     1998ms 		for topic=tb3_0/odom/twist/twist/angular/z
2023-01-04	17:41:20.160 INFO     19ms 		for topic=tb3_0/scan/ranges
2023-01-04	17:41:20.181 INFO     30ms 		for topic=tb3_0/cmd_vel/linear/x
2023-01-04	17:41:21.200 INFO     117ms 		for topic=tb3_0/imu/linear_acceleration/x
2023-01-04	17:41:21.221 INFO     373ms 		for topic=tb3_0/joint_states/position
2023-01-04	17:41:21.357 INFO     577ms 		for topic=tb3_0/scan/ranges
2023-01-04	17:41:21.423 INFO     577ms 		for topic=tb3_0/cmd_vel/linear/x
2023-01-04	17:41:21.652 INFO     774ms 		for topic=tb3_0/odom/twist/twist/angular/z
2023-01-04	17:41:22.742 INFO     760ms 		for topic=tb3_0/cmd_vel/linear/x
2023-01-04	17:41:22.901 INFO     63ms 		for topic=tb3_0/scan/ranges
2023-01-04	17:41:23.362 INFO     163ms 		for topic=tb3_0/imu/linear_acceleration/x
2023-01-04	17:41:24.013 INFO     360ms 		for topic=tb3_0/cmd_vel/linear/x
2023-01-04	17:41:24.019 INFO     407ms 		for topic=tb3_0/scan/ranges
2023-01-04	17:41:24.359 INFO     709ms 		for topic=tb3_0/odom/twist/twist/angular/z
2023-01-04	17:41:25.368 INFO     1715ms 		for topic=tb3_0/cmd_vel/linear/x
2023-01-04	17:41:25.457 INFO     1ms 		for topic=tb3_0/scan/ranges
2023-01-04	17:41:25.468 INFO     29ms 		for topic=tb3_0/imu/linear_acceleration/x
2023-01-04	17:41:26.398 INFO     958ms 		for topic=tb3_0/joint_states/position
2023-01-04	17:41:26.505 INFO     112ms 		for topic=tb3_0/scan/ranges
2023-01-04	17:41:26.505 INFO     116ms 		for topic=tb3_0/cmd_vel/linear/x
2023-01-04	17:41:26.787 INFO     36ms 		for topic=tb3_0/odom/twist/twist/angular/z
2023-01-04	17:41:27.538 INFO     77ms 		for topic=tb3_0/imu/linear_acceleration/x
2023-01-04	17:41:27.924 INFO     1200ms 		for topic=tb3_0/scan/ranges
2023-01-04	17:41:28.071 INFO     1321ms 		for topic=tb3_0/cmd_vel/linear/x
2023-01-04	17:41:28.841 INFO     54ms 		for topic=tb3_0/odom/twist/twist/angular/z
2023-01-04	17:41:29.227 INFO     673ms 		for topic=tb3_0/scan/ranges
2023-01-04	17:41:29.227 INFO     671ms 		for topic=tb3_0/cmd_vel/linear/x
2023-01-04	17:41:30.027 INFO     98ms 		for topic=tb3_0/imu/linear_acceleration/x
2023-01-04	17:41:30.476 INFO     448ms 		for topic=tb3_0/scan/ranges
2023-01-04	17:41:30.517 INFO     23ms 		for topic=tb3_0/cmd_vel/linear/x
2023-01-04	17:41:31.420 INFO     6ms 		for topic=tb3_0/odom/twist/twist/angular/z
2023-01-04	17:41:31.817 INFO     33ms 		for topic=tb3_0/joint_states/position
2023-01-04	17:41:31.822 INFO     79ms 		for topic=tb3_0/cmd_vel/linear/x
2023-01-04	17:41:31.927 INFO     12ms 		for topic=tb3_0/scan/ranges
2023-01-04	17:41:32.040 INFO     16ms 		for topic=tb3_0/imu/linear_acceleration/x
2023-01-04	17:41:33.040 INFO     890ms 		for topic=tb3_0/cmd_vel/linear/x
2023-01-04	17:41:33.110 INFO     949ms 		for topic=tb3_0/scan/ranges
2023-01-04	17:41:33.459 INFO     42ms 		for topic=tb3_0/odom/twist/twist/angular/z
2023-01-04	17:41:34.134 INFO     1ms 		for topic=tb3_0/imu/linear_acceleration/x
2023-01-04	17:41:34.134 INFO     12ms 		for topic=tb3_0/cmd_vel/linear/x
2023-01-04	17:41:34.402 INFO     273ms 		for topic=tb3_0/scan/ranges
2023-01-04	17:41:35.459 INFO     29ms 		for topic=tb3_0/cmd_vel/linear/x
2023-01-04	17:41:35.783 INFO     438ms 		for topic=tb3_0/scan/ranges
2023-01-04	17:41:36.021 INFO     224ms 		for topic=tb3_0/odom/twist/twist/angular/z
2023-01-04	17:41:36.382 INFO     62ms 		for topic=tb3_0/imu/linear_acceleration/x
2023-01-04	17:41:36.646 INFO     86ms 		for topic=tb3_0/cmd_vel/linear/x
2023-01-04	17:41:36.945 INFO     377ms 		for topic=tb3_0/scan/ranges
2023-01-04	17:41:37.065 INFO     38ms 		for topic=tb3_0/joint_states/position
2023-01-04	17:41:37.739 INFO     712ms 		for topic=tb3_0/cmd_vel/linear/x
2023-01-04	17:41:37.970 INFO     179ms 		for topic=tb3_0/scan/ranges
2023-01-04	17:41:38.138 INFO     126ms 		for topic=tb3_0/odom/twist/twist/angular/z
2023-01-04	17:41:38.422 INFO     0ms 		for topic=tb3_0/imu/linear_acceleration/x
2023-01-04	17:41:38.752 INFO     739ms 		for topic=tb3_0/cmd_vel/linear/x
2023-01-04	17:41:39.013 INFO     16ms 		for topic=tb3_0/scan/ranges
2023-01-04	17:41:39.853 INFO     503ms 		for topic=tb3_0/cmd_vel/linear/x
2023-01-04	17:41:40.132 INFO     236ms 		for topic=tb3_0/scan/ranges
2023-01-04	17:41:40.249 INFO     34ms 		for topic=tb3_0/odom/twist/twist/angular/z
2023-01-04	17:41:40.830 INFO     488ms 		for topic=tb3_0/imu/linear_acceleration/x
2023-01-04	17:41:41.219 INFO     5ms 		for topic=tb3_0/scan/ranges
2023-01-04	17:41:41.271 INFO     37ms 		for topic=tb3_0/cmd_vel/linear/x
2023-01-04	17:41:42.471 INFO     472ms 		for topic=tb3_0/joint_states/position
2023-01-04	17:41:42.476 INFO     962ms 		for topic=tb3_0/scan/ranges
2023-01-04	17:41:42.487 INFO     488ms 		for topic=tb3_0/cmd_vel/linear/x
2023-01-04	17:41:42.596 INFO     118ms 		for topic=tb3_0/odom/twist/twist/angular/z
2023-01-04	17:41:43.133 INFO     652ms 		for topic=tb3_0/imu/linear_acceleration/x
2023-01-04	17:41:44.336 INFO     721ms 		for topic=tb3_0/scan/ranges
2023-01-04	17:41:44.590 INFO     967ms 		for topic=tb3_0/cmd_vel/linear/x
2023-01-04	17:41:45.570 INFO     674ms 		for topic=tb3_0/odom/twist/twist/angular/z
2023-01-04	17:41:45.571 INFO     539ms 		for topic=tb3_0/imu/linear_acceleration/x
2023-01-04	17:41:45.650 INFO     795ms 		for topic=tb3_0/scan/ranges
2023-01-04	17:41:45.650 INFO     758ms 		for topic=tb3_0/cmd_vel/linear/x
2023-01-04	17:41:47.072 INFO     348ms 		for topic=tb3_0/cmd_vel/linear/x
2023-01-04	17:41:47.103 INFO     379ms 		for topic=tb3_0/scan/ranges
2023-01-04	17:41:47.682 INFO     11ms 		for topic=tb3_0/odom/twist/twist/angular/z
2023-01-04	17:41:47.780 INFO     1ms 		for topic=tb3_0/imu/linear_acceleration/x
2023-01-04	17:41:48.143 INFO     463ms 		for topic=tb3_0/scan/ranges
2023-01-04	17:41:48.159 INFO     464ms 		for topic=tb3_0/cmd_vel/linear/x
2023-01-04	17:41:48.432 INFO     234ms 		for topic=tb3_0/joint_states/position
2023-01-04	17:41:49.233 INFO     138ms 		for topic=tb3_0/cmd_vel/linear/x
2023-01-04	17:41:49.422 INFO     833ms 		for topic=tb3_0/scan/ranges
2023-01-04	17:41:49.703 INFO     145ms 		for topic=tb3_0/odom/twist/twist/angular/z
2023-01-04	17:41:50.033 INFO     107ms 		for topic=tb3_0/imu/linear_acceleration/x
2023-01-04	17:41:50.420 INFO     181ms 		for topic=tb3_0/cmd_vel/linear/x
2023-01-04	17:41:50.653 INFO     427ms 		for topic=tb3_0/scan/ranges
2023-01-04	17:41:51.764 INFO     424ms 		for topic=tb3_0/cmd_vel/linear/x
2023-01-04	17:41:52.033 INFO     703ms 		for topic=tb3_0/scan/ranges
2023-01-04	17:41:52.039 INFO     3ms 		for topic=tb3_0/odom/twist/twist/angular/z
2023-01-04	17:41:52.200 INFO     162ms 		for topic=tb3_0/imu/linear_acceleration/x
2023-01-04	17:41:53.324 INFO     727ms 		for topic=tb3_0/scan/ranges
2023-01-04	17:41:53.324 INFO     488ms 		for topic=tb3_0/cmd_vel/linear/x
2023-01-04	17:41:53.446 INFO     22ms 		for topic=tb3_0/joint_states/position
2023-01-04	17:41:54.549 INFO     34ms 		for topic=tb3_0/scan/ranges
2023-01-04	17:41:54.615 INFO     67ms 		for topic=tb3_0/odom/twist/twist/angular/z
2023-01-04	17:41:54.995 INFO     324ms 		for topic=tb3_0/imu/linear_acceleration/x
2023-01-04	17:41:55.931 INFO     474ms 		for topic=tb3_0/scan/ranges
2023-01-04	17:41:55.954 INFO     497ms 		for topic=tb3_0/cmd_vel/linear/x
2023-01-04	17:41:57.002 INFO     53ms 		for topic=tb3_0/cmd_vel/linear/x
2023-01-04	17:41:57.002 INFO     59ms 		for topic=tb3_0/scan/ranges
2023-01-04	17:41:57.153 INFO     182ms 		for topic=tb3_0/odom/twist/twist/angular/z
2023-01-04	17:41:57.670 INFO     518ms 		for topic=tb3_0/imu/linear_acceleration/x
2023-01-04	17:41:58.107 INFO     133ms 		for topic=tb3_0/cmd_vel/linear/x
2023-01-04	17:41:58.452 INFO     15ms 		for topic=tb3_0/scan/ranges
2023-01-04	17:41:59.239 INFO     433ms 		for topic=tb3_0/cmd_vel/linear/x
2023-01-04	17:41:59.536 INFO     730ms 		for topic=tb3_0/scan/ranges
2023-01-04	17:41:59.743 INFO     450ms 		for topic=tb3_0/joint_states/position
2023-01-04	17:41:59.972 INFO     1157ms 		for topic=tb3_0/odom/twist/twist/angular/z
2023-01-04	17:42:00.316 INFO     1ms 		for topic=tb3_0/imu/linear_acceleration/x
2023-01-04	17:42:00.600 INFO     102ms 		for topic=tb3_0/cmd_vel/linear/x
2023-01-04	17:42:00.811 INFO     158ms 		for topic=tb3_0/scan/ranges
2023-01-04	17:42:01.782 INFO     1101ms 		for topic=tb3_0/cmd_vel/linear/x
2023-01-04	17:42:02.000 INFO     132ms 		for topic=tb3_0/odom/twist/twist/angular/z
2023-01-04	17:42:02.381 INFO     164ms 		for topic=tb3_0/imu/linear_acceleration/x
2023-01-04	17:42:02.407 INFO     210ms 		for topic=tb3_0/scan/ranges
2023-01-04	17:42:03.285 INFO     1087ms 		for topic=tb3_0/cmd_vel/linear/x
2023-01-04	17:42:03.879 INFO     121ms 		for topic=tb3_0/scan/ranges
2023-01-04	17:42:04.334 INFO     85ms 		for topic=tb3_0/cmd_vel/linear/x
2023-01-04	17:42:04.410 INFO     70ms 		for topic=tb3_0/odom/twist/twist/angular/z
2023-01-04	17:42:04.421 INFO     31ms 		for topic=tb3_0/imu/linear_acceleration/x
2023-01-04	17:42:04.915 INFO     21ms 		for topic=tb3_0/joint_states/position
2023-01-04	17:42:04.959 INFO     144ms 		for topic=tb3_0/scan/ranges
2023-01-04	17:42:05.505 INFO     62ms 		for topic=tb3_0/cmd_vel/linear/x
2023-01-04	17:42:06.499 INFO     735ms 		for topic=tb3_0/scan/ranges
2023-01-04	17:42:06.500 INFO     589ms 		for topic=tb3_0/odom/twist/twist/angular/z
2023-01-04	17:42:06.577 INFO     43ms 		for topic=tb3_0/cmd_vel/linear/x
2023-01-04	17:42:06.649 INFO     28ms 		for topic=tb3_0/imu/linear_acceleration/x
2023-01-04	17:42:08.082 INFO     510ms 		for topic=tb3_0/scan/ranges
2023-01-04	17:42:08.335 INFO     165ms 		for topic=tb3_0/cmd_vel/linear/x
2023-01-04	17:42:09.120 INFO     3ms 		for topic=tb3_0/scan/ranges
2023-01-04	17:42:09.377 INFO     47ms 		for topic=tb3_0/odom/twist/twist/angular/z
2023-01-04	17:42:09.409 INFO     1ms 		for topic=tb3_0/imu/linear_acceleration/x
2023-01-04	17:42:09.422 INFO     265ms 		for topic=tb3_0/cmd_vel/linear/x
2023-01-04	17:42:10.138 INFO     1021ms 		for topic=tb3_0/scan/ranges
2023-01-04	17:42:10.169 INFO     1001ms 		for topic=tb3_0/joint_states/position
2023-01-04	17:42:10.752 INFO     1595ms 		for topic=tb3_0/cmd_vel/linear/x
2023-01-04	17:42:11.153 INFO     2036ms 		for topic=tb3_0/scan/ranges
2023-01-04	17:42:11.632 INFO     0ms 		for topic=tb3_0/imu/linear_acceleration/x
2023-01-04	17:42:11.643 INFO     52ms 		for topic=tb3_0/odom/twist/twist/angular/z
2023-01-04	17:42:11.765 INFO     2ms 		for topic=tb3_0/cmd_vel/linear/x
2023-01-04	17:42:12.174 INFO     77ms 		for topic=tb3_0/scan/ranges
2023-01-04	17:42:13.030 INFO     343ms 		for topic=tb3_0/cmd_vel/linear/x
2023-01-04	17:42:13.317 INFO     11ms 		for topic=tb3_0/scan/ranges
2023-01-04	17:42:13.663 INFO     6ms 		for topic=tb3_0/odom/twist/twist/angular/z
2023-01-04	17:42:13.676 INFO     1ms 		for topic=tb3_0/imu/linear_acceleration/x
2023-01-04	17:42:14.322 INFO     651ms 		for topic=tb3_0/cmd_vel/linear/x
2023-01-04	17:42:14.337 INFO     6ms 		for topic=tb3_0/scan/ranges
2023-01-04	17:42:15.193 INFO     187ms 		for topic=tb3_0/joint_states/position
2023-01-04	17:42:15.543 INFO     1212ms 		for topic=tb3_0/scan/ranges
2023-01-04	17:42:15.543 INFO     529ms 		for topic=tb3_0/cmd_vel/linear/x
2023-01-04	17:42:15.816 INFO     137ms 		for topic=tb3_0/imu/linear_acceleration/x
2023-01-04	17:42:15.822 INFO     151ms 		for topic=tb3_0/odom/twist/twist/angular/z
2023-01-04	17:42:16.601 INFO     686ms 		for topic=tb3_0/scan/ranges
2023-01-04	17:42:16.641 INFO     725ms 		for topic=tb3_0/cmd_vel/linear/x
2023-01-04	17:42:17.962 INFO     910ms 		for topic=tb3_0/odom/twist/twist/angular/z
2023-01-04	17:42:17.963 INFO     875ms 		for topic=tb3_0/cmd_vel/linear/x
2023-01-04	17:42:17.970 INFO     1ms 		for topic=tb3_0/imu/linear_acceleration/x
2023-01-04	17:42:17.970 INFO     957ms 		for topic=tb3_0/scan/ranges
2023-01-04	17:42:19.392 INFO     282ms 		for topic=tb3_0/cmd_vel/linear/x
2023-01-04	17:42:19.916 INFO     340ms 		for topic=tb3_0/scan/ranges
2023-01-04	17:42:20.565 INFO     689ms 		for topic=tb3_0/joint_states/position
2023-01-04	17:42:20.571 INFO     993ms 		for topic=tb3_0/cmd_vel/linear/x
2023-01-04	17:42:20.617 INFO     1007ms 		for topic=tb3_0/odom/twist/twist/angular/z
2023-01-04	17:42:20.830 INFO     92ms 		for topic=tb3_0/imu/linear_acceleration/x
2023-01-04	17:42:21.619 INFO     311ms 		for topic=tb3_0/cmd_vel/linear/x
2023-01-04	17:42:21.764 INFO     718ms 		for topic=tb3_0/scan/ranges
2023-01-04	17:42:22.806 INFO     258ms 		for topic=tb3_0/cmd_vel/linear/x
2023-01-04	17:42:22.858 INFO     302ms 		for topic=tb3_0/odom/twist/twist/angular/z
2023-01-04	17:42:22.858 INFO     301ms 		for topic=tb3_0/imu/linear_acceleration/x
2023-01-04	17:42:22.859 INFO     303ms 		for topic=tb3_0/scan/ranges
2023-01-04	17:42:24.133 INFO     130ms 		for topic=tb3_0/scan/ranges
2023-01-04	17:42:24.588 INFO     595ms 		for topic=tb3_0/cmd_vel/linear/x
2023-01-04	17:42:25.049 INFO     1018ms 		for topic=tb3_0/odom/twist/twist/angular/z
2023-01-04	17:42:25.064 INFO     325ms 		for topic=tb3_0/imu/linear_acceleration/x
2023-01-04	17:42:25.858 INFO     35ms 		for topic=tb3_0/joint_states/position
2023-01-04	17:42:25.877 INFO     65ms 		for topic=tb3_0/scan/ranges
2023-01-04	17:42:26.072 INFO     30ms 		for topic=tb3_0/cmd_vel/linear/x
2023-01-04	17:42:27.160 INFO     305ms 		for topic=tb3_0/odom/twist/twist/angular/z
2023-01-04	17:42:27.482 INFO     662ms 		for topic=tb3_0/imu/linear_acceleration/x
2023-01-04	17:42:27.488 INFO     669ms 		for topic=tb3_0/scan/ranges
2023-01-04	17:42:27.964 INFO     461ms 		for topic=tb3_0/cmd_vel/linear/x
2023-01-04	17:42:28.588 INFO     464ms 		for topic=tb3_0/scan/ranges
2023-01-04	17:42:29.004 INFO     98ms 		for topic=tb3_0/cmd_vel/linear/x
2023-01-04	17:42:29.228 INFO     323ms 		for topic=tb3_0/odom/twist/twist/angular/z
2023-01-04	17:42:29.636 INFO     203ms 		for topic=tb3_0/imu/linear_acceleration/x
2023-01-04	17:42:29.637 INFO     229ms 		for topic=tb3_0/scan/ranges
2023-01-04	17:42:30.264 INFO     142ms 		for topic=tb3_0/cmd_vel/linear/x
2023-01-04	17:42:30.943 INFO     12ms 		for topic=tb3_0/scan/ranges
2023-01-04	17:42:31.376 INFO     444ms 		for topic=tb3_0/cmd_vel/linear/x
2023-01-04	17:42:31.387 INFO     422ms 		for topic=tb3_0/joint_states/position
2023-01-04	17:42:31.392 INFO     428ms 		for topic=tb3_0/odom/twist/twist/angular/z
2023-01-04	17:42:31.968 INFO     1ms 		for topic=tb3_0/imu/linear_acceleration/x
2023-01-04	17:42:32.433 INFO     1024ms 		for topic=tb3_0/cmd_vel/linear/x
2023-01-04	17:42:32.499 INFO     1090ms 		for topic=tb3_0/scan/ranges
2023-01-04	17:42:33.408 INFO     347ms 		for topic=tb3_0/odom/twist/twist/angular/z
2023-01-04	17:42:33.503 INFO     20ms 		for topic=tb3_0/cmd_vel/linear/x
2023-01-04	17:42:33.603 INFO     80ms 		for topic=tb3_0/scan/ranges
2023-01-04	17:42:33.978 INFO     112ms 		for topic=tb3_0/imu/linear_acceleration/x
2023-01-04	17:42:34.733 INFO     650ms 		for topic=tb3_0/scan/ranges
2023-01-04	17:42:34.733 INFO     670ms 		for topic=tb3_0/cmd_vel/linear/x
2023-01-04	17:42:35.552 INFO     7ms 		for topic=tb3_0/odom/twist/twist/angular/z
2023-01-04	17:42:36.367 INFO     442ms 		for topic=tb3_0/imu/linear_acceleration/x
2023-01-04	17:42:36.368 INFO     444ms 		for topic=tb3_0/scan/ranges
2023-01-04	17:42:36.368 INFO     845ms 		for topic=tb3_0/cmd_vel/linear/x
2023-01-04	17:42:36.541 INFO     619ms 		for topic=tb3_0/joint_states/position
2023-01-04	17:42:37.748 INFO     694ms 		for topic=tb3_0/odom/twist/twist/angular/z
2023-01-04	17:42:37.855 INFO     822ms 		for topic=tb3_0/cmd_vel/linear/x
2023-01-04	17:42:37.966 INFO     934ms 		for topic=tb3_0/scan/ranges
2023-01-04	17:42:39.079 INFO     0ms 		for topic=tb3_0/imu/linear_acceleration/x
2023-01-04	17:42:39.158 INFO     11ms 		for topic=tb3_0/cmd_vel/linear/x
2023-01-04	17:42:40.337 INFO     469ms 		for topic=tb3_0/scan/ranges
2023-01-04	17:42:40.337 INFO     461ms 		for topic=tb3_0/odom/twist/twist/angular/z
2023-01-04	17:42:40.875 INFO     228ms 		for topic=tb3_0/cmd_vel/linear/x
2023-01-04	17:42:41.517 INFO     149ms 		for topic=tb3_0/imu/linear_acceleration/x
2023-01-04	17:42:42.171 INFO     320ms 		for topic=tb3_0/joint_states/position
2023-01-04	17:42:42.188 INFO     493ms 		for topic=tb3_0/scan/ranges
2023-01-04	17:42:42.392 INFO     154ms 		for topic=tb3_0/cmd_vel/linear/x
2023-01-04	17:42:42.983 INFO     5ms 		for topic=tb3_0/odom/twist/twist/angular/z
2023-01-04	17:42:43.428 INFO     76ms 		for topic=tb3_0/scan/ranges
2023-01-04	17:42:43.676 INFO     25ms 		for topic=tb3_0/cmd_vel/linear/x
2023-01-04	17:42:43.783 INFO     108ms 		for topic=tb3_0/imu/linear_acceleration/x
2023-01-04	17:42:44.841 INFO     168ms 		for topic=tb3_0/cmd_vel/linear/x
2023-01-04	17:42:45.064 INFO     217ms 		for topic=tb3_0/scan/ranges
2023-01-04	17:42:45.081 INFO     237ms 		for topic=tb3_0/odom/twist/twist/angular/z
2023-01-04	17:42:45.959 INFO     196ms 		for topic=tb3_0/imu/linear_acceleration/x
2023-01-04	17:42:46.173 INFO     199ms 		for topic=tb3_0/scan/ranges
2023-01-04	17:42:46.218 INFO     236ms 		for topic=tb3_0/cmd_vel/linear/x
2023-01-04	17:42:47.184 INFO     229ms 		for topic=tb3_0/joint_states/position
2023-01-04	17:42:47.184 INFO     230ms 		for topic=tb3_0/odom/twist/twist/angular/z
2023-01-04	17:42:47.264 INFO     73ms 		for topic=tb3_0/scan/ranges
2023-01-04	17:42:47.273 INFO     25ms 		for topic=tb3_0/cmd_vel/linear/x
2023-01-04	17:42:48.024 INFO     5ms 		for topic=tb3_0/imu/linear_acceleration/x
2023-01-04	17:42:49.110 INFO     179ms 		for topic=tb3_0/scan/ranges
2023-01-04	17:42:49.823 INFO     204ms 		for topic=tb3_0/odom/twist/twist/angular/z
2023-01-04	17:42:49.900 INFO     52ms 		for topic=tb3_0/cmd_vel/linear/x
2023-01-04	17:42:50.547 INFO     287ms 		for topic=tb3_0/scan/ranges
2023-01-04	17:42:51.066 INFO     335ms 		for topic=tb3_0/cmd_vel/linear/x
2023-01-04	17:42:51.084 INFO     13ms 		for topic=tb3_0/imu/linear_acceleration/x
2023-01-04	17:42:51.597 INFO     354ms 		for topic=tb3_0/scan/ranges
2023-01-04	17:42:52.436 INFO     983ms 		for topic=tb3_0/cmd_vel/linear/x
2023-01-04	17:42:52.436 INFO     997ms 		for topic=tb3_0/odom/twist/twist/angular/z
2023-01-04	17:42:52.728 INFO     130ms 		for topic=tb3_0/scan/ranges
2023-01-04	17:42:53.050 INFO     116ms 		for topic=tb3_0/joint_states/position
2023-01-04	17:42:53.253 INFO     31ms 		for topic=tb3_0/imu/linear_acceleration/x
2023-01-04	17:42:53.685 INFO     609ms 		for topic=tb3_0/cmd_vel/linear/x
2023-01-04	17:42:53.887 INFO     811ms 		for topic=tb3_0/scan/ranges
2023-01-04	17:42:54.575 INFO     164ms 		for topic=tb3_0/odom/twist/twist/angular/z
2023-01-04	17:42:54.715 INFO     73ms 		for topic=tb3_0/cmd_vel/linear/x
2023-01-04	17:42:54.923 INFO     304ms 		for topic=tb3_0/scan/ranges
2023-01-04	17:42:55.301 INFO     204ms 		for topic=tb3_0/imu/linear_acceleration/x
2023-01-04	17:42:55.729 INFO     11ms 		for topic=tb3_0/cmd_vel/linear/x
2023-01-04	17:42:55.980 INFO     269ms 		for topic=tb3_0/scan/ranges
2023-01-04	17:42:56.587 INFO     47ms 		for topic=tb3_0/odom/twist/twist/angular/z
2023-01-04	17:42:56.743 INFO     2ms 		for topic=tb3_0/cmd_vel/linear/x
2023-01-04	17:42:57.014 INFO     152ms 		for topic=tb3_0/scan/ranges
2023-01-04	17:42:57.451 INFO     157ms 		for topic=tb3_0/imu/linear_acceleration/x
2023-01-04	17:42:57.999 INFO     94ms 		for topic=tb3_0/cmd_vel/linear/x
2023-01-04	17:42:58.228 INFO     276ms 		for topic=tb3_0/scan/ranges
2023-01-04	17:42:58.411 INFO     6ms 		for topic=tb3_0/joint_states/position
2023-01-04	17:42:58.619 INFO     198ms 		for topic=tb3_0/odom/twist/twist/angular/z
2023-01-04	17:42:59.258 INFO     6ms 		for topic=tb3_0/cmd_vel/linear/x
2023-01-04	17:42:59.484 INFO     6ms 		for topic=tb3_0/imu/linear_acceleration/x
2023-01-04	17:42:59.489 INFO     24ms 		for topic=tb3_0/scan/ranges
2023-01-04	17:43:00.330 INFO     24ms 		for topic=tb3_0/cmd_vel/linear/x
2023-01-04	17:43:01.135 INFO     518ms 		for topic=tb3_0/scan/ranges
2023-01-04	17:43:01.135 INFO     491ms 		for topic=tb3_0/odom/twist/twist/angular/z
2023-01-04	17:43:01.531 INFO     379ms 		for topic=tb3_0/cmd_vel/linear/x
2023-01-04	17:43:01.892 INFO     6ms 		for topic=tb3_0/imu/linear_acceleration/x
2023-01-04	17:43:02.666 INFO     306ms 		for topic=tb3_0/scan/ranges
2023-01-04	17:43:02.667 INFO     363ms 		for topic=tb3_0/cmd_vel/linear/x
2023-01-04	17:43:03.562 INFO     350ms 		for topic=tb3_0/odom/twist/twist/angular/z
2023-01-04	17:43:03.648 INFO     464ms 		for topic=tb3_0/joint_states/position
2023-01-04	17:43:03.821 INFO     1104ms 		for topic=tb3_0/scan/ranges
2023-01-04	17:43:04.124 INFO     249ms 		for topic=tb3_0/imu/linear_acceleration/x
2023-01-04	17:43:04.143 INFO     300ms 		for topic=tb3_0/cmd_vel/linear/x
2023-01-04	17:43:05.158 INFO     649ms 		for topic=tb3_0/scan/ranges
2023-01-04	17:43:05.179 INFO     12ms 		for topic=tb3_0/cmd_vel/linear/x
2023-01-04	17:43:06.037 INFO     871ms 		for topic=tb3_0/odom/twist/twist/angular/z
2023-01-04	17:43:06.185 INFO     143ms 		for topic=tb3_0/imu/linear_acceleration/x
2023-01-04	17:43:06.210 INFO     171ms 		for topic=tb3_0/cmd_vel/linear/x
2023-01-04	17:43:06.277 INFO     235ms 		for topic=tb3_0/scan/ranges
2023-01-04	17:43:07.355 INFO     273ms 		for topic=tb3_0/scan/ranges
2023-01-04	17:43:07.356 INFO     266ms 		for topic=tb3_0/cmd_vel/linear/x
2023-01-04	17:43:08.221 INFO     546ms 		for topic=tb3_0/odom/twist/twist/angular/z
2023-01-04	17:43:08.223 INFO     0ms 		for topic=tb3_0/imu/linear_acceleration/x
2023-01-04	17:43:08.620 INFO     225ms 		for topic=tb3_0/scan/ranges
2023-01-04	17:43:08.727 INFO     60ms 		for topic=tb3_0/joint_states/position
2023-01-04	17:43:09.878 INFO     1124ms 		for topic=tb3_0/scan/ranges
2023-01-04	17:43:09.901 INFO     1150ms 		for topic=tb3_0/cmd_vel/linear/x
2023-01-04	17:43:10.458 INFO     35ms 		for topic=tb3_0/odom/twist/twist/angular/z
2023-01-04	17:43:10.784 INFO     239ms 		for topic=tb3_0/imu/linear_acceleration/x
2023-01-04	17:43:10.982 INFO     557ms 		for topic=tb3_0/cmd_vel/linear/x
2023-01-04	17:43:10.982 INFO     471ms 		for topic=tb3_0/scan/ranges
2023-01-04	17:43:12.303 INFO     72ms 		for topic=tb3_0/cmd_vel/linear/x
2023-01-04	17:43:12.485 INFO     107ms 		for topic=tb3_0/odom/twist/twist/angular/z
2023-01-04	17:43:12.676 INFO     299ms 		for topic=tb3_0/scan/ranges
2023-01-04	17:43:13.388 INFO     658ms 		for topic=tb3_0/cmd_vel/linear/x
2023-01-04	17:43:13.455 INFO     675ms 		for topic=tb3_0/imu/linear_acceleration/x
2023-01-04	17:43:13.689 INFO     201ms 		for topic=tb3_0/scan/ranges
2023-01-04	17:43:14.417 INFO     402ms 		for topic=tb3_0/cmd_vel/linear/x
2023-01-04	17:43:14.503 INFO     480ms 		for topic=tb3_0/odom/twist/twist/angular/z
2023-01-04	17:43:14.732 INFO     718ms 		for topic=tb3_0/scan/ranges
