2023-01-04	17:49:14.121 INFO     Watching for file changes with StatReloader
2023-01-04	17:49:14.247 INFO     Connection to ROS ready.
2023-01-04	17:49:14.248 INFO     Successfully connected to ROS bridge from listener
2023-01-04	17:49:14.248 INFO     Starting factory <roslibpy.comm.comm_autobahn.AutobahnRosBridgeClientFactory object at 0x7fd0d37c65e0>
2023-01-04	17:49:19.007 INFO     Connection to ROS ready.
2023-01-04	17:49:19.008 INFO     Successfully connected to ROS bridge from Ros Connector
2023-01-04	17:49:19.008 INFO     Generating new MQTT Forwarder
2023-01-04	17:49:19.008 INFO     local mqtt is set up
2023-01-04	17:49:28.376 INFO     Created subscriber on cmd_vel
2023-01-04	17:49:28.376 INFO     Created subscriber on imu
2023-01-04	17:49:28.377 INFO     Created subscriber on scan
2023-01-04	17:49:28.377 INFO     Created subscriber on odom
2023-01-04	17:49:28.379 INFO     Created subscriber on joint_states
2023-01-04	17:49:29.400 INFO     4ms 		for topic=tb3_0/scan/ranges
2023-01-04	17:49:29.411 INFO     33ms 		for topic=tb3_0/cmd_vel/linear/x
2023-01-04	17:49:30.381 INFO     11ms 		for topic=tb3_0/imu/linear_acceleration/x
2023-01-04	17:49:30.460 INFO     21ms 		for topic=tb3_0/odom/twist/twist/angular/z
2023-01-04	17:49:31.682 INFO     1244ms 		for topic=tb3_0/scan/ranges
2023-01-04	17:49:31.700 INFO     1212ms 		for topic=tb3_0/cmd_vel/linear/x
2023-01-04	17:49:32.456 INFO     249ms 		for topic=tb3_0/imu/linear_acceleration/x
2023-01-04	17:49:32.543 INFO     338ms 		for topic=tb3_0/odom/twist/twist/angular/z
2023-01-04	17:49:32.817 INFO     966ms 		for topic=tb3_0/scan/ranges
2023-01-04	17:49:33.127 INFO     920ms 		for topic=tb3_0/cmd_vel/linear/x
2023-01-04	17:49:33.390 INFO     28ms 		for topic=tb3_0/joint_states/position
2023-01-04	17:49:33.912 INFO     571ms 		for topic=tb3_0/scan/ranges
2023-01-04	17:49:34.264 INFO     745ms 		for topic=tb3_0/cmd_vel/linear/x
2023-01-04	17:49:34.694 INFO     338ms 		for topic=tb3_0/imu/linear_acceleration/x
2023-01-04	17:49:34.695 INFO     366ms 		for topic=tb3_0/odom/twist/twist/angular/z
2023-01-04	17:49:35.628 INFO     209ms 		for topic=tb3_0/scan/ranges
2023-01-04	17:49:36.435 INFO     257ms 		for topic=tb3_0/cmd_vel/linear/x
2023-01-04	17:49:36.709 INFO     113ms 		for topic=tb3_0/scan/ranges
2023-01-04	17:49:37.277 INFO     19ms 		for topic=tb3_0/odom/twist/twist/angular/z
2023-01-04	17:49:37.441 INFO     165ms 		for topic=tb3_0/imu/linear_acceleration/x
2023-01-04	17:49:37.520 INFO     264ms 		for topic=tb3_0/cmd_vel/linear/x
2023-01-04	17:49:37.750 INFO     483ms 		for topic=tb3_0/scan/ranges
2023-01-04	17:49:38.596 INFO     223ms 		for topic=tb3_0/cmd_vel/linear/x
2023-01-04	17:49:38.883 INFO     222ms 		for topic=tb3_0/scan/ranges
2023-01-04	17:49:39.281 INFO     2ms 		for topic=tb3_0/joint_states/position
2023-01-04	17:49:39.307 INFO     28ms 		for topic=tb3_0/odom/twist/twist/angular/z
2023-01-04	17:49:39.597 INFO     1ms 		for topic=tb3_0/imu/linear_acceleration/x
2023-01-04	17:49:39.658 INFO     30ms 		for topic=tb3_0/cmd_vel/linear/x
2023-01-04	17:49:40.222 INFO     286ms 		for topic=tb3_0/scan/ranges
2023-01-04	17:49:41.187 INFO     53ms 		for topic=tb3_0/cmd_vel/linear/x
2023-01-04	17:49:41.290 INFO     25ms 		for topic=tb3_0/scan/ranges
2023-01-04	17:49:41.697 INFO     148ms 		for topic=tb3_0/imu/linear_acceleration/x
2023-01-04	17:49:41.707 INFO     410ms 		for topic=tb3_0/odom/twist/twist/angular/z
2023-01-04	17:49:42.300 INFO     17ms 		for topic=tb3_0/cmd_vel/linear/x
2023-01-04	17:49:42.311 INFO     75ms 		for topic=tb3_0/scan/ranges
2023-01-04	17:49:43.335 INFO     402ms 		for topic=tb3_0/scan/ranges
2023-01-04	17:49:43.466 INFO     22ms 		for topic=tb3_0/cmd_vel/linear/x
2023-01-04	17:49:44.006 INFO     6ms 		for topic=tb3_0/imu/linear_acceleration/x
2023-01-04	17:49:44.007 INFO     18ms 		for topic=tb3_0/odom/twist/twist/angular/z
2023-01-04	17:49:44.676 INFO     443ms 		for topic=tb3_0/joint_states/position
2023-01-04	17:49:44.677 INFO     631ms 		for topic=tb3_0/scan/ranges
2023-01-04	17:49:45.058 INFO     12ms 		for topic=tb3_0/cmd_vel/linear/x
2023-01-04	17:49:46.051 INFO     254ms 		for topic=tb3_0/imu/linear_acceleration/x
2023-01-04	17:49:46.273 INFO     19ms 		for topic=tb3_0/odom/twist/twist/angular/z
2023-01-04	17:49:46.273 INFO     30ms 		for topic=tb3_0/scan/ranges
2023-01-04	17:49:46.462 INFO     227ms 		for topic=tb3_0/cmd_vel/linear/x
2023-01-04	17:49:47.650 INFO     122ms 		for topic=tb3_0/scan/ranges
2023-01-04	17:49:47.655 INFO     278ms 		for topic=tb3_0/cmd_vel/linear/x
2023-01-04	17:49:48.167 INFO     183ms 		for topic=tb3_0/imu/linear_acceleration/x
2023-01-04	17:49:48.604 INFO     1ms 		for topic=tb3_0/odom/twist/twist/angular/z
2023-01-04	17:49:48.778 INFO     820ms 		for topic=tb3_0/scan/ranges
2023-01-04	17:49:48.810 INFO     11ms 		for topic=tb3_0/cmd_vel/linear/x
2023-01-04	17:49:49.789 INFO     210ms 		for topic=tb3_0/scan/ranges
2023-01-04	17:49:49.825 INFO     255ms 		for topic=tb3_0/joint_states/position
2023-01-04	17:49:49.880 INFO     13ms 		for topic=tb3_0/cmd_vel/linear/x
2023-01-04	17:49:50.229 INFO     0ms 		for topic=tb3_0/imu/linear_acceleration/x
2023-01-04	17:49:50.667 INFO     12ms 		for topic=tb3_0/odom/twist/twist/angular/z
2023-01-04	17:49:50.847 INFO     103ms 		for topic=tb3_0/scan/ranges
2023-01-04	17:49:50.981 INFO     39ms 		for topic=tb3_0/cmd_vel/linear/x
2023-01-04	17:49:52.141 INFO     277ms 		for topic=tb3_0/cmd_vel/linear/x
2023-01-04	17:49:52.214 INFO     351ms 		for topic=tb3_0/scan/ranges
2023-01-04	17:49:52.539 INFO     310ms 		for topic=tb3_0/imu/linear_acceleration/x
2023-01-04	17:49:52.763 INFO     168ms 		for topic=tb3_0/odom/twist/twist/angular/z
2023-01-04	17:49:53.178 INFO     577ms 		for topic=tb3_0/cmd_vel/linear/x
2023-01-04	17:49:53.277 INFO     75ms 		for topic=tb3_0/scan/ranges
2023-01-04	17:49:54.555 INFO     233ms 		for topic=tb3_0/cmd_vel/linear/x
2023-01-04	17:49:54.645 INFO     330ms 		for topic=tb3_0/scan/ranges
2023-01-04	17:49:54.651 INFO     1ms 		for topic=tb3_0/imu/linear_acceleration/x
2023-01-04	17:49:54.787 INFO     14ms 		for topic=tb3_0/odom/twist/twist/angular/z
2023-01-04	17:49:55.006 INFO     144ms 		for topic=tb3_0/joint_states/position
2023-01-04	17:49:55.879 INFO     304ms 		for topic=tb3_0/scan/ranges
2023-01-04	17:49:55.884 INFO     123ms 		for topic=tb3_0/cmd_vel/linear/x
2023-01-04	17:49:56.833 INFO     6ms 		for topic=tb3_0/imu/linear_acceleration/x
2023-01-04	17:49:56.849 INFO     38ms 		for topic=tb3_0/odom/twist/twist/angular/z
2023-01-04	17:49:56.983 INFO     61ms 		for topic=tb3_0/cmd_vel/linear/x
2023-01-04	17:49:56.983 INFO     64ms 		for topic=tb3_0/scan/ranges
2023-01-04	17:49:58.250 INFO     903ms 		for topic=tb3_0/cmd_vel/linear/x
2023-01-04	17:49:58.383 INFO     1038ms 		for topic=tb3_0/scan/ranges
2023-01-04	17:49:58.894 INFO     173ms 		for topic=tb3_0/imu/linear_acceleration/x
2023-01-04	17:49:59.147 INFO     30ms 		for topic=tb3_0/odom/twist/twist/angular/z
2023-01-04	17:49:59.449 INFO     11ms 		for topic=tb3_0/cmd_vel/linear/x
2023-01-04	17:49:59.673 INFO     63ms 		for topic=tb3_0/scan/ranges
2023-01-04	17:50:00.067 INFO     194ms 		for topic=tb3_0/joint_states/position
2023-01-04	17:50:00.463 INFO     9ms 		for topic=tb3_0/cmd_vel/linear/x
2023-01-04	17:50:00.716 INFO     267ms 		for topic=tb3_0/scan/ranges
2023-01-04	17:50:01.122 INFO     46ms 		for topic=tb3_0/imu/linear_acceleration/x
2023-01-04	17:50:01.219 INFO     1ms 		for topic=tb3_0/odom/twist/twist/angular/z
2023-01-04	17:50:01.568 INFO     88ms 		for topic=tb3_0/cmd_vel/linear/x
2023-01-04	17:50:01.822 INFO     110ms 		for topic=tb3_0/scan/ranges
2023-01-04	17:50:02.801 INFO     5ms 		for topic=tb3_0/cmd_vel/linear/x
2023-01-04	17:50:03.101 INFO     189ms 		for topic=tb3_0/scan/ranges
2023-01-04	17:50:03.472 INFO     0ms 		for topic=tb3_0/imu/linear_acceleration/x
2023-01-04	17:50:03.496 INFO     47ms 		for topic=tb3_0/odom/twist/twist/angular/z
2023-01-04	17:50:04.310 INFO     173ms 		for topic=tb3_0/cmd_vel/linear/x
2023-01-04	17:50:04.310 INFO     754ms 		for topic=tb3_0/scan/ranges
2023-01-04	17:50:05.461 INFO     609ms 		for topic=tb3_0/cmd_vel/linear/x
2023-01-04	17:50:05.461 INFO     598ms 		for topic=tb3_0/joint_states/position
2023-01-04	17:50:05.522 INFO     689ms 		for topic=tb3_0/scan/ranges
2023-01-04	17:50:05.523 INFO     473ms 		for topic=tb3_0/imu/linear_acceleration/x
2023-01-04	17:50:05.640 INFO     38ms 		for topic=tb3_0/odom/twist/twist/angular/z
2023-01-04	17:50:06.768 INFO     447ms 		for topic=tb3_0/scan/ranges
2023-01-04	17:50:06.768 INFO     449ms 		for topic=tb3_0/cmd_vel/linear/x
2023-01-04	17:50:07.962 INFO     526ms 		for topic=tb3_0/scan/ranges
2023-01-04	17:50:07.963 INFO     179ms 		for topic=tb3_0/imu/linear_acceleration/x
2023-01-04	17:50:07.981 INFO     270ms 		for topic=tb3_0/cmd_vel/linear/x
2023-01-04	17:50:08.226 INFO     49ms 		for topic=tb3_0/odom/twist/twist/angular/z
2023-01-04	17:50:10.135 INFO     1036ms 		for topic=tb3_0/scan/ranges
2023-01-04	17:50:10.171 INFO     1072ms 		for topic=tb3_0/cmd_vel/linear/x
2023-01-04	17:50:10.238 INFO     2ms 		for topic=tb3_0/imu/linear_acceleration/x
2023-01-04	17:50:10.858 INFO     570ms 		for topic=tb3_0/joint_states/position
2023-01-04	17:50:10.858 INFO     504ms 		for topic=tb3_0/odom/twist/twist/angular/z
2023-01-04	17:50:11.210 INFO     162ms 		for topic=tb3_0/scan/ranges
2023-01-04	17:50:11.211 INFO     153ms 		for topic=tb3_0/cmd_vel/linear/x
2023-01-04	17:50:12.330 INFO     11ms 		for topic=tb3_0/scan/ranges
2023-01-04	17:50:12.346 INFO     17ms 		for topic=tb3_0/imu/linear_acceleration/x
2023-01-04	17:50:12.600 INFO     120ms 		for topic=tb3_0/cmd_vel/linear/x
2023-01-04	17:50:13.471 INFO     49ms 		for topic=tb3_0/scan/ranges
2023-01-04	17:50:13.472 INFO     32ms 		for topic=tb3_0/odom/twist/twist/angular/z
2023-01-04	17:50:13.905 INFO     475ms 		for topic=tb3_0/cmd_vel/linear/x
2023-01-04	17:50:14.393 INFO     229ms 		for topic=tb3_0/imu/linear_acceleration/x
2023-01-04	17:50:15.092 INFO     4ms 		for topic=tb3_0/cmd_vel/linear/x
2023-01-04	17:50:15.092 INFO     2ms 		for topic=tb3_0/scan/ranges
2023-01-04	17:50:15.952 INFO     117ms 		for topic=tb3_0/joint_states/position
2023-01-04	17:50:16.023 INFO     188ms 		for topic=tb3_0/odom/twist/twist/angular/z
2023-01-04	17:50:16.544 INFO     270ms 		for topic=tb3_0/imu/linear_acceleration/x
2023-01-04	17:50:16.875 INFO     30ms 		for topic=tb3_0/cmd_vel/linear/x
2023-01-04	17:50:17.221 INFO     72ms 		for topic=tb3_0/scan/ranges
2023-01-04	17:50:18.048 INFO     609ms 		for topic=tb3_0/odom/twist/twist/angular/z
2023-01-04	17:50:18.054 INFO     789ms 		for topic=tb3_0/cmd_vel/linear/x
2023-01-04	17:50:18.416 INFO     1162ms 		for topic=tb3_0/scan/ranges
2023-01-04	17:50:18.735 INFO     152ms 		for topic=tb3_0/imu/linear_acceleration/x
2023-01-04	17:50:19.299 INFO     40ms 		for topic=tb3_0/cmd_vel/linear/x
2023-01-04	17:50:19.497 INFO     238ms 		for topic=tb3_0/scan/ranges
2023-01-04	17:50:20.212 INFO     217ms 		for topic=tb3_0/odom/twist/twist/angular/z
2023-01-04	17:50:20.362 INFO     365ms 		for topic=tb3_0/cmd_vel/linear/x
2023-01-04	17:50:20.612 INFO     913ms 		for topic=tb3_0/scan/ranges
2023-01-04	17:50:20.763 INFO     117ms 		for topic=tb3_0/imu/linear_acceleration/x
2023-01-04	17:50:21.063 INFO     244ms 		for topic=tb3_0/joint_states/position
2023-01-04	17:50:21.390 INFO     1394ms 		for topic=tb3_0/cmd_vel/linear/x
2023-01-04	17:50:21.653 INFO     195ms 		for topic=tb3_0/scan/ranges
2023-01-04	17:50:22.459 INFO     833ms 		for topic=tb3_0/odom/twist/twist/angular/z
2023-01-04	17:50:22.459 INFO     935ms 		for topic=tb3_0/cmd_vel/linear/x
2023-01-04	17:50:22.941 INFO     310ms 		for topic=tb3_0/imu/linear_acceleration/x
2023-01-04	17:50:22.941 INFO     332ms 		for topic=tb3_0/scan/ranges
2023-01-04	17:50:23.618 INFO     202ms 		for topic=tb3_0/cmd_vel/linear/x
2023-01-04	17:50:24.489 INFO     37ms 		for topic=tb3_0/scan/ranges
2023-01-04	17:50:24.520 INFO     10ms 		for topic=tb3_0/odom/twist/twist/angular/z
2023-01-04	17:50:25.371 INFO     861ms 		for topic=tb3_0/cmd_vel/linear/x
2023-01-04	17:50:25.372 INFO     857ms 		for topic=tb3_0/imu/linear_acceleration/x
2023-01-04	17:50:26.434 INFO     544ms 		for topic=tb3_0/joint_states/position
2023-01-04	17:50:26.434 INFO     644ms 		for topic=tb3_0/scan/ranges
2023-01-04	17:50:26.641 INFO     69ms 		for topic=tb3_0/cmd_vel/linear/x
2023-01-04	17:50:27.576 INFO     36ms 		for topic=tb3_0/imu/linear_acceleration/x
2023-01-04	17:50:27.718 INFO     634ms 		for topic=tb3_0/odom/twist/twist/angular/z
2023-01-04	17:50:27.952 INFO     870ms 		for topic=tb3_0/scan/ranges
2023-01-04	17:50:27.972 INFO     897ms 		for topic=tb3_0/cmd_vel/linear/x
2023-01-04	17:50:29.065 INFO     1983ms 		for topic=tb3_0/scan/ranges
2023-01-04	17:50:29.066 INFO     988ms 		for topic=tb3_0/cmd_vel/linear/x
2023-01-04	17:50:29.865 INFO     0ms 		for topic=tb3_0/imu/linear_acceleration/x
2023-01-04	17:50:30.089 INFO     200ms 		for topic=tb3_0/odom/twist/twist/angular/z
2023-01-04	17:50:30.738 INFO     21ms 		for topic=tb3_0/cmd_vel/linear/x
2023-01-04	17:50:30.911 INFO     187ms 		for topic=tb3_0/scan/ranges
2023-01-04	17:50:31.722 INFO     243ms 		for topic=tb3_0/joint_states/position
2023-01-04	17:50:31.768 INFO     2ms 		for topic=tb3_0/cmd_vel/linear/x
2023-01-04	17:50:31.915 INFO     5ms 		for topic=tb3_0/imu/linear_acceleration/x
2023-01-04	17:50:31.932 INFO     24ms 		for topic=tb3_0/scan/ranges
2023-01-04	17:50:32.109 INFO     15ms 		for topic=tb3_0/odom/twist/twist/angular/z
2023-01-04	17:50:33.006 INFO     1096ms 		for topic=tb3_0/cmd_vel/linear/x
2023-01-04	17:50:33.032 INFO     893ms 		for topic=tb3_0/scan/ranges
2023-01-04	17:50:34.273 INFO     846ms 		for topic=tb3_0/scan/ranges
2023-01-04	17:50:34.273 INFO     801ms 		for topic=tb3_0/cmd_vel/linear/x
2023-01-04	17:50:34.274 INFO     351ms 		for topic=tb3_0/imu/linear_acceleration/x
2023-01-04	17:50:34.274 INFO     352ms 		for topic=tb3_0/odom/twist/twist/angular/z
2023-01-04	17:50:35.447 INFO     668ms 		for topic=tb3_0/scan/ranges
2023-01-04	17:50:35.813 INFO     21ms 		for topic=tb3_0/cmd_vel/linear/x
2023-01-04	17:50:36.948 INFO     787ms 		for topic=tb3_0/cmd_vel/linear/x
2023-01-04	17:50:36.949 INFO     839ms 		for topic=tb3_0/scan/ranges
2023-01-04	17:50:36.949 INFO     790ms 		for topic=tb3_0/joint_states/position
2023-01-04	17:50:37.091 INFO     76ms 		for topic=tb3_0/imu/linear_acceleration/x
2023-01-04	17:50:37.623 INFO     413ms 		for topic=tb3_0/odom/twist/twist/angular/z
2023-01-04	17:50:38.967 INFO     501ms 		for topic=tb3_0/scan/ranges
2023-01-04	17:50:38.968 INFO     502ms 		for topic=tb3_0/cmd_vel/linear/x
2023-01-04	17:50:40.455 INFO     741ms 		for topic=tb3_0/cmd_vel/linear/x
2023-01-04	17:50:40.455 INFO     755ms 		for topic=tb3_0/scan/ranges
2023-01-04	17:50:40.455 INFO     708ms 		for topic=tb3_0/odom/twist/twist/angular/z
2023-01-04	17:50:40.466 INFO     675ms 		for topic=tb3_0/imu/linear_acceleration/x
2023-01-04	17:50:41.592 INFO     86ms 		for topic=tb3_0/cmd_vel/linear/x
2023-01-04	17:50:41.597 INFO     92ms 		for topic=tb3_0/scan/ranges
2023-01-04	17:50:42.731 INFO     360ms 		for topic=tb3_0/joint_states/position
2023-01-04	17:50:42.732 INFO     363ms 		for topic=tb3_0/scan/ranges
2023-01-04	17:50:42.732 INFO     361ms 		for topic=tb3_0/cmd_vel/linear/x
2023-01-04	17:50:43.491 INFO     341ms 		for topic=tb3_0/imu/linear_acceleration/x
2023-01-04	17:50:43.526 INFO     9ms 		for topic=tb3_0/odom/twist/twist/angular/z
2023-01-04	17:50:43.822 INFO     2ms 		for topic=tb3_0/scan/ranges
2023-01-04	17:50:44.037 INFO     129ms 		for topic=tb3_0/cmd_vel/linear/x
2023-01-04	17:50:44.918 INFO     1023ms 		for topic=tb3_0/scan/ranges
2023-01-04	17:50:45.137 INFO     127ms 		for topic=tb3_0/cmd_vel/linear/x
2023-01-04	17:50:45.537 INFO     16ms 		for topic=tb3_0/imu/linear_acceleration/x
2023-01-04	17:50:45.643 INFO     505ms 		for topic=tb3_0/odom/twist/twist/angular/z
2023-01-04	17:50:46.163 INFO     1142ms 		for topic=tb3_0/scan/ranges
2023-01-04	17:50:46.433 INFO     299ms 		for topic=tb3_0/cmd_vel/linear/x
2023-01-04	17:50:47.193 INFO     64ms 		for topic=tb3_0/scan/ranges
2023-01-04	17:50:47.537 INFO     10ms 		for topic=tb3_0/cmd_vel/linear/x
2023-01-04	17:50:47.570 INFO     6ms 		for topic=tb3_0/imu/linear_acceleration/x
2023-01-04	17:50:47.919 INFO     336ms 		for topic=tb3_0/odom/twist/twist/angular/z
2023-01-04	17:50:47.920 INFO     95ms 		for topic=tb3_0/joint_states/position
2023-01-04	17:50:48.513 INFO     977ms 		for topic=tb3_0/scan/ranges
2023-01-04	17:50:48.808 INFO     983ms 		for topic=tb3_0/cmd_vel/linear/x
2023-01-04	17:50:49.845 INFO     963ms 		for topic=tb3_0/scan/ranges
2023-01-04	17:50:49.851 INFO     977ms 		for topic=tb3_0/cmd_vel/linear/x
2023-01-04	17:50:49.873 INFO     1ms 		for topic=tb3_0/imu/linear_acceleration/x
2023-01-04	17:50:50.412 INFO     373ms 		for topic=tb3_0/odom/twist/twist/angular/z
2023-01-04	17:50:51.275 INFO     1234ms 		for topic=tb3_0/scan/ranges
2023-01-04	17:50:51.275 INFO     579ms 		for topic=tb3_0/cmd_vel/linear/x
2023-01-04	17:50:51.898 INFO     27ms 		for topic=tb3_0/imu/linear_acceleration/x
2023-01-04	17:50:52.420 INFO     492ms 		for topic=tb3_0/scan/ranges
2023-01-04	17:50:52.421 INFO     352ms 		for topic=tb3_0/odom/twist/twist/angular/z
2023-01-04	17:50:52.597 INFO     529ms 		for topic=tb3_0/cmd_vel/linear/x
2023-01-04	17:50:53.567 INFO     116ms 		for topic=tb3_0/joint_states/position
2023-01-04	17:50:54.364 INFO     910ms 		for topic=tb3_0/imu/linear_acceleration/x
2023-01-04	17:50:54.376 INFO     8ms 		for topic=tb3_0/cmd_vel/linear/x
2023-01-04	17:50:54.411 INFO     13ms 		for topic=tb3_0/scan/ranges
2023-01-04	17:50:54.736 INFO     6ms 		for topic=tb3_0/odom/twist/twist/angular/z
2023-01-04	17:50:56.180 INFO     447ms 		for topic=tb3_0/cmd_vel/linear/x
2023-01-04	17:50:56.181 INFO     448ms 		for topic=tb3_0/scan/ranges
2023-01-04	17:50:57.004 INFO     107ms 		for topic=tb3_0/imu/linear_acceleration/x
2023-01-04	17:50:57.217 INFO     325ms 		for topic=tb3_0/cmd_vel/linear/x
2023-01-04	17:50:57.263 INFO     0ms 		for topic=tb3_0/odom/twist/twist/angular/z
2023-01-04	17:50:57.562 INFO     304ms 		for topic=tb3_0/scan/ranges
2023-01-04	17:50:58.266 INFO     609ms 		for topic=tb3_0/cmd_vel/linear/x
2023-01-04	17:50:59.094 INFO     331ms 		for topic=tb3_0/imu/linear_acceleration/x
2023-01-04	17:50:59.650 INFO     1155ms 		for topic=tb3_0/scan/ranges
2023-01-04	17:50:59.651 INFO     1104ms 		for topic=tb3_0/cmd_vel/linear/x
2023-01-04	17:50:59.651 INFO     1146ms 		for topic=tb3_0/odom/twist/twist/angular/z
2023-01-04	17:50:59.957 INFO     1429ms 		for topic=tb3_0/joint_states/position
2023-01-04	17:51:00.875 INFO     404ms 		for topic=tb3_0/scan/ranges
2023-01-04	17:51:01.296 INFO     440ms 		for topic=tb3_0/cmd_vel/linear/x
2023-01-04	17:51:01.296 INFO     366ms 		for topic=tb3_0/imu/linear_acceleration/x
2023-01-04	17:51:02.008 INFO     416ms 		for topic=tb3_0/scan/ranges
2023-01-04	17:51:02.529 INFO     886ms 		for topic=tb3_0/cmd_vel/linear/x
2023-01-04	17:51:02.549 INFO     68ms 		for topic=tb3_0/odom/twist/twist/angular/z
2023-01-04	17:51:03.031 INFO     1439ms 		for topic=tb3_0/scan/ranges
2023-01-04	17:51:04.268 INFO     1211ms 		for topic=tb3_0/imu/linear_acceleration/x
2023-01-04	17:51:04.283 INFO     2640ms 		for topic=tb3_0/cmd_vel/linear/x
2023-01-04	17:51:04.578 INFO     132ms 		for topic=tb3_0/odom/twist/twist/angular/z
2023-01-04	17:51:05.186 INFO     9ms 		for topic=tb3_0/joint_states/position
2023-01-04	17:51:05.480 INFO     19ms 		for topic=tb3_0/cmd_vel/linear/x
2023-01-04	17:51:05.561 INFO     30ms 		for topic=tb3_0/scan/ranges
2023-01-04	17:51:06.574 INFO     424ms 		for topic=tb3_0/cmd_vel/linear/x
2023-01-04	17:51:06.574 INFO     259ms 		for topic=tb3_0/imu/linear_acceleration/x
2023-01-04	17:51:06.590 INFO     1059ms 		for topic=tb3_0/scan/ranges
2023-01-04	17:51:06.599 INFO     392ms 		for topic=tb3_0/odom/twist/twist/angular/z
2023-01-04	17:51:07.668 INFO     453ms 		for topic=tb3_0/cmd_vel/linear/x
2023-01-04	17:51:07.918 INFO     703ms 		for topic=tb3_0/scan/ranges
2023-01-04	17:51:09.092 INFO     381ms 		for topic=tb3_0/imu/linear_acceleration/x
2023-01-04	17:51:09.093 INFO     700ms 		for topic=tb3_0/odom/twist/twist/angular/z
2023-01-04	17:51:09.093 INFO     763ms 		for topic=tb3_0/cmd_vel/linear/x
2023-01-04	17:51:09.650 INFO     470ms 		for topic=tb3_0/scan/ranges
2023-01-04	17:51:10.367 INFO     518ms 		for topic=tb3_0/joint_states/position
2023-01-04	17:51:10.368 INFO     533ms 		for topic=tb3_0/cmd_vel/linear/x
2023-01-04	17:51:10.751 INFO     115ms 		for topic=tb3_0/scan/ranges
2023-01-04	17:51:11.157 INFO     61ms 		for topic=tb3_0/imu/linear_acceleration/x
2023-01-04	17:51:11.290 INFO     62ms 		for topic=tb3_0/odom/twist/twist/angular/z
2023-01-04	17:51:11.858 INFO     456ms 		for topic=tb3_0/cmd_vel/linear/x
2023-01-04	17:51:12.170 INFO     36ms 		for topic=tb3_0/scan/ranges
2023-01-04	17:51:12.894 INFO     22ms 		for topic=tb3_0/cmd_vel/linear/x
2023-01-04	17:51:13.291 INFO     290ms 		for topic=tb3_0/imu/linear_acceleration/x
2023-01-04	17:51:13.667 INFO     680ms 		for topic=tb3_0/odom/twist/twist/angular/z
2023-01-04	17:51:13.812 INFO     1678ms 		for topic=tb3_0/scan/ranges
2023-01-04	17:51:14.380 INFO     1508ms 		for topic=tb3_0/cmd_vel/linear/x
2023-01-04	17:51:14.902 INFO     317ms 		for topic=tb3_0/scan/ranges
2023-01-04	17:51:15.384 INFO     41ms 		for topic=tb3_0/imu/linear_acceleration/x
2023-01-04	17:51:15.401 INFO     483ms 		for topic=tb3_0/cmd_vel/linear/x
2023-01-04	17:51:15.984 INFO     520ms 		for topic=tb3_0/joint_states/position
2023-01-04	17:51:15.985 INFO     1055ms 		for topic=tb3_0/odom/twist/twist/angular/z
2023-01-04	17:51:16.442 INFO     308ms 		for topic=tb3_0/scan/ranges
2023-01-04	17:51:16.532 INFO     57ms 		for topic=tb3_0/cmd_vel/linear/x
2023-01-04	17:51:17.666 INFO     951ms 		for topic=tb3_0/scan/ranges
2023-01-04	17:51:17.666 INFO     259ms 		for topic=tb3_0/imu/linear_acceleration/x
2023-01-04	17:51:17.751 INFO     1034ms 		for topic=tb3_0/cmd_vel/linear/x
2023-01-04	17:51:18.067 INFO     3ms 		for topic=tb3_0/odom/twist/twist/angular/z
2023-01-04	17:51:18.796 INFO     358ms 		for topic=tb3_0/scan/ranges
2023-01-04	17:51:18.977 INFO     538ms 		for topic=tb3_0/cmd_vel/linear/x
2023-01-04	17:51:19.996 INFO     1199ms 		for topic=tb3_0/scan/ranges
2023-01-04	17:51:19.997 INFO     204ms 		for topic=tb3_0/imu/linear_acceleration/x
2023-01-04	17:51:20.086 INFO     33ms 		for topic=tb3_0/cmd_vel/linear/x
2023-01-04	17:51:20.116 INFO     22ms 		for topic=tb3_0/odom/twist/twist/angular/z
2023-01-04	17:51:21.289 INFO     348ms 		for topic=tb3_0/scan/ranges
2023-01-04	17:51:21.427 INFO     134ms 		for topic=tb3_0/joint_states/position
2023-01-04	17:51:21.856 INFO     2ms 		for topic=tb3_0/cmd_vel/linear/x
2023-01-04	17:51:22.430 INFO     0ms 		for topic=tb3_0/imu/linear_acceleration/x
2023-01-04	17:51:22.441 INFO     259ms 		for topic=tb3_0/scan/ranges
2023-01-04	17:51:23.222 INFO     515ms 		for topic=tb3_0/odom/twist/twist/angular/z
2023-01-04	17:51:23.257 INFO     557ms 		for topic=tb3_0/cmd_vel/linear/x
2023-01-04	17:51:23.891 INFO     10ms 		for topic=tb3_0/scan/ranges
2023-01-04	17:51:24.649 INFO     321ms 		for topic=tb3_0/cmd_vel/linear/x
2023-01-04	17:51:24.660 INFO     1ms 		for topic=tb3_0/imu/linear_acceleration/x
2023-01-04	17:51:25.272 INFO     535ms 		for topic=tb3_0/odom/twist/twist/angular/z
2023-01-04	17:51:25.297 INFO     986ms 		for topic=tb3_0/scan/ranges
2023-01-04	17:51:25.679 INFO     27ms 		for topic=tb3_0/cmd_vel/linear/x
2023-01-04	17:51:26.804 INFO     1352ms 		for topic=tb3_0/scan/ranges
2023-01-04	17:51:26.805 INFO     1153ms 		for topic=tb3_0/cmd_vel/linear/x
2023-01-04	17:51:26.805 INFO     595ms 		for topic=tb3_0/imu/linear_acceleration/x
2023-01-04	17:51:26.812 INFO     1157ms 		for topic=tb3_0/joint_states/position
2023-01-04	17:51:27.330 INFO     300ms 		for topic=tb3_0/odom/twist/twist/angular/z
2023-01-04	17:51:27.978 INFO     62ms 		for topic=tb3_0/scan/ranges
2023-01-04	17:51:28.711 INFO     269ms 		for topic=tb3_0/cmd_vel/linear/x
2023-01-04	17:51:29.209 INFO     365ms 		for topic=tb3_0/scan/ranges
2023-01-04	17:51:29.877 INFO     736ms 		for topic=tb3_0/cmd_vel/linear/x
2023-01-04	17:51:30.126 INFO     0ms 		for topic=tb3_0/imu/linear_acceleration/x
2023-01-04	17:51:30.154 INFO     1ms 		for topic=tb3_0/odom/twist/twist/angular/z
2023-01-04	17:51:30.549 INFO     329ms 		for topic=tb3_0/scan/ranges
2023-01-04	17:51:31.016 INFO     142ms 		for topic=tb3_0/cmd_vel/linear/x
2023-01-04	17:51:31.870 INFO     574ms 		for topic=tb3_0/scan/ranges
2023-01-04	17:51:32.083 INFO     768ms 		for topic=tb3_0/cmd_vel/linear/x
2023-01-04	17:51:32.357 INFO     269ms 		for topic=tb3_0/imu/linear_acceleration/x
2023-01-04	17:51:32.363 INFO     278ms 		for topic=tb3_0/odom/twist/twist/angular/z
2023-01-04	17:51:33.046 INFO     644ms 		for topic=tb3_0/scan/ranges
2023-01-04	17:51:33.304 INFO     223ms 		for topic=tb3_0/joint_states/position
2023-01-04	17:51:33.492 INFO     412ms 		for topic=tb3_0/cmd_vel/linear/x
2023-01-04	17:51:34.166 INFO     71ms 		for topic=tb3_0/scan/ranges
2023-01-04	17:51:34.538 INFO     408ms 		for topic=tb3_0/cmd_vel/linear/x
2023-01-04	17:51:34.786 INFO     1ms 		for topic=tb3_0/imu/linear_acceleration/x
2023-01-04	17:51:34.879 INFO     8ms 		for topic=tb3_0/odom/twist/twist/angular/z
2023-01-04	17:51:35.235 INFO     321ms 		for topic=tb3_0/scan/ranges
2023-01-04	17:51:35.623 INFO     14ms 		for topic=tb3_0/cmd_vel/linear/x
2023-01-04	17:51:36.251 INFO     207ms 		for topic=tb3_0/scan/ranges
2023-01-04	17:51:36.832 INFO     11ms 		for topic=tb3_0/imu/linear_acceleration/x
2023-01-04	17:51:36.920 INFO     27ms 		for topic=tb3_0/odom/twist/twist/angular/z
2023-01-04	17:51:36.950 INFO     1ms 		for topic=tb3_0/cmd_vel/linear/x
2023-01-04	17:51:37.470 INFO     36ms 		for topic=tb3_0/scan/ranges
2023-01-04	17:51:38.285 INFO     256ms 		for topic=tb3_0/cmd_vel/linear/x
2023-01-04	17:51:38.321 INFO     124ms 		for topic=tb3_0/joint_states/position
2023-01-04	17:51:38.661 INFO     267ms 		for topic=tb3_0/scan/ranges
2023-01-04	17:51:38.853 INFO     6ms 		for topic=tb3_0/imu/linear_acceleration/x
2023-01-04	17:51:39.440 INFO     613ms 		for topic=tb3_0/odom/twist/twist/angular/z
2023-01-04	17:51:39.463 INFO     703ms 		for topic=tb3_0/cmd_vel/linear/x
2023-01-04	17:51:40.604 INFO     560ms 		for topic=tb3_0/cmd_vel/linear/x
2023-01-04	17:51:40.604 INFO     528ms 		for topic=tb3_0/scan/ranges
2023-01-04	17:51:41.490 INFO     224ms 		for topic=tb3_0/imu/linear_acceleration/x
2023-01-04	17:51:41.490 INFO     256ms 		for topic=tb3_0/odom/twist/twist/angular/z
2023-01-04	17:51:42.115 INFO     48ms 		for topic=tb3_0/cmd_vel/linear/x
2023-01-04	17:51:43.015 INFO     871ms 		for topic=tb3_0/scan/ranges
2023-01-04	17:51:43.520 INFO     330ms 		for topic=tb3_0/cmd_vel/linear/x
2023-01-04	17:51:43.576 INFO     46ms 		for topic=tb3_0/imu/linear_acceleration/x
2023-01-04	17:51:43.785 INFO     256ms 		for topic=tb3_0/odom/twist/twist/angular/z
2023-01-04	17:51:43.947 INFO     1ms 		for topic=tb3_0/joint_states/position
2023-01-04	17:51:44.039 INFO     851ms 		for topic=tb3_0/scan/ranges
2023-01-04	17:51:44.582 INFO     837ms 		for topic=tb3_0/cmd_vel/linear/x
2023-01-04	17:51:45.365 INFO     433ms 		for topic=tb3_0/scan/ranges
2023-01-04	17:51:45.840 INFO     906ms 		for topic=tb3_0/odom/twist/twist/angular/z
2023-01-04	17:51:45.864 INFO     19ms 		for topic=tb3_0/imu/linear_acceleration/x
2023-01-04	17:51:46.053 INFO     1120ms 		for topic=tb3_0/cmd_vel/linear/x
2023-01-04	17:51:46.388 INFO     6ms 		for topic=tb3_0/scan/ranges
2023-01-04	17:51:47.089 INFO     86ms 		for topic=tb3_0/cmd_vel/linear/x
2023-01-04	17:51:47.474 INFO     154ms 		for topic=tb3_0/scan/ranges
2023-01-04	17:51:47.907 INFO     305ms 		for topic=tb3_0/odom/twist/twist/angular/z
2023-01-04	17:51:47.918 INFO     1ms 		for topic=tb3_0/imu/linear_acceleration/x
2023-01-04	17:51:48.349 INFO     193ms 		for topic=tb3_0/cmd_vel/linear/x
2023-01-04	17:51:48.858 INFO     681ms 		for topic=tb3_0/scan/ranges
2023-01-04	17:51:49.091 INFO     2ms 		for topic=tb3_0/joint_states/position
2023-01-04	17:51:50.336 INFO     816ms 		for topic=tb3_0/scan/ranges
2023-01-04	17:51:50.337 INFO     553ms 		for topic=tb3_0/odom/twist/twist/angular/z
2023-01-04	17:51:50.337 INFO     529ms 		for topic=tb3_0/imu/linear_acceleration/x
2023-01-04	17:51:50.338 INFO     811ms 		for topic=tb3_0/cmd_vel/linear/x
2023-01-04	17:51:51.837 INFO     265ms 		for topic=tb3_0/scan/ranges
2023-01-04	17:51:51.848 INFO     278ms 		for topic=tb3_0/cmd_vel/linear/x
2023-01-04	17:51:52.697 INFO     1124ms 		for topic=tb3_0/odom/twist/twist/angular/z
2023-01-04	17:51:52.698 INFO     579ms 		for topic=tb3_0/imu/linear_acceleration/x
2023-01-04	17:51:53.259 INFO     518ms 		for topic=tb3_0/cmd_vel/linear/x
2023-01-04	17:51:53.259 INFO     1383ms 		for topic=tb3_0/scan/ranges
2023-01-04	17:51:54.174 INFO     2ms 		for topic=tb3_0/joint_states/position
2023-01-04	17:51:54.293 INFO     102ms 		for topic=tb3_0/cmd_vel/linear/x
2023-01-04	17:51:54.360 INFO     174ms 		for topic=tb3_0/scan/ranges
2023-01-04	17:51:54.797 INFO     123ms 		for topic=tb3_0/odom/twist/twist/angular/z
2023-01-04	17:51:55.309 INFO     119ms 		for topic=tb3_0/cmd_vel/linear/x
2023-01-04	17:51:55.309 INFO     117ms 		for topic=tb3_0/imu/linear_acceleration/x
2023-01-04	17:51:55.400 INFO     250ms 		for topic=tb3_0/scan/ranges
2023-01-04	17:51:56.883 INFO     911ms 		for topic=tb3_0/odom/twist/twist/angular/z
2023-01-04	17:51:56.883 INFO     913ms 		for topic=tb3_0/cmd_vel/linear/x
2023-01-04	17:51:57.497 INFO     550ms 		for topic=tb3_0/scan/ranges
2023-01-04	17:51:57.781 INFO     0ms 		for topic=tb3_0/imu/linear_acceleration/x
2023-01-04	17:51:58.137 INFO     1186ms 		for topic=tb3_0/cmd_vel/linear/x
2023-01-04	17:51:58.743 INFO     1796ms 		for topic=tb3_0/scan/ranges
2023-01-04	17:51:58.996 INFO     103ms 		for topic=tb3_0/odom/twist/twist/angular/z
2023-01-04	17:51:59.211 INFO     39ms 		for topic=tb3_0/joint_states/position
2023-01-04	17:51:59.783 INFO     611ms 		for topic=tb3_0/cmd_vel/linear/x
2023-01-04	17:51:59.839 INFO     434ms 		for topic=tb3_0/scan/ranges
2023-01-04	17:52:00.940 INFO     1087ms 		for topic=tb3_0/cmd_vel/linear/x
2023-01-04	17:52:00.941 INFO     1536ms 		for topic=tb3_0/scan/ranges
2023-01-04	17:52:00.941 INFO     1087ms 		for topic=tb3_0/imu/linear_acceleration/x
2023-01-04	17:52:01.114 INFO     146ms 		for topic=tb3_0/odom/twist/twist/angular/z
2023-01-04	17:52:02.669 INFO     1000ms 		for topic=tb3_0/cmd_vel/linear/x
2023-01-04	17:52:02.682 INFO     4ms 		for topic=tb3_0/scan/ranges
2023-01-04	17:52:03.921 INFO     595ms 		for topic=tb3_0/odom/twist/twist/angular/z
2023-01-04	17:52:03.937 INFO     611ms 		for topic=tb3_0/scan/ranges
2023-01-04	17:52:03.948 INFO     13ms 		for topic=tb3_0/cmd_vel/linear/x
2023-01-04	17:52:03.986 INFO     1ms 		for topic=tb3_0/imu/linear_acceleration/x
2023-01-04	17:52:04.308 INFO     326ms 		for topic=tb3_0/joint_states/position
2023-01-04	17:52:05.307 INFO     21ms 		for topic=tb3_0/cmd_vel/linear/x
2023-01-04	17:52:05.318 INFO     47ms 		for topic=tb3_0/scan/ranges
2023-01-04	17:52:05.957 INFO     417ms 		for topic=tb3_0/odom/twist/twist/angular/z
2023-01-04	17:52:06.717 INFO     360ms 		for topic=tb3_0/cmd_vel/linear/x
2023-01-04	17:52:06.718 INFO     352ms 		for topic=tb3_0/scan/ranges
2023-01-04	17:52:06.718 INFO     372ms 		for topic=tb3_0/imu/linear_acceleration/x
2023-01-04	17:52:08.435 INFO     582ms 		for topic=tb3_0/cmd_vel/linear/x
2023-01-04	17:52:08.436 INFO     954ms 		for topic=tb3_0/scan/ranges
2023-01-04	17:52:08.436 INFO     580ms 		for topic=tb3_0/odom/twist/twist/angular/z
2023-01-04	17:52:09.508 INFO     222ms 		for topic=tb3_0/imu/linear_acceleration/x
2023-01-04	17:52:09.508 INFO     221ms 		for topic=tb3_0/cmd_vel/linear/x
2023-01-04	17:52:09.516 INFO     229ms 		for topic=tb3_0/joint_states/position
2023-01-04	17:52:09.977 INFO     459ms 		for topic=tb3_0/scan/ranges
2023-01-04	17:52:11.102 INFO     643ms 		for topic=tb3_0/cmd_vel/linear/x
2023-01-04	17:52:11.315 INFO     1ms 		for topic=tb3_0/scan/ranges
2023-01-04	17:52:11.537 INFO     11ms 		for topic=tb3_0/odom/twist/twist/angular/z
2023-01-04	17:52:11.900 INFO     153ms 		for topic=tb3_0/imu/linear_acceleration/x
2023-01-04	17:52:12.163 INFO     637ms 		for topic=tb3_0/cmd_vel/linear/x
2023-01-04	17:52:12.514 INFO     2ms 		for topic=tb3_0/scan/ranges
2023-01-04	17:52:13.942 INFO     1213ms 		for topic=tb3_0/odom/twist/twist/angular/z
2023-01-04	17:52:13.942 INFO     1210ms 		for topic=tb3_0/cmd_vel/linear/x
2023-01-04	17:52:13.942 INFO     1215ms 		for topic=tb3_0/scan/ranges
2023-01-04	17:52:13.990 INFO     0ms 		for topic=tb3_0/imu/linear_acceleration/x
2023-01-04	17:52:15.212 INFO     692ms 		for topic=tb3_0/joint_states/position
2023-01-04	17:52:15.212 INFO     701ms 		for topic=tb3_0/cmd_vel/linear/x
2023-01-04	17:52:15.212 INFO     702ms 		for topic=tb3_0/scan/ranges
2023-01-04	17:52:16.160 INFO     241ms 		for topic=tb3_0/odom/twist/twist/angular/z
2023-01-04	17:52:16.346 INFO     5ms 		for topic=tb3_0/imu/linear_acceleration/x
2023-01-04	17:52:16.959 INFO     397ms 		for topic=tb3_0/cmd_vel/linear/x
2023-01-04	17:52:16.959 INFO     273ms 		for topic=tb3_0/scan/ranges
2023-01-04	17:52:18.010 INFO     638ms 		for topic=tb3_0/cmd_vel/linear/x
2023-01-04	17:52:18.422 INFO     107ms 		for topic=tb3_0/imu/linear_acceleration/x
2023-01-04	17:52:18.428 INFO     406ms 		for topic=tb3_0/odom/twist/twist/angular/z
2023-01-04	17:52:18.433 INFO     859ms 		for topic=tb3_0/scan/ranges
2023-01-04	17:52:19.090 INFO     191ms 		for topic=tb3_0/cmd_vel/linear/x
2023-01-04	17:52:20.402 INFO     164ms 		for topic=tb3_0/cmd_vel/linear/x
2023-01-04	17:52:20.402 INFO     167ms 		for topic=tb3_0/scan/ranges
2023-01-04	17:52:20.664 INFO     61ms 		for topic=tb3_0/joint_states/position
2023-01-04	17:52:20.720 INFO     7ms 		for topic=tb3_0/imu/linear_acceleration/x
2023-01-04	17:52:20.925 INFO     99ms 		for topic=tb3_0/odom/twist/twist/angular/z
2023-01-04	17:52:21.417 INFO     143ms 		for topic=tb3_0/cmd_vel/linear/x
2023-01-04	17:52:21.867 INFO     25ms 		for topic=tb3_0/scan/ranges
2023-01-04	17:52:22.503 INFO     360ms 		for topic=tb3_0/cmd_vel/linear/x
2023-01-04	17:52:22.910 INFO     55ms 		for topic=tb3_0/scan/ranges
2023-01-04	17:52:23.451 INFO     274ms 		for topic=tb3_0/imu/linear_acceleration/x
2023-01-04	17:52:23.473 INFO     287ms 		for topic=tb3_0/odom/twist/twist/angular/z
2023-01-04	17:52:23.855 INFO     343ms 		for topic=tb3_0/cmd_vel/linear/x
2023-01-04	17:52:24.151 INFO     668ms 		for topic=tb3_0/scan/ranges
2023-01-04	17:52:25.414 INFO     745ms 		for topic=tb3_0/cmd_vel/linear/x
2023-01-04	17:52:25.415 INFO     739ms 		for topic=tb3_0/scan/ranges
2023-01-04	17:52:25.574 INFO     0ms 		for topic=tb3_0/odom/twist/twist/angular/z
2023-01-04	17:52:25.575 INFO     148ms 		for topic=tb3_0/imu/linear_acceleration/x
2023-01-04	17:52:26.260 INFO     319ms 		for topic=tb3_0/joint_states/position
2023-01-04	17:52:26.898 INFO     167ms 		for topic=tb3_0/scan/ranges
2023-01-04	17:52:26.943 INFO     215ms 		for topic=tb3_0/cmd_vel/linear/x
2023-01-04	17:52:27.957 INFO     986ms 		for topic=tb3_0/cmd_vel/linear/x
2023-01-04	17:52:28.300 INFO     1316ms 		for topic=tb3_0/scan/ranges
2023-01-04	17:52:28.316 INFO     519ms 		for topic=tb3_0/odom/twist/twist/angular/z
2023-01-04	17:52:28.391 INFO     70ms 		for topic=tb3_0/imu/linear_acceleration/x
2023-01-04	17:52:28.987 INFO     1ms 		for topic=tb3_0/cmd_vel/linear/x
2023-01-04	17:52:29.357 INFO     79ms 		for topic=tb3_0/scan/ranges
2023-01-04	17:52:30.007 INFO     4ms 		for topic=tb3_0/cmd_vel/linear/x
2023-01-04	17:52:30.378 INFO     258ms 		for topic=tb3_0/odom/twist/twist/angular/z
2023-01-04	17:52:30.480 INFO     11ms 		for topic=tb3_0/imu/linear_acceleration/x
2023-01-04	17:52:30.490 INFO     2ms 		for topic=tb3_0/scan/ranges
2023-01-04	17:52:31.171 INFO     271ms 		for topic=tb3_0/cmd_vel/linear/x
2023-01-04	17:52:31.522 INFO     251ms 		for topic=tb3_0/scan/ranges
2023-01-04	17:52:31.540 INFO     2ms 		for topic=tb3_0/joint_states/position
2023-01-04	17:52:32.222 INFO     276ms 		for topic=tb3_0/cmd_vel/linear/x
2023-01-04	17:52:32.427 INFO     41ms 		for topic=tb3_0/odom/twist/twist/angular/z
2023-01-04	17:52:32.620 INFO     21ms 		for topic=tb3_0/imu/linear_acceleration/x
2023-01-04	17:52:32.620 INFO     23ms 		for topic=tb3_0/scan/ranges
2023-01-04	17:52:33.282 INFO     78ms 		for topic=tb3_0/cmd_vel/linear/x
2023-01-04	17:52:34.221 INFO     865ms 		for topic=tb3_0/scan/ranges
2023-01-04	17:52:34.327 INFO     291ms 		for topic=tb3_0/cmd_vel/linear/x
2023-01-04	17:52:34.499 INFO     19ms 		for topic=tb3_0/odom/twist/twist/angular/z
2023-01-04	17:52:35.418 INFO     1074ms 		for topic=tb3_0/scan/ranges
2023-01-04	17:52:35.418 INFO     840ms 		for topic=tb3_0/cmd_vel/linear/x
2023-01-04	17:52:35.444 INFO     25ms 		for topic=tb3_0/imu/linear_acceleration/x
2023-01-04	17:52:36.541 INFO     565ms 		for topic=tb3_0/scan/ranges
2023-01-04	17:52:36.552 INFO     479ms 		for topic=tb3_0/joint_states/position
2023-01-04	17:52:36.568 INFO     467ms 		for topic=tb3_0/odom/twist/twist/angular/z
2023-01-04	17:52:36.614 INFO     655ms 		for topic=tb3_0/cmd_vel/linear/x
2023-01-04	17:52:37.645 INFO     511ms 		for topic=tb3_0/cmd_vel/linear/x
2023-01-04	17:52:37.652 INFO     518ms 		for topic=tb3_0/scan/ranges
2023-01-04	17:52:37.658 INFO     191ms 		for topic=tb3_0/imu/linear_acceleration/x
2023-01-04	17:52:38.811 INFO     191ms 		for topic=tb3_0/odom/twist/twist/angular/z
2023-01-04	17:52:38.963 INFO     125ms 		for topic=tb3_0/cmd_vel/linear/x
2023-01-04	17:52:39.357 INFO     322ms 		for topic=tb3_0/scan/ranges
2023-01-04	17:52:40.526 INFO     604ms 		for topic=tb3_0/imu/linear_acceleration/x
2023-01-04	17:52:40.539 INFO     6ms 		for topic=tb3_0/scan/ranges
2023-01-04	17:52:40.865 INFO     334ms 		for topic=tb3_0/cmd_vel/linear/x
2023-01-04	17:52:41.068 INFO     111ms 		for topic=tb3_0/odom/twist/twist/angular/z
2023-01-04	17:52:41.813 INFO     182ms 		for topic=tb3_0/joint_states/position
2023-01-04	17:52:41.961 INFO     80ms 		for topic=tb3_0/cmd_vel/linear/x
2023-01-04	17:52:41.978 INFO     71ms 		for topic=tb3_0/scan/ranges
2023-01-04	17:52:43.476 INFO     1569ms 		for topic=tb3_0/scan/ranges
2023-01-04	17:52:43.476 INFO     1041ms 		for topic=tb3_0/imu/linear_acceleration/x
2023-01-04	17:52:43.476 INFO     1595ms 		for topic=tb3_0/cmd_vel/linear/x
2023-01-04	17:52:43.492 INFO     8ms 		for topic=tb3_0/odom/twist/twist/angular/z
2023-01-04	17:52:44.577 INFO     388ms 		for topic=tb3_0/scan/ranges
2023-01-04	17:52:44.867 INFO     675ms 		for topic=tb3_0/cmd_vel/linear/x
2023-01-04	17:52:45.652 INFO     474ms 		for topic=tb3_0/scan/ranges
2023-01-04	17:52:45.652 INFO     472ms 		for topic=tb3_0/imu/linear_acceleration/x
2023-01-04	17:52:45.908 INFO     4ms 		for topic=tb3_0/cmd_vel/linear/x
2023-01-04	17:52:46.573 INFO     11ms 		for topic=tb3_0/odom/twist/twist/angular/z
2023-01-04	17:52:46.733 INFO     826ms 		for topic=tb3_0/scan/ranges
2023-01-04	17:52:46.830 INFO     200ms 		for topic=tb3_0/joint_states/position
2023-01-04	17:52:47.633 INFO     212ms 		for topic=tb3_0/cmd_vel/linear/x
2023-01-04	17:52:47.819 INFO     398ms 		for topic=tb3_0/scan/ranges
2023-01-04	17:52:47.865 INFO     22ms 		for topic=tb3_0/imu/linear_acceleration/x
2023-01-04	17:52:48.729 INFO     74ms 		for topic=tb3_0/odom/twist/twist/angular/z
2023-01-04	17:52:48.852 INFO     197ms 		for topic=tb3_0/cmd_vel/linear/x
2023-01-04	17:52:48.852 INFO     116ms 		for topic=tb3_0/scan/ranges
2023-01-04	17:52:49.912 INFO     97ms 		for topic=tb3_0/cmd_vel/linear/x
2023-01-04	17:52:49.912 INFO     26ms 		for topic=tb3_0/imu/linear_acceleration/x
2023-01-04	17:52:50.059 INFO     208ms 		for topic=tb3_0/scan/ranges
2023-01-04	17:52:50.847 INFO     122ms 		for topic=tb3_0/odom/twist/twist/angular/z
2023-01-04	17:52:51.143 INFO     422ms 		for topic=tb3_0/cmd_vel/linear/x
2023-01-04	17:52:51.271 INFO     555ms 		for topic=tb3_0/scan/ranges
2023-01-04	17:52:51.984 INFO     11ms 		for topic=tb3_0/joint_states/position
2023-01-04	17:52:52.247 INFO     284ms 		for topic=tb3_0/cmd_vel/linear/x
2023-01-04	17:52:52.391 INFO     1ms 		for topic=tb3_0/imu/linear_acceleration/x
2023-01-04	17:52:52.406 INFO     32ms 		for topic=tb3_0/scan/ranges
2023-01-04	17:52:52.985 INFO     613ms 		for topic=tb3_0/odom/twist/twist/angular/z
2023-01-04	17:52:53.417 INFO     1047ms 		for topic=tb3_0/cmd_vel/linear/x
2023-01-04	17:52:54.891 INFO     385ms 		for topic=tb3_0/scan/ranges
2023-01-04	17:52:55.130 INFO     574ms 		for topic=tb3_0/imu/linear_acceleration/x
2023-01-04	17:52:55.212 INFO     816ms 		for topic=tb3_0/cmd_vel/linear/x
2023-01-04	17:52:56.102 INFO     462ms 		for topic=tb3_0/odom/twist/twist/angular/z
2023-01-04	17:52:56.102 INFO     517ms 		for topic=tb3_0/scan/ranges
2023-01-04	17:52:56.483 INFO     259ms 		for topic=tb3_0/cmd_vel/linear/x
2023-01-04	17:52:57.049 INFO     104ms 		for topic=tb3_0/joint_states/position
2023-01-04	17:52:57.404 INFO     40ms 		for topic=tb3_0/scan/ranges
2023-01-04	17:52:57.423 INFO     19ms 		for topic=tb3_0/imu/linear_acceleration/x
2023-01-04	17:52:57.912 INFO     560ms 		for topic=tb3_0/cmd_vel/linear/x
2023-01-04	17:52:58.156 INFO     786ms 		for topic=tb3_0/odom/twist/twist/angular/z
2023-01-04	17:52:58.445 INFO     1081ms 		for topic=tb3_0/scan/ranges
2023-01-04	17:52:59.007 INFO     1093ms 		for topic=tb3_0/cmd_vel/linear/x
2023-01-04	17:52:59.546 INFO     5ms 		for topic=tb3_0/imu/linear_acceleration/x
2023-01-04	17:52:59.569 INFO     61ms 		for topic=tb3_0/scan/ranges
2023-01-04	17:53:00.048 INFO     57ms 		for topic=tb3_0/cmd_vel/linear/x
2023-01-04	17:53:00.179 INFO     85ms 		for topic=tb3_0/odom/twist/twist/angular/z
2023-01-04	17:53:00.618 INFO     185ms 		for topic=tb3_0/scan/ranges
2023-01-04	17:53:01.369 INFO     59ms 		for topic=tb3_0/cmd_vel/linear/x
2023-01-04	17:53:01.808 INFO     322ms 		for topic=tb3_0/imu/linear_acceleration/x
