2023-01-04	18:28:28.445 INFO     349228nanosecs 		for topic=tb3_0/cmd_vel/linear/x
2023-01-04	18:28:28.817 INFO     277976nanosecs 		for topic=tb3_0/scan/ranges
2023-01-04	18:28:29.359 INFO     304757nanosecs 		for topic=tb3_0/imu/linear_acceleration/x
2023-01-04	18:28:29.375 INFO     366377nanosecs 		for topic=tb3_0/odom/twist/twist/angular/z
2023-01-04	18:28:29.899 INFO     302487nanosecs 		for topic=tb3_0/cmd_vel/linear/x
2023-01-04	18:28:30.126 INFO     309898nanosecs 		for topic=tb3_0/scan/ranges
2023-01-04	18:28:31.035 INFO     328428nanosecs 		for topic=tb3_0/cmd_vel/linear/x
2023-01-04	18:28:31.661 INFO     323897nanosecs 		for topic=tb3_0/scan/ranges
2023-01-04	18:28:31.662 INFO     340808nanosecs 		for topic=tb3_0/imu/linear_acceleration/x
2023-01-04	18:28:31.662 INFO     258965nanosecs 		for topic=tb3_0/odom/twist/twist/angular/z
2023-01-04	18:28:32.796 INFO     279045nanosecs 		for topic=tb3_0/scan/ranges
2023-01-04	18:28:32.802 INFO     329067nanosecs 		for topic=tb3_0/joint_states/position
2023-01-04	18:28:32.803 INFO     321878nanosecs 		for topic=tb3_0/cmd_vel/linear/x
2023-01-04	18:28:33.942 INFO     339797nanosecs 		for topic=tb3_0/imu/linear_acceleration/x
2023-01-04	18:28:34.480 INFO     358258nanosecs 		for topic=tb3_0/odom/twist/twist/angular/z
2023-01-04	18:28:34.491 INFO     248585nanosecs 		for topic=tb3_0/scan/ranges
2023-01-04	18:28:34.501 INFO     187494nanosecs 		for topic=tb3_0/cmd_vel/linear/x
2023-01-04	18:28:35.618 INFO     183365nanosecs 		for topic=tb3_0/cmd_vel/linear/x
2023-01-04	18:28:35.787 INFO     230375nanosecs 		for topic=tb3_0/scan/ranges
2023-01-04	18:28:36.515 INFO     311956nanosecs 		for topic=tb3_0/imu/linear_acceleration/x
2023-01-04	18:28:36.642 INFO     235975nanosecs 		for topic=tb3_0/odom/twist/twist/angular/z
2023-01-04	18:28:36.959 INFO     233246nanosecs 		for topic=tb3_0/scan/ranges
2023-01-04	18:28:36.959 INFO     280786nanosecs 		for topic=tb3_0/cmd_vel/linear/x
2023-01-04	18:28:38.413 INFO     264036nanosecs 		for topic=tb3_0/scan/ranges
2023-01-04	18:28:38.479 INFO     298096nanosecs 		for topic=tb3_0/joint_states/position
2023-01-04	18:28:38.480 INFO     268726nanosecs 		for topic=tb3_0/cmd_vel/linear/x
2023-01-04	18:28:38.861 INFO     329867nanosecs 		for topic=tb3_0/imu/linear_acceleration/x
2023-01-04	18:28:39.213 INFO     269966nanosecs 		for topic=tb3_0/odom/twist/twist/angular/z
2023-01-04	18:28:39.522 INFO     185264nanosecs 		for topic=tb3_0/scan/ranges
2023-01-04	18:28:40.209 INFO     234535nanosecs 		for topic=tb3_0/cmd_vel/linear/x
2023-01-04	18:28:40.706 INFO     318728nanosecs 		for topic=tb3_0/scan/ranges
2023-01-04	18:28:40.994 INFO     321526nanosecs 		for topic=tb3_0/imu/linear_acceleration/x
2023-01-04	18:28:41.352 INFO     391568nanosecs 		for topic=tb3_0/odom/twist/twist/angular/z
2023-01-04	18:28:41.363 INFO     249626nanosecs 		for topic=tb3_0/cmd_vel/linear/x
2023-01-04	18:28:41.806 INFO     373188nanosecs 		for topic=tb3_0/scan/ranges
2023-01-04	18:28:42.645 INFO     189014nanosecs 		for topic=tb3_0/cmd_vel/linear/x
2023-01-04	18:28:43.268 INFO     277116nanosecs 		for topic=tb3_0/scan/ranges
2023-01-04	18:28:43.298 INFO     303476nanosecs 		for topic=tb3_0/imu/linear_acceleration/x
2023-01-04	18:28:43.530 INFO     317797nanosecs 		for topic=tb3_0/joint_states/position
2023-01-04	18:28:43.739 INFO     269367nanosecs 		for topic=tb3_0/cmd_vel/linear/x
2023-01-04	18:28:43.739 INFO     222625nanosecs 		for topic=tb3_0/odom/twist/twist/angular/z
2023-01-04	18:28:44.330 INFO     291377nanosecs 		for topic=tb3_0/scan/ranges
2023-01-04	18:28:44.862 INFO     268646nanosecs 		for topic=tb3_0/cmd_vel/linear/x
2023-01-04	18:28:45.421 INFO     276326nanosecs 		for topic=tb3_0/scan/ranges
2023-01-04	18:28:45.447 INFO     278076nanosecs 		for topic=tb3_0/imu/linear_acceleration/x
2023-01-04	18:28:46.899 INFO     298526nanosecs 		for topic=tb3_0/cmd_vel/linear/x
2023-01-04	18:28:46.905 INFO     364397nanosecs 		for topic=tb3_0/odom/twist/twist/angular/z
2023-01-04	18:28:46.939 INFO     236666nanosecs 		for topic=tb3_0/scan/ranges
2023-01-04	18:28:47.673 INFO     314496nanosecs 		for topic=tb3_0/imu/linear_acceleration/x
2023-01-04	18:28:47.972 INFO     268896nanosecs 		for topic=tb3_0/cmd_vel/linear/x
2023-01-04	18:28:47.973 INFO     305497nanosecs 		for topic=tb3_0/scan/ranges
2023-01-04	18:28:49.377 INFO     313567nanosecs 		for topic=tb3_0/cmd_vel/linear/x
2023-01-04	18:28:49.390 INFO     302626nanosecs 		for topic=tb3_0/odom/twist/twist/angular/z
2023-01-04	18:28:50.477 INFO     344768nanosecs 		for topic=tb3_0/joint_states/position
2023-01-04	18:28:50.477 INFO     314497nanosecs 		for topic=tb3_0/imu/linear_acceleration/x
2023-01-04	18:28:51.914 INFO     293357nanosecs 		for topic=tb3_0/cmd_vel/linear/x
2023-01-04	18:28:51.915 INFO     341498nanosecs 		for topic=tb3_0/scan/ranges
2023-01-04	18:28:52.709 INFO     246525nanosecs 		for topic=tb3_0/odom/twist/twist/angular/z
2023-01-04	18:28:53.132 INFO     233526nanosecs 		for topic=tb3_0/cmd_vel/linear/x
2023-01-04	18:28:53.361 INFO     354758nanosecs 		for topic=tb3_0/imu/linear_acceleration/x
2023-01-04	18:28:53.370 INFO     301576nanosecs 		for topic=tb3_0/scan/ranges
2023-01-04	18:28:54.467 INFO     228975nanosecs 		for topic=tb3_0/cmd_vel/linear/x
2023-01-04	18:28:54.797 INFO     380078nanosecs 		for topic=tb3_0/odom/twist/twist/angular/z
2023-01-04	18:28:54.817 INFO     186994nanosecs 		for topic=tb3_0/scan/ranges
2023-01-04	18:28:55.542 INFO     217684nanosecs 		for topic=tb3_0/cmd_vel/linear/x
2023-01-04	18:28:55.547 INFO     322147nanosecs 		for topic=tb3_0/imu/linear_acceleration/x
2023-01-04	18:28:56.058 INFO     260476nanosecs 		for topic=tb3_0/scan/ranges
2023-01-04	18:28:56.139 INFO     583982nanosecs 		for topic=tb3_0/joint_states/position
2023-01-04	18:28:56.756 INFO     297417nanosecs 		for topic=tb3_0/cmd_vel/linear/x
2023-01-04	18:28:56.969 INFO     293626nanosecs 		for topic=tb3_0/odom/twist/twist/angular/z
2023-01-04	18:28:57.082 INFO     203434nanosecs 		for topic=tb3_0/scan/ranges
2023-01-04	18:28:57.734 INFO     359407nanosecs 		for topic=tb3_0/imu/linear_acceleration/x
2023-01-04	18:28:57.932 INFO     257185nanosecs 		for topic=tb3_0/cmd_vel/linear/x
2023-01-04	18:28:58.529 INFO     323877nanosecs 		for topic=tb3_0/scan/ranges
2023-01-04	18:28:59.276 INFO     210675nanosecs 		for topic=tb3_0/odom/twist/twist/angular/z
2023-01-04	18:28:59.584 INFO     302357nanosecs 		for topic=tb3_0/cmd_vel/linear/x
2023-01-04	18:28:59.883 INFO     256455nanosecs 		for topic=tb3_0/scan/ranges
2023-01-04	18:28:59.901 INFO     317287nanosecs 		for topic=tb3_0/imu/linear_acceleration/x
2023-01-04	18:29:00.600 INFO     247185nanosecs 		for topic=tb3_0/cmd_vel/linear/x
2023-01-04	18:29:00.930 INFO     267236nanosecs 		for topic=tb3_0/scan/ranges
2023-01-04	18:29:01.397 INFO     336057nanosecs 		for topic=tb3_0/joint_states/position
2023-01-04	18:29:02.074 INFO     237314nanosecs 		for topic=tb3_0/cmd_vel/linear/x
2023-01-04	18:29:02.074 INFO     284646nanosecs 		for topic=tb3_0/odom/twist/twist/angular/z
2023-01-04	18:29:02.075 INFO     168463nanosecs 		for topic=tb3_0/scan/ranges
2023-01-04	18:29:02.110 INFO     237545nanosecs 		for topic=tb3_0/imu/linear_acceleration/x
2023-01-04	18:29:03.293 INFO     232546nanosecs 		for topic=tb3_0/cmd_vel/linear/x
2023-01-04	18:29:04.784 INFO     260717nanosecs 		for topic=tb3_0/scan/ranges
2023-01-04	18:29:04.784 INFO     211695nanosecs 		for topic=tb3_0/odom/twist/twist/angular/z
2023-01-04	18:29:05.407 INFO     260235nanosecs 		for topic=tb3_0/cmd_vel/linear/x
2023-01-04	18:29:06.634 INFO     369458nanosecs 		for topic=tb3_0/joint_states/position
2023-01-04	18:29:06.635 INFO     534401nanosecs 		for topic=tb3_0/cmd_vel/linear/x
2023-01-04	18:29:06.635 INFO     282196nanosecs 		for topic=tb3_0/imu/linear_acceleration/x
2023-01-04	18:29:06.902 INFO     323507nanosecs 		for topic=tb3_0/scan/ranges
2023-01-04	18:29:07.766 INFO     325827nanosecs 		for topic=tb3_0/odom/twist/twist/angular/z
2023-01-04	18:29:07.792 INFO     280837nanosecs 		for topic=tb3_0/cmd_vel/linear/x
2023-01-04	18:29:08.183 INFO     326207nanosecs 		for topic=tb3_0/scan/ranges
2023-01-04	18:29:08.833 INFO     249686nanosecs 		for topic=tb3_0/cmd_vel/linear/x
2023-01-04	18:29:08.976 INFO     263605nanosecs 		for topic=tb3_0/imu/linear_acceleration/x
2023-01-04	18:29:09.368 INFO     286885nanosecs 		for topic=tb3_0/scan/ranges
2023-01-04	18:29:09.783 INFO     241925nanosecs 		for topic=tb3_0/odom/twist/twist/angular/z
2023-01-04	18:29:10.042 INFO     231884nanosecs 		for topic=tb3_0/cmd_vel/linear/x
2023-01-04	18:29:10.473 INFO     250666nanosecs 		for topic=tb3_0/scan/ranges
2023-01-04	18:29:11.060 INFO     256786nanosecs 		for topic=tb3_0/imu/linear_acceleration/x
2023-01-04	18:29:11.176 INFO     239644nanosecs 		for topic=tb3_0/cmd_vel/linear/x
2023-01-04	18:29:11.526 INFO     290226nanosecs 		for topic=tb3_0/scan/ranges
2023-01-04	18:29:11.785 INFO     356387nanosecs 		for topic=tb3_0/joint_states/position
2023-01-04	18:29:11.796 INFO     265926nanosecs 		for topic=tb3_0/odom/twist/twist/angular/z
2023-01-04	18:29:12.182 INFO     216485nanosecs 		for topic=tb3_0/cmd_vel/linear/x
2023-01-04	18:29:12.556 INFO     327486nanosecs 		for topic=tb3_0/scan/ranges
2023-01-04	18:29:13.260 INFO     243385nanosecs 		for topic=tb3_0/cmd_vel/linear/x
2023-01-04	18:29:14.272 INFO     357538nanosecs 		for topic=tb3_0/odom/twist/twist/angular/z
2023-01-04	18:29:14.273 INFO     178355nanosecs 		for topic=tb3_0/scan/ranges
2023-01-04	18:29:14.273 INFO     316436nanosecs 		for topic=tb3_0/imu/linear_acceleration/x
2023-01-04	18:29:14.285 INFO     210375nanosecs 		for topic=tb3_0/cmd_vel/linear/x
2023-01-04	18:29:15.456 INFO     248175nanosecs 		for topic=tb3_0/scan/ranges
2023-01-04	18:29:16.417 INFO     280166nanosecs 		for topic=tb3_0/cmd_vel/linear/x
2023-01-04	18:29:16.748 INFO     308537nanosecs 		for topic=tb3_0/imu/linear_acceleration/x
2023-01-04	18:29:16.749 INFO     309586nanosecs 		for topic=tb3_0/odom/twist/twist/angular/z
2023-01-04	18:29:16.890 INFO     182924nanosecs 		for topic=tb3_0/scan/ranges
2023-01-04	18:29:17.118 INFO     326027nanosecs 		for topic=tb3_0/joint_states/position
2023-01-04	18:29:17.508 INFO     302556nanosecs 		for topic=tb3_0/cmd_vel/linear/x
2023-01-04	18:29:18.427 INFO     292996nanosecs 		for topic=tb3_0/scan/ranges
2023-01-04	18:29:18.554 INFO     323518nanosecs 		for topic=tb3_0/cmd_vel/linear/x
2023-01-04	18:29:19.236 INFO     300386nanosecs 		for topic=tb3_0/odom/twist/twist/angular/z
2023-01-04	18:29:19.237 INFO     302596nanosecs 		for topic=tb3_0/imu/linear_acceleration/x
2023-01-04	18:29:19.633 INFO     339207nanosecs 		for topic=tb3_0/cmd_vel/linear/x
2023-01-04	18:29:19.663 INFO     262356nanosecs 		for topic=tb3_0/scan/ranges
2023-01-04	18:29:20.842 INFO     269685nanosecs 		for topic=tb3_0/cmd_vel/linear/x
2023-01-04	18:29:21.566 INFO     325017nanosecs 		for topic=tb3_0/odom/twist/twist/angular/z
2023-01-04	18:29:21.602 INFO     176163nanosecs 		for topic=tb3_0/scan/ranges
2023-01-04	18:29:21.770 INFO     306417nanosecs 		for topic=tb3_0/imu/linear_acceleration/x
2023-01-04	18:29:21.861 INFO     273096nanosecs 		for topic=tb3_0/cmd_vel/linear/x
2023-01-04	18:29:22.601 INFO     312916nanosecs 		for topic=tb3_0/joint_states/position
2023-01-04	18:29:22.617 INFO     278196nanosecs 		for topic=tb3_0/scan/ranges
2023-01-04	18:29:22.937 INFO     294967nanosecs 		for topic=tb3_0/cmd_vel/linear/x
2023-01-04	18:29:23.655 INFO     345437nanosecs 		for topic=tb3_0/odom/twist/twist/angular/z
2023-01-04	18:29:24.071 INFO     326477nanosecs 		for topic=tb3_0/scan/ranges
2023-01-04	18:29:24.071 INFO     284106nanosecs 		for topic=tb3_0/cmd_vel/linear/x
2023-01-04	18:29:24.071 INFO     321507nanosecs 		for topic=tb3_0/imu/linear_acceleration/x
2023-01-04	18:29:25.832 INFO     340077nanosecs 		for topic=tb3_0/scan/ranges
2023-01-04	18:29:26.084 INFO     291427nanosecs 		for topic=tb3_0/cmd_vel/linear/x
2023-01-04	18:29:26.446 INFO     340617nanosecs 		for topic=tb3_0/odom/twist/twist/angular/z
2023-01-04	18:29:26.861 INFO     192855nanosecs 		for topic=tb3_0/scan/ranges
2023-01-04	18:29:27.515 INFO     332637nanosecs 		for topic=tb3_0/imu/linear_acceleration/x
2023-01-04	18:29:27.515 INFO     188184nanosecs 		for topic=tb3_0/cmd_vel/linear/x
2023-01-04	18:29:27.653 INFO     335768nanosecs 		for topic=tb3_0/joint_states/position
2023-01-04	18:29:27.875 INFO     254416nanosecs 		for topic=tb3_0/scan/ranges
2023-01-04	18:29:28.534 INFO     276277nanosecs 		for topic=tb3_0/odom/twist/twist/angular/z
2023-01-04	18:29:28.712 INFO     211605nanosecs 		for topic=tb3_0/cmd_vel/linear/x
2023-01-04	18:29:29.386 INFO     181475nanosecs 		for topic=tb3_0/scan/ranges
2023-01-04	18:29:29.703 INFO     304786nanosecs 		for topic=tb3_0/imu/linear_acceleration/x
2023-01-04	18:29:29.840 INFO     221125nanosecs 		for topic=tb3_0/cmd_vel/linear/x
2023-01-04	18:29:30.757 INFO     313696nanosecs 		for topic=tb3_0/scan/ranges
2023-01-04	18:29:30.773 INFO     165323nanosecs 		for topic=tb3_0/odom/twist/twist/angular/z
2023-01-04	18:29:31.010 INFO     294907nanosecs 		for topic=tb3_0/cmd_vel/linear/x
2023-01-04	18:29:31.759 INFO     337168nanosecs 		for topic=tb3_0/imu/linear_acceleration/x
2023-01-04	18:29:31.774 INFO     236116nanosecs 		for topic=tb3_0/scan/ranges
2023-01-04	18:29:32.375 INFO     253985nanosecs 		for topic=tb3_0/cmd_vel/linear/x
2023-01-04	18:29:32.772 INFO     345308nanosecs 		for topic=tb3_0/joint_states/position
2023-01-04	18:29:32.865 INFO     309257nanosecs 		for topic=tb3_0/scan/ranges
2023-01-04	18:29:32.876 INFO     209544nanosecs 		for topic=tb3_0/odom/twist/twist/angular/z
2023-01-04	18:29:33.712 INFO     303387nanosecs 		for topic=tb3_0/cmd_vel/linear/x
2023-01-04	18:29:33.783 INFO     341408nanosecs 		for topic=tb3_0/imu/linear_acceleration/x
2023-01-04	18:29:34.168 INFO     315277nanosecs 		for topic=tb3_0/scan/ranges
2023-01-04	18:29:34.796 INFO     294997nanosecs 		for topic=tb3_0/cmd_vel/linear/x
2023-01-04	18:29:34.891 INFO     282966nanosecs 		for topic=tb3_0/odom/twist/twist/angular/z
2023-01-04	18:29:35.188 INFO     293376nanosecs 		for topic=tb3_0/scan/ranges
2023-01-04	18:29:36.137 INFO     317167nanosecs 		for topic=tb3_0/imu/linear_acceleration/x
2023-01-04	18:29:36.137 INFO     302476nanosecs 		for topic=tb3_0/cmd_vel/linear/x
2023-01-04	18:29:36.859 INFO     346858nanosecs 		for topic=tb3_0/scan/ranges
2023-01-04	18:29:37.046 INFO     363078nanosecs 		for topic=tb3_0/odom/twist/twist/angular/z
2023-01-04	18:29:38.180 INFO     305116nanosecs 		for topic=tb3_0/joint_states/position
2023-01-04	18:29:38.869 INFO     281726nanosecs 		for topic=tb3_0/imu/linear_acceleration/x
2023-01-04	18:29:39.297 INFO     259626nanosecs 		for topic=tb3_0/scan/ranges
2023-01-04	18:29:39.405 INFO     264365nanosecs 		for topic=tb3_0/cmd_vel/linear/x
2023-01-04	18:29:40.300 INFO     383608nanosecs 		for topic=tb3_0/odom/twist/twist/angular/z
2023-01-04	18:29:40.600 INFO     302557nanosecs 		for topic=tb3_0/cmd_vel/linear/x
2023-01-04	18:29:40.601 INFO     242875nanosecs 		for topic=tb3_0/scan/ranges
2023-01-04	18:29:41.153 INFO     336157nanosecs 		for topic=tb3_0/imu/linear_acceleration/x
2023-01-04	18:29:41.934 INFO     330707nanosecs 		for topic=tb3_0/cmd_vel/linear/x
2023-01-04	18:29:41.934 INFO     508251nanosecs 		for topic=tb3_0/scan/ranges
2023-01-04	18:29:42.936 INFO     319997nanosecs 		for topic=tb3_0/odom/twist/twist/angular/z
2023-01-04	18:29:43.409 INFO     330028nanosecs 		for topic=tb3_0/imu/linear_acceleration/x
2023-01-04	18:29:43.410 INFO     304616nanosecs 		for topic=tb3_0/cmd_vel/linear/x
2023-01-04	18:29:43.511 INFO     270375nanosecs 		for topic=tb3_0/scan/ranges
2023-01-04	18:29:43.571 INFO     321066nanosecs 		for topic=tb3_0/joint_states/position
2023-01-04	18:29:44.514 INFO     228964nanosecs 		for topic=tb3_0/cmd_vel/linear/x
2023-01-04	18:29:44.524 INFO     231596nanosecs 		for topic=tb3_0/scan/ranges
2023-01-04	18:29:45.035 INFO     287496nanosecs 		for topic=tb3_0/odom/twist/twist/angular/z
2023-01-04	18:29:45.547 INFO     220554nanosecs 		for topic=tb3_0/cmd_vel/linear/x
2023-01-04	18:29:45.547 INFO     203025nanosecs 		for topic=tb3_0/scan/ranges
2023-01-04	18:29:45.548 INFO     365528nanosecs 		for topic=tb3_0/imu/linear_acceleration/x
2023-01-04	18:29:46.764 INFO     258215nanosecs 		for topic=tb3_0/cmd_vel/linear/x
2023-01-04	18:29:46.869 INFO     151914nanosecs 		for topic=tb3_0/scan/ranges
2023-01-04	18:29:47.143 INFO     181104nanosecs 		for topic=tb3_0/odom/twist/twist/angular/z
2023-01-04	18:29:47.846 INFO     343607nanosecs 		for topic=tb3_0/imu/linear_acceleration/x
2023-01-04	18:29:47.892 INFO     321086nanosecs 		for topic=tb3_0/cmd_vel/linear/x
2023-01-04	18:29:48.030 INFO     224425nanosecs 		for topic=tb3_0/scan/ranges
2023-01-04	18:29:48.990 INFO     322887nanosecs 		for topic=tb3_0/joint_states/position
2023-01-04	18:29:49.098 INFO     322287nanosecs 		for topic=tb3_0/cmd_vel/linear/x
2023-01-04	18:29:49.141 INFO     199544nanosecs 		for topic=tb3_0/scan/ranges
2023-01-04	18:29:49.317 INFO     260795nanosecs 		for topic=tb3_0/odom/twist/twist/angular/z
2023-01-04	18:29:49.872 INFO     370848nanosecs 		for topic=tb3_0/imu/linear_acceleration/x
2023-01-04	18:29:50.444 INFO     526331nanosecs 		for topic=tb3_0/cmd_vel/linear/x
2023-01-04	18:29:50.941 INFO     288127nanosecs 		for topic=tb3_0/scan/ranges
2023-01-04	18:29:52.234 INFO     263236nanosecs 		for topic=tb3_0/odom/twist/twist/angular/z
2023-01-04	18:29:52.239 INFO     331477nanosecs 		for topic=tb3_0/imu/linear_acceleration/x
2023-01-04	18:29:52.240 INFO     168304nanosecs 		for topic=tb3_0/cmd_vel/linear/x
2023-01-04	18:29:53.905 INFO     307897nanosecs 		for topic=tb3_0/scan/ranges
2023-01-04	18:29:54.180 INFO     322158nanosecs 		for topic=tb3_0/joint_states/position
2023-01-04	18:29:54.572 INFO     330006nanosecs 		for topic=tb3_0/odom/twist/twist/angular/z
2023-01-04	18:29:55.190 INFO     218904nanosecs 		for topic=tb3_0/cmd_vel/linear/x
2023-01-04	18:29:55.426 INFO     325787nanosecs 		for topic=tb3_0/imu/linear_acceleration/x
2023-01-04	18:29:55.442 INFO     259915nanosecs 		for topic=tb3_0/scan/ranges
2023-01-04	18:29:56.240 INFO     203105nanosecs 		for topic=tb3_0/cmd_vel/linear/x
2023-01-04	18:29:56.513 INFO     343077nanosecs 		for topic=tb3_0/scan/ranges
2023-01-04	18:29:57.143 INFO     345497nanosecs 		for topic=tb3_0/odom/twist/twist/angular/z
2023-01-04	18:29:57.412 INFO     211035nanosecs 		for topic=tb3_0/cmd_vel/linear/x
2023-01-04	18:29:57.458 INFO     318277nanosecs 		for topic=tb3_0/imu/linear_acceleration/x
2023-01-04	18:29:57.529 INFO     324787nanosecs 		for topic=tb3_0/scan/ranges
2023-01-04	18:29:58.700 INFO     311866nanosecs 		for topic=tb3_0/cmd_vel/linear/x
2023-01-04	18:29:58.728 INFO     332188nanosecs 		for topic=tb3_0/scan/ranges
2023-01-04	18:29:59.198 INFO     264666nanosecs 		for topic=tb3_0/odom/twist/twist/angular/z
2023-01-04	18:29:59.466 INFO     319747nanosecs 		for topic=tb3_0/joint_states/position
2023-01-04	18:29:59.646 INFO     327296nanosecs 		for topic=tb3_0/imu/linear_acceleration/x
2023-01-04	18:29:59.940 INFO     285915nanosecs 		for topic=tb3_0/scan/ranges
2023-01-04	18:29:59.941 INFO     774536nanosecs 		for topic=tb3_0/cmd_vel/linear/x
2023-01-04	18:30:01.707 INFO     261496nanosecs 		for topic=tb3_0/odom/twist/twist/angular/z
2023-01-04	18:30:01.707 INFO     140124nanosecs 		for topic=tb3_0/scan/ranges
2023-01-04	18:30:02.136 INFO     397399nanosecs 		for topic=tb3_0/imu/linear_acceleration/x
2023-01-04	18:30:02.136 INFO     234705nanosecs 		for topic=tb3_0/cmd_vel/linear/x
2023-01-04	18:30:03.320 INFO     288286nanosecs 		for topic=tb3_0/cmd_vel/linear/x
2023-01-04	18:30:03.320 INFO     148173nanosecs 		for topic=tb3_0/scan/ranges
2023-01-04	18:30:03.877 INFO     285206nanosecs 		for topic=tb3_0/odom/twist/twist/angular/z
2023-01-04	18:30:04.201 INFO     399148nanosecs 		for topic=tb3_0/imu/linear_acceleration/x
2023-01-04	18:30:04.523 INFO     210804nanosecs 		for topic=tb3_0/cmd_vel/linear/x
2023-01-04	18:30:04.524 INFO     343337nanosecs 		for topic=tb3_0/joint_states/position
2023-01-04	18:30:04.993 INFO     298576nanosecs 		for topic=tb3_0/scan/ranges
2023-01-04	18:30:06.038 INFO     307557nanosecs 		for topic=tb3_0/odom/twist/twist/angular/z
2023-01-04	18:30:06.038 INFO     131863nanosecs 		for topic=tb3_0/cmd_vel/linear/x
2023-01-04	18:30:06.297 INFO     313437nanosecs 		for topic=tb3_0/imu/linear_acceleration/x
2023-01-04	18:30:06.323 INFO     269166nanosecs 		for topic=tb3_0/scan/ranges
2023-01-04	18:30:07.312 INFO     337997nanosecs 		for topic=tb3_0/cmd_vel/linear/x
2023-01-04	18:30:07.546 INFO     371478nanosecs 		for topic=tb3_0/scan/ranges
2023-01-04	18:30:08.311 INFO     365238nanosecs 		for topic=tb3_0/imu/linear_acceleration/x
2023-01-04	18:30:08.312 INFO     295456nanosecs 		for topic=tb3_0/odom/twist/twist/angular/z
2023-01-04	18:30:08.471 INFO     253315nanosecs 		for topic=tb3_0/cmd_vel/linear/x
2023-01-04	18:30:08.950 INFO     367697nanosecs 		for topic=tb3_0/scan/ranges
2023-01-04	18:30:10.059 INFO     338717nanosecs 		for topic=tb3_0/cmd_vel/linear/x
2023-01-04	18:30:10.162 INFO     598293nanosecs 		for topic=tb3_0/joint_states/position
2023-01-04	18:30:10.441 INFO     249155nanosecs 		for topic=tb3_0/imu/linear_acceleration/x
2023-01-04	18:30:10.617 INFO     341238nanosecs 		for topic=tb3_0/odom/twist/twist/angular/z
2023-01-04	18:30:10.757 INFO     228704nanosecs 		for topic=tb3_0/scan/ranges
2023-01-04	18:30:11.102 INFO     229385nanosecs 		for topic=tb3_0/cmd_vel/linear/x
2023-01-04	18:30:11.784 INFO     333887nanosecs 		for topic=tb3_0/scan/ranges
2023-01-04	18:30:12.221 INFO     339347nanosecs 		for topic=tb3_0/cmd_vel/linear/x
2023-01-04	18:30:12.618 INFO     323557nanosecs 		for topic=tb3_0/imu/linear_acceleration/x
2023-01-04	18:30:12.810 INFO     284845nanosecs 		for topic=tb3_0/scan/ranges
2023-01-04	18:30:13.086 INFO     373477nanosecs 		for topic=tb3_0/odom/twist/twist/angular/z
2023-01-04	18:30:13.700 INFO     243676nanosecs 		for topic=tb3_0/cmd_vel/linear/x
2023-01-04	18:30:13.886 INFO     299146nanosecs 		for topic=tb3_0/scan/ranges
2023-01-04	18:30:14.886 INFO     346768nanosecs 		for topic=tb3_0/imu/linear_acceleration/x
2023-01-04	18:30:14.957 INFO     274717nanosecs 		for topic=tb3_0/scan/ranges
2023-01-04	18:30:15.019 INFO     288087nanosecs 		for topic=tb3_0/cmd_vel/linear/x
2023-01-04	18:30:15.205 INFO     335627nanosecs 		for topic=tb3_0/joint_states/position
2023-01-04	18:30:15.801 INFO     308497nanosecs 		for topic=tb3_0/odom/twist/twist/angular/z
2023-01-04	18:30:16.196 INFO     293415nanosecs 		for topic=tb3_0/scan/ranges
2023-01-04	18:30:16.197 INFO     246206nanosecs 		for topic=tb3_0/cmd_vel/linear/x
2023-01-04	18:30:17.197 INFO     625093nanosecs 		for topic=tb3_0/imu/linear_acceleration/x
2023-01-04	18:30:17.753 INFO     314797nanosecs 		for topic=tb3_0/scan/ranges
2023-01-04	18:30:17.971 INFO     381429nanosecs 		for topic=tb3_0/odom/twist/twist/angular/z
2023-01-04	18:30:18.388 INFO     235575nanosecs 		for topic=tb3_0/cmd_vel/linear/x
2023-01-04	18:30:18.964 INFO     323777nanosecs 		for topic=tb3_0/scan/ranges
2023-01-04	18:30:19.375 INFO     309527nanosecs 		for topic=tb3_0/imu/linear_acceleration/x
2023-01-04	18:30:19.636 INFO     332417nanosecs 		for topic=tb3_0/cmd_vel/linear/x
2023-01-04	18:30:20.437 INFO     346168nanosecs 		for topic=tb3_0/odom/twist/twist/angular/z
2023-01-04	18:30:20.437 INFO     268747nanosecs 		for topic=tb3_0/scan/ranges
2023-01-04	18:30:20.444 INFO     318587nanosecs 		for topic=tb3_0/joint_states/position
2023-01-04	18:30:20.940 INFO     329697nanosecs 		for topic=tb3_0/cmd_vel/linear/x
2023-01-04	18:30:21.489 INFO     325786nanosecs 		for topic=tb3_0/imu/linear_acceleration/x
2023-01-04	18:30:21.747 INFO     353078nanosecs 		for topic=tb3_0/scan/ranges
2023-01-04	18:30:22.031 INFO     319618nanosecs 		for topic=tb3_0/cmd_vel/linear/x
2023-01-04	18:30:22.718 INFO     322487nanosecs 		for topic=tb3_0/odom/twist/twist/angular/z
2023-01-04	18:30:22.977 INFO     329946nanosecs 		for topic=tb3_0/scan/ranges
2023-01-04	18:30:23.282 INFO     315518nanosecs 		for topic=tb3_0/cmd_vel/linear/x
2023-01-04	18:30:23.602 INFO     304947nanosecs 		for topic=tb3_0/imu/linear_acceleration/x
2023-01-04	18:30:24.207 INFO     285806nanosecs 		for topic=tb3_0/scan/ranges
2023-01-04	18:30:24.569 INFO     303057nanosecs 		for topic=tb3_0/cmd_vel/linear/x
2023-01-04	18:30:25.086 INFO     300017nanosecs 		for topic=tb3_0/odom/twist/twist/angular/z
2023-01-04	18:30:25.233 INFO     276556nanosecs 		for topic=tb3_0/scan/ranges
2023-01-04	18:30:25.756 INFO     504980nanosecs 		for topic=tb3_0/cmd_vel/linear/x
2023-01-04	18:30:25.757 INFO     355567nanosecs 		for topic=tb3_0/imu/linear_acceleration/x
2023-01-04	18:30:25.804 INFO     312496nanosecs 		for topic=tb3_0/joint_states/position
2023-01-04	18:30:26.453 INFO     311848nanosecs 		for topic=tb3_0/scan/ranges
2023-01-04	18:30:26.835 INFO     291606nanosecs 		for topic=tb3_0/cmd_vel/linear/x
2023-01-04	18:30:27.174 INFO     268126nanosecs 		for topic=tb3_0/odom/twist/twist/angular/z
2023-01-04	18:30:27.726 INFO     334367nanosecs 		for topic=tb3_0/scan/ranges
2023-01-04	18:30:27.931 INFO     255935nanosecs 		for topic=tb3_0/imu/linear_acceleration/x
2023-01-04	18:30:28.003 INFO     228524nanosecs 		for topic=tb3_0/cmd_vel/linear/x
2023-01-04	18:30:28.792 INFO     327517nanosecs 		for topic=tb3_0/scan/ranges
2023-01-04	18:30:29.044 INFO     249756nanosecs 		for topic=tb3_0/cmd_vel/linear/x
2023-01-04	18:30:29.191 INFO     238295nanosecs 		for topic=tb3_0/odom/twist/twist/angular/z
2023-01-04	18:30:29.867 INFO     319677nanosecs 		for topic=tb3_0/scan/ranges
2023-01-04	18:30:29.997 INFO     338016nanosecs 		for topic=tb3_0/imu/linear_acceleration/x
2023-01-04	18:30:30.199 INFO     285636nanosecs 		for topic=tb3_0/cmd_vel/linear/x
2023-01-04	18:30:31.003 INFO     306856nanosecs 		for topic=tb3_0/scan/ranges
2023-01-04	18:30:31.332 INFO     316367nanosecs 		for topic=tb3_0/cmd_vel/linear/x
2023-01-04	18:30:31.349 INFO     219404nanosecs 		for topic=tb3_0/odom/twist/twist/angular/z
2023-01-04	18:30:31.574 INFO     339297nanosecs 		for topic=tb3_0/joint_states/position
2023-01-04	18:30:32.144 INFO     323487nanosecs 		for topic=tb3_0/scan/ranges
2023-01-04	18:30:32.409 INFO     310566nanosecs 		for topic=tb3_0/cmd_vel/linear/x
2023-01-04	18:30:32.414 INFO     334977nanosecs 		for topic=tb3_0/imu/linear_acceleration/x
2023-01-04	18:30:33.238 INFO     313527nanosecs 		for topic=tb3_0/scan/ranges
2023-01-04	18:30:33.556 INFO     624404nanosecs 		for topic=tb3_0/odom/twist/twist/angular/z
2023-01-04	18:30:33.556 INFO     163314nanosecs 		for topic=tb3_0/cmd_vel/linear/x
2023-01-04	18:30:34.320 INFO     287047nanosecs 		for topic=tb3_0/scan/ranges
2023-01-04	18:30:34.434 INFO     328338nanosecs 		for topic=tb3_0/imu/linear_acceleration/x
2023-01-04	18:30:34.699 INFO     333897nanosecs 		for topic=tb3_0/cmd_vel/linear/x
2023-01-04	18:30:35.337 INFO     290686nanosecs 		for topic=tb3_0/scan/ranges
2023-01-04	18:30:35.709 INFO     346138nanosecs 		for topic=tb3_0/odom/twist/twist/angular/z
2023-01-04	18:30:35.776 INFO     194484nanosecs 		for topic=tb3_0/cmd_vel/linear/x
2023-01-04	18:30:36.364 INFO     274936nanosecs 		for topic=tb3_0/scan/ranges
2023-01-04	18:30:36.537 INFO     329657nanosecs 		for topic=tb3_0/imu/linear_acceleration/x
2023-01-04	18:30:36.718 INFO     298546nanosecs 		for topic=tb3_0/joint_states/position
2023-01-04	18:30:36.822 INFO     325866nanosecs 		for topic=tb3_0/cmd_vel/linear/x
2023-01-04	18:30:37.583 INFO     313787nanosecs 		for topic=tb3_0/scan/ranges
2023-01-04	18:30:37.730 INFO     274726nanosecs 		for topic=tb3_0/odom/twist/twist/angular/z
2023-01-04	18:30:38.068 INFO     197674nanosecs 		for topic=tb3_0/cmd_vel/linear/x
2023-01-04	18:30:38.575 INFO     359158nanosecs 		for topic=tb3_0/imu/linear_acceleration/x
2023-01-04	18:30:38.747 INFO     294585nanosecs 		for topic=tb3_0/scan/ranges
2023-01-04	18:30:39.428 INFO     241535nanosecs 		for topic=tb3_0/cmd_vel/linear/x
2023-01-04	18:30:39.913 INFO     241425nanosecs 		for topic=tb3_0/scan/ranges
2023-01-04	18:30:39.924 INFO     330467nanosecs 		for topic=tb3_0/odom/twist/twist/angular/z
2023-01-04	18:30:40.490 INFO     253506nanosecs 		for topic=tb3_0/cmd_vel/linear/x
2023-01-04	18:30:40.747 INFO     347956nanosecs 		for topic=tb3_0/imu/linear_acceleration/x
2023-01-04	18:30:41.135 INFO     353667nanosecs 		for topic=tb3_0/scan/ranges
2023-01-04	18:30:41.632 INFO     321817nanosecs 		for topic=tb3_0/cmd_vel/linear/x
2023-01-04	18:30:42.073 INFO     248325nanosecs 		for topic=tb3_0/joint_states/position
2023-01-04	18:30:42.078 INFO     298707nanosecs 		for topic=tb3_0/odom/twist/twist/angular/z
2023-01-04	18:30:42.388 INFO     270557nanosecs 		for topic=tb3_0/scan/ranges
2023-01-04	18:30:42.676 INFO     339348nanosecs 		for topic=tb3_0/cmd_vel/linear/x
2023-01-04	18:30:43.180 INFO     343987nanosecs 		for topic=tb3_0/imu/linear_acceleration/x
2023-01-04	18:30:44.157 INFO     342998nanosecs 		for topic=tb3_0/scan/ranges
2023-01-04	18:30:44.158 INFO     278146nanosecs 		for topic=tb3_0/cmd_vel/linear/x
2023-01-04	18:30:44.458 INFO     203664nanosecs 		for topic=tb3_0/odom/twist/twist/angular/z
2023-01-04	18:30:45.322 INFO     337667nanosecs 		for topic=tb3_0/imu/linear_acceleration/x
2023-01-04	18:30:45.348 INFO     296256nanosecs 		for topic=tb3_0/scan/ranges
2023-01-04	18:30:45.993 INFO     333677nanosecs 		for topic=tb3_0/cmd_vel/linear/x
2023-01-04	18:30:46.429 INFO     242315nanosecs 		for topic=tb3_0/scan/ranges
2023-01-04	18:30:46.562 INFO     393459nanosecs 		for topic=tb3_0/odom/twist/twist/angular/z
2023-01-04	18:30:47.280 INFO     368037nanosecs 		for topic=tb3_0/cmd_vel/linear/x
2023-01-04	18:30:47.390 INFO     378728nanosecs 		for topic=tb3_0/imu/linear_acceleration/x
2023-01-04	18:30:47.410 INFO     319598nanosecs 		for topic=tb3_0/joint_states/position
2023-01-04	18:30:47.995 INFO     298786nanosecs 		for topic=tb3_0/scan/ranges
2023-01-04	18:30:48.653 INFO     303136nanosecs 		for topic=tb3_0/cmd_vel/linear/x
2023-01-04	18:30:49.040 INFO     353907nanosecs 		for topic=tb3_0/odom/twist/twist/angular/z
2023-01-04	18:30:49.131 INFO     5430278nanosecs 		for topic=tb3_0/scan/ranges
2023-01-04	18:30:49.444 INFO     573242nanosecs 		for topic=tb3_0/imu/linear_acceleration/x
2023-01-04	18:30:49.667 INFO     345657nanosecs 		for topic=tb3_0/cmd_vel/linear/x
2023-01-04	18:30:50.276 INFO     359248nanosecs 		for topic=tb3_0/scan/ranges
2023-01-04	18:30:50.949 INFO     310787nanosecs 		for topic=tb3_0/cmd_vel/linear/x
2023-01-04	18:30:51.418 INFO     277926nanosecs 		for topic=tb3_0/odom/twist/twist/angular/z
2023-01-04	18:30:51.478 INFO     345868nanosecs 		for topic=tb3_0/imu/linear_acceleration/x
2023-01-04	18:30:51.963 INFO     278636nanosecs 		for topic=tb3_0/cmd_vel/linear/x
2023-01-04	18:30:52.507 INFO     331548nanosecs 		for topic=tb3_0/joint_states/position
2023-01-04	18:30:52.954 INFO     344457nanosecs 		for topic=tb3_0/scan/ranges
2023-01-04	18:30:53.037 INFO     255915nanosecs 		for topic=tb3_0/cmd_vel/linear/x
2023-01-04	18:30:53.732 INFO     386188nanosecs 		for topic=tb3_0/odom/twist/twist/angular/z
2023-01-04	18:30:53.747 INFO     311797nanosecs 		for topic=tb3_0/imu/linear_acceleration/x
2023-01-04	18:30:53.969 INFO     295956nanosecs 		for topic=tb3_0/scan/ranges
2023-01-04	18:30:54.053 INFO     284546nanosecs 		for topic=tb3_0/cmd_vel/linear/x
2023-01-04	18:30:55.455 INFO     303546nanosecs 		for topic=tb3_0/scan/ranges
2023-01-04	18:30:55.557 INFO     306107nanosecs 		for topic=tb3_0/cmd_vel/linear/x
2023-01-04	18:30:55.772 INFO     370507nanosecs 		for topic=tb3_0/odom/twist/twist/angular/z
2023-01-04	18:30:55.797 INFO     319858nanosecs 		for topic=tb3_0/imu/linear_acceleration/x
2023-01-04	18:30:56.583 INFO     312737nanosecs 		for topic=tb3_0/scan/ranges
2023-01-04	18:30:56.599 INFO     307187nanosecs 		for topic=tb3_0/cmd_vel/linear/x
2023-01-04	18:30:57.658 INFO     209144nanosecs 		for topic=tb3_0/scan/ranges
2023-01-04	18:30:57.709 INFO     541433nanosecs 		for topic=tb3_0/joint_states/position
2023-01-04	18:30:58.287 INFO     277466nanosecs 		for topic=tb3_0/cmd_vel/linear/x
2023-01-04	18:30:58.287 INFO     367648nanosecs 		for topic=tb3_0/odom/twist/twist/angular/z
2023-01-04	18:30:58.420 INFO     338478nanosecs 		for topic=tb3_0/imu/linear_acceleration/x
2023-01-04	18:30:58.689 INFO     328998nanosecs 		for topic=tb3_0/scan/ranges
2023-01-04	18:30:59.688 INFO     320706nanosecs 		for topic=tb3_0/cmd_vel/linear/x
2023-01-04	18:31:00.293 INFO     376488nanosecs 		for topic=tb3_0/scan/ranges
2023-01-04	18:31:01.062 INFO     352198nanosecs 		for topic=tb3_0/odom/twist/twist/angular/z
2023-01-04	18:31:01.062 INFO     246137nanosecs 		for topic=tb3_0/cmd_vel/linear/x
2023-01-04	18:31:01.083 INFO     300596nanosecs 		for topic=tb3_0/imu/linear_acceleration/x
2023-01-04	18:31:01.322 INFO     302987nanosecs 		for topic=tb3_0/scan/ranges
2023-01-04	18:31:02.668 INFO     273466nanosecs 		for topic=tb3_0/cmd_vel/linear/x
2023-01-04	18:31:02.668 INFO     347887nanosecs 		for topic=tb3_0/scan/ranges
2023-01-04	18:31:02.901 INFO     344008nanosecs 		for topic=tb3_0/joint_states/position
2023-01-04	18:31:03.302 INFO     377808nanosecs 		for topic=tb3_0/odom/twist/twist/angular/z
2023-01-04	18:31:03.404 INFO     330297nanosecs 		for topic=tb3_0/imu/linear_acceleration/x
2023-01-04	18:31:03.890 INFO     216214nanosecs 		for topic=tb3_0/cmd_vel/linear/x
2023-01-04	18:31:03.915 INFO     324937nanosecs 		for topic=tb3_0/scan/ranges
2023-01-04	18:31:04.916 INFO     198105nanosecs 		for topic=tb3_0/cmd_vel/linear/x
2023-01-04	18:31:04.987 INFO     322347nanosecs 		for topic=tb3_0/scan/ranges
2023-01-04	18:31:06.188 INFO     303637nanosecs 		for topic=tb3_0/cmd_vel/linear/x
2023-01-04	18:31:06.188 INFO     321548nanosecs 		for topic=tb3_0/odom/twist/twist/angular/z
2023-01-04	18:31:06.194 INFO     304697nanosecs 		for topic=tb3_0/imu/linear_acceleration/x
2023-01-04	18:31:07.431 INFO     327077nanosecs 		for topic=tb3_0/scan/ranges
2023-01-04	18:31:07.432 INFO     424878nanosecs 		for topic=tb3_0/cmd_vel/linear/x
2023-01-04	18:31:07.923 INFO     307106nanosecs 		for topic=tb3_0/joint_states/position
2023-01-04	18:31:08.592 INFO     334987nanosecs 		for topic=tb3_0/scan/ranges
2023-01-04	18:31:08.597 INFO     303747nanosecs 		for topic=tb3_0/cmd_vel/linear/x
2023-01-04	18:31:08.625 INFO     349137nanosecs 		for topic=tb3_0/imu/linear_acceleration/x
2023-01-04	18:31:08.688 INFO     363679nanosecs 		for topic=tb3_0/odom/twist/twist/angular/z
2023-01-04	18:31:09.716 INFO     356298nanosecs 		for topic=tb3_0/cmd_vel/linear/x
2023-01-04	18:31:09.853 INFO     324556nanosecs 		for topic=tb3_0/scan/ranges
2023-01-04	18:31:10.706 INFO     373767nanosecs 		for topic=tb3_0/imu/linear_acceleration/x
2023-01-04	18:31:10.767 INFO     299066nanosecs 		for topic=tb3_0/cmd_vel/linear/x
2023-01-04	18:31:10.848 INFO     323477nanosecs 		for topic=tb3_0/odom/twist/twist/angular/z
2023-01-04	18:31:10.868 INFO     275577nanosecs 		for topic=tb3_0/scan/ranges
2023-01-04	18:31:12.338 INFO     219846nanosecs 		for topic=tb3_0/cmd_vel/linear/x
2023-01-04	18:31:12.339 INFO     324497nanosecs 		for topic=tb3_0/scan/ranges
2023-01-04	18:31:12.872 INFO     302217nanosecs 		for topic=tb3_0/imu/linear_acceleration/x
2023-01-04	18:31:12.873 INFO     351408nanosecs 		for topic=tb3_0/odom/twist/twist/angular/z
2023-01-04	18:31:13.247 INFO     282717nanosecs 		for topic=tb3_0/joint_states/position
2023-01-04	18:31:14.848 INFO     305386nanosecs 		for topic=tb3_0/scan/ranges
2023-01-04	18:31:14.849 INFO     271676nanosecs 		for topic=tb3_0/cmd_vel/linear/x
2023-01-04	18:31:15.159 INFO     301726nanosecs 		for topic=tb3_0/imu/linear_acceleration/x
2023-01-04	18:31:15.409 INFO     378728nanosecs 		for topic=tb3_0/odom/twist/twist/angular/z
2023-01-04	18:31:15.904 INFO     285317nanosecs 		for topic=tb3_0/scan/ranges
2023-01-04	18:31:16.393 INFO     267355nanosecs 		for topic=tb3_0/cmd_vel/linear/x
2023-01-04	18:31:17.003 INFO     335217nanosecs 		for topic=tb3_0/scan/ranges
2023-01-04	18:31:17.427 INFO     343467nanosecs 		for topic=tb3_0/odom/twist/twist/angular/z
2023-01-04	18:31:17.427 INFO     279266nanosecs 		for topic=tb3_0/imu/linear_acceleration/x
2023-01-04	18:31:17.818 INFO     234046nanosecs 		for topic=tb3_0/cmd_vel/linear/x
2023-01-04	18:31:18.059 INFO     310617nanosecs 		for topic=tb3_0/scan/ranges
2023-01-04	18:31:18.358 INFO     317176nanosecs 		for topic=tb3_0/joint_states/position
2023-01-04	18:31:18.854 INFO     234745nanosecs 		for topic=tb3_0/cmd_vel/linear/x
2023-01-04	18:31:19.101 INFO     297286nanosecs 		for topic=tb3_0/scan/ranges
2023-01-04	18:31:19.595 INFO     338107nanosecs 		for topic=tb3_0/odom/twist/twist/angular/z
2023-01-04	18:31:19.605 INFO     293547nanosecs 		for topic=tb3_0/imu/linear_acceleration/x
2023-01-04	18:31:19.923 INFO     305176nanosecs 		for topic=tb3_0/cmd_vel/linear/x
2023-01-04	18:31:20.162 INFO     359337nanosecs 		for topic=tb3_0/scan/ranges
2023-01-04	18:31:20.958 INFO     262785nanosecs 		for topic=tb3_0/cmd_vel/linear/x
2023-01-04	18:31:22.307 INFO     345908nanosecs 		for topic=tb3_0/scan/ranges
2023-01-04	18:31:22.307 INFO     351988nanosecs 		for topic=tb3_0/odom/twist/twist/angular/z
2023-01-04	18:31:22.308 INFO     243905nanosecs 		for topic=tb3_0/imu/linear_acceleration/x
2023-01-04	18:31:22.388 INFO     303386nanosecs 		for topic=tb3_0/cmd_vel/linear/x
2023-01-04	18:31:23.636 INFO     320707nanosecs 		for topic=tb3_0/scan/ranges
2023-01-04	18:31:23.636 INFO     253316nanosecs 		for topic=tb3_0/joint_states/position
2023-01-04	18:31:24.189 INFO     336017nanosecs 		for topic=tb3_0/cmd_vel/linear/x
2023-01-04	18:31:24.962 INFO     345588nanosecs 		for topic=tb3_0/scan/ranges
2023-01-04	18:31:24.963 INFO     353947nanosecs 		for topic=tb3_0/odom/twist/twist/angular/z
2023-01-04	18:31:25.175 INFO     270995nanosecs 		for topic=tb3_0/imu/linear_acceleration/x
2023-01-04	18:31:25.397 INFO     254357nanosecs 		for topic=tb3_0/cmd_vel/linear/x
2023-01-04	18:31:26.148 INFO     404548nanosecs 		for topic=tb3_0/scan/ranges
2023-01-04	18:31:26.462 INFO     204734nanosecs 		for topic=tb3_0/cmd_vel/linear/x
2023-01-04	18:31:27.125 INFO     348287nanosecs 		for topic=tb3_0/odom/twist/twist/angular/z
2023-01-04	18:31:27.166 INFO     351488nanosecs 		for topic=tb3_0/scan/ranges
2023-01-04	18:31:28.004 INFO     337368nanosecs 		for topic=tb3_0/cmd_vel/linear/x
2023-01-04	18:31:28.065 INFO     331848nanosecs 		for topic=tb3_0/imu/linear_acceleration/x
2023-01-04	18:31:28.446 INFO     222864nanosecs 		for topic=tb3_0/scan/ranges
2023-01-04	18:31:28.772 INFO     218465nanosecs 		for topic=tb3_0/joint_states/position