2023-01-05	21:29:13.918 INFO     Watching for file changes with StatReloader
2023-01-05	21:29:14.038 INFO     Connection to ROS ready.
2023-01-05	21:29:14.038 INFO     Successfully connected to ROS bridge from listener
2023-01-05	21:29:14.039 INFO     Starting factory <roslibpy.comm.comm_autobahn.AutobahnRosBridgeClientFactory object at 0x7fcee8324580>
2023-01-05	21:29:19.010 INFO     Connection to ROS ready.
2023-01-05	21:29:19.010 INFO     Successfully connected to ROS bridge from Ros Connector
2023-01-05	21:29:19.010 INFO     Generating new MQTT Forwarder
2023-01-05	21:29:19.011 INFO     local mqtt is set up
2023-01-05	21:29:22.305 INFO     publishing topic >>	tb3_0/meta
2023-01-05	21:29:23.498 INFO     Created subscriber on battery_state
2023-01-05	21:29:23.503 INFO     Created subscriber on firmware_version
2023-01-05	21:29:23.504 INFO     Created subscriber on odom
2023-01-05	21:29:23.504 INFO     Created subscriber on rpms
2023-01-05	21:29:23.504 INFO     Created subscriber on sensor_state
2023-01-05	21:29:23.505 INFO     publishing topic >>	tb3_0/battery_state/percentage
2023-01-05	21:29:23.505 INFO     publishing topic >>	tb3_0/cmd_vel/linear/x
2023-01-05	21:29:23.505 INFO     Created subscriber on cmd_vel_rc100
2023-01-05	21:29:23.505 INFO     Created subscriber on cmd_vel
2023-01-05	21:29:23.506 INFO     Created subscriber on joint_states
2023-01-05	21:29:23.514 INFO     Created subscriber on sound
2023-01-05	21:29:23.514 INFO     publishing topic >>	tb3_0/scan/ranges
2023-01-05	21:29:23.514 INFO     Created subscriber on imu
2023-01-05	21:29:23.524 INFO     Created subscriber on motor_power
2023-01-05	21:29:23.530 INFO     Created subscriber on version_info
2023-01-05	21:29:23.530 INFO     Created subscriber on magnetic_field
2023-01-05	21:29:23.545 INFO     Created subscriber on scan
2023-01-05	21:29:23.545 INFO     Created subscriber on reset
2023-01-05	21:29:23.546 INFO     Created subscriber on diagnostics
2023-01-05	21:29:26.868 INFO     publishing topic >>	tb3_0/cmd_vel/linear/x
2023-01-05	21:29:27.021 INFO     publishing topic >>	tb3_0/battery_state/percentage
2023-01-05	21:29:28.051 INFO     publishing topic >>	tb3_0/scan/ranges
2023-01-05	21:29:28.534 INFO     publishing topic >>	tb3_0/cmd_vel/linear/x
2023-01-05	21:29:29.775 INFO     publishing topic >>	tb3_0/cmd_vel/linear/x
2023-01-05	21:29:30.705 INFO     publishing topic >>	tb3_0/battery_state/percentage
2023-01-05	21:29:31.814 INFO     publishing topic >>	tb3_0/scan/ranges
2023-01-05	21:29:33.287 INFO     publishing topic >>	tb3_0/scan/ranges
2023-01-05	21:29:33.520 INFO     publishing topic >>	tb3_0/cmd_vel/linear/x
2023-01-05	21:29:33.740 INFO     publishing topic >>	tb3_0/battery_state/percentage
2023-01-05	21:29:34.686 INFO     publishing topic >>	tb3_0/cmd_vel/linear/x
2023-01-05	21:29:36.343 INFO     publishing topic >>	tb3_0/cmd_vel/linear/x
2023-01-05	21:29:37.773 INFO     publishing topic >>	tb3_0/cmd_vel/linear/x
2023-01-05	21:29:37.795 INFO     publishing topic >>	tb3_0/battery_state/percentage
2023-01-05	21:29:38.496 INFO     publishing topic >>	tb3_0/scan/ranges
2023-01-05	21:29:39.440 INFO     publishing topic >>	tb3_0/cmd_vel/linear/x
2023-01-05	21:29:40.852 INFO     publishing topic >>	tb3_0/scan/ranges
2023-01-05	21:29:40.891 INFO     publishing topic >>	tb3_0/battery_state/percentage
2023-01-05	21:29:43.242 INFO     publishing topic >>	tb3_0/cmd_vel/linear/x
2023-01-05	21:29:44.810 INFO     publishing topic >>	tb3_0/battery_state/percentage
2023-01-05	21:29:47.157 INFO     publishing topic >>	tb3_0/scan/ranges
2023-01-05	21:29:47.457 INFO     publishing topic >>	tb3_0/cmd_vel/linear/x
2023-01-05	21:29:51.185 INFO     publishing topic >>	tb3_0/cmd_vel/linear/x
2023-01-05	21:29:51.417 INFO     publishing topic >>	tb3_0/scan/ranges
2023-01-05	21:29:52.741 INFO     publishing topic >>	tb3_0/cmd_vel/linear/x
2023-01-05	21:29:52.741 INFO     publishing topic >>	tb3_0/battery_state/percentage
2023-01-05	21:29:55.172 INFO     publishing topic >>	tb3_0/cmd_vel/linear/x
2023-01-05	21:29:56.415 INFO     publishing topic >>	tb3_0/cmd_vel/linear/x
2023-01-05	21:29:56.933 INFO     publishing topic >>	tb3_0/battery_state/percentage
2023-01-05	21:29:57.092 INFO     publishing topic >>	tb3_0/scan/ranges
2023-01-05	21:29:57.701 INFO     publishing topic >>	tb3_0/cmd_vel/linear/x
2023-01-05	21:29:58.804 INFO     publishing topic >>	tb3_0/scan/ranges
2023-01-05	21:29:59.800 INFO     publishing topic >>	tb3_0/cmd_vel/linear/x
2023-01-05	21:30:01.840 INFO     publishing topic >>	tb3_0/cmd_vel/linear/x
2023-01-05	21:30:01.863 INFO     publishing topic >>	tb3_0/battery_state/percentage
2023-01-05	21:30:03.469 INFO     publishing topic >>	tb3_0/scan/ranges
2023-01-05	21:30:04.926 INFO     publishing topic >>	tb3_0/cmd_vel/linear/x
2023-01-05	21:30:06.645 INFO     publishing topic >>	tb3_0/cmd_vel/linear/x
2023-01-05	21:30:07.304 INFO     publishing topic >>	tb3_0/battery_state/percentage
2023-01-05	21:30:07.351 INFO     publishing topic >>	tb3_0/scan/ranges
2023-01-05	21:30:09.015 INFO     publishing topic >>	tb3_0/cmd_vel/linear/x
2023-01-05	21:30:10.330 INFO     publishing topic >>	tb3_0/scan/ranges
2023-01-05	21:30:10.890 INFO     publishing topic >>	tb3_0/cmd_vel/linear/x
2023-01-05	21:30:11.145 INFO     publishing topic >>	tb3_0/battery_state/percentage
2023-01-05	21:30:11.398 INFO     publishing topic >>	tb3_0/scan/ranges
2023-01-05	21:30:12.295 INFO     publishing topic >>	tb3_0/cmd_vel/linear/x
2023-01-05	21:30:13.462 INFO     publishing topic >>	tb3_0/scan/ranges
2023-01-05	21:30:13.622 INFO     publishing topic >>	tb3_0/cmd_vel/linear/x
2023-01-05	21:30:15.066 INFO     publishing topic >>	tb3_0/battery_state/percentage
2023-01-05	21:30:16.047 INFO     publishing topic >>	tb3_0/cmd_vel/linear/x
2023-01-05	21:30:17.315 INFO     publishing topic >>	tb3_0/cmd_vel/linear/x
2023-01-05	21:30:18.391 INFO     publishing topic >>	tb3_0/scan/ranges
2023-01-05	21:30:18.402 INFO     publishing topic >>	tb3_0/cmd_vel/linear/x
2023-01-05	21:30:19.132 INFO     publishing topic >>	tb3_0/battery_state/percentage
2023-01-05	21:30:20.356 INFO     publishing topic >>	tb3_0/scan/ranges
2023-01-05	21:30:21.895 INFO     publishing topic >>	tb3_0/cmd_vel/linear/x
2023-01-05	21:30:23.122 INFO     publishing topic >>	tb3_0/scan/ranges
2023-01-05	21:30:23.127 INFO     publishing topic >>	tb3_0/cmd_vel/linear/x
2023-01-05	21:30:23.788 INFO     publishing topic >>	tb3_0/battery_state/percentage
2023-01-05	21:30:25.010 INFO     publishing topic >>	tb3_0/scan/ranges
2023-01-05	21:30:26.649 INFO     publishing topic >>	tb3_0/cmd_vel/linear/x
2023-01-05	21:30:29.509 INFO     publishing topic >>	tb3_0/cmd_vel/linear/x
2023-01-05	21:30:29.690 INFO     publishing topic >>	tb3_0/battery_state/percentage
2023-01-05	21:30:29.748 INFO     publishing topic >>	tb3_0/scan/ranges
2023-01-05	21:30:32.019 INFO     publishing topic >>	tb3_0/cmd_vel/linear/x
2023-01-05	21:30:32.365 INFO     publishing topic >>	tb3_0/scan/ranges
2023-01-05	21:30:32.904 INFO     publishing topic >>	tb3_0/battery_state/percentage
2023-01-05	21:30:33.035 INFO     publishing topic >>	tb3_0/cmd_vel/linear/x
2023-01-05	21:30:33.660 INFO     publishing topic >>	tb3_0/scan/ranges
2023-01-05	21:30:34.654 INFO     publishing topic >>	tb3_0/cmd_vel/linear/x
2023-01-05	21:30:36.278 INFO     publishing topic >>	tb3_0/cmd_vel/linear/x
2023-01-05	21:30:36.279 INFO     publishing topic >>	tb3_0/battery_state/percentage
2023-01-05	21:30:40.116 INFO     publishing topic >>	tb3_0/scan/ranges
2023-01-05	21:30:41.349 INFO     publishing topic >>	tb3_0/cmd_vel/linear/x
2023-01-05	21:30:41.391 INFO     publishing topic >>	tb3_0/scan/ranges
2023-01-05	21:30:43.120 INFO     publishing topic >>	tb3_0/battery_state/percentage
2023-01-05	21:30:44.613 INFO     publishing topic >>	tb3_0/cmd_vel/linear/x
2023-01-05	21:30:45.765 INFO     publishing topic >>	tb3_0/cmd_vel/linear/x
2023-01-05	21:30:46.403 INFO     publishing topic >>	tb3_0/battery_state/percentage
2023-01-05	21:30:46.821 INFO     publishing topic >>	tb3_0/cmd_vel/linear/x
2023-01-05	21:30:46.966 INFO     publishing topic >>	tb3_0/scan/ranges
2023-01-05	21:30:49.767 INFO     publishing topic >>	tb3_0/cmd_vel/linear/x
2023-01-05	21:30:51.841 INFO     publishing topic >>	tb3_0/battery_state/percentage
2023-01-05	21:30:52.526 INFO     publishing topic >>	tb3_0/cmd_vel/linear/x
2023-01-05	21:30:52.595 INFO     publishing topic >>	tb3_0/scan/ranges
2023-01-05	21:30:55.651 INFO     publishing topic >>	tb3_0/cmd_vel/linear/x
2023-01-05	21:30:55.702 INFO     publishing topic >>	tb3_0/battery_state/percentage
2023-01-05	21:30:57.033 INFO     publishing topic >>	tb3_0/cmd_vel/linear/x
2023-01-05	21:30:57.984 INFO     publishing topic >>	tb3_0/scan/ranges
2023-01-05	21:30:58.056 INFO     publishing topic >>	tb3_0/cmd_vel/linear/x
2023-01-05	21:30:59.299 INFO     publishing topic >>	tb3_0/cmd_vel/linear/x
2023-01-05	21:30:59.783 INFO     publishing topic >>	tb3_0/scan/ranges
2023-01-05	21:31:00.677 INFO     publishing topic >>	tb3_0/cmd_vel/linear/x
2023-01-05	21:31:01.413 INFO     publishing topic >>	tb3_0/battery_state/percentage
2023-01-05	21:31:01.588 INFO     publishing topic >>	tb3_0/scan/ranges
2023-01-05	21:31:02.612 INFO     publishing topic >>	tb3_0/cmd_vel/linear/x
2023-01-05	21:31:02.659 INFO     publishing topic >>	tb3_0/scan/ranges
2023-01-05	21:31:04.068 INFO     publishing topic >>	tb3_0/cmd_vel/linear/x
2023-01-05	21:31:04.115 INFO     publishing topic >>	tb3_0/scan/ranges
2023-01-05	21:31:05.277 INFO     publishing topic >>	tb3_0/battery_state/percentage
2023-01-05	21:31:07.693 INFO     publishing topic >>	tb3_0/cmd_vel/linear/x
2023-01-05	21:31:08.934 INFO     publishing topic >>	tb3_0/scan/ranges
2023-01-05	21:31:10.731 INFO     publishing topic >>	tb3_0/cmd_vel/linear/x
2023-01-05	21:31:12.145 INFO     publishing topic >>	tb3_0/cmd_vel/linear/x
2023-01-05	21:31:12.150 INFO     publishing topic >>	tb3_0/battery_state/percentage
2023-01-05	21:31:12.613 INFO     publishing topic >>	tb3_0/scan/ranges
2023-01-05	21:31:13.899 INFO     publishing topic >>	tb3_0/cmd_vel/linear/x
2023-01-05	21:31:15.252 INFO     publishing topic >>	tb3_0/cmd_vel/linear/x
2023-01-05	21:31:16.986 INFO     publishing topic >>	tb3_0/cmd_vel/linear/x
2023-01-05	21:31:17.689 INFO     publishing topic >>	tb3_0/scan/ranges
2023-01-05	21:31:18.786 INFO     publishing topic >>	tb3_0/battery_state/percentage
2023-01-05	21:31:18.832 INFO     publishing topic >>	tb3_0/scan/ranges
2023-01-05	21:31:19.341 INFO     publishing topic >>	tb3_0/cmd_vel/linear/x
2023-01-05	21:31:22.276 INFO     publishing topic >>	tb3_0/cmd_vel/linear/x
2023-01-05	21:31:23.161 INFO     publishing topic >>	tb3_0/battery_state/percentage
2023-01-05	21:31:24.348 INFO     publishing topic >>	tb3_0/cmd_vel/linear/x
2023-01-05	21:31:24.470 INFO     publishing topic >>	tb3_0/scan/ranges
2023-01-05	21:31:27.161 INFO     publishing topic >>	tb3_0/cmd_vel/linear/x
2023-01-05	21:31:27.279 INFO     publishing topic >>	tb3_0/scan/ranges
2023-01-05	21:31:27.906 INFO     publishing topic >>	tb3_0/battery_state/percentage
2023-01-05	21:31:28.757 INFO     publishing topic >>	tb3_0/cmd_vel/linear/x
2023-01-05	21:31:28.926 INFO     publishing topic >>	tb3_0/scan/ranges
2023-01-05	21:31:30.086 INFO     publishing topic >>	tb3_0/cmd_vel/linear/x
2023-01-05	21:31:30.434 INFO     publishing topic >>	tb3_0/scan/ranges
2023-01-05	21:31:31.498 INFO     publishing topic >>	tb3_0/battery_state/percentage
2023-01-05	21:31:31.566 INFO     publishing topic >>	tb3_0/cmd_vel/linear/x
2023-01-05	21:31:33.892 INFO     publishing topic >>	tb3_0/cmd_vel/linear/x
2023-01-05	21:31:35.160 INFO     publishing topic >>	tb3_0/cmd_vel/linear/x
2023-01-05	21:31:35.160 INFO     publishing topic >>	tb3_0/battery_state/percentage
2023-01-05	21:31:35.185 INFO     publishing topic >>	tb3_0/scan/ranges
2023-01-05	21:31:36.478 INFO     publishing topic >>	tb3_0/cmd_vel/linear/x
2023-01-05	21:31:39.804 INFO     publishing topic >>	tb3_0/battery_state/percentage
2023-01-05	21:31:40.025 INFO     publishing topic >>	tb3_0/scan/ranges
2023-01-05	21:31:41.184 INFO     publishing topic >>	tb3_0/cmd_vel/linear/x
2023-01-05	21:31:44.960 INFO     publishing topic >>	tb3_0/battery_state/percentage
2023-01-05	21:31:46.434 INFO     publishing topic >>	tb3_0/cmd_vel/linear/x
2023-01-05	21:31:46.540 INFO     publishing topic >>	tb3_0/scan/ranges
2023-01-05	21:31:47.708 INFO     publishing topic >>	tb3_0/cmd_vel/linear/x
2023-01-05	21:31:48.749 INFO     publishing topic >>	tb3_0/cmd_vel/linear/x
2023-01-05	21:31:49.372 INFO     publishing topic >>	tb3_0/scan/ranges
2023-01-05	21:31:50.259 INFO     publishing topic >>	tb3_0/battery_state/percentage
2023-01-05	21:31:50.980 INFO     publishing topic >>	tb3_0/cmd_vel/linear/x
2023-01-05	21:31:54.615 INFO     publishing topic >>	tb3_0/scan/ranges
2023-01-05	21:31:55.706 INFO     publishing topic >>	tb3_0/battery_state/percentage
2023-01-05	21:31:55.706 INFO     publishing topic >>	tb3_0/cmd_vel/linear/x
2023-01-05	21:31:55.754 INFO     publishing topic >>	tb3_0/scan/ranges
2023-01-05	21:32:01.388 INFO     publishing topic >>	tb3_0/cmd_vel/linear/x
2023-01-05	21:32:02.115 INFO     publishing topic >>	tb3_0/battery_state/percentage
2023-01-05	21:32:02.169 INFO     publishing topic >>	tb3_0/scan/ranges
2023-01-05	21:32:02.401 INFO     publishing topic >>	tb3_0/cmd_vel/linear/x
2023-01-05	21:32:04.008 INFO     publishing topic >>	tb3_0/cmd_vel/linear/x
2023-01-05	21:32:04.076 INFO     publishing topic >>	tb3_0/scan/ranges
2023-01-05	21:32:05.685 INFO     publishing topic >>	tb3_0/cmd_vel/linear/x
2023-01-05	21:32:05.691 INFO     publishing topic >>	tb3_0/battery_state/percentage
2023-01-05	21:32:07.255 INFO     publishing topic >>	tb3_0/cmd_vel/linear/x
2023-01-05	21:32:08.290 INFO     publishing topic >>	tb3_0/cmd_vel/linear/x
2023-01-05	21:32:08.571 INFO     publishing topic >>	tb3_0/scan/ranges
2023-01-05	21:32:09.004 INFO     publishing topic >>	tb3_0/battery_state/percentage
2023-01-05	21:32:09.528 INFO     publishing topic >>	tb3_0/cmd_vel/linear/x
2023-01-05	21:32:11.402 INFO     publishing topic >>	tb3_0/cmd_vel/linear/x
2023-01-05	21:32:12.671 INFO     publishing topic >>	tb3_0/cmd_vel/linear/x
2023-01-05	21:32:12.671 INFO     publishing topic >>	tb3_0/battery_state/percentage
2023-01-05	21:32:13.010 INFO     publishing topic >>	tb3_0/scan/ranges
2023-01-05	21:32:13.893 INFO     publishing topic >>	tb3_0/cmd_vel/linear/x
2023-01-05	21:32:15.027 INFO     publishing topic >>	tb3_0/cmd_vel/linear/x
2023-01-05	21:32:16.213 INFO     publishing topic >>	tb3_0/battery_state/percentage
2023-01-05	21:32:16.988 INFO     publishing topic >>	tb3_0/scan/ranges
2023-01-05	21:32:21.070 INFO     publishing topic >>	tb3_0/cmd_vel/linear/x
2023-01-05	21:32:25.533 INFO     publishing topic >>	tb3_0/cmd_vel/linear/x
2023-01-05	21:32:26.478 INFO     publishing topic >>	tb3_0/battery_state/percentage
2023-01-05	21:32:26.545 INFO     publishing topic >>	tb3_0/scan/ranges
2023-01-05	21:32:26.597 INFO     publishing topic >>	tb3_0/cmd_vel/linear/x
2023-01-05	21:32:28.416 INFO     publishing topic >>	tb3_0/cmd_vel/linear/x
2023-01-05	21:32:28.461 INFO     publishing topic >>	tb3_0/scan/ranges
2023-01-05	21:32:29.542 INFO     publishing topic >>	tb3_0/cmd_vel/linear/x
2023-01-05	21:32:30.282 INFO     publishing topic >>	tb3_0/battery_state/percentage
2023-01-05	21:32:31.789 INFO     publishing topic >>	tb3_0/scan/ranges
2023-01-05	21:32:31.800 INFO     publishing topic >>	tb3_0/cmd_vel/linear/x
2023-01-05	21:32:33.150 INFO     publishing topic >>	tb3_0/scan/ranges
2023-01-05	21:32:33.389 INFO     publishing topic >>	tb3_0/battery_state/percentage
2023-01-05	21:32:34.113 INFO     publishing topic >>	tb3_0/cmd_vel/linear/x
2023-01-05	21:32:36.834 INFO     publishing topic >>	tb3_0/scan/ranges
2023-01-05	21:32:38.763 INFO     publishing topic >>	tb3_0/cmd_vel/linear/x
2023-01-05	21:32:39.432 INFO     publishing topic >>	tb3_0/battery_state/percentage
2023-01-05	21:32:40.204 INFO     publishing topic >>	tb3_0/scan/ranges
2023-01-05	21:32:40.843 INFO     publishing topic >>	tb3_0/cmd_vel/linear/x
2023-01-05	21:32:42.364 INFO     publishing topic >>	tb3_0/scan/ranges
2023-01-05	21:32:42.806 INFO     publishing topic >>	tb3_0/battery_state/percentage
2023-01-05	21:32:43.717 INFO     publishing topic >>	tb3_0/cmd_vel/linear/x
2023-01-05	21:32:45.142 INFO     publishing topic >>	tb3_0/cmd_vel/linear/x
2023-01-05	21:32:45.549 INFO     publishing topic >>	tb3_0/scan/ranges
2023-01-05	21:32:48.163 INFO     publishing topic >>	tb3_0/battery_state/percentage
2023-01-05	21:32:49.846 INFO     publishing topic >>	tb3_0/cmd_vel/linear/x
2023-01-05	21:32:50.140 INFO     publishing topic >>	tb3_0/scan/ranges
2023-01-05	21:32:54.498 INFO     publishing topic >>	tb3_0/battery_state/percentage
2023-01-05	21:32:56.547 INFO     publishing topic >>	tb3_0/cmd_vel/linear/x
2023-01-05	21:32:57.629 INFO     publishing topic >>	tb3_0/cmd_vel/linear/x
2023-01-05	21:32:57.789 INFO     publishing topic >>	tb3_0/scan/ranges
2023-01-05	21:32:58.296 INFO     publishing topic >>	tb3_0/battery_state/percentage
2023-01-05	21:32:58.860 INFO     publishing topic >>	tb3_0/scan/ranges
2023-01-05	21:32:59.055 INFO     publishing topic >>	tb3_0/cmd_vel/linear/x
2023-01-05	21:33:00.263 INFO     publishing topic >>	tb3_0/cmd_vel/linear/x
2023-01-05	21:33:00.315 INFO     publishing topic >>	tb3_0/scan/ranges
2023-01-05	21:33:01.364 INFO     publishing topic >>	tb3_0/cmd_vel/linear/x
2023-01-05	21:33:01.369 INFO     publishing topic >>	tb3_0/battery_state/percentage
2023-01-05	21:33:03.020 INFO     publishing topic >>	tb3_0/cmd_vel/linear/x
2023-01-05	21:33:05.944 INFO     publishing topic >>	tb3_0/cmd_vel/linear/x
2023-01-05	21:33:06.296 INFO     publishing topic >>	tb3_0/scan/ranges
