2023-01-07	13:55:06.923 INFO     Watching for file changes with StatReloader
2023-01-07	13:55:07.052 INFO     Connection to ROS ready.
2023-01-07	13:55:07.052 INFO     Successfully connected to ROS bridge from listener
2023-01-07	13:55:07.053 INFO     Starting factory <roslibpy.comm.comm_autobahn.AutobahnRosBridgeClientFactory object at 0x7f003a1035e0>
2023-01-07	13:55:12.009 INFO     Connection to ROS ready.
2023-01-07	13:55:12.010 INFO     Successfully connected to ROS bridge from Ros Connector
2023-01-07	13:55:12.010 INFO     Generating new MQTT Forwarder
2023-01-07	13:55:12.010 INFO     local mqtt is set up
2023-01-07	13:55:25.964 INFO     Created subscriber on gripper_position/pid/parameter_updates
2023-01-07	13:55:25.964 INFO     Created subscriber on gripper_position/pid/parameter_descriptions
2023-01-07	13:55:25.964 INFO     Created subscriber on gripper/kinematics_pose
2023-01-07	13:55:25.965 INFO     Created subscriber on gripper_position/command
2023-01-07	13:55:25.965 INFO     Created subscriber on gripper_sub_position/pid/parameter_descriptions
2023-01-07	13:55:25.965 INFO     Created subscriber on joint2_position/command
2023-01-07	13:55:25.966 INFO     Created subscriber on joint3_position/command
2023-01-07	13:55:25.967 INFO     Created subscriber on gripper_position/state
2023-01-07	13:55:25.967 INFO     Created subscriber on gripper_sub_position/pid/parameter_updates
2023-01-07	13:55:25.967 INFO     Created subscriber on gripper_sub_position/state
2023-01-07	13:55:25.968 INFO     Created subscriber on joint1_position/command
2023-01-07	13:55:25.968 INFO     Created subscriber on joint4_position/command
2023-01-07	13:55:25.975 INFO     Created subscriber on joint_states
2023-01-07	13:55:25.976 INFO     Created subscriber on gripper_sub_position/command
2023-01-07	13:55:25.985 INFO     Created subscriber on states
2023-01-07	13:55:27.020 INFO     631ms delay	 >> open_manipulator/states/open_manipulator_actuator_state
2023-01-07	13:55:27.911 INFO     137ms delay	 >> open_manipulator/joint_states/effort
2023-01-07	13:55:30.815 INFO     491ms delay	 >> open_manipulator/states/open_manipulator_actuator_state
2023-01-07	13:55:30.826 INFO     496ms delay	 >> open_manipulator/joint_states/effort
2023-01-07	13:55:33.202 INFO     867ms delay	 >> open_manipulator/states/open_manipulator_actuator_state
2023-01-07	13:55:34.040 INFO     119ms delay	 >> open_manipulator/joint_states/effort
2023-01-07	13:55:35.386 INFO     347ms delay	 >> open_manipulator/states/open_manipulator_actuator_state
2023-01-07	13:55:35.730 INFO     688ms delay	 >> open_manipulator/joint_states/effort
2023-01-07	13:55:37.074 INFO     1287ms delay	 >> open_manipulator/states/open_manipulator_actuator_state
2023-01-07	13:55:37.477 INFO     10ms delay	 >> open_manipulator/joint_states/effort
2023-01-07	13:55:39.478 INFO     1ms delay	 >> open_manipulator/states/open_manipulator_actuator_state
2023-01-07	13:55:40.367 INFO     46ms delay	 >> open_manipulator/joint_states/effort
2023-01-07	13:55:40.513 INFO     123ms delay	 >> open_manipulator/states/open_manipulator_actuator_state
2023-01-07	13:55:42.146 INFO     464ms delay	 >> open_manipulator/states/open_manipulator_actuator_state
2023-01-07	13:55:43.276 INFO     350ms delay	 >> open_manipulator/joint_states/effort
2023-01-07	13:55:44.078 INFO     595ms delay	 >> open_manipulator/states/open_manipulator_actuator_state
2023-01-07	13:55:45.216 INFO     1ms delay	 >> open_manipulator/states/open_manipulator_actuator_state
2023-01-07	13:55:45.974 INFO     91ms delay	 >> open_manipulator/joint_states/effort
2023-01-07	13:55:46.802 INFO     921ms delay	 >> open_manipulator/states/open_manipulator_actuator_state
2023-01-07	13:55:49.021 INFO     2ms delay	 >> open_manipulator/states/open_manipulator_actuator_state
2023-01-07	13:55:49.037 INFO     18ms delay	 >> open_manipulator/joint_states/effort
2023-01-07	13:55:50.329 INFO     190ms delay	 >> open_manipulator/states/open_manipulator_actuator_state
2023-01-07	13:55:51.250 INFO     751ms delay	 >> open_manipulator/joint_states/effort
2023-01-07	13:55:52.426 INFO     4ms delay	 >> open_manipulator/states/open_manipulator_actuator_state
2023-01-07	13:55:53.966 INFO     142ms delay	 >> open_manipulator/states/open_manipulator_actuator_state
2023-01-07	13:55:54.035 INFO     42ms delay	 >> open_manipulator/joint_states/effort
2023-01-07	13:55:55.298 INFO     6ms delay	 >> open_manipulator/states/open_manipulator_actuator_state
2023-01-07	13:55:57.976 INFO     1480ms delay	 >> open_manipulator/joint_states/effort
2023-01-07	13:55:57.997 INFO     11ms delay	 >> open_manipulator/states/open_manipulator_actuator_state
2023-01-07	13:56:00.176 INFO     44ms delay	 >> open_manipulator/states/open_manipulator_actuator_state
2023-01-07	13:56:01.559 INFO     934ms delay	 >> open_manipulator/joint_states/effort
2023-01-07	13:56:01.566 INFO     943ms delay	 >> open_manipulator/states/open_manipulator_actuator_state
2023-01-07	13:56:03.358 INFO     205ms delay	 >> open_manipulator/states/open_manipulator_actuator_state
2023-01-07	13:56:03.786 INFO     261ms delay	 >> open_manipulator/joint_states/effort
2023-01-07	13:56:04.387 INFO     22ms delay	 >> open_manipulator/states/open_manipulator_actuator_state
2023-01-07	13:56:05.779 INFO     2ms delay	 >> open_manipulator/joint_states/effort
2023-01-07	13:56:05.779 INFO     1ms delay	 >> open_manipulator/states/open_manipulator_actuator_state
2023-01-07	13:56:08.835 INFO     1930ms delay	 >> open_manipulator/joint_states/effort
2023-01-07	13:56:08.847 INFO     1943ms delay	 >> open_manipulator/states/open_manipulator_actuator_state
2023-01-07	13:56:11.694 INFO     28ms delay	 >> open_manipulator/joint_states/effort
2023-01-07	13:56:11.973 INFO     2ms delay	 >> open_manipulator/states/open_manipulator_actuator_state
2023-01-07	13:56:14.645 INFO     787ms delay	 >> open_manipulator/states/open_manipulator_actuator_state
2023-01-07	13:56:14.817 INFO     0ms delay	 >> open_manipulator/joint_states/effort
2023-01-07	13:56:16.436 INFO     16ms delay	 >> open_manipulator/states/open_manipulator_actuator_state
2023-01-07	13:56:17.649 INFO     664ms delay	 >> open_manipulator/states/open_manipulator_actuator_state
2023-01-07	13:56:18.857 INFO     771ms delay	 >> open_manipulator/joint_states/effort
2023-01-07	13:56:19.311 INFO     18ms delay	 >> open_manipulator/states/open_manipulator_actuator_state
2023-01-07	13:56:20.559 INFO     540ms delay	 >> open_manipulator/states/open_manipulator_actuator_state
2023-01-07	13:56:21.236 INFO     426ms delay	 >> open_manipulator/joint_states/effort
2023-01-07	13:56:22.550 INFO     135ms delay	 >> open_manipulator/states/open_manipulator_actuator_state
2023-01-07	13:56:25.368 INFO     0ms delay	 >> open_manipulator/joint_states/effort
2023-01-07	13:56:25.396 INFO     30ms delay	 >> open_manipulator/states/open_manipulator_actuator_state
2023-01-07	13:56:27.673 INFO     856ms delay	 >> open_manipulator/joint_states/effort
2023-01-07	13:56:28.304 INFO     83ms delay	 >> open_manipulator/states/open_manipulator_actuator_state
2023-01-07	13:56:29.421 INFO     655ms delay	 >> open_manipulator/joint_states/effort
2023-01-07	13:56:30.635 INFO     153ms delay	 >> open_manipulator/states/open_manipulator_actuator_state
2023-01-07	13:56:31.397 INFO     640ms delay	 >> open_manipulator/joint_states/effort
2023-01-07	13:56:33.641 INFO     570ms delay	 >> open_manipulator/states/open_manipulator_actuator_state
2023-01-07	13:56:35.092 INFO     82ms delay	 >> open_manipulator/states/open_manipulator_actuator_state
2023-01-07	13:56:36.309 INFO     328ms delay	 >> open_manipulator/joint_states/effort
2023-01-07	13:56:36.482 INFO     503ms delay	 >> open_manipulator/states/open_manipulator_actuator_state
2023-01-07	13:56:38.077 INFO     11ms delay	 >> open_manipulator/joint_states/effort
2023-01-07	13:56:38.569 INFO     158ms delay	 >> open_manipulator/states/open_manipulator_actuator_state
2023-01-07	13:56:40.087 INFO     652ms delay	 >> open_manipulator/joint_states/effort
2023-01-07	13:56:40.111 INFO     678ms delay	 >> open_manipulator/states/open_manipulator_actuator_state
2023-01-07	13:56:41.872 INFO     835ms delay	 >> open_manipulator/joint_states/effort
2023-01-07	13:56:41.873 INFO     838ms delay	 >> open_manipulator/states/open_manipulator_actuator_state
2023-01-07	13:56:43.729 INFO     12ms delay	 >> open_manipulator/states/open_manipulator_actuator_state
2023-01-07	13:56:44.139 INFO     32ms delay	 >> open_manipulator/joint_states/effort
2023-01-07	13:56:45.311 INFO     493ms delay	 >> open_manipulator/states/open_manipulator_actuator_state
2023-01-07	13:56:46.226 INFO     247ms delay	 >> open_manipulator/joint_states/effort
2023-01-07	13:56:47.205 INFO     136ms delay	 >> open_manipulator/states/open_manipulator_actuator_state
2023-01-07	13:56:48.726 INFO     91ms delay	 >> open_manipulator/states/open_manipulator_actuator_state
2023-01-07	13:56:48.726 INFO     93ms delay	 >> open_manipulator/joint_states/effort
2023-01-07	13:56:50.522 INFO     445ms delay	 >> open_manipulator/states/open_manipulator_actuator_state
2023-01-07	13:56:55.523 INFO     7ms delay	 >> open_manipulator/states/open_manipulator_actuator_state
2023-01-07	13:56:55.838 INFO     322ms delay	 >> open_manipulator/joint_states/effort
2023-01-07	13:56:58.247 INFO     9ms delay	 >> open_manipulator/states/open_manipulator_actuator_state
2023-01-07	13:56:58.247 INFO     9ms delay	 >> open_manipulator/joint_states/effort
2023-01-07	13:56:59.829 INFO     35ms delay	 >> open_manipulator/states/open_manipulator_actuator_state
2023-01-07	13:57:00.520 INFO     728ms delay	 >> open_manipulator/joint_states/effort
2023-01-07	13:57:01.102 INFO     496ms delay	 >> open_manipulator/states/open_manipulator_actuator_state
2023-01-07	13:57:02.732 INFO     499ms delay	 >> open_manipulator/joint_states/effort
2023-01-07	13:57:03.009 INFO     126ms delay	 >> open_manipulator/states/open_manipulator_actuator_state
2023-01-07	13:57:04.633 INFO     152ms delay	 >> open_manipulator/states/open_manipulator_actuator_state
2023-01-07	13:57:05.359 INFO     7ms delay	 >> open_manipulator/joint_states/effort
2023-01-07	13:57:06.487 INFO     2006ms delay	 >> open_manipulator/states/open_manipulator_actuator_state
2023-01-07	13:57:07.596 INFO     0ms delay	 >> open_manipulator/joint_states/effort
2023-01-07	13:57:07.607 INFO     14ms delay	 >> open_manipulator/states/open_manipulator_actuator_state
2023-01-07	13:57:08.825 INFO     24ms delay	 >> open_manipulator/states/open_manipulator_actuator_state
2023-01-07	13:57:09.455 INFO     60ms delay	 >> open_manipulator/joint_states/effort
2023-01-07	13:57:09.846 INFO     72ms delay	 >> open_manipulator/states/open_manipulator_actuator_state
2023-01-07	13:57:11.200 INFO     608ms delay	 >> open_manipulator/states/open_manipulator_actuator_state
2023-01-07	13:57:11.693 INFO     299ms delay	 >> open_manipulator/joint_states/effort
2023-01-07	13:57:12.824 INFO     1419ms delay	 >> open_manipulator/states/open_manipulator_actuator_state
2023-01-07	13:57:14.911 INFO     893ms delay	 >> open_manipulator/joint_states/effort
2023-01-07	13:57:15.239 INFO     1215ms delay	 >> open_manipulator/states/open_manipulator_actuator_state
2023-01-07	13:57:18.960 INFO     42ms delay	 >> open_manipulator/joint_states/effort
2023-01-07	13:57:19.262 INFO     360ms delay	 >> open_manipulator/states/open_manipulator_actuator_state
2023-01-07	13:57:20.663 INFO     373ms delay	 >> open_manipulator/joint_states/effort
2023-01-07	13:57:20.791 INFO     502ms delay	 >> open_manipulator/states/open_manipulator_actuator_state
2023-01-07	13:57:21.931 INFO     180ms delay	 >> open_manipulator/states/open_manipulator_actuator_state
2023-01-07	13:57:22.341 INFO     317ms delay	 >> open_manipulator/joint_states/effort
2023-01-07	13:57:24.467 INFO     10ms delay	 >> open_manipulator/states/open_manipulator_actuator_state
2023-01-07	13:57:25.780 INFO     497ms delay	 >> open_manipulator/joint_states/effort
2023-01-07	13:57:25.791 INFO     507ms delay	 >> open_manipulator/states/open_manipulator_actuator_state
2023-01-07	13:57:28.403 INFO     1077ms delay	 >> open_manipulator/joint_states/effort
2023-01-07	13:57:28.414 INFO     1080ms delay	 >> open_manipulator/states/open_manipulator_actuator_state
2023-01-07	13:57:30.182 INFO     540ms delay	 >> open_manipulator/states/open_manipulator_actuator_state
2023-01-07	13:57:30.814 INFO     591ms delay	 >> open_manipulator/joint_states/effort
2023-01-07	13:57:32.404 INFO     402ms delay	 >> open_manipulator/states/open_manipulator_actuator_state
2023-01-07	13:57:32.713 INFO     246ms delay	 >> open_manipulator/joint_states/effort
2023-01-07	13:57:35.270 INFO     1452ms delay	 >> open_manipulator/states/open_manipulator_actuator_state
2023-01-07	13:57:37.488 INFO     376ms delay	 >> open_manipulator/states/open_manipulator_actuator_state
2023-01-07	13:57:38.802 INFO     14ms delay	 >> open_manipulator/states/open_manipulator_actuator_state
2023-01-07	13:57:38.899 INFO     109ms delay	 >> open_manipulator/joint_states/effort
2023-01-07	13:57:39.853 INFO     900ms delay	 >> open_manipulator/states/open_manipulator_actuator_state
2023-01-07	13:57:41.147 INFO     13ms delay	 >> open_manipulator/joint_states/effort
2023-01-07	13:57:42.202 INFO     883ms delay	 >> open_manipulator/states/open_manipulator_actuator_state
2023-01-07	13:57:43.481 INFO     120ms delay	 >> open_manipulator/states/open_manipulator_actuator_state
2023-01-07	13:57:43.748 INFO     29ms delay	 >> open_manipulator/joint_states/effort
2023-01-07	13:57:45.078 INFO     969ms delay	 >> open_manipulator/states/open_manipulator_actuator_state
2023-01-07	13:57:46.594 INFO     5ms delay	 >> open_manipulator/states/open_manipulator_actuator_state
2023-01-07	13:57:47.599 INFO     223ms delay	 >> open_manipulator/joint_states/effort
2023-01-07	13:57:48.287 INFO     2ms delay	 >> open_manipulator/states/open_manipulator_actuator_state
2023-01-07	13:57:50.677 INFO     756ms delay	 >> open_manipulator/joint_states/effort
2023-01-07	13:57:51.612 INFO     64ms delay	 >> open_manipulator/states/open_manipulator_actuator_state
2023-01-07	13:57:52.460 INFO     519ms delay	 >> open_manipulator/joint_states/effort
2023-01-07	13:57:54.586 INFO     119ms delay	 >> open_manipulator/states/open_manipulator_actuator_state
2023-01-07	13:57:55.819 INFO     313ms delay	 >> open_manipulator/states/open_manipulator_actuator_state
2023-01-07	13:57:55.957 INFO     450ms delay	 >> open_manipulator/joint_states/effort
2023-01-07	13:57:57.517 INFO     292ms delay	 >> open_manipulator/states/open_manipulator_actuator_state
2023-01-07	13:57:58.629 INFO     539ms delay	 >> open_manipulator/states/open_manipulator_actuator_state
2023-01-07	13:57:58.630 INFO     542ms delay	 >> open_manipulator/joint_states/effort
2023-01-07	13:58:00.125 INFO     440ms delay	 >> open_manipulator/states/open_manipulator_actuator_state
2023-01-07	13:58:01.533 INFO     1ms delay	 >> open_manipulator/joint_states/effort
2023-01-07	13:58:01.539 INFO     1854ms delay	 >> open_manipulator/states/open_manipulator_actuator_state
2023-01-07	13:58:03.604 INFO     975ms delay	 >> open_manipulator/joint_states/effort
2023-01-07	13:58:03.605 INFO     974ms delay	 >> open_manipulator/states/open_manipulator_actuator_state
2023-01-07	13:58:06.134 INFO     399ms delay	 >> open_manipulator/joint_states/effort
2023-01-07	13:58:06.626 INFO     176ms delay	 >> open_manipulator/states/open_manipulator_actuator_state
2023-01-07	13:58:08.594 INFO     953ms delay	 >> open_manipulator/states/open_manipulator_actuator_state
2023-01-07	13:58:09.293 INFO     154ms delay	 >> open_manipulator/joint_states/effort
2023-01-07	13:58:10.095 INFO     6ms delay	 >> open_manipulator/states/open_manipulator_actuator_state
2023-01-07	13:58:12.098 INFO     232ms delay	 >> open_manipulator/states/open_manipulator_actuator_state
2023-01-07	13:58:12.987 INFO     42ms delay	 >> open_manipulator/joint_states/effort
2023-01-07	13:58:13.902 INFO     475ms delay	 >> open_manipulator/states/open_manipulator_actuator_state
2023-01-07	13:58:15.211 INFO     1784ms delay	 >> open_manipulator/states/open_manipulator_actuator_state
2023-01-07	13:58:15.217 INFO     1790ms delay	 >> open_manipulator/joint_states/effort
2023-01-07	13:58:18.456 INFO     54ms delay	 >> open_manipulator/states/open_manipulator_actuator_state
2023-01-07	13:58:19.618 INFO     278ms delay	 >> open_manipulator/joint_states/effort
2023-01-07	13:58:20.538 INFO     0ms delay	 >> open_manipulator/states/open_manipulator_actuator_state
2023-01-07	13:58:22.266 INFO     616ms delay	 >> open_manipulator/joint_states/effort
2023-01-07	13:58:22.610 INFO     161ms delay	 >> open_manipulator/states/open_manipulator_actuator_state
2023-01-07	13:58:23.822 INFO     252ms delay	 >> open_manipulator/states/open_manipulator_actuator_state
2023-01-07	13:58:24.778 INFO     326ms delay	 >> open_manipulator/joint_states/effort
2023-01-07	13:58:25.130 INFO     381ms delay	 >> open_manipulator/states/open_manipulator_actuator_state
2023-01-07	13:58:26.486 INFO     74ms delay	 >> open_manipulator/states/open_manipulator_actuator_state
2023-01-07	13:58:27.972 INFO     865ms delay	 >> open_manipulator/joint_states/effort
2023-01-07	13:58:28.284 INFO     1177ms delay	 >> open_manipulator/states/open_manipulator_actuator_state
2023-01-07	13:58:30.119 INFO     7ms delay	 >> open_manipulator/joint_states/effort
2023-01-07	13:58:30.864 INFO     753ms delay	 >> open_manipulator/states/open_manipulator_actuator_state
2023-01-07	13:58:32.575 INFO     84ms delay	 >> open_manipulator/joint_states/effort
2023-01-07	13:58:32.741 INFO     58ms delay	 >> open_manipulator/states/open_manipulator_actuator_state
2023-01-07	13:58:34.090 INFO     236ms delay	 >> open_manipulator/states/open_manipulator_actuator_state
2023-01-07	13:58:34.090 INFO     241ms delay	 >> open_manipulator/joint_states/effort
2023-01-07	13:58:37.966 INFO     188ms delay	 >> open_manipulator/states/open_manipulator_actuator_state
2023-01-07	13:58:38.143 INFO     9ms delay	 >> open_manipulator/joint_states/effort
2023-01-07	13:58:40.553 INFO     680ms delay	 >> open_manipulator/states/open_manipulator_actuator_state
2023-01-07	13:58:42.487 INFO     1431ms delay	 >> open_manipulator/joint_states/effort
2023-01-07	13:58:42.848 INFO     24ms delay	 >> open_manipulator/states/open_manipulator_actuator_state
2023-01-07	13:58:43.869 INFO     388ms delay	 >> open_manipulator/states/open_manipulator_actuator_state
2023-01-07	13:58:44.159 INFO     688ms delay	 >> open_manipulator/joint_states/effort
2023-01-07	13:58:46.264 INFO     386ms delay	 >> open_manipulator/states/open_manipulator_actuator_state
2023-01-07	13:58:46.733 INFO     13ms delay	 >> open_manipulator/joint_states/effort
2023-01-07	13:58:47.492 INFO     523ms delay	 >> open_manipulator/states/open_manipulator_actuator_state
2023-01-07	13:58:48.638 INFO     1140ms delay	 >> open_manipulator/joint_states/effort
2023-01-07	13:58:49.109 INFO     227ms delay	 >> open_manipulator/states/open_manipulator_actuator_state
2023-01-07	13:58:50.259 INFO     27ms delay	 >> open_manipulator/joint_states/effort
2023-01-07	13:58:51.951 INFO     194ms delay	 >> open_manipulator/joint_states/effort
2023-01-07	13:58:52.319 INFO     569ms delay	 >> open_manipulator/states/open_manipulator_actuator_state
2023-01-07	13:58:53.900 INFO     468ms delay	 >> open_manipulator/joint_states/effort
2023-01-07	13:58:55.258 INFO     14ms delay	 >> open_manipulator/states/open_manipulator_actuator_state
2023-01-07	13:58:55.830 INFO     13ms delay	 >> open_manipulator/joint_states/effort
2023-01-07	13:58:59.116 INFO     429ms delay	 >> open_manipulator/states/open_manipulator_actuator_state
2023-01-07	13:59:00.171 INFO     269ms delay	 >> open_manipulator/joint_states/effort
2023-01-07	13:59:01.277 INFO     518ms delay	 >> open_manipulator/states/open_manipulator_actuator_state
2023-01-07	13:59:03.160 INFO     1256ms delay	 >> open_manipulator/joint_states/effort
2023-01-07	13:59:03.480 INFO     315ms delay	 >> open_manipulator/states/open_manipulator_actuator_state
2023-01-07	13:59:05.530 INFO     576ms delay	 >> open_manipulator/joint_states/effort
2023-01-07	13:59:06.031 INFO     31ms delay	 >> open_manipulator/states/open_manipulator_actuator_state
2023-01-07	13:59:07.198 INFO     334ms delay	 >> open_manipulator/joint_states/effort
2023-01-07	13:59:07.931 INFO     59ms delay	 >> open_manipulator/states/open_manipulator_actuator_state
2023-01-07	13:59:09.052 INFO     234ms delay	 >> open_manipulator/states/open_manipulator_actuator_state
2023-01-07	13:59:09.955 INFO     529ms delay	 >> open_manipulator/joint_states/effort
2023-01-07	13:59:10.340 INFO     298ms delay	 >> open_manipulator/states/open_manipulator_actuator_state
2023-01-07	13:59:11.829 INFO     937ms delay	 >> open_manipulator/joint_states/effort
2023-01-07	13:59:11.829 INFO     1319ms delay	 >> open_manipulator/states/open_manipulator_actuator_state
2023-01-07	13:59:13.829 INFO     442ms delay	 >> open_manipulator/joint_states/effort
2023-01-07	13:59:14.242 INFO     867ms delay	 >> open_manipulator/states/open_manipulator_actuator_state
2023-01-07	13:59:16.140 INFO     410ms delay	 >> open_manipulator/joint_states/effort
2023-01-07	13:59:16.865 INFO     653ms delay	 >> open_manipulator/states/open_manipulator_actuator_state
2023-01-07	13:59:17.692 INFO     158ms delay	 >> open_manipulator/joint_states/effort
