2023-01-07	15:02:00.414 INFO     217ms delay for topic >> open_manipulator/joint4_position/command/data
2023-01-07	15:02:01.530 INFO     166ms delay for topic >> open_manipulator/gripper/kinematics_pose/pose/position/z
2023-01-07	15:02:02.404 INFO     1038ms delay for topic >> open_manipulator/joint_states/effort
2023-01-07	15:02:04.766 INFO     22ms delay for topic >> open_manipulator/joint3_position/command/data
2023-01-07	15:02:04.976 INFO     232ms delay for topic >> open_manipulator/joint2_position/command/data
2023-01-07	15:02:07.523 INFO     110ms delay for topic >> open_manipulator/gripper_sub_position/state/command
2023-01-07	15:02:07.988 INFO     123ms delay for topic >> open_manipulator/gripper_position/state/process_value_dot
2023-01-07	15:02:08.580 INFO     87ms delay for topic >> open_manipulator/gripper_sub_position/command/data
2023-01-07	15:02:09.122 INFO     159ms delay for topic >> open_manipulator/joint1_position/command/data
2023-01-07	15:02:09.381 INFO     187ms delay for topic >> open_manipulator/gripper_position/command/data
2023-01-07	15:02:09.600 INFO     405ms delay for topic >> open_manipulator/states/open_manipulator_actuator_state
2023-01-07	15:02:10.521 INFO     1327ms delay for topic >> open_manipulator/joint4_position/command/data
2023-01-07	15:02:11.435 INFO     501ms delay for topic >> open_manipulator/gripper/kinematics_pose/pose/position/z
2023-01-07	15:02:12.194 INFO     431ms delay for topic >> open_manipulator/joint_states/effort
2023-01-07	15:02:14.018 INFO     1165ms delay for topic >> open_manipulator/joint3_position/command/data
2023-01-07	15:02:14.784 INFO     388ms delay for topic >> open_manipulator/gripper_sub_position/state/command
2023-01-07	15:02:14.866 INFO     470ms delay for topic >> open_manipulator/joint2_position/command/data
2023-01-07	15:02:15.145 INFO     243ms delay for topic >> open_manipulator/gripper_sub_position/command/data
2023-01-07	15:02:15.835 INFO     383ms delay for topic >> open_manipulator/gripper_position/state/process_value_dot
2023-01-07	15:02:16.621 INFO     18ms delay for topic >> open_manipulator/gripper_position/command/data
2023-01-07	15:02:17.671 INFO     345ms delay for topic >> open_manipulator/joint4_position/command/data
2023-01-07	15:02:18.812 INFO     1483ms delay for topic >> open_manipulator/states/open_manipulator_actuator_state
2023-01-07	15:02:19.844 INFO     127ms delay for topic >> open_manipulator/joint1_position/command/data
2023-01-07	15:02:19.845 INFO     128ms delay for topic >> open_manipulator/gripper/kinematics_pose/pose/position/z
2023-01-07	15:02:19.880 INFO     6ms delay for topic >> open_manipulator/joint_states/effort
2023-01-07	15:02:21.618 INFO     76ms delay for topic >> open_manipulator/gripper_sub_position/command/data
2023-01-07	15:02:22.237 INFO     502ms delay for topic >> open_manipulator/joint3_position/command/data
2023-01-07	15:02:23.503 INFO     781ms delay for topic >> open_manipulator/joint2_position/command/data
2023-01-07	15:02:23.636 INFO     914ms delay for topic >> open_manipulator/gripper_position/command/data
2023-01-07	15:02:24.222 INFO     572ms delay for topic >> open_manipulator/gripper_sub_position/state/command
2023-01-07	15:02:24.244 INFO     11ms delay for topic >> open_manipulator/gripper_position/state/process_value_dot
2023-01-07	15:02:25.967 INFO     627ms delay for topic >> open_manipulator/joint4_position/command/data
2023-01-07	15:02:27.016 INFO     82ms delay for topic >> open_manipulator/states/open_manipulator_actuator_state
2023-01-07	15:02:28.993 INFO     599ms delay for topic >> open_manipulator/joint_states/effort
2023-01-07	15:02:29.168 INFO     775ms delay for topic >> open_manipulator/gripper/kinematics_pose/pose/position/z
2023-01-07	15:02:29.174 INFO     781ms delay for topic >> open_manipulator/gripper_sub_position/command/data
2023-01-07	15:02:31.390 INFO     497ms delay for topic >> open_manipulator/joint3_position/command/data
2023-01-07	15:02:31.808 INFO     155ms delay for topic >> open_manipulator/joint1_position/command/data
2023-01-07	15:02:32.743 INFO     327ms delay for topic >> open_manipulator/gripper_position/command/data
2023-01-07	15:02:33.101 INFO     190ms delay for topic >> open_manipulator/joint2_position/command/data
2023-01-07	15:02:34.583 INFO     13ms delay for topic >> open_manipulator/joint4_position/command/data
2023-01-07	15:02:34.795 INFO     6ms delay for topic >> open_manipulator/states/open_manipulator_actuator_state
2023-01-07	15:02:35.420 INFO     631ms delay for topic >> open_manipulator/gripper_sub_position/state/command
2023-01-07	15:02:35.713 INFO     221ms delay for topic >> open_manipulator/joint_states/effort
2023-01-07	15:02:35.713 INFO     223ms delay for topic >> open_manipulator/gripper/kinematics_pose/pose/position/z
2023-01-07	15:02:35.879 INFO     17ms delay for topic >> open_manipulator/gripper_position/state/process_value_dot
2023-01-07	15:02:35.886 INFO     24ms delay for topic >> open_manipulator/gripper_sub_position/command/data
2023-01-07	15:02:37.135 INFO     280ms delay for topic >> open_manipulator/gripper_position/command/data
2023-01-07	15:02:38.208 INFO     478ms delay for topic >> open_manipulator/joint3_position/command/data
2023-01-07	15:02:38.771 INFO     1060ms delay for topic >> open_manipulator/joint4_position/command/data
2023-01-07	15:02:39.666 INFO     214ms delay for topic >> open_manipulator/states/open_manipulator_actuator_state
2023-01-07	15:02:39.979 INFO     525ms delay for topic >> open_manipulator/joint1_position/command/data
2023-01-07	15:02:40.537 INFO     8ms delay for topic >> open_manipulator/joint2_position/command/data
2023-01-07	15:02:40.716 INFO     187ms delay for topic >> open_manipulator/joint_states/effort
2023-01-07	15:02:40.851 INFO     9ms delay for topic >> open_manipulator/gripper/kinematics_pose/pose/position/z
2023-01-07	15:02:41.309 INFO     103ms delay for topic >> open_manipulator/gripper_sub_position/command/data
2023-01-07	15:02:41.880 INFO     674ms delay for topic >> open_manipulator/gripper_position/command/data
2023-01-07	15:02:42.162 INFO     1134ms delay for topic >> open_manipulator/joint4_position/command/data
2023-01-07	15:02:42.525 INFO     340ms delay for topic >> open_manipulator/gripper_position/state/process_value_dot
2023-01-07	15:02:42.525 INFO     341ms delay for topic >> open_manipulator/states/open_manipulator_actuator_state
2023-01-07	15:02:42.603 INFO     11ms delay for topic >> open_manipulator/gripper_sub_position/state/command
2023-01-07	15:02:43.040 INFO     16ms delay for topic >> open_manipulator/joint3_position/command/data
2023-01-07	15:02:43.843 INFO     102ms delay for topic >> open_manipulator/gripper_sub_position/command/data
2023-01-07	15:02:43.858 INFO     119ms delay for topic >> open_manipulator/joint_states/effort
2023-01-07	15:02:44.238 INFO     500ms delay for topic >> open_manipulator/gripper_position/command/data
2023-01-07	15:02:44.430 INFO     15ms delay for topic >> open_manipulator/joint4_position/command/data
2023-01-07	15:02:44.990 INFO     575ms delay for topic >> open_manipulator/gripper/kinematics_pose/pose/position/z
2023-01-07	15:02:45.344 INFO     926ms delay for topic >> open_manipulator/states/open_manipulator_actuator_state
2023-01-07	15:02:45.355 INFO     1936ms delay for topic >> open_manipulator/joint2_position/command/data
2023-01-07	15:02:45.870 INFO     248ms delay for topic >> open_manipulator/joint1_position/command/data
2023-01-07	15:02:46.962 INFO     585ms delay for topic >> open_manipulator/gripper_position/state/process_value_dot
2023-01-07	15:02:47.014 INFO     6ms delay for topic >> open_manipulator/joint3_position/command/data
2023-01-07	15:02:47.305 INFO     297ms delay for topic >> open_manipulator/gripper_position/command/data
2023-01-07	15:02:47.312 INFO     314ms delay for topic >> open_manipulator/gripper_sub_position/state/command
2023-01-07	15:02:47.512 INFO     503ms delay for topic >> open_manipulator/joint_states/effort
2023-01-07	15:02:47.761 INFO     752ms delay for topic >> open_manipulator/joint4_position/command/data
2023-01-07	15:02:47.962 INFO     189ms delay for topic >> open_manipulator/gripper_sub_position/command/data
2023-01-07	15:02:49.260 INFO     247ms delay for topic >> open_manipulator/gripper/kinematics_pose/pose/position/z
2023-01-07	15:02:49.414 INFO     25ms delay for topic >> open_manipulator/states/open_manipulator_actuator_state
2023-01-07	15:02:51.915 INFO     11ms delay for topic >> open_manipulator/gripper_position/command/data
2023-01-07	15:02:52.106 INFO     192ms delay for topic >> open_manipulator/joint3_position/command/data
2023-01-07	15:02:52.148 INFO     234ms delay for topic >> open_manipulator/joint2_position/command/data
2023-01-07	15:02:52.467 INFO     562ms delay for topic >> open_manipulator/gripper_position/state/process_value_dot
2023-01-07	15:02:52.945 INFO     1030ms delay for topic >> open_manipulator/gripper_sub_position/state/command
2023-01-07	15:02:53.240 INFO     1326ms delay for topic >> open_manipulator/joint_states/effort
2023-01-07	15:02:53.247 INFO     1343ms delay for topic >> open_manipulator/joint1_position/command/data
2023-01-07	15:02:53.972 INFO     366ms delay for topic >> open_manipulator/gripper_sub_position/command/data
2023-01-07	15:02:54.614 INFO     18ms delay for topic >> open_manipulator/joint4_position/command/data
2023-01-07	15:02:54.974 INFO     370ms delay for topic >> open_manipulator/gripper/kinematics_pose/pose/position/z
2023-01-07	15:02:56.542 INFO     1084ms delay for topic >> open_manipulator/gripper_position/command/data
2023-01-07	15:02:56.910 INFO     1446ms delay for topic >> open_manipulator/states/open_manipulator_actuator_state
2023-01-07	15:02:59.131 INFO     294ms delay for topic >> open_manipulator/joint3_position/command/data
2023-01-07	15:03:01.337 INFO     358ms delay for topic >> open_manipulator/joint_states/effort
2023-01-07	15:03:01.662 INFO     101ms delay for topic >> open_manipulator/gripper_sub_position/command/data
2023-01-07	15:03:02.035 INFO     466ms delay for topic >> open_manipulator/joint2_position/command/data
2023-01-07	15:03:02.507 INFO     185ms delay for topic >> open_manipulator/gripper_sub_position/state/command
2023-01-07	15:03:02.530 INFO     2ms delay for topic >> open_manipulator/gripper_position/state/process_value_dot
2023-01-07	15:03:03.325 INFO     6ms delay for topic >> open_manipulator/joint4_position/command/data
2023-01-07	15:03:03.641 INFO     1ms delay for topic >> open_manipulator/gripper_position/command/data
2023-01-07	15:03:03.808 INFO     13ms delay for topic >> open_manipulator/states/open_manipulator_actuator_state
2023-01-07	15:03:04.021 INFO     10ms delay for topic >> open_manipulator/joint1_position/command/data
2023-01-07	15:03:04.027 INFO     13ms delay for topic >> open_manipulator/gripper/kinematics_pose/pose/position/z
2023-01-07	15:03:04.451 INFO     193ms delay for topic >> open_manipulator/gripper_sub_position/command/data
2023-01-07	15:03:04.639 INFO     65ms delay for topic >> open_manipulator/joint_states/effort
2023-01-07	15:03:05.663 INFO     58ms delay for topic >> open_manipulator/joint3_position/command/data
2023-01-07	15:03:05.941 INFO     337ms delay for topic >> open_manipulator/joint4_position/command/data
2023-01-07	15:03:06.542 INFO     467ms delay for topic >> open_manipulator/gripper_position/command/data
2023-01-07	15:03:06.698 INFO     360ms delay for topic >> open_manipulator/states/open_manipulator_actuator_state
2023-01-07	15:03:07.240 INFO     1165ms delay for topic >> open_manipulator/joint2_position/command/data
2023-01-07	15:03:07.277 INFO     4ms delay for topic >> open_manipulator/gripper_position/state/process_value_dot
2023-01-07	15:03:07.277 INFO     0ms delay for topic >> open_manipulator/gripper_sub_position/state/command
2023-01-07	15:03:09.507 INFO     834ms delay for topic >> open_manipulator/gripper/kinematics_pose/pose/position/z
2023-01-07	15:03:09.815 INFO     307ms delay for topic >> open_manipulator/gripper_sub_position/command/data
2023-01-07	15:03:11.321 INFO     1810ms delay for topic >> open_manipulator/joint1_position/command/data
2023-01-07	15:03:11.934 INFO     363ms delay for topic >> open_manipulator/joint_states/effort
2023-01-07	15:03:14.244 INFO     149ms delay for topic >> open_manipulator/joint3_position/command/data
2023-01-07	15:03:15.311 INFO     316ms delay for topic >> open_manipulator/gripper_position/command/data
2023-01-07	15:03:15.312 INFO     318ms delay for topic >> open_manipulator/joint4_position/command/data
2023-01-07	15:03:15.576 INFO     22ms delay for topic >> open_manipulator/states/open_manipulator_actuator_state
2023-01-07	15:03:17.365 INFO     6ms delay for topic >> open_manipulator/gripper_sub_position/command/data
2023-01-07	15:03:17.465 INFO     111ms delay for topic >> open_manipulator/gripper/kinematics_pose/pose/position/z
2023-01-07	15:03:17.883 INFO     5ms delay for topic >> open_manipulator/joint2_position/command/data
2023-01-07	15:03:18.292 INFO     417ms delay for topic >> open_manipulator/joint_states/effort
2023-01-07	15:03:19.016 INFO     624ms delay for topic >> open_manipulator/gripper_position/state/process_value_dot
2023-01-07	15:03:19.045 INFO     654ms delay for topic >> open_manipulator/gripper_sub_position/state/command
2023-01-07	15:03:19.046 INFO     654ms delay for topic >> open_manipulator/joint4_position/command/data
2023-01-07	15:03:19.358 INFO     294ms delay for topic >> open_manipulator/joint3_position/command/data
2023-01-07	15:03:19.415 INFO     16ms delay for topic >> open_manipulator/gripper_position/command/data
2023-01-07	15:03:20.120 INFO     3ms delay for topic >> open_manipulator/states/open_manipulator_actuator_state
2023-01-07	15:03:20.438 INFO     199ms delay for topic >> open_manipulator/joint1_position/command/data
2023-01-07	15:03:21.246 INFO     784ms delay for topic >> open_manipulator/gripper_sub_position/command/data
2023-01-07	15:03:21.543 INFO     84ms delay for topic >> open_manipulator/gripper/kinematics_pose/pose/position/z
2023-01-07	15:03:21.976 INFO     2ms delay for topic >> open_manipulator/joint_states/effort
2023-01-07	15:03:23.100 INFO     134ms delay for topic >> open_manipulator/joint4_position/command/data
2023-01-07	15:03:23.172 INFO     205ms delay for topic >> open_manipulator/joint2_position/command/data
2023-01-07	15:03:24.591 INFO     185ms delay for topic >> open_manipulator/gripper_position/state/process_value_dot
2023-01-07	15:03:24.592 INFO     185ms delay for topic >> open_manipulator/gripper_sub_position/state/command
2023-01-07	15:03:24.893 INFO     487ms delay for topic >> open_manipulator/gripper_position/command/data
2023-01-07	15:03:24.986 INFO     582ms delay for topic >> open_manipulator/states/open_manipulator_actuator_state
2023-01-07	15:03:25.005 INFO     97ms delay for topic >> open_manipulator/joint3_position/command/data
2023-01-07	15:03:26.618 INFO     173ms delay for topic >> open_manipulator/gripper_sub_position/command/data
2023-01-07	15:03:27.925 INFO     505ms delay for topic >> open_manipulator/gripper/kinematics_pose/pose/position/z
2023-01-07	15:03:28.034 INFO     1ms delay for topic >> open_manipulator/joint_states/effort
2023-01-07	15:03:29.163 INFO     501ms delay for topic >> open_manipulator/joint1_position/command/data
2023-01-07	15:03:29.778 INFO     311ms delay for topic >> open_manipulator/joint4_position/command/data
2023-01-07	15:03:33.370 INFO     427ms delay for topic >> open_manipulator/joint2_position/command/data
2023-01-07	15:03:34.553 INFO     339ms delay for topic >> open_manipulator/gripper_position/state/process_value_dot
2023-01-07	15:03:35.133 INFO     1ms delay for topic >> open_manipulator/gripper_sub_position/state/command
2023-01-07	15:03:35.606 INFO     475ms delay for topic >> open_manipulator/gripper_position/command/data
2023-01-07	15:03:36.050 INFO     221ms delay for topic >> open_manipulator/states/open_manipulator_actuator_state
2023-01-07	15:03:36.967 INFO     1138ms delay for topic >> open_manipulator/gripper_sub_position/command/data
2023-01-07	15:03:37.118 INFO     1291ms delay for topic >> open_manipulator/joint3_position/command/data
2023-01-07	15:03:38.122 INFO     6ms delay for topic >> open_manipulator/gripper/kinematics_pose/pose/position/z
2023-01-07	15:03:39.710 INFO     433ms delay for topic >> open_manipulator/joint4_position/command/data
2023-01-07	15:03:39.711 INFO     433ms delay for topic >> open_manipulator/joint_states/effort
2023-01-07	15:03:41.750 INFO     822ms delay for topic >> open_manipulator/joint1_position/command/data
2023-01-07	15:03:41.750 INFO     822ms delay for topic >> open_manipulator/states/open_manipulator_actuator_state
2023-01-07	15:03:41.831 INFO     904ms delay for topic >> open_manipulator/gripper_position/state/process_value_dot
2023-01-07	15:03:41.831 INFO     902ms delay for topic >> open_manipulator/gripper_position/command/data
2023-01-07	15:03:42.514 INFO     128ms delay for topic >> open_manipulator/gripper_sub_position/command/data
2023-01-07	15:03:42.722 INFO     343ms delay for topic >> open_manipulator/joint2_position/command/data
2023-01-07	15:03:42.959 INFO     574ms delay for topic >> open_manipulator/gripper_sub_position/state/command
2023-01-07	15:03:44.858 INFO     3ms delay for topic >> open_manipulator/gripper/kinematics_pose/pose/position/z
2023-01-07	15:03:44.858 INFO     2ms delay for topic >> open_manipulator/joint4_position/command/data
2023-01-07	15:03:45.836 INFO     308ms delay for topic >> open_manipulator/joint3_position/command/data
2023-01-07	15:03:45.837 INFO     7ms delay for topic >> open_manipulator/joint_states/effort
2023-01-07	15:03:48.988 INFO     573ms delay for topic >> open_manipulator/joint1_position/command/data
2023-01-07	15:03:49.571 INFO     411ms delay for topic >> open_manipulator/gripper_position/command/data
2023-01-07	15:03:49.932 INFO     357ms delay for topic >> open_manipulator/gripper_position/state/process_value_dot
2023-01-07	15:03:50.310 INFO     64ms delay for topic >> open_manipulator/states/open_manipulator_actuator_state
2023-01-07	15:03:50.976 INFO     728ms delay for topic >> open_manipulator/gripper_sub_position/command/data
2023-01-07	15:03:52.678 INFO     466ms delay for topic >> open_manipulator/joint2_position/command/data
2023-01-07	15:03:53.182 INFO     31ms delay for topic >> open_manipulator/gripper_sub_position/state/command
2023-01-07	15:03:53.284 INFO     0ms delay for topic >> open_manipulator/gripper/kinematics_pose/pose/position/z
2023-01-07	15:03:53.724 INFO     81ms delay for topic >> open_manipulator/joint4_position/command/data
2023-01-07	15:03:55.501 INFO     32ms delay for topic >> open_manipulator/joint3_position/command/data
2023-01-07	15:03:55.502 INFO     32ms delay for topic >> open_manipulator/joint_states/effort
2023-01-07	15:03:56.062 INFO     169ms delay for topic >> open_manipulator/gripper_position/command/data
2023-01-07	15:03:56.939 INFO     380ms delay for topic >> open_manipulator/gripper_sub_position/command/data
2023-01-07	15:03:57.331 INFO     180ms delay for topic >> open_manipulator/states/open_manipulator_actuator_state
2023-01-07	15:03:58.103 INFO     286ms delay for topic >> open_manipulator/joint1_position/command/data
2023-01-07	15:03:58.409 INFO     2ms delay for topic >> open_manipulator/gripper_position/state/process_value_dot
2023-01-07	15:03:58.824 INFO     13ms delay for topic >> open_manipulator/joint4_position/command/data
2023-01-07	15:03:59.892 INFO     142ms delay for topic >> open_manipulator/gripper/kinematics_pose/pose/position/z
2023-01-07	15:04:00.412 INFO     393ms delay for topic >> open_manipulator/gripper_sub_position/state/command
2023-01-07	15:04:00.423 INFO     403ms delay for topic >> open_manipulator/joint3_position/command/data
2023-01-07	15:04:00.445 INFO     1ms delay for topic >> open_manipulator/joint2_position/command/data
2023-01-07	15:04:01.070 INFO     629ms delay for topic >> open_manipulator/joint_states/effort
2023-01-07	15:04:02.733 INFO     1121ms delay for topic >> open_manipulator/gripper_position/command/data
2023-01-07	15:04:04.770 INFO     632ms delay for topic >> open_manipulator/gripper_sub_position/command/data
2023-01-07	15:04:05.018 INFO     3ms delay for topic >> open_manipulator/states/open_manipulator_actuator_state
2023-01-07	15:04:06.293 INFO     935ms delay for topic >> open_manipulator/joint4_position/command/data
2023-01-07	15:04:08.085 INFO     496ms delay for topic >> open_manipulator/gripper_position/state/process_value_dot
2023-01-07	15:04:09.003 INFO     430ms delay for topic >> open_manipulator/joint1_position/command/data
2023-01-07	15:04:09.462 INFO     408ms delay for topic >> open_manipulator/gripper/kinematics_pose/pose/position/z
2023-01-07	15:04:10.184 INFO     655ms delay for topic >> open_manipulator/joint3_position/command/data
2023-01-07	15:04:11.635 INFO     728ms delay for topic >> open_manipulator/gripper_sub_position/state/command
2023-01-07	15:04:11.911 INFO     4ms delay for topic >> open_manipulator/joint_states/effort
2023-01-07	15:04:12.179 INFO     270ms delay for topic >> open_manipulator/joint2_position/command/data
2023-01-07	15:04:13.023 INFO     211ms delay for topic >> open_manipulator/gripper_position/command/data
2023-01-07	15:04:14.000 INFO     161ms delay for topic >> open_manipulator/gripper_sub_position/command/data
2023-01-07	15:04:14.428 INFO     232ms delay for topic >> open_manipulator/states/open_manipulator_actuator_state
2023-01-07	15:04:14.428 INFO     231ms delay for topic >> open_manipulator/joint4_position/command/data
2023-01-07	15:04:18.544 INFO     1022ms delay for topic >> open_manipulator/gripper/kinematics_pose/pose/position/z
2023-01-07	15:04:18.620 INFO     1108ms delay for topic >> open_manipulator/gripper_position/state/process_value_dot
2023-01-07	15:04:19.623 INFO     413ms delay for topic >> open_manipulator/joint3_position/command/data
2023-01-07	15:04:20.563 INFO     186ms delay for topic >> open_manipulator/joint1_position/command/data
2023-01-07	15:04:22.144 INFO     1440ms delay for topic >> open_manipulator/joint_states/effort
2023-01-07	15:04:22.461 INFO     194ms delay for topic >> open_manipulator/gripper_sub_position/state/command
2023-01-07	15:04:23.853 INFO     15ms delay for topic >> open_manipulator/gripper_position/command/data
2023-01-07	15:04:24.898 INFO     597ms delay for topic >> open_manipulator/joint2_position/command/data
2023-01-07	15:04:24.898 INFO     596ms delay for topic >> open_manipulator/gripper_sub_position/command/data
2023-01-07	15:04:26.745 INFO     82ms delay for topic >> open_manipulator/states/open_manipulator_actuator_state
2023-01-07	15:04:26.746 INFO     80ms delay for topic >> open_manipulator/joint4_position/command/data
2023-01-07	15:04:28.367 INFO     57ms delay for topic >> open_manipulator/gripper/kinematics_pose/pose/position/z
2023-01-07	15:04:29.668 INFO     474ms delay for topic >> open_manipulator/gripper_position/state/process_value_dot
2023-01-07	15:04:30.518 INFO     1325ms delay for topic >> open_manipulator/joint_states/effort
2023-01-07	15:04:30.978 INFO     1786ms delay for topic >> open_manipulator/joint3_position/command/data
2023-01-07	15:04:31.434 INFO     2240ms delay for topic >> open_manipulator/gripper_position/command/data
2023-01-07	15:04:31.557 INFO     91ms delay for topic >> open_manipulator/joint1_position/command/data
2023-01-07	15:04:33.101 INFO     1262ms delay for topic >> open_manipulator/gripper_sub_position/command/data
2023-01-07	15:04:34.023 INFO     791ms delay for topic >> open_manipulator/states/open_manipulator_actuator_state
2023-01-07	15:04:34.455 INFO     125ms delay for topic >> open_manipulator/joint2_position/command/data
2023-01-07	15:04:34.803 INFO     206ms delay for topic >> open_manipulator/gripper_sub_position/state/command
2023-01-07	15:04:35.110 INFO     42ms delay for topic >> open_manipulator/joint4_position/command/data
2023-01-07	15:04:35.582 INFO     23ms delay for topic >> open_manipulator/gripper/kinematics_pose/pose/position/z
2023-01-07	15:04:36.205 INFO     420ms delay for topic >> open_manipulator/joint_states/effort
2023-01-07	15:04:36.252 INFO     5ms delay for topic >> open_manipulator/gripper_position/command/data
2023-01-07	15:04:36.986 INFO     109ms delay for topic >> open_manipulator/states/open_manipulator_actuator_state
2023-01-07	15:04:36.986 INFO     109ms delay for topic >> open_manipulator/gripper_sub_position/command/data
2023-01-07	15:04:37.124 INFO     247ms delay for topic >> open_manipulator/joint3_position/command/data
2023-01-07	15:04:37.852 INFO     688ms delay for topic >> open_manipulator/gripper_position/state/process_value_dot
2023-01-07	15:04:38.981 INFO     58ms delay for topic >> open_manipulator/joint2_position/command/data
2023-01-07	15:04:40.209 INFO     483ms delay for topic >> open_manipulator/joint1_position/command/data
2023-01-07	15:04:40.597 INFO     3ms delay for topic >> open_manipulator/gripper/kinematics_pose/pose/position/z
2023-01-07	15:04:40.740 INFO     146ms delay for topic >> open_manipulator/joint4_position/command/data
2023-01-07	15:04:41.521 INFO     7ms delay for topic >> open_manipulator/gripper_sub_position/state/command
2023-01-07	15:04:42.982 INFO     561ms delay for topic >> open_manipulator/joint_states/effort
2023-01-07	15:04:43.484 INFO     396ms delay for topic >> open_manipulator/gripper_position/command/data
2023-01-07	15:04:44.539 INFO     992ms delay for topic >> open_manipulator/gripper_sub_position/command/data
2023-01-07	15:04:44.827 INFO     652ms delay for topic >> open_manipulator/states/open_manipulator_actuator_state
2023-01-07	15:04:46.155 INFO     33ms delay for topic >> open_manipulator/joint3_position/command/data
2023-01-07	15:04:48.044 INFO     283ms delay for topic >> open_manipulator/gripper_position/state/process_value_dot
2023-01-07	15:04:48.131 INFO     371ms delay for topic >> open_manipulator/gripper/kinematics_pose/pose/position/z
2023-01-07	15:04:48.841 INFO     337ms delay for topic >> open_manipulator/joint2_position/command/data
2023-01-07	15:04:49.307 INFO     804ms delay for topic >> open_manipulator/joint4_position/command/data
2023-01-07	15:04:49.721 INFO     1220ms delay for topic >> open_manipulator/joint1_position/command/data
2023-01-07	15:04:50.102 INFO     244ms delay for topic >> open_manipulator/gripper_position/command/data
2023-01-07	15:04:50.882 INFO     555ms delay for topic >> open_manipulator/gripper_sub_position/state/command
2023-01-07	15:04:50.985 INFO     658ms delay for topic >> open_manipulator/gripper_sub_position/command/data
2023-01-07	15:04:50.991 INFO     104ms delay for topic >> open_manipulator/joint_states/effort
2023-01-07	15:04:52.213 INFO     490ms delay for topic >> open_manipulator/states/open_manipulator_actuator_state
2023-01-07	15:04:53.355 INFO     565ms delay for topic >> open_manipulator/joint3_position/command/data
2023-01-07	15:04:54.267 INFO     13ms delay for topic >> open_manipulator/gripper/kinematics_pose/pose/position/z
2023-01-07	15:04:54.928 INFO     5ms delay for topic >> open_manipulator/gripper_position/state/process_value_dot
2023-01-07	15:04:55.568 INFO     642ms delay for topic >> open_manipulator/gripper_position/command/data
2023-01-07	15:04:55.606 INFO     680ms delay for topic >> open_manipulator/joint2_position/command/data
2023-01-07	15:04:56.426 INFO     1502ms delay for topic >> open_manipulator/joint4_position/command/data
2023-01-07	15:04:56.980 INFO     12ms delay for topic >> open_manipulator/gripper_sub_position/command/data
2023-01-07	15:04:57.373 INFO     207ms delay for topic >> open_manipulator/joint1_position/command/data
2023-01-07	15:04:57.456 INFO     78ms delay for topic >> open_manipulator/joint_states/effort
2023-01-07	15:04:57.875 INFO     1ms delay for topic >> open_manipulator/gripper_sub_position/state/command
2023-01-07	15:04:59.044 INFO     789ms delay for topic >> open_manipulator/states/open_manipulator_actuator_state
2023-01-07	15:04:59.655 INFO     439ms delay for topic >> open_manipulator/gripper/kinematics_pose/pose/position/z
2023-01-07	15:04:59.805 INFO     584ms delay for topic >> open_manipulator/gripper_position/command/data
2023-01-07	15:04:59.959 INFO     737ms delay for topic >> open_manipulator/joint3_position/command/data