2023-01-07	13:15:47.651 INFO     publishing topic >>	open_manipulator/gripper_sub_position/command/data
2023-01-07	13:15:49.748 INFO     publishing topic >>	open_manipulator/gripper/kinematics_pose/pose/position/z
2023-01-07	13:15:50.468 INFO     publishing topic >>	open_manipulator/states/open_manipulator_moving_state
2023-01-07	13:15:50.469 INFO     publishing topic >>	open_manipulator/joint_states/effort
2023-01-07	13:15:51.901 INFO     publishing topic >>	open_manipulator/gripper_sub_position/command
2023-01-07	13:15:54.068 INFO     publishing topic >>	open_manipulator/gripper_sub_position/command/data
2023-01-07	13:15:55.749 INFO     publishing topic >>	open_manipulator/states/open_manipulator_moving_state
2023-01-07	13:15:55.769 INFO     publishing topic >>	open_manipulator/gripper/kinematics_pose/pose/position/z
2023-01-07	13:15:56.707 INFO     publishing topic >>	open_manipulator/gripper_sub_position/command
2023-01-07	13:15:58.161 INFO     publishing topic >>	open_manipulator/joint_states/effort
2023-01-07	13:15:59.283 INFO     publishing topic >>	open_manipulator/gripper_sub_position/command/data
2023-01-07	13:16:01.215 INFO     publishing topic >>	open_manipulator/states/open_manipulator_moving_state
2023-01-07	13:16:02.219 INFO     publishing topic >>	open_manipulator/gripper/kinematics_pose/pose/position/z
2023-01-07	13:16:03.459 INFO     publishing topic >>	open_manipulator/gripper_sub_position/command
2023-01-07	13:16:06.764 INFO     publishing topic >>	open_manipulator/gripper_sub_position/command/data
2023-01-07	13:16:07.445 INFO     publishing topic >>	open_manipulator/joint_states/effort
2023-01-07	13:16:07.446 INFO     publishing topic >>	open_manipulator/states/open_manipulator_moving_state
2023-01-07	13:16:09.677 INFO     publishing topic >>	open_manipulator/gripper/kinematics_pose/pose/position/z
2023-01-07	13:16:10.701 INFO     publishing topic >>	open_manipulator/gripper_sub_position/command
2023-01-07	13:16:11.489 INFO     publishing topic >>	open_manipulator/gripper_sub_position/command/data
2023-01-07	13:16:12.118 INFO     publishing topic >>	open_manipulator/joint_states/effort
2023-01-07	13:16:12.675 INFO     publishing topic >>	open_manipulator/states/open_manipulator_moving_state
2023-01-07	13:16:13.744 INFO     publishing topic >>	open_manipulator/gripper/kinematics_pose/pose/position/z
2023-01-07	13:16:13.744 INFO     publishing topic >>	open_manipulator/gripper_sub_position/command
2023-01-07	13:16:15.343 INFO     publishing topic >>	open_manipulator/gripper_sub_position/command/data
2023-01-07	13:16:18.688 INFO     publishing topic >>	open_manipulator/joint_states/effort
2023-01-07	13:16:20.185 INFO     publishing topic >>	open_manipulator/states/open_manipulator_moving_state
2023-01-07	13:16:21.539 INFO     publishing topic >>	open_manipulator/gripper_sub_position/command
2023-01-07	13:16:21.678 INFO     publishing topic >>	open_manipulator/gripper/kinematics_pose/pose/position/z
2023-01-07	13:16:22.474 INFO     publishing topic >>	open_manipulator/gripper_sub_position/command/data
2023-01-07	13:16:23.125 INFO     publishing topic >>	open_manipulator/states/open_manipulator_moving_state
2023-01-07	13:16:24.137 INFO     publishing topic >>	open_manipulator/joint_states/effort
2023-01-07	13:16:24.425 INFO     publishing topic >>	open_manipulator/gripper_sub_position/command
2023-01-07	13:16:26.031 INFO     publishing topic >>	open_manipulator/gripper/kinematics_pose/pose/position/z
2023-01-07	13:16:26.031 INFO     publishing topic >>	open_manipulator/gripper_sub_position/command/data
2023-01-07	13:16:26.032 INFO     publishing topic >>	open_manipulator/states/open_manipulator_moving_state
2023-01-07	13:16:32.231 INFO     publishing topic >>	open_manipulator/joint_states/effort
2023-01-07	13:16:32.232 INFO     publishing topic >>	open_manipulator/gripper_sub_position/command
2023-01-07	13:16:35.754 INFO     publishing topic >>	open_manipulator/gripper_sub_position/command/data
2023-01-07	13:16:36.565 INFO     publishing topic >>	open_manipulator/gripper/kinematics_pose/pose/position/z
2023-01-07	13:16:36.935 INFO     publishing topic >>	open_manipulator/states/open_manipulator_moving_state
2023-01-07	13:16:37.628 INFO     publishing topic >>	open_manipulator/gripper_sub_position/command
2023-01-07	13:16:37.809 INFO     publishing topic >>	open_manipulator/gripper_sub_position/command/data
2023-01-07	13:16:38.206 INFO     publishing topic >>	open_manipulator/joint_states/effort
2023-01-07	13:16:39.935 INFO     publishing topic >>	open_manipulator/states/open_manipulator_moving_state
2023-01-07	13:16:39.935 INFO     publishing topic >>	open_manipulator/gripper/kinematics_pose/pose/position/z
2023-01-07	13:16:44.491 INFO     publishing topic >>	open_manipulator/gripper_sub_position/command
2023-01-07	13:16:45.330 INFO     publishing topic >>	open_manipulator/gripper_sub_position/command/data
2023-01-07	13:16:46.305 INFO     publishing topic >>	open_manipulator/states/open_manipulator_moving_state
2023-01-07	13:16:47.165 INFO     publishing topic >>	open_manipulator/joint_states/effort
2023-01-07	13:16:47.166 INFO     publishing topic >>	open_manipulator/gripper/kinematics_pose/pose/position/z
2023-01-07	13:16:51.032 INFO     publishing topic >>	open_manipulator/gripper_sub_position/command/data
2023-01-07	13:16:51.760 INFO     publishing topic >>	open_manipulator/gripper_sub_position/command
2023-01-07	13:16:52.465 INFO     publishing topic >>	open_manipulator/states/open_manipulator_moving_state
2023-01-07	13:16:53.716 INFO     publishing topic >>	open_manipulator/joint_states/effort
2023-01-07	13:16:54.326 INFO     publishing topic >>	open_manipulator/gripper_sub_position/command
2023-01-07	13:16:54.804 INFO     publishing topic >>	open_manipulator/gripper_sub_position/command/data
2023-01-07	13:16:54.804 INFO     publishing topic >>	open_manipulator/gripper/kinematics_pose/pose/position/z
2023-01-07	13:16:57.189 INFO     publishing topic >>	open_manipulator/states/open_manipulator_moving_state
2023-01-07	13:16:58.258 INFO     publishing topic >>	open_manipulator/joint_states/effort
2023-01-07	13:16:58.608 INFO     publishing topic >>	open_manipulator/gripper_sub_position/command
2023-01-07	13:16:59.936 INFO     publishing topic >>	open_manipulator/gripper_sub_position/command/data
2023-01-07	13:17:00.228 INFO     publishing topic >>	open_manipulator/states/open_manipulator_moving_state
2023-01-07	13:17:00.945 INFO     publishing topic >>	open_manipulator/gripper/kinematics_pose/pose/position/z
2023-01-07	13:17:01.430 INFO     publishing topic >>	open_manipulator/joint_states/effort
2023-01-07	13:17:02.049 INFO     publishing topic >>	open_manipulator/gripper_sub_position/command
2023-01-07	13:17:02.745 INFO     publishing topic >>	open_manipulator/gripper_sub_position/command/data
2023-01-07	13:17:04.557 INFO     publishing topic >>	open_manipulator/states/open_manipulator_moving_state
2023-01-07	13:17:05.494 INFO     publishing topic >>	open_manipulator/gripper/kinematics_pose/pose/position/z
2023-01-07	13:17:06.334 INFO     publishing topic >>	open_manipulator/gripper_sub_position/command
2023-01-07	13:17:06.345 INFO     publishing topic >>	open_manipulator/gripper_sub_position/command/data
2023-01-07	13:17:07.025 INFO     publishing topic >>	open_manipulator/gripper/kinematics_pose/pose/position/z
2023-01-07	13:17:07.026 INFO     publishing topic >>	open_manipulator/joint_states/effort
2023-01-07	13:17:07.326 INFO     publishing topic >>	open_manipulator/states/open_manipulator_moving_state
2023-01-07	13:17:09.487 INFO     publishing topic >>	open_manipulator/gripper_sub_position/command/data
2023-01-07	13:17:10.262 INFO     publishing topic >>	open_manipulator/gripper/kinematics_pose/pose/position/z
2023-01-07	13:17:11.936 INFO     publishing topic >>	open_manipulator/joint_states/effort
2023-01-07	13:17:11.937 INFO     publishing topic >>	open_manipulator/gripper_sub_position/command
2023-01-07	13:17:13.693 INFO     publishing topic >>	open_manipulator/states/open_manipulator_moving_state
2023-01-07	13:17:15.562 INFO     publishing topic >>	open_manipulator/gripper_sub_position/command/data
2023-01-07	13:17:17.784 INFO     publishing topic >>	open_manipulator/gripper/kinematics_pose/pose/position/z
2023-01-07	13:17:21.341 INFO     publishing topic >>	open_manipulator/gripper_sub_position/command
2023-01-07	13:17:23.030 INFO     publishing topic >>	open_manipulator/states/open_manipulator_moving_state
2023-01-07	13:17:23.781 INFO     publishing topic >>	open_manipulator/joint_states/effort
2023-01-07	13:17:25.246 INFO     publishing topic >>	open_manipulator/gripper_sub_position/command/data
2023-01-07	13:17:26.856 INFO     publishing topic >>	open_manipulator/gripper/kinematics_pose/pose/position/z
2023-01-07	13:17:28.104 INFO     publishing topic >>	open_manipulator/gripper_sub_position/command
2023-01-07	13:17:28.104 INFO     publishing topic >>	open_manipulator/states/open_manipulator_moving_state
2023-01-07	13:17:29.422 INFO     publishing topic >>	open_manipulator/joint_states/effort
2023-01-07	13:17:29.641 INFO     publishing topic >>	open_manipulator/gripper_sub_position/command/data
2023-01-07	13:17:31.806 INFO     publishing topic >>	open_manipulator/gripper_sub_position/command
2023-01-07	13:17:32.534 INFO     publishing topic >>	open_manipulator/gripper/kinematics_pose/pose/position/z
2023-01-07	13:17:32.672 INFO     publishing topic >>	open_manipulator/states/open_manipulator_moving_state
2023-01-07	13:17:32.876 INFO     publishing topic >>	open_manipulator/gripper_sub_position/command
2023-01-07	13:17:33.143 INFO     publishing topic >>	open_manipulator/gripper_sub_position/command/data
2023-01-07	13:17:33.691 INFO     publishing topic >>	open_manipulator/states/open_manipulator_moving_state
2023-01-07	13:17:34.344 INFO     publishing topic >>	open_manipulator/gripper/kinematics_pose/pose/position/z
2023-01-07	13:17:34.345 INFO     publishing topic >>	open_manipulator/joint_states/effort
2023-01-07	13:17:34.453 INFO     publishing topic >>	open_manipulator/gripper_sub_position/command
2023-01-07	13:17:35.933 INFO     publishing topic >>	open_manipulator/gripper_sub_position/command/data
2023-01-07	13:17:37.853 INFO     publishing topic >>	open_manipulator/states/open_manipulator_moving_state
2023-01-07	13:17:38.113 INFO     publishing topic >>	open_manipulator/gripper/kinematics_pose/pose/position/z
2023-01-07	13:17:39.304 INFO     publishing topic >>	open_manipulator/gripper_sub_position/command
2023-01-07	13:17:39.899 INFO     publishing topic >>	open_manipulator/gripper_sub_position/command/data
2023-01-07	13:17:39.955 INFO     publishing topic >>	open_manipulator/joint_states/effort
2023-01-07	13:17:40.339 INFO     publishing topic >>	open_manipulator/states/open_manipulator_moving_state
2023-01-07	13:17:41.458 INFO     publishing topic >>	open_manipulator/gripper/kinematics_pose/pose/position/z
2023-01-07	13:17:41.649 INFO     publishing topic >>	open_manipulator/gripper_sub_position/command
2023-01-07	13:17:41.873 INFO     publishing topic >>	open_manipulator/gripper_sub_position/command/data
2023-01-07	13:17:43.969 INFO     publishing topic >>	open_manipulator/joint_states/effort
2023-01-07	13:17:44.838 INFO     publishing topic >>	open_manipulator/states/open_manipulator_moving_state
2023-01-07	13:17:46.426 INFO     publishing topic >>	open_manipulator/gripper/kinematics_pose/pose/position/z
2023-01-07	13:17:47.006 INFO     publishing topic >>	open_manipulator/gripper_sub_position/command
2023-01-07	13:17:49.526 INFO     publishing topic >>	open_manipulator/gripper_sub_position/command/data
2023-01-07	13:17:49.702 INFO     publishing topic >>	open_manipulator/states/open_manipulator_moving_state
2023-01-07	13:17:50.810 INFO     publishing topic >>	open_manipulator/joint_states/effort
2023-01-07	13:17:51.464 INFO     publishing topic >>	open_manipulator/gripper_sub_position/command
2023-01-07	13:17:51.492 INFO     publishing topic >>	open_manipulator/gripper/kinematics_pose/pose/position/z
2023-01-07	13:17:52.877 INFO     publishing topic >>	open_manipulator/gripper_sub_position/command/data
2023-01-07	13:17:54.344 INFO     publishing topic >>	open_manipulator/states/open_manipulator_moving_state
2023-01-07	13:17:56.473 INFO     publishing topic >>	open_manipulator/joint_states/effort
2023-01-07	13:17:56.481 INFO     publishing topic >>	open_manipulator/gripper_sub_position/command
2023-01-07	13:17:58.127 INFO     publishing topic >>	open_manipulator/gripper/kinematics_pose/pose/position/z
2023-01-07	13:17:58.133 INFO     publishing topic >>	open_manipulator/gripper_sub_position/command/data
2023-01-07	13:17:58.557 INFO     publishing topic >>	open_manipulator/states/open_manipulator_moving_state
2023-01-07	13:18:01.220 INFO     publishing topic >>	open_manipulator/gripper_sub_position/command
2023-01-07	13:18:02.015 INFO     publishing topic >>	open_manipulator/joint_states/effort
2023-01-07	13:18:02.971 INFO     publishing topic >>	open_manipulator/gripper/kinematics_pose/pose/position/z
2023-01-07	13:18:02.971 INFO     publishing topic >>	open_manipulator/gripper_sub_position/command/data
2023-01-07	13:18:03.096 INFO     publishing topic >>	open_manipulator/states/open_manipulator_moving_state
2023-01-07	13:18:03.599 INFO     publishing topic >>	open_manipulator/gripper_sub_position/command
2023-01-07	13:18:05.295 INFO     publishing topic >>	open_manipulator/gripper/kinematics_pose/pose/position/z
2023-01-07	13:18:05.296 INFO     publishing topic >>	open_manipulator/gripper_sub_position/command/data
2023-01-07	13:18:05.427 INFO     publishing topic >>	open_manipulator/joint_states/effort
2023-01-07	13:18:07.054 INFO     publishing topic >>	open_manipulator/states/open_manipulator_moving_state
2023-01-07	13:18:07.633 INFO     publishing topic >>	open_manipulator/gripper_sub_position/command
2023-01-07	13:18:09.071 INFO     publishing topic >>	open_manipulator/gripper_sub_position/command/data
2023-01-07	13:18:09.410 INFO     publishing topic >>	open_manipulator/gripper/kinematics_pose/pose/position/z
2023-01-07	13:18:09.592 INFO     publishing topic >>	open_manipulator/states/open_manipulator_moving_state
2023-01-07	13:18:09.972 INFO     publishing topic >>	open_manipulator/gripper_sub_position/command
2023-01-07	13:18:10.519 INFO     publishing topic >>	open_manipulator/gripper_sub_position/command/data
2023-01-07	13:18:10.921 INFO     publishing topic >>	open_manipulator/gripper/kinematics_pose/pose/position/z
2023-01-07	13:18:10.927 INFO     publishing topic >>	open_manipulator/states/open_manipulator_moving_state
2023-01-07	13:18:11.252 INFO     publishing topic >>	open_manipulator/joint_states/effort
2023-01-07	13:18:11.776 INFO     publishing topic >>	open_manipulator/gripper_sub_position/command
2023-01-07	13:18:14.917 INFO     publishing topic >>	open_manipulator/gripper_sub_position/command/data
2023-01-07	13:18:15.744 INFO     publishing topic >>	open_manipulator/gripper/kinematics_pose/pose/position/z
2023-01-07	13:18:17.568 INFO     publishing topic >>	open_manipulator/gripper_sub_position/command/data
2023-01-07	13:18:17.594 INFO     publishing topic >>	open_manipulator/states/open_manipulator_moving_state
2023-01-07	13:18:18.716 INFO     publishing topic >>	open_manipulator/gripper_sub_position/command
2023-01-07	13:18:19.375 INFO     publishing topic >>	open_manipulator/joint_states/effort
2023-01-07	13:18:20.248 INFO     publishing topic >>	open_manipulator/gripper_sub_position/command/data
2023-01-07	13:18:20.348 INFO     publishing topic >>	open_manipulator/states/open_manipulator_moving_state
2023-01-07	13:18:20.481 INFO     publishing topic >>	open_manipulator/gripper_sub_position/command
2023-01-07	13:18:20.761 INFO     publishing topic >>	open_manipulator/gripper/kinematics_pose/pose/position/z
2023-01-07	13:18:21.606 INFO     publishing topic >>	open_manipulator/states/open_manipulator_moving_state
2023-01-07	13:18:21.781 INFO     publishing topic >>	open_manipulator/gripper_sub_position/command/data
2023-01-07	13:18:21.863 INFO     publishing topic >>	open_manipulator/gripper_sub_position/command
2023-01-07	13:18:22.420 INFO     publishing topic >>	open_manipulator/joint_states/effort
2023-01-07	13:18:22.943 INFO     publishing topic >>	open_manipulator/gripper_sub_position/command/data
2023-01-07	13:18:22.944 INFO     publishing topic >>	open_manipulator/gripper_sub_position/command
2023-01-07	13:18:23.413 INFO     publishing topic >>	open_manipulator/states/open_manipulator_moving_state
2023-01-07	13:18:23.419 INFO     publishing topic >>	open_manipulator/gripper/kinematics_pose/pose/position/z
2023-01-07	13:18:25.320 INFO     publishing topic >>	open_manipulator/gripper_sub_position/command/data
2023-01-07	13:18:25.321 INFO     publishing topic >>	open_manipulator/joint_states/effort
2023-01-07	13:18:30.669 INFO     publishing topic >>	open_manipulator/gripper_sub_position/command
2023-01-07	13:18:30.675 INFO     publishing topic >>	open_manipulator/states/open_manipulator_moving_state
2023-01-07	13:18:33.577 INFO     publishing topic >>	open_manipulator/gripper/kinematics_pose/pose/position/z
2023-01-07	13:18:34.133 INFO     publishing topic >>	open_manipulator/gripper_sub_position/command/data
2023-01-07	13:18:36.178 INFO     publishing topic >>	open_manipulator/joint_states/effort
2023-01-07	13:18:36.189 INFO     publishing topic >>	open_manipulator/gripper_sub_position/command
2023-01-07	13:18:36.189 INFO     publishing topic >>	open_manipulator/gripper_sub_position/command/data
2023-01-07	13:18:36.526 INFO     publishing topic >>	open_manipulator/states/open_manipulator_moving_state
2023-01-07	13:18:36.599 INFO     publishing topic >>	open_manipulator/gripper/kinematics_pose/pose/position/z
2023-01-07	13:18:37.673 INFO     publishing topic >>	open_manipulator/gripper_sub_position/command
2023-01-07	13:18:38.894 INFO     publishing topic >>	open_manipulator/gripper_sub_position/command/data
2023-01-07	13:18:38.977 INFO     publishing topic >>	open_manipulator/joint_states/effort
2023-01-07	13:18:42.005 INFO     publishing topic >>	open_manipulator/states/open_manipulator_moving_state
2023-01-07	13:18:42.216 INFO     publishing topic >>	open_manipulator/gripper/kinematics_pose/pose/position/z
2023-01-07	13:18:43.125 INFO     publishing topic >>	open_manipulator/gripper_sub_position/command
2023-01-07	13:18:43.244 INFO     publishing topic >>	open_manipulator/gripper_sub_position/command/data
2023-01-07	13:18:44.855 INFO     publishing topic >>	open_manipulator/states/open_manipulator_moving_state
2023-01-07	13:18:44.876 INFO     publishing topic >>	open_manipulator/joint_states/effort
2023-01-07	13:18:46.644 INFO     publishing topic >>	open_manipulator/gripper/kinematics_pose/pose/position/z