2023-01-05	19:31:44.757 INFO     287425nanosecs 		for topic=tb3_0/cmd_vel/linear/x
2023-01-05	19:31:44.759 INFO     205884nanosecs 		for topic=tb3_0/magnetic_field/magnetic_field_covariance
2023-01-05	19:31:44.761 INFO     214034nanosecs 		for topic=tb3_0/rpms/data
2023-01-05	19:31:44.799 INFO     237006nanosecs 		for topic=tb3_0/joint_states/name
2023-01-05	19:31:44.800 INFO     255725nanosecs 		for topic=tb3_0/imu/angular_velocity_covariance
2023-01-05	19:31:44.801 INFO     182764nanosecs 		for topic=tb3_0/sensor_state/cliff
2023-01-05	19:31:44.801 INFO     257076nanosecs 		for topic=tb3_0/odom/header/stamp/secs
2023-01-05	19:31:44.801 INFO     195955nanosecs 		for topic=tb3_0/scan/ranges
2023-01-05	19:31:44.831 INFO     306577nanosecs 		for topic=tb3_0/odom/header/seq
2023-01-05	19:31:44.831 INFO     205134nanosecs 		for topic=tb3_0/odom/header/stamp/nsecs
2023-01-05	19:31:44.881 INFO     253035nanosecs 		for topic=tb3_0/odom/header/frame_id
2023-01-05	19:31:45.090 INFO     243545nanosecs 		for topic=tb3_0/battery_state/percentage
2023-01-05	19:31:45.151 INFO     158793nanosecs 		for topic=tb3_0/diagnostics/header/seq
2023-01-05	19:31:45.151 INFO     149483nanosecs 		for topic=tb3_0/diagnostics/header/stamp/secs
2023-01-05	19:31:45.152 INFO     142564nanosecs 		for topic=tb3_0/diagnostics/header/frame_id
2023-01-05	19:31:46.202 INFO     278817nanosecs 		for topic=tb3_0/version_info/software
2023-01-05	19:31:46.203 INFO     185584nanosecs 		for topic=tb3_0/diagnostics/header/stamp/nsecs
2023-01-05	19:31:46.330 INFO     192895nanosecs 		for topic=tb3_0/firmware_version/hardware
2023-01-05	19:31:48.114 INFO     140303nanosecs 		for topic=tb3_0/cmd_vel/linear/x
2023-01-05	19:31:48.477 INFO     165064nanosecs 		for topic=tb3_0/magnetic_field/magnetic_field_covariance
2023-01-05	19:31:48.588 INFO     190204nanosecs 		for topic=tb3_0/rpms/data
2023-01-05	19:31:49.257 INFO     242006nanosecs 		for topic=tb3_0/joint_states/name
2023-01-05	19:31:50.008 INFO     180143nanosecs 		for topic=tb3_0/sensor_state/cliff
2023-01-05	19:31:50.124 INFO     210805nanosecs 		for topic=tb3_0/imu/angular_velocity_covariance
2023-01-05	19:31:50.240 INFO     297847nanosecs 		for topic=tb3_0/odom/header/stamp/secs
2023-01-05	19:31:51.381 INFO     184054nanosecs 		for topic=tb3_0/scan/ranges
2023-01-05	19:31:51.878 INFO     312266nanosecs 		for topic=tb3_0/odom/header/seq
2023-01-05	19:31:52.608 INFO     227955nanosecs 		for topic=tb3_0/odom/header/stamp/nsecs
2023-01-05	19:31:54.207 INFO     210925nanosecs 		for topic=tb3_0/odom/header/frame_id
2023-01-05	19:31:54.389 INFO     238605nanosecs 		for topic=tb3_0/battery_state/percentage
2023-01-05	19:31:56.944 INFO     248485nanosecs 		for topic=tb3_0/diagnostics/header/seq
2023-01-05	19:31:56.985 INFO     156333nanosecs 		for topic=tb3_0/diagnostics/header/frame_id
2023-01-05	19:31:57.141 INFO     191954nanosecs 		for topic=tb3_0/diagnostics/header/stamp/secs
2023-01-05	19:31:57.554 INFO     137244nanosecs 		for topic=tb3_0/diagnostics/header/stamp/nsecs
2023-01-05	19:32:00.611 INFO     144023nanosecs 		for topic=tb3_0/version_info/software
2023-01-05	19:32:00.628 INFO     286106nanosecs 		for topic=tb3_0/firmware_version/hardware
2023-01-05	19:32:01.026 INFO     205665nanosecs 		for topic=tb3_0/cmd_vel/linear/x
2023-01-05	19:32:01.150 INFO     220075nanosecs 		for topic=tb3_0/magnetic_field/magnetic_field_covariance
2023-01-05	19:32:01.681 INFO     177523nanosecs 		for topic=tb3_0/rpms/data
2023-01-05	19:32:02.252 INFO     239055nanosecs 		for topic=tb3_0/joint_states/name
2023-01-05	19:32:04.678 INFO     197875nanosecs 		for topic=tb3_0/imu/angular_velocity_covariance
2023-01-05	19:32:04.834 INFO     225024nanosecs 		for topic=tb3_0/sensor_state/cliff
2023-01-05	19:32:05.265 INFO     301276nanosecs 		for topic=tb3_0/odom/header/stamp/secs
2023-01-05	19:32:05.957 INFO     213295nanosecs 		for topic=tb3_0/scan/ranges
2023-01-05	19:32:07.529 INFO     300246nanosecs 		for topic=tb3_0/odom/header/seq
2023-01-05	19:32:09.085 INFO     197984nanosecs 		for topic=tb3_0/odom/header/stamp/nsecs
2023-01-05	19:32:09.429 INFO     145553nanosecs 		for topic=tb3_0/odom/header/frame_id
2023-01-05	19:32:09.439 INFO     243275nanosecs 		for topic=tb3_0/battery_state/percentage
2023-01-05	19:32:11.788 INFO     159364nanosecs 		for topic=tb3_0/diagnostics/header/frame_id
2023-01-05	19:32:11.870 INFO     223374nanosecs 		for topic=tb3_0/diagnostics/header/seq
2023-01-05	19:32:11.974 INFO     111302nanosecs 		for topic=tb3_0/diagnostics/header/stamp/secs
2023-01-05	19:32:13.020 INFO     195355nanosecs 		for topic=tb3_0/diagnostics/header/stamp/nsecs
2023-01-05	19:32:13.096 INFO     150293nanosecs 		for topic=tb3_0/version_info/software
2023-01-05	19:32:13.268 INFO     255825nanosecs 		for topic=tb3_0/firmware_version/hardware
2023-01-05	19:32:13.632 INFO     140133nanosecs 		for topic=tb3_0/cmd_vel/linear/x
2023-01-05	19:32:14.102 INFO     248436nanosecs 		for topic=tb3_0/magnetic_field/magnetic_field_covariance
2023-01-05	19:32:14.345 INFO     270277nanosecs 		for topic=tb3_0/joint_states/name
2023-01-05	19:32:14.399 INFO     265816nanosecs 		for topic=tb3_0/rpms/data
2023-01-05	19:32:14.404 INFO     250845nanosecs 		for topic=tb3_0/imu/angular_velocity_covariance
2023-01-05	19:32:14.717 INFO     245596nanosecs 		for topic=tb3_0/sensor_state/cliff
2023-01-05	19:32:14.843 INFO     214834nanosecs 		for topic=tb3_0/odom/header/stamp/secs
2023-01-05	19:32:15.015 INFO     202695nanosecs 		for topic=tb3_0/scan/ranges
2023-01-05	19:32:16.032 INFO     160663nanosecs 		for topic=tb3_0/odom/header/seq
2023-01-05	19:32:16.839 INFO     200144nanosecs 		for topic=tb3_0/odom/header/stamp/nsecs
2023-01-05	19:32:16.850 INFO     191874nanosecs 		for topic=tb3_0/odom/header/frame_id
2023-01-05	19:32:19.401 INFO     179913nanosecs 		for topic=tb3_0/battery_state/percentage
2023-01-05	19:32:20.518 INFO     137343nanosecs 		for topic=tb3_0/diagnostics/header/frame_id
2023-01-05	19:32:21.932 INFO     235205nanosecs 		for topic=tb3_0/diagnostics/header/seq
2023-01-05	19:32:23.094 INFO     212395nanosecs 		for topic=tb3_0/diagnostics/header/stamp/secs
2023-01-05	19:32:23.281 INFO     172894nanosecs 		for topic=tb3_0/diagnostics/header/stamp/nsecs
2023-01-05	19:32:25.172 INFO     226965nanosecs 		for topic=tb3_0/version_info/software
2023-01-05	19:32:26.931 INFO     270886nanosecs 		for topic=tb3_0/firmware_version/hardware
2023-01-05	19:32:27.118 INFO     214344nanosecs 		for topic=tb3_0/cmd_vel/linear/x
2023-01-05	19:32:27.846 INFO     197614nanosecs 		for topic=tb3_0/magnetic_field/magnetic_field_covariance
2023-01-05	19:32:28.367 INFO     232765nanosecs 		for topic=tb3_0/joint_states/name
2023-01-05	19:32:28.995 INFO     217785nanosecs 		for topic=tb3_0/rpms/data
2023-01-05	19:32:29.990 INFO     267506nanosecs 		for topic=tb3_0/imu/angular_velocity_covariance
2023-01-05	19:32:31.410 INFO     210434nanosecs 		for topic=tb3_0/sensor_state/cliff
2023-01-05	19:32:31.471 INFO     213734nanosecs 		for topic=tb3_0/scan/ranges
2023-01-05	19:32:31.516 INFO     242996nanosecs 		for topic=tb3_0/odom/header/seq
2023-01-05	19:32:31.860 INFO     174274nanosecs 		for topic=tb3_0/odom/header/stamp/secs
2023-01-05	19:32:35.283 INFO     217954nanosecs 		for topic=tb3_0/odom/header/frame_id
2023-01-05	19:32:35.641 INFO     137162nanosecs 		for topic=tb3_0/odom/header/stamp/nsecs
2023-01-05	19:32:36.134 INFO     254406nanosecs 		for topic=tb3_0/battery_state/percentage
2023-01-05	19:32:36.324 INFO     158923nanosecs 		for topic=tb3_0/diagnostics/header/frame_id
2023-01-05	19:32:37.366 INFO     288115nanosecs 		for topic=tb3_0/diagnostics/header/seq
2023-01-05	19:32:40.478 INFO     339317nanosecs 		for topic=tb3_0/diagnostics/header/stamp/secs
2023-01-05	19:32:41.676 INFO     162243nanosecs 		for topic=tb3_0/diagnostics/header/stamp/nsecs
2023-01-05	19:32:41.868 INFO     231954nanosecs 		for topic=tb3_0/version_info/software
2023-01-05	19:32:43.618 INFO     300776nanosecs 		for topic=tb3_0/firmware_version/hardware
2023-01-05	19:32:44.259 INFO     229646nanosecs 		for topic=tb3_0/cmd_vel/linear/x
2023-01-05	19:32:45.026 INFO     255186nanosecs 		for topic=tb3_0/magnetic_field/magnetic_field_covariance
2023-01-05	19:32:46.396 INFO     237765nanosecs 		for topic=tb3_0/joint_states/name
2023-01-05	19:32:46.712 INFO     265016nanosecs 		for topic=tb3_0/rpms/data
2023-01-05	19:32:47.050 INFO     229945nanosecs 		for topic=tb3_0/imu/angular_velocity_covariance
2023-01-05	19:32:47.125 INFO     196195nanosecs 		for topic=tb3_0/sensor_state/cliff
2023-01-05	19:32:47.550 INFO     205864nanosecs 		for topic=tb3_0/scan/ranges
2023-01-05	19:32:47.882 INFO     254195nanosecs 		for topic=tb3_0/odom/header/seq
2023-01-05	19:32:48.384 INFO     272106nanosecs 		for topic=tb3_0/odom/header/frame_id
2023-01-05	19:32:48.620 INFO     221985nanosecs 		for topic=tb3_0/odom/header/stamp/secs
2023-01-05	19:32:48.732 INFO     200254nanosecs 		for topic=tb3_0/battery_state/percentage
2023-01-05	19:32:51.551 INFO     246536nanosecs 		for topic=tb3_0/odom/header/stamp/nsecs
2023-01-05	19:32:51.590 INFO     253795nanosecs 		for topic=tb3_0/diagnostics/header/frame_id
2023-01-05	19:32:52.333 INFO     196534nanosecs 		for topic=tb3_0/diagnostics/header/seq
2023-01-05	19:32:52.338 INFO     238865nanosecs 		for topic=tb3_0/diagnostics/header/stamp/secs
2023-01-05	19:32:52.535 INFO     152934nanosecs 		for topic=tb3_0/diagnostics/header/stamp/nsecs
2023-01-05	19:32:52.873 INFO     206425nanosecs 		for topic=tb3_0/version_info/software
2023-01-05	19:32:55.103 INFO     239245nanosecs 		for topic=tb3_0/firmware_version/hardware
2023-01-05	19:32:56.580 INFO     252835nanosecs 		for topic=tb3_0/cmd_vel/linear/x
2023-01-05	19:32:57.267 INFO     265865nanosecs 		for topic=tb3_0/magnetic_field/magnetic_field_covariance
2023-01-05	19:32:58.324 INFO     270445nanosecs 		for topic=tb3_0/joint_states/name
2023-01-05	19:33:00.173 INFO     273156nanosecs 		for topic=tb3_0/rpms/data
2023-01-05	19:33:00.305 INFO     156973nanosecs 		for topic=tb3_0/imu/angular_velocity_covariance
2023-01-05	19:33:00.521 INFO     191313nanosecs 		for topic=tb3_0/sensor_state/cliff
2023-01-05	19:33:01.547 INFO     167444nanosecs 		for topic=tb3_0/scan/ranges
2023-01-05	19:33:03.549 INFO     300776nanosecs 		for topic=tb3_0/odom/header/seq
2023-01-05	19:33:04.202 INFO     269245nanosecs 		for topic=tb3_0/odom/header/stamp/secs
2023-01-05	19:33:04.570 INFO     249954nanosecs 		for topic=tb3_0/battery_state/percentage
2023-01-05	19:33:04.909 INFO     185965nanosecs 		for topic=tb3_0/diagnostics/header/frame_id
2023-01-05	19:33:05.793 INFO     237255nanosecs 		for topic=tb3_0/diagnostics/header/seq
2023-01-05	19:33:06.111 INFO     209924nanosecs 		for topic=tb3_0/odom/header/frame_id
2023-01-05	19:33:06.703 INFO     123003nanosecs 		for topic=tb3_0/diagnostics/header/stamp/secs
2023-01-05	19:33:06.971 INFO     238815nanosecs 		for topic=tb3_0/odom/header/stamp/nsecs
2023-01-05	19:33:07.209 INFO     109393nanosecs 		for topic=tb3_0/diagnostics/header/stamp/nsecs
2023-01-05	19:33:10.277 INFO     135913nanosecs 		for topic=tb3_0/version_info/software
2023-01-05	19:33:10.989 INFO     254765nanosecs 		for topic=tb3_0/firmware_version/hardware
2023-01-05	19:33:11.423 INFO     264235nanosecs 		for topic=tb3_0/magnetic_field/magnetic_field_covariance
2023-01-05	19:33:11.953 INFO     211965nanosecs 		for topic=tb3_0/joint_states/name
2023-01-05	19:33:11.959 INFO     267495nanosecs 		for topic=tb3_0/cmd_vel/linear/x
2023-01-05	19:33:12.407 INFO     225565nanosecs 		for topic=tb3_0/rpms/data
2023-01-05	19:33:12.765 INFO     313157nanosecs 		for topic=tb3_0/imu/angular_velocity_covariance
2023-01-05	19:33:13.413 INFO     298237nanosecs 		for topic=tb3_0/sensor_state/cliff
2023-01-05	19:33:14.441 INFO     116013nanosecs 		for topic=tb3_0/scan/ranges
2023-01-05	19:33:14.447 INFO     285506nanosecs 		for topic=tb3_0/odom/header/seq
2023-01-05	19:33:15.769 INFO     268235nanosecs 		for topic=tb3_0/odom/header/stamp/secs
2023-01-05	19:33:16.082 INFO     214604nanosecs 		for topic=tb3_0/battery_state/percentage
2023-01-05	19:33:16.775 INFO     209954nanosecs 		for topic=tb3_0/diagnostics/header/frame_id
2023-01-05	19:33:18.042 INFO     161513nanosecs 		for topic=tb3_0/diagnostics/header/seq
2023-01-05	19:33:19.091 INFO     240646nanosecs 		for topic=tb3_0/odom/header/frame_id
2023-01-05	19:33:19.733 INFO     180134nanosecs 		for topic=tb3_0/odom/header/stamp/nsecs
2023-01-05	19:33:19.788 INFO     155033nanosecs 		for topic=tb3_0/diagnostics/header/stamp/secs
2023-01-05	19:33:20.421 INFO     135913nanosecs 		for topic=tb3_0/diagnostics/header/stamp/nsecs
2023-01-05	19:33:22.490 INFO     251017nanosecs 		for topic=tb3_0/firmware_version/hardware
2023-01-05	19:33:22.576 INFO     269945nanosecs 		for topic=tb3_0/version_info/software
2023-01-05	19:33:22.712 INFO     192214nanosecs 		for topic=tb3_0/magnetic_field/magnetic_field_covariance
2023-01-05	19:33:23.263 INFO     206844nanosecs 		for topic=tb3_0/joint_states/name
2023-01-05	19:33:25.280 INFO     268586nanosecs 		for topic=tb3_0/cmd_vel/linear/x
2023-01-05	19:33:25.436 INFO     160084nanosecs 		for topic=tb3_0/rpms/data
2023-01-05	19:33:26.665 INFO     287157nanosecs 		for topic=tb3_0/imu/angular_velocity_covariance
2023-01-05	19:33:27.716 INFO     218054nanosecs 		for topic=tb3_0/sensor_state/cliff
2023-01-05	19:33:28.713 INFO     289686nanosecs 		for topic=tb3_0/scan/ranges
2023-01-05	19:33:29.588 INFO     196715nanosecs 		for topic=tb3_0/odom/header/seq
2023-01-05	19:33:30.544 INFO     303407nanosecs 		for topic=tb3_0/battery_state/percentage
2023-01-05	19:33:32.009 INFO     155014nanosecs 		for topic=tb3_0/diagnostics/header/frame_id
2023-01-05	19:33:32.106 INFO     267486nanosecs 		for topic=tb3_0/diagnostics/header/seq
2023-01-05	19:33:32.176 INFO     244805nanosecs 		for topic=tb3_0/odom/header/frame_id
2023-01-05	19:33:32.182 INFO     313566nanosecs 		for topic=tb3_0/odom/header/stamp/secs
2023-01-05	19:33:33.217 INFO     287436nanosecs 		for topic=tb3_0/odom/header/stamp/nsecs
2023-01-05	19:33:33.258 INFO     155363nanosecs 		for topic=tb3_0/diagnostics/header/stamp/secs
2023-01-05	19:33:34.885 INFO     281026nanosecs 		for topic=tb3_0/firmware_version/hardware
2023-01-05	19:33:35.633 INFO     195195nanosecs 		for topic=tb3_0/diagnostics/header/stamp/nsecs
2023-01-05	19:33:37.430 INFO     236436nanosecs 		for topic=tb3_0/version_info/software
2023-01-05	19:33:38.534 INFO     305527nanosecs 		for topic=tb3_0/magnetic_field/magnetic_field_covariance
2023-01-05	19:33:38.984 INFO     264915nanosecs 		for topic=tb3_0/joint_states/name
2023-01-05	19:33:39.454 INFO     257245nanosecs 		for topic=tb3_0/cmd_vel/linear/x
2023-01-05	19:33:39.530 INFO     178624nanosecs 		for topic=tb3_0/rpms/data
2023-01-05	19:33:40.582 INFO     275855nanosecs 		for topic=tb3_0/sensor_state/cliff
2023-01-05	19:33:41.569 INFO     270166nanosecs 		for topic=tb3_0/scan/ranges
2023-01-05	19:33:42.280 INFO     205745nanosecs 		for topic=tb3_0/imu/angular_velocity_covariance
2023-01-05	19:33:42.387 INFO     215395nanosecs 		for topic=tb3_0/odom/header/seq
2023-01-05	19:33:42.690 INFO     215965nanosecs 		for topic=tb3_0/battery_state/percentage
2023-01-05	19:33:43.483 INFO     257517nanosecs 		for topic=tb3_0/diagnostics/header/seq
2023-01-05	19:33:43.735 INFO     180645nanosecs 		for topic=tb3_0/diagnostics/header/frame_id
2023-01-05	19:33:44.413 INFO     354988nanosecs 		for topic=tb3_0/odom/header/frame_id
2023-01-05	19:33:44.921 INFO     161263nanosecs 		for topic=tb3_0/odom/header/stamp/secs
2023-01-05	19:33:46.464 INFO     295146nanosecs 		for topic=tb3_0/odom/header/stamp/nsecs
2023-01-05	19:33:46.493 INFO     147874nanosecs 		for topic=tb3_0/diagnostics/header/stamp/secs
2023-01-05	19:33:46.888 INFO     165223nanosecs 		for topic=tb3_0/firmware_version/hardware
2023-01-05	19:33:47.793 INFO     247226nanosecs 		for topic=tb3_0/diagnostics/header/stamp/nsecs
2023-01-05	19:33:48.325 INFO     237655nanosecs 		for topic=tb3_0/version_info/software
2023-01-05	19:33:49.680 INFO     279875nanosecs 		for topic=tb3_0/magnetic_field/magnetic_field_covariance
2023-01-05	19:33:49.711 INFO     256285nanosecs 		for topic=tb3_0/joint_states/name
2023-01-05	19:33:50.084 INFO     134522nanosecs 		for topic=tb3_0/cmd_vel/linear/x
2023-01-05	19:33:50.804 INFO     154683nanosecs 		for topic=tb3_0/rpms/data
2023-01-05	19:33:51.326 INFO     273706nanosecs 		for topic=tb3_0/scan/ranges
2023-01-05	19:33:51.331 INFO     309307nanosecs 		for topic=tb3_0/sensor_state/cliff
2023-01-05	19:33:52.013 INFO     336757nanosecs 		for topic=tb3_0/imu/angular_velocity_covariance
2023-01-05	19:33:52.018 INFO     283646nanosecs 		for topic=tb3_0/odom/header/seq
2023-01-05	19:33:52.332 INFO     262706nanosecs 		for topic=tb3_0/battery_state/percentage
2023-01-05	19:33:52.579 INFO     196383nanosecs 		for topic=tb3_0/diagnostics/header/seq
2023-01-05	19:33:53.065 INFO     194824nanosecs 		for topic=tb3_0/diagnostics/header/frame_id
2023-01-05	19:33:54.541 INFO     457961nanosecs 		for topic=tb3_0/odom/header/frame_id
2023-01-05	19:33:55.627 INFO     201374nanosecs 		for topic=tb3_0/odom/header/stamp/secs
2023-01-05	19:33:56.133 INFO     316097nanosecs 		for topic=tb3_0/odom/header/stamp/nsecs
2023-01-05	19:33:56.410 INFO     117852nanosecs 		for topic=tb3_0/diagnostics/header/stamp/secs
2023-01-05	19:33:58.371 INFO     174763nanosecs 		for topic=tb3_0/firmware_version/hardware
2023-01-05	19:33:58.371 INFO     187954nanosecs 		for topic=tb3_0/diagnostics/header/stamp/nsecs
2023-01-05	19:33:58.377 INFO     262666nanosecs 		for topic=tb3_0/version_info/software
2023-01-05	19:33:59.564 INFO     248365nanosecs 		for topic=tb3_0/magnetic_field/magnetic_field_covariance
2023-01-05	19:34:01.065 INFO     268536nanosecs 		for topic=tb3_0/joint_states/name
2023-01-05	19:34:04.194 INFO     185144nanosecs 		for topic=tb3_0/rpms/data
2023-01-05	19:34:04.332 INFO     270626nanosecs 		for topic=tb3_0/cmd_vel/linear/x
2023-01-05	19:34:06.905 INFO     289366nanosecs 		for topic=tb3_0/scan/ranges
2023-01-05	19:34:08.018 INFO     170464nanosecs 		for topic=tb3_0/sensor_state/cliff
2023-01-05	19:34:08.083 INFO     239946nanosecs 		for topic=tb3_0/imu/angular_velocity_covariance
2023-01-05	19:34:08.569 INFO     281486nanosecs 		for topic=tb3_0/odom/header/seq
2023-01-05	19:34:09.060 INFO     259555nanosecs 		for topic=tb3_0/battery_state/percentage
2023-01-05	19:34:09.424 INFO     194395nanosecs 		for topic=tb3_0/diagnostics/header/seq
2023-01-05	19:34:09.842 INFO     253546nanosecs 		for topic=tb3_0/diagnostics/header/frame_id
2023-01-05	19:34:09.842 INFO     296566nanosecs 		for topic=tb3_0/odom/header/frame_id
2023-01-05	19:34:11.156 INFO     290997nanosecs 		for topic=tb3_0/odom/header/stamp/nsecs
2023-01-05	19:34:11.966 INFO     303147nanosecs 		for topic=tb3_0/odom/header/stamp/secs
2023-01-05	19:34:11.985 INFO     202534nanosecs 		for topic=tb3_0/diagnostics/header/stamp/secs
2023-01-05	19:34:12.667 INFO     190474nanosecs 		for topic=tb3_0/firmware_version/hardware
2023-01-05	19:34:13.582 INFO     153393nanosecs 		for topic=tb3_0/diagnostics/header/stamp/nsecs
2023-01-05	19:34:14.669 INFO     222554nanosecs 		for topic=tb3_0/magnetic_field/magnetic_field_covariance
2023-01-05	19:34:14.805 INFO     280067nanosecs 		for topic=tb3_0/version_info/software
2023-01-05	19:34:14.810 INFO     153463nanosecs 		for topic=tb3_0/joint_states/name
2023-01-05	19:34:16.216 INFO     176524nanosecs 		for topic=tb3_0/cmd_vel/linear/x
2023-01-05	19:34:18.232 INFO     201414nanosecs 		for topic=tb3_0/rpms/data
2023-01-05	19:34:19.361 INFO     261255nanosecs 		for topic=tb3_0/scan/ranges
2023-01-05	19:34:20.750 INFO     188025nanosecs 		for topic=tb3_0/sensor_state/cliff
2023-01-05	19:34:21.058 INFO     224604nanosecs 		for topic=tb3_0/imu/angular_velocity_covariance
2023-01-05	19:34:21.064 INFO     232516nanosecs 		for topic=tb3_0/odom/header/seq
2023-01-05	19:34:21.722 INFO     132993nanosecs 		for topic=tb3_0/diagnostics/header/seq
2023-01-05	19:34:21.777 INFO     265245nanosecs 		for topic=tb3_0/battery_state/percentage
2023-01-05	19:34:22.329 INFO     215935nanosecs 		for topic=tb3_0/diagnostics/header/frame_id
2023-01-05	19:34:22.945 INFO     247875nanosecs 		for topic=tb3_0/odom/header/frame_id
2023-01-05	19:34:23.498 INFO     274566nanosecs 		for topic=tb3_0/odom/header/stamp/nsecs
2023-01-05	19:34:24.625 INFO     219324nanosecs 		for topic=tb3_0/diagnostics/header/stamp/secs
2023-01-05	19:34:26.349 INFO     135623nanosecs 		for topic=tb3_0/firmware_version/hardware
2023-01-05	19:34:26.355 INFO     208585nanosecs 		for topic=tb3_0/odom/header/stamp/secs
2023-01-05	19:34:26.865 INFO     215784nanosecs 		for topic=tb3_0/diagnostics/header/stamp/nsecs
2023-01-05	19:34:26.953 INFO     238235nanosecs 		for topic=tb3_0/magnetic_field/magnetic_field_covariance
2023-01-05	19:34:27.357 INFO     113672nanosecs 		for topic=tb3_0/version_info/software
2023-01-05	19:34:28.541 INFO     311197nanosecs 		for topic=tb3_0/joint_states/name
2023-01-05	19:34:29.779 INFO     154073nanosecs 		for topic=tb3_0/cmd_vel/linear/x
2023-01-05	19:34:30.078 INFO     124933nanosecs 		for topic=tb3_0/rpms/data
2023-01-05	19:34:30.183 INFO     266365nanosecs 		for topic=tb3_0/scan/ranges
2023-01-05	19:34:30.805 INFO     238245nanosecs 		for topic=tb3_0/sensor_state/cliff
2023-01-05	19:34:32.544 INFO     254246nanosecs 		for topic=tb3_0/imu/angular_velocity_covariance
2023-01-05	19:34:32.575 INFO     198964nanosecs 		for topic=tb3_0/diagnostics/header/seq
2023-01-05	19:34:32.883 INFO     246415nanosecs 		for topic=tb3_0/battery_state/percentage
2023-01-05	19:34:33.518 INFO     247076nanosecs 		for topic=tb3_0/odom/header/seq
2023-01-05	19:34:33.771 INFO     267065nanosecs 		for topic=tb3_0/diagnostics/header/frame_id
2023-01-05	19:34:34.019 INFO     221684nanosecs 		for topic=tb3_0/odom/header/frame_id
2023-01-05	19:34:34.090 INFO     211665nanosecs 		for topic=tb3_0/odom/header/stamp/nsecs
2023-01-05	19:34:34.176 INFO     193134nanosecs 		for topic=tb3_0/diagnostics/header/stamp/secs
2023-01-05	19:34:35.697 INFO     143462nanosecs 		for topic=tb3_0/firmware_version/hardware
2023-01-05	19:34:36.138 INFO     264144nanosecs 		for topic=tb3_0/odom/header/stamp/secs
2023-01-05	19:34:37.148 INFO     205034nanosecs 		for topic=tb3_0/diagnostics/header/stamp/nsecs
2023-01-05	19:34:38.067 INFO     290676nanosecs 		for topic=tb3_0/magnetic_field/magnetic_field_covariance
2023-01-05	19:34:39.013 INFO     247595nanosecs 		for topic=tb3_0/version_info/software
2023-01-05	19:34:39.367 INFO     252186nanosecs 		for topic=tb3_0/joint_states/name
2023-01-05	19:34:42.828 INFO     138603nanosecs 		for topic=tb3_0/cmd_vel/linear/x
2023-01-05	19:34:43.705 INFO     151933nanosecs 		for topic=tb3_0/rpms/data
2023-01-05	19:34:43.705 INFO     302326nanosecs 		for topic=tb3_0/scan/ranges
2023-01-05	19:34:44.801 INFO     160994nanosecs 		for topic=tb3_0/sensor_state/cliff