2023-01-05	19:31:13.877 INFO     Watching for file changes with StatReloader
2023-01-05	19:31:14.000 INFO     Connection to ROS ready.
2023-01-05	19:31:14.000 INFO     Successfully connected to ROS bridge from listener
2023-01-05	19:31:14.000 INFO     Starting factory <roslibpy.comm.comm_autobahn.AutobahnRosBridgeClientFactory object at 0x7fa9a06a6610>
2023-01-05	19:31:18.008 INFO     Connection to ROS ready.
2023-01-05	19:31:18.008 INFO     Successfully connected to ROS bridge from Ros Connector
2023-01-05	19:31:18.008 INFO     Generating new MQTT Forwarder
2023-01-05	19:31:18.009 INFO     local mqtt is set up
2023-01-05	19:31:44.366 INFO     Created subscriber on cmd_vel
2023-01-05	19:31:44.367 INFO     Created subscriber on cmd_vel_rc100
2023-01-05	19:31:44.367 INFO     Created subscriber on joint_states
2023-01-05	19:31:44.373 INFO     Created subscriber on firmware_version
2023-01-05	19:31:44.373 INFO     Created subscriber on sound
2023-01-05	19:31:44.377 INFO     Created subscriber on diagnostics
2023-01-05	19:31:44.377 INFO     Created subscriber on odom
2023-01-05	19:31:44.377 INFO     Created subscriber on reset
2023-01-05	19:31:44.383 INFO     Created subscriber on magnetic_field
2023-01-05	19:31:44.383 INFO     Created subscriber on version_info
2023-01-05	19:31:44.387 INFO     Created subscriber on imu
2023-01-05	19:31:44.387 INFO     Created subscriber on battery_state
2023-01-05	19:31:44.387 INFO     Created subscriber on rpms
2023-01-05	19:31:44.393 INFO     Created subscriber on scan
2023-01-05	19:31:44.398 INFO     Created subscriber on sensor_state
2023-01-05	19:31:44.448 INFO     Created subscriber on motor_power
2023-01-05	19:31:44.757 INFO     287425nanosecs 		for topic=tb3_0/cmd_vel/linear/x
2023-01-05	19:31:44.759 INFO     205884nanosecs 		for topic=tb3_0/magnetic_field/magnetic_field_covariance
2023-01-05	19:31:44.761 INFO     214034nanosecs 		for topic=tb3_0/rpms/data
2023-01-05	19:31:44.799 INFO     237006nanosecs 		for topic=tb3_0/joint_states/name
2023-01-05	19:31:44.800 INFO     255725nanosecs 		for topic=tb3_0/imu/angular_velocity_covariance
2023-01-05	19:31:44.801 INFO     182764nanosecs 		for topic=tb3_0/sensor_state/cliff
2023-01-05	19:31:44.801 INFO     257076nanosecs 		for topic=tb3_0/odom/header/stamp/secs
2023-01-05	19:31:44.801 INFO     195955nanosecs 		for topic=tb3_0/scan/ranges
2023-01-05	19:31:44.831 INFO     306577nanosecs 		for topic=tb3_0/odom/header/seq
2023-01-05	19:31:44.831 INFO     205134nanosecs 		for topic=tb3_0/odom/header/stamp/nsecs
2023-01-05	19:31:44.881 INFO     253035nanosecs 		for topic=tb3_0/odom/header/frame_id
2023-01-05	19:31:45.090 INFO     243545nanosecs 		for topic=tb3_0/battery_state/percentage
2023-01-05	19:31:45.151 INFO     158793nanosecs 		for topic=tb3_0/diagnostics/header/seq
2023-01-05	19:31:45.151 INFO     149483nanosecs 		for topic=tb3_0/diagnostics/header/stamp/secs
2023-01-05	19:31:45.152 INFO     142564nanosecs 		for topic=tb3_0/diagnostics/header/frame_id
2023-01-05	19:31:46.202 INFO     278817nanosecs 		for topic=tb3_0/version_info/software
2023-01-05	19:31:46.203 INFO     185584nanosecs 		for topic=tb3_0/diagnostics/header/stamp/nsecs
2023-01-05	19:31:46.330 INFO     192895nanosecs 		for topic=tb3_0/firmware_version/hardware
2023-01-05	19:31:48.114 INFO     140303nanosecs 		for topic=tb3_0/cmd_vel/linear/x
2023-01-05	19:31:48.477 INFO     165064nanosecs 		for topic=tb3_0/magnetic_field/magnetic_field_covariance
2023-01-05	19:31:48.588 INFO     190204nanosecs 		for topic=tb3_0/rpms/data
2023-01-05	19:31:49.257 INFO     242006nanosecs 		for topic=tb3_0/joint_states/name
2023-01-05	19:31:50.008 INFO     180143nanosecs 		for topic=tb3_0/sensor_state/cliff
2023-01-05	19:31:50.124 INFO     210805nanosecs 		for topic=tb3_0/imu/angular_velocity_covariance
2023-01-05	19:31:50.240 INFO     297847nanosecs 		for topic=tb3_0/odom/header/stamp/secs
2023-01-05	19:31:51.381 INFO     184054nanosecs 		for topic=tb3_0/scan/ranges
2023-01-05	19:31:51.878 INFO     312266nanosecs 		for topic=tb3_0/odom/header/seq
2023-01-05	19:31:52.608 INFO     227955nanosecs 		for topic=tb3_0/odom/header/stamp/nsecs
2023-01-05	19:31:54.207 INFO     210925nanosecs 		for topic=tb3_0/odom/header/frame_id
2023-01-05	19:31:54.389 INFO     238605nanosecs 		for topic=tb3_0/battery_state/percentage
2023-01-05	19:31:56.944 INFO     248485nanosecs 		for topic=tb3_0/diagnostics/header/seq
2023-01-05	19:31:56.985 INFO     156333nanosecs 		for topic=tb3_0/diagnostics/header/frame_id
2023-01-05	19:31:57.141 INFO     191954nanosecs 		for topic=tb3_0/diagnostics/header/stamp/secs
2023-01-05	19:31:57.554 INFO     137244nanosecs 		for topic=tb3_0/diagnostics/header/stamp/nsecs
2023-01-05	19:32:00.611 INFO     144023nanosecs 		for topic=tb3_0/version_info/software
2023-01-05	19:32:00.628 INFO     286106nanosecs 		for topic=tb3_0/firmware_version/hardware
2023-01-05	19:32:01.026 INFO     205665nanosecs 		for topic=tb3_0/cmd_vel/linear/x
2023-01-05	19:32:01.150 INFO     220075nanosecs 		for topic=tb3_0/magnetic_field/magnetic_field_covariance
2023-01-05	19:32:01.681 INFO     177523nanosecs 		for topic=tb3_0/rpms/data
2023-01-05	19:32:02.252 INFO     239055nanosecs 		for topic=tb3_0/joint_states/name
2023-01-05	19:32:04.678 INFO     197875nanosecs 		for topic=tb3_0/imu/angular_velocity_covariance
2023-01-05	19:32:04.834 INFO     225024nanosecs 		for topic=tb3_0/sensor_state/cliff
2023-01-05	19:32:05.265 INFO     301276nanosecs 		for topic=tb3_0/odom/header/stamp/secs
2023-01-05	19:32:05.957 INFO     213295nanosecs 		for topic=tb3_0/scan/ranges
2023-01-05	19:32:07.529 INFO     300246nanosecs 		for topic=tb3_0/odom/header/seq
2023-01-05	19:32:09.085 INFO     197984nanosecs 		for topic=tb3_0/odom/header/stamp/nsecs
2023-01-05	19:32:09.429 INFO     145553nanosecs 		for topic=tb3_0/odom/header/frame_id
2023-01-05	19:32:09.439 INFO     243275nanosecs 		for topic=tb3_0/battery_state/percentage
2023-01-05	19:32:11.788 INFO     159364nanosecs 		for topic=tb3_0/diagnostics/header/frame_id
2023-01-05	19:32:11.870 INFO     223374nanosecs 		for topic=tb3_0/diagnostics/header/seq
2023-01-05	19:32:11.974 INFO     111302nanosecs 		for topic=tb3_0/diagnostics/header/stamp/secs
2023-01-05	19:32:13.020 INFO     195355nanosecs 		for topic=tb3_0/diagnostics/header/stamp/nsecs
2023-01-05	19:32:13.096 INFO     150293nanosecs 		for topic=tb3_0/version_info/software
2023-01-05	19:32:13.268 INFO     255825nanosecs 		for topic=tb3_0/firmware_version/hardware
2023-01-05	19:32:13.632 INFO     140133nanosecs 		for topic=tb3_0/cmd_vel/linear/x
2023-01-05	19:32:14.102 INFO     248436nanosecs 		for topic=tb3_0/magnetic_field/magnetic_field_covariance
2023-01-05	19:32:14.345 INFO     270277nanosecs 		for topic=tb3_0/joint_states/name
2023-01-05	19:32:14.399 INFO     265816nanosecs 		for topic=tb3_0/rpms/data
2023-01-05	19:32:14.404 INFO     250845nanosecs 		for topic=tb3_0/imu/angular_velocity_covariance
2023-01-05	19:32:14.717 INFO     245596nanosecs 		for topic=tb3_0/sensor_state/cliff
2023-01-05	19:32:14.843 INFO     214834nanosecs 		for topic=tb3_0/odom/header/stamp/secs
2023-01-05	19:32:15.015 INFO     202695nanosecs 		for topic=tb3_0/scan/ranges
2023-01-05	19:32:16.032 INFO     160663nanosecs 		for topic=tb3_0/odom/header/seq
2023-01-05	19:32:16.839 INFO     200144nanosecs 		for topic=tb3_0/odom/header/stamp/nsecs
2023-01-05	19:32:16.850 INFO     191874nanosecs 		for topic=tb3_0/odom/header/frame_id
2023-01-05	19:32:19.401 INFO     179913nanosecs 		for topic=tb3_0/battery_state/percentage
2023-01-05	19:32:20.518 INFO     137343nanosecs 		for topic=tb3_0/diagnostics/header/frame_id
2023-01-05	19:32:21.932 INFO     235205nanosecs 		for topic=tb3_0/diagnostics/header/seq
2023-01-05	19:32:23.094 INFO     212395nanosecs 		for topic=tb3_0/diagnostics/header/stamp/secs
2023-01-05	19:32:23.281 INFO     172894nanosecs 		for topic=tb3_0/diagnostics/header/stamp/nsecs
2023-01-05	19:32:25.172 INFO     226965nanosecs 		for topic=tb3_0/version_info/software
2023-01-05	19:32:26.931 INFO     270886nanosecs 		for topic=tb3_0/firmware_version/hardware
2023-01-05	19:32:27.118 INFO     214344nanosecs 		for topic=tb3_0/cmd_vel/linear/x
2023-01-05	19:32:27.846 INFO     197614nanosecs 		for topic=tb3_0/magnetic_field/magnetic_field_covariance
2023-01-05	19:32:28.367 INFO     232765nanosecs 		for topic=tb3_0/joint_states/name
2023-01-05	19:32:28.995 INFO     217785nanosecs 		for topic=tb3_0/rpms/data
2023-01-05	19:32:29.990 INFO     267506nanosecs 		for topic=tb3_0/imu/angular_velocity_covariance
2023-01-05	19:32:31.410 INFO     210434nanosecs 		for topic=tb3_0/sensor_state/cliff
2023-01-05	19:32:31.471 INFO     213734nanosecs 		for topic=tb3_0/scan/ranges
2023-01-05	19:32:31.516 INFO     242996nanosecs 		for topic=tb3_0/odom/header/seq
2023-01-05	19:32:31.860 INFO     174274nanosecs 		for topic=tb3_0/odom/header/stamp/secs
2023-01-05	19:32:35.283 INFO     217954nanosecs 		for topic=tb3_0/odom/header/frame_id
2023-01-05	19:32:35.641 INFO     137162nanosecs 		for topic=tb3_0/odom/header/stamp/nsecs
2023-01-05	19:32:36.134 INFO     254406nanosecs 		for topic=tb3_0/battery_state/percentage
2023-01-05	19:32:36.324 INFO     158923nanosecs 		for topic=tb3_0/diagnostics/header/frame_id
2023-01-05	19:32:37.366 INFO     288115nanosecs 		for topic=tb3_0/diagnostics/header/seq
2023-01-05	19:32:40.478 INFO     339317nanosecs 		for topic=tb3_0/diagnostics/header/stamp/secs
2023-01-05	19:32:41.676 INFO     162243nanosecs 		for topic=tb3_0/diagnostics/header/stamp/nsecs
2023-01-05	19:32:41.868 INFO     231954nanosecs 		for topic=tb3_0/version_info/software
2023-01-05	19:32:43.618 INFO     300776nanosecs 		for topic=tb3_0/firmware_version/hardware
2023-01-05	19:32:44.259 INFO     229646nanosecs 		for topic=tb3_0/cmd_vel/linear/x
2023-01-05	19:32:45.026 INFO     255186nanosecs 		for topic=tb3_0/magnetic_field/magnetic_field_covariance
2023-01-05	19:32:46.396 INFO     237765nanosecs 		for topic=tb3_0/joint_states/name
2023-01-05	19:32:46.712 INFO     265016nanosecs 		for topic=tb3_0/rpms/data
2023-01-05	19:32:47.050 INFO     229945nanosecs 		for topic=tb3_0/imu/angular_velocity_covariance
2023-01-05	19:32:47.125 INFO     196195nanosecs 		for topic=tb3_0/sensor_state/cliff
2023-01-05	19:32:47.550 INFO     205864nanosecs 		for topic=tb3_0/scan/ranges
2023-01-05	19:32:47.882 INFO     254195nanosecs 		for topic=tb3_0/odom/header/seq
2023-01-05	19:32:48.384 INFO     272106nanosecs 		for topic=tb3_0/odom/header/frame_id
2023-01-05	19:32:48.620 INFO     221985nanosecs 		for topic=tb3_0/odom/header/stamp/secs
2023-01-05	19:32:48.732 INFO     200254nanosecs 		for topic=tb3_0/battery_state/percentage
2023-01-05	19:32:51.551 INFO     246536nanosecs 		for topic=tb3_0/odom/header/stamp/nsecs
2023-01-05	19:32:51.590 INFO     253795nanosecs 		for topic=tb3_0/diagnostics/header/frame_id
2023-01-05	19:32:52.333 INFO     196534nanosecs 		for topic=tb3_0/diagnostics/header/seq
2023-01-05	19:32:52.338 INFO     238865nanosecs 		for topic=tb3_0/diagnostics/header/stamp/secs
2023-01-05	19:32:52.535 INFO     152934nanosecs 		for topic=tb3_0/diagnostics/header/stamp/nsecs
2023-01-05	19:32:52.873 INFO     206425nanosecs 		for topic=tb3_0/version_info/software
2023-01-05	19:32:55.103 INFO     239245nanosecs 		for topic=tb3_0/firmware_version/hardware
2023-01-05	19:32:56.580 INFO     252835nanosecs 		for topic=tb3_0/cmd_vel/linear/x
2023-01-05	19:32:57.267 INFO     265865nanosecs 		for topic=tb3_0/magnetic_field/magnetic_field_covariance
2023-01-05	19:32:58.324 INFO     270445nanosecs 		for topic=tb3_0/joint_states/name
2023-01-05	19:33:00.173 INFO     273156nanosecs 		for topic=tb3_0/rpms/data
2023-01-05	19:33:00.305 INFO     156973nanosecs 		for topic=tb3_0/imu/angular_velocity_covariance
2023-01-05	19:33:00.521 INFO     191313nanosecs 		for topic=tb3_0/sensor_state/cliff
2023-01-05	19:33:01.547 INFO     167444nanosecs 		for topic=tb3_0/scan/ranges
2023-01-05	19:33:03.549 INFO     300776nanosecs 		for topic=tb3_0/odom/header/seq
2023-01-05	19:33:04.202 INFO     269245nanosecs 		for topic=tb3_0/odom/header/stamp/secs
2023-01-05	19:33:04.570 INFO     249954nanosecs 		for topic=tb3_0/battery_state/percentage
2023-01-05	19:33:04.909 INFO     185965nanosecs 		for topic=tb3_0/diagnostics/header/frame_id
2023-01-05	19:33:05.793 INFO     237255nanosecs 		for topic=tb3_0/diagnostics/header/seq
2023-01-05	19:33:06.111 INFO     209924nanosecs 		for topic=tb3_0/odom/header/frame_id
2023-01-05	19:33:06.703 INFO     123003nanosecs 		for topic=tb3_0/diagnostics/header/stamp/secs
2023-01-05	19:33:06.971 INFO     238815nanosecs 		for topic=tb3_0/odom/header/stamp/nsecs
2023-01-05	19:33:07.209 INFO     109393nanosecs 		for topic=tb3_0/diagnostics/header/stamp/nsecs
2023-01-05	19:33:10.277 INFO     135913nanosecs 		for topic=tb3_0/version_info/software
2023-01-05	19:33:10.989 INFO     254765nanosecs 		for topic=tb3_0/firmware_version/hardware
2023-01-05	19:33:11.423 INFO     264235nanosecs 		for topic=tb3_0/magnetic_field/magnetic_field_covariance
2023-01-05	19:33:11.953 INFO     211965nanosecs 		for topic=tb3_0/joint_states/name
2023-01-05	19:33:11.959 INFO     267495nanosecs 		for topic=tb3_0/cmd_vel/linear/x
2023-01-05	19:33:12.407 INFO     225565nanosecs 		for topic=tb3_0/rpms/data
2023-01-05	19:33:12.765 INFO     313157nanosecs 		for topic=tb3_0/imu/angular_velocity_covariance
2023-01-05	19:33:13.413 INFO     298237nanosecs 		for topic=tb3_0/sensor_state/cliff
2023-01-05	19:33:14.441 INFO     116013nanosecs 		for topic=tb3_0/scan/ranges
2023-01-05	19:33:14.447 INFO     285506nanosecs 		for topic=tb3_0/odom/header/seq
2023-01-05	19:33:15.769 INFO     268235nanosecs 		for topic=tb3_0/odom/header/stamp/secs
2023-01-05	19:33:16.082 INFO     214604nanosecs 		for topic=tb3_0/battery_state/percentage
2023-01-05	19:33:16.775 INFO     209954nanosecs 		for topic=tb3_0/diagnostics/header/frame_id
2023-01-05	19:33:18.042 INFO     161513nanosecs 		for topic=tb3_0/diagnostics/header/seq
2023-01-05	19:33:19.091 INFO     240646nanosecs 		for topic=tb3_0/odom/header/frame_id
2023-01-05	19:33:19.733 INFO     180134nanosecs 		for topic=tb3_0/odom/header/stamp/nsecs
2023-01-05	19:33:19.788 INFO     155033nanosecs 		for topic=tb3_0/diagnostics/header/stamp/secs
2023-01-05	19:33:20.421 INFO     135913nanosecs 		for topic=tb3_0/diagnostics/header/stamp/nsecs
2023-01-05	19:33:22.490 INFO     251017nanosecs 		for topic=tb3_0/firmware_version/hardware
2023-01-05	19:33:22.576 INFO     269945nanosecs 		for topic=tb3_0/version_info/software
2023-01-05	19:33:22.712 INFO     192214nanosecs 		for topic=tb3_0/magnetic_field/magnetic_field_covariance
2023-01-05	19:33:23.263 INFO     206844nanosecs 		for topic=tb3_0/joint_states/name
2023-01-05	19:33:25.280 INFO     268586nanosecs 		for topic=tb3_0/cmd_vel/linear/x
2023-01-05	19:33:25.436 INFO     160084nanosecs 		for topic=tb3_0/rpms/data
2023-01-05	19:33:26.665 INFO     287157nanosecs 		for topic=tb3_0/imu/angular_velocity_covariance
2023-01-05	19:33:27.716 INFO     218054nanosecs 		for topic=tb3_0/sensor_state/cliff
2023-01-05	19:33:28.713 INFO     289686nanosecs 		for topic=tb3_0/scan/ranges
2023-01-05	19:33:29.588 INFO     196715nanosecs 		for topic=tb3_0/odom/header/seq
2023-01-05	19:33:30.544 INFO     303407nanosecs 		for topic=tb3_0/battery_state/percentage
2023-01-05	19:33:32.009 INFO     155014nanosecs 		for topic=tb3_0/diagnostics/header/frame_id
2023-01-05	19:33:32.106 INFO     267486nanosecs 		for topic=tb3_0/diagnostics/header/seq
2023-01-05	19:33:32.176 INFO     244805nanosecs 		for topic=tb3_0/odom/header/frame_id
2023-01-05	19:33:32.182 INFO     313566nanosecs 		for topic=tb3_0/odom/header/stamp/secs
2023-01-05	19:33:33.217 INFO     287436nanosecs 		for topic=tb3_0/odom/header/stamp/nsecs
2023-01-05	19:33:33.258 INFO     155363nanosecs 		for topic=tb3_0/diagnostics/header/stamp/secs
2023-01-05	19:33:34.885 INFO     281026nanosecs 		for topic=tb3_0/firmware_version/hardware
2023-01-05	19:33:35.633 INFO     195195nanosecs 		for topic=tb3_0/diagnostics/header/stamp/nsecs
2023-01-05	19:33:37.430 INFO     236436nanosecs 		for topic=tb3_0/version_info/software
2023-01-05	19:33:38.534 INFO     305527nanosecs 		for topic=tb3_0/magnetic_field/magnetic_field_covariance
2023-01-05	19:33:38.984 INFO     264915nanosecs 		for topic=tb3_0/joint_states/name
2023-01-05	19:33:39.454 INFO     257245nanosecs 		for topic=tb3_0/cmd_vel/linear/x
2023-01-05	19:33:39.530 INFO     178624nanosecs 		for topic=tb3_0/rpms/data
2023-01-05	19:33:40.582 INFO     275855nanosecs 		for topic=tb3_0/sensor_state/cliff
2023-01-05	19:33:41.569 INFO     270166nanosecs 		for topic=tb3_0/scan/ranges
2023-01-05	19:33:42.280 INFO     205745nanosecs 		for topic=tb3_0/imu/angular_velocity_covariance
2023-01-05	19:33:42.387 INFO     215395nanosecs 		for topic=tb3_0/odom/header/seq
2023-01-05	19:33:42.690 INFO     215965nanosecs 		for topic=tb3_0/battery_state/percentage
2023-01-05	19:33:43.483 INFO     257517nanosecs 		for topic=tb3_0/diagnostics/header/seq
2023-01-05	19:33:43.735 INFO     180645nanosecs 		for topic=tb3_0/diagnostics/header/frame_id
2023-01-05	19:33:44.413 INFO     354988nanosecs 		for topic=tb3_0/odom/header/frame_id
2023-01-05	19:33:44.921 INFO     161263nanosecs 		for topic=tb3_0/odom/header/stamp/secs
2023-01-05	19:33:46.464 INFO     295146nanosecs 		for topic=tb3_0/odom/header/stamp/nsecs
2023-01-05	19:33:46.493 INFO     147874nanosecs 		for topic=tb3_0/diagnostics/header/stamp/secs
2023-01-05	19:33:46.888 INFO     165223nanosecs 		for topic=tb3_0/firmware_version/hardware
2023-01-05	19:33:47.793 INFO     247226nanosecs 		for topic=tb3_0/diagnostics/header/stamp/nsecs
2023-01-05	19:33:48.325 INFO     237655nanosecs 		for topic=tb3_0/version_info/software
2023-01-05	19:33:49.680 INFO     279875nanosecs 		for topic=tb3_0/magnetic_field/magnetic_field_covariance
2023-01-05	19:33:49.711 INFO     256285nanosecs 		for topic=tb3_0/joint_states/name
2023-01-05	19:33:50.084 INFO     134522nanosecs 		for topic=tb3_0/cmd_vel/linear/x
2023-01-05	19:33:50.804 INFO     154683nanosecs 		for topic=tb3_0/rpms/data
2023-01-05	19:33:51.326 INFO     273706nanosecs 		for topic=tb3_0/scan/ranges
2023-01-05	19:33:51.331 INFO     309307nanosecs 		for topic=tb3_0/sensor_state/cliff
2023-01-05	19:33:52.013 INFO     336757nanosecs 		for topic=tb3_0/imu/angular_velocity_covariance
2023-01-05	19:33:52.018 INFO     283646nanosecs 		for topic=tb3_0/odom/header/seq
2023-01-05	19:33:52.332 INFO     262706nanosecs 		for topic=tb3_0/battery_state/percentage
2023-01-05	19:33:52.579 INFO     196383nanosecs 		for topic=tb3_0/diagnostics/header/seq
2023-01-05	19:33:53.065 INFO     194824nanosecs 		for topic=tb3_0/diagnostics/header/frame_id
2023-01-05	19:33:54.541 INFO     457961nanosecs 		for topic=tb3_0/odom/header/frame_id
2023-01-05	19:33:55.627 INFO     201374nanosecs 		for topic=tb3_0/odom/header/stamp/secs
2023-01-05	19:33:56.133 INFO     316097nanosecs 		for topic=tb3_0/odom/header/stamp/nsecs
2023-01-05	19:33:56.410 INFO     117852nanosecs 		for topic=tb3_0/diagnostics/header/stamp/secs
2023-01-05	19:33:58.371 INFO     174763nanosecs 		for topic=tb3_0/firmware_version/hardware
2023-01-05	19:33:58.371 INFO     187954nanosecs 		for topic=tb3_0/diagnostics/header/stamp/nsecs
2023-01-05	19:33:58.377 INFO     262666nanosecs 		for topic=tb3_0/version_info/software
2023-01-05	19:33:59.564 INFO     248365nanosecs 		for topic=tb3_0/magnetic_field/magnetic_field_covariance
2023-01-05	19:34:01.065 INFO     268536nanosecs 		for topic=tb3_0/joint_states/name
2023-01-05	19:34:04.194 INFO     185144nanosecs 		for topic=tb3_0/rpms/data
2023-01-05	19:34:04.332 INFO     270626nanosecs 		for topic=tb3_0/cmd_vel/linear/x
2023-01-05	19:34:06.905 INFO     289366nanosecs 		for topic=tb3_0/scan/ranges
2023-01-05	19:34:08.018 INFO     170464nanosecs 		for topic=tb3_0/sensor_state/cliff
2023-01-05	19:34:08.083 INFO     239946nanosecs 		for topic=tb3_0/imu/angular_velocity_covariance
2023-01-05	19:34:08.569 INFO     281486nanosecs 		for topic=tb3_0/odom/header/seq
2023-01-05	19:34:09.060 INFO     259555nanosecs 		for topic=tb3_0/battery_state/percentage
2023-01-05	19:34:09.424 INFO     194395nanosecs 		for topic=tb3_0/diagnostics/header/seq
2023-01-05	19:34:09.842 INFO     253546nanosecs 		for topic=tb3_0/diagnostics/header/frame_id
2023-01-05	19:34:09.842 INFO     296566nanosecs 		for topic=tb3_0/odom/header/frame_id
2023-01-05	19:34:11.156 INFO     290997nanosecs 		for topic=tb3_0/odom/header/stamp/nsecs
2023-01-05	19:34:11.966 INFO     303147nanosecs 		for topic=tb3_0/odom/header/stamp/secs
2023-01-05	19:34:11.985 INFO     202534nanosecs 		for topic=tb3_0/diagnostics/header/stamp/secs
2023-01-05	19:34:12.667 INFO     190474nanosecs 		for topic=tb3_0/firmware_version/hardware
2023-01-05	19:34:13.582 INFO     153393nanosecs 		for topic=tb3_0/diagnostics/header/stamp/nsecs
2023-01-05	19:34:14.669 INFO     222554nanosecs 		for topic=tb3_0/magnetic_field/magnetic_field_covariance
2023-01-05	19:34:14.805 INFO     280067nanosecs 		for topic=tb3_0/version_info/software
2023-01-05	19:34:14.810 INFO     153463nanosecs 		for topic=tb3_0/joint_states/name
2023-01-05	19:34:16.216 INFO     176524nanosecs 		for topic=tb3_0/cmd_vel/linear/x
2023-01-05	19:34:18.232 INFO     201414nanosecs 		for topic=tb3_0/rpms/data
2023-01-05	19:34:19.361 INFO     261255nanosecs 		for topic=tb3_0/scan/ranges
2023-01-05	19:34:20.750 INFO     188025nanosecs 		for topic=tb3_0/sensor_state/cliff
2023-01-05	19:34:21.058 INFO     224604nanosecs 		for topic=tb3_0/imu/angular_velocity_covariance
2023-01-05	19:34:21.064 INFO     232516nanosecs 		for topic=tb3_0/odom/header/seq
2023-01-05	19:34:21.722 INFO     132993nanosecs 		for topic=tb3_0/diagnostics/header/seq
2023-01-05	19:34:21.777 INFO     265245nanosecs 		for topic=tb3_0/battery_state/percentage
2023-01-05	19:34:22.329 INFO     215935nanosecs 		for topic=tb3_0/diagnostics/header/frame_id
2023-01-05	19:34:22.945 INFO     247875nanosecs 		for topic=tb3_0/odom/header/frame_id
2023-01-05	19:34:23.498 INFO     274566nanosecs 		for topic=tb3_0/odom/header/stamp/nsecs
2023-01-05	19:34:24.625 INFO     219324nanosecs 		for topic=tb3_0/diagnostics/header/stamp/secs
2023-01-05	19:34:26.349 INFO     135623nanosecs 		for topic=tb3_0/firmware_version/hardware
2023-01-05	19:34:26.355 INFO     208585nanosecs 		for topic=tb3_0/odom/header/stamp/secs
2023-01-05	19:34:26.865 INFO     215784nanosecs 		for topic=tb3_0/diagnostics/header/stamp/nsecs
2023-01-05	19:34:26.953 INFO     238235nanosecs 		for topic=tb3_0/magnetic_field/magnetic_field_covariance
2023-01-05	19:34:27.357 INFO     113672nanosecs 		for topic=tb3_0/version_info/software
2023-01-05	19:34:28.541 INFO     311197nanosecs 		for topic=tb3_0/joint_states/name
2023-01-05	19:34:29.779 INFO     154073nanosecs 		for topic=tb3_0/cmd_vel/linear/x
2023-01-05	19:34:30.078 INFO     124933nanosecs 		for topic=tb3_0/rpms/data
2023-01-05	19:34:30.183 INFO     266365nanosecs 		for topic=tb3_0/scan/ranges
2023-01-05	19:34:30.805 INFO     238245nanosecs 		for topic=tb3_0/sensor_state/cliff
2023-01-05	19:34:32.544 INFO     254246nanosecs 		for topic=tb3_0/imu/angular_velocity_covariance
2023-01-05	19:34:32.575 INFO     198964nanosecs 		for topic=tb3_0/diagnostics/header/seq
2023-01-05	19:34:32.883 INFO     246415nanosecs 		for topic=tb3_0/battery_state/percentage
2023-01-05	19:34:33.518 INFO     247076nanosecs 		for topic=tb3_0/odom/header/seq
2023-01-05	19:34:33.771 INFO     267065nanosecs 		for topic=tb3_0/diagnostics/header/frame_id
2023-01-05	19:34:34.019 INFO     221684nanosecs 		for topic=tb3_0/odom/header/frame_id
2023-01-05	19:34:34.090 INFO     211665nanosecs 		for topic=tb3_0/odom/header/stamp/nsecs
2023-01-05	19:34:34.176 INFO     193134nanosecs 		for topic=tb3_0/diagnostics/header/stamp/secs
2023-01-05	19:34:35.697 INFO     143462nanosecs 		for topic=tb3_0/firmware_version/hardware
2023-01-05	19:34:36.138 INFO     264144nanosecs 		for topic=tb3_0/odom/header/stamp/secs
2023-01-05	19:34:37.148 INFO     205034nanosecs 		for topic=tb3_0/diagnostics/header/stamp/nsecs
2023-01-05	19:34:38.067 INFO     290676nanosecs 		for topic=tb3_0/magnetic_field/magnetic_field_covariance
2023-01-05	19:34:39.013 INFO     247595nanosecs 		for topic=tb3_0/version_info/software
2023-01-05	19:34:39.367 INFO     252186nanosecs 		for topic=tb3_0/joint_states/name
2023-01-05	19:34:42.828 INFO     138603nanosecs 		for topic=tb3_0/cmd_vel/linear/x
2023-01-05	19:34:43.705 INFO     151933nanosecs 		for topic=tb3_0/rpms/data
2023-01-05	19:34:43.705 INFO     302326nanosecs 		for topic=tb3_0/scan/ranges
2023-01-05	19:34:44.801 INFO     160994nanosecs 		for topic=tb3_0/sensor_state/cliff
2023-01-05	19:34:45.185 INFO     202365nanosecs 		for topic=tb3_0/diagnostics/header/seq
2023-01-05	19:34:45.367 INFO     181204nanosecs 		for topic=tb3_0/imu/angular_velocity_covariance
2023-01-05	19:34:47.809 INFO     271375nanosecs 		for topic=tb3_0/odom/header/seq
2023-01-05	19:34:49.002 INFO     144043nanosecs 		for topic=tb3_0/diagnostics/header/frame_id
2023-01-05	19:34:49.089 INFO     310297nanosecs 		for topic=tb3_0/battery_state/percentage
2023-01-05	19:34:50.726 INFO     166473nanosecs 		for topic=tb3_0/odom/header/stamp/nsecs
2023-01-05	19:34:51.394 INFO     228865nanosecs 		for topic=tb3_0/odom/header/frame_id
2023-01-05	19:34:51.429 INFO     274935nanosecs 		for topic=tb3_0/firmware_version/hardware
2023-01-05	19:34:51.469 INFO     200434nanosecs 		for topic=tb3_0/diagnostics/header/stamp/secs
2023-01-05	19:34:51.551 INFO     255035nanosecs 		for topic=tb3_0/odom/header/stamp/secs
2023-01-05	19:34:52.156 INFO     203075nanosecs 		for topic=tb3_0/diagnostics/header/stamp/nsecs
2023-01-05	19:34:52.837 INFO     179333nanosecs 		for topic=tb3_0/version_info/software
2023-01-05	19:34:52.968 INFO     278347nanosecs 		for topic=tb3_0/joint_states/name
2023-01-05	19:34:53.006 INFO     270125nanosecs 		for topic=tb3_0/magnetic_field/magnetic_field_covariance
2023-01-05	19:34:53.826 INFO     203094nanosecs 		for topic=tb3_0/cmd_vel/linear/x
2023-01-05	19:34:53.915 INFO     178304nanosecs 		for topic=tb3_0/rpms/data
2023-01-05	19:34:54.800 INFO     239514nanosecs 		for topic=tb3_0/scan/ranges
2023-01-05	19:34:56.892 INFO     279946nanosecs 		for topic=tb3_0/diagnostics/header/seq
2023-01-05	19:34:57.337 INFO     122673nanosecs 		for topic=tb3_0/sensor_state/cliff
2023-01-05	19:34:59.064 INFO     228116nanosecs 		for topic=tb3_0/imu/angular_velocity_covariance
2023-01-05	19:34:59.070 INFO     290617nanosecs 		for topic=tb3_0/odom/header/seq
2023-01-05	19:34:59.503 INFO     155613nanosecs 		for topic=tb3_0/diagnostics/header/frame_id
2023-01-05	19:34:59.882 INFO     273635nanosecs 		for topic=tb3_0/battery_state/percentage
2023-01-05	19:35:00.504 INFO     211414nanosecs 		for topic=tb3_0/odom/header/stamp/nsecs
2023-01-05	19:35:00.944 INFO     263765nanosecs 		for topic=tb3_0/odom/header/frame_id
2023-01-05	19:35:01.420 INFO     193194nanosecs 		for topic=tb3_0/firmware_version/hardware
2023-01-05	19:35:02.906 INFO     189093nanosecs 		for topic=tb3_0/diagnostics/header/stamp/secs
2023-01-05	19:35:05.637 INFO     309596nanosecs 		for topic=tb3_0/odom/header/stamp/secs
2023-01-05	19:35:05.874 INFO     155033nanosecs 		for topic=tb3_0/diagnostics/header/stamp/nsecs
2023-01-05	19:35:06.128 INFO     177163nanosecs 		for topic=tb3_0/version_info/software
2023-01-05	19:35:06.589 INFO     276867nanosecs 		for topic=tb3_0/joint_states/name
2023-01-05	19:35:07.022 INFO     249206nanosecs 		for topic=tb3_0/magnetic_field/magnetic_field_covariance
2023-01-05	19:35:07.108 INFO     159343nanosecs 		for topic=tb3_0/cmd_vel/linear/x
2023-01-05	19:35:07.814 INFO     176874nanosecs 		for topic=tb3_0/rpms/data
2023-01-05	19:35:09.385 INFO     278907nanosecs 		for topic=tb3_0/scan/ranges
2023-01-05	19:35:11.286 INFO     265585nanosecs 		for topic=tb3_0/diagnostics/header/seq
2023-01-05	19:35:11.776 INFO     174603nanosecs 		for topic=tb3_0/sensor_state/cliff
2023-01-05	19:35:12.590 INFO     210455nanosecs 		for topic=tb3_0/imu/angular_velocity_covariance
2023-01-05	19:35:12.595 INFO     293387nanosecs 		for topic=tb3_0/odom/header/seq
2023-01-05	19:35:12.929 INFO     136153nanosecs 		for topic=tb3_0/diagnostics/header/frame_id
2023-01-05	19:35:13.232 INFO     195953nanosecs 		for topic=tb3_0/battery_state/percentage
2023-01-05	19:35:13.863 INFO     224884nanosecs 		for topic=tb3_0/odom/header/stamp/nsecs
2023-01-05	19:35:17.236 INFO     232985nanosecs 		for topic=tb3_0/firmware_version/hardware
2023-01-05	19:35:17.402 INFO     206305nanosecs 		for topic=tb3_0/odom/header/frame_id
2023-01-05	19:35:18.621 INFO     199583nanosecs 		for topic=tb3_0/diagnostics/header/stamp/secs
2023-01-05	19:35:18.890 INFO     270366nanosecs 		for topic=tb3_0/odom/header/stamp/secs
2023-01-05	19:35:19.269 INFO     187884nanosecs 		for topic=tb3_0/diagnostics/header/stamp/nsecs
2023-01-05	19:35:20.825 INFO     208584nanosecs 		for topic=tb3_0/version_info/software
2023-01-05	19:35:21.240 INFO     213524nanosecs 		for topic=tb3_0/joint_states/name
2023-01-05	19:35:22.952 INFO     284937nanosecs 		for topic=tb3_0/magnetic_field/magnetic_field_covariance
2023-01-05	19:35:23.199 INFO     298487nanosecs 		for topic=tb3_0/cmd_vel/linear/x
2023-01-05	19:35:23.280 INFO     195084nanosecs 		for topic=tb3_0/rpms/data
2023-01-05	19:35:23.948 INFO     264055nanosecs 		for topic=tb3_0/scan/ranges
2023-01-05	19:35:25.034 INFO     173665nanosecs 		for topic=tb3_0/diagnostics/header/seq
2023-01-05	19:35:25.408 INFO     342958nanosecs 		for topic=tb3_0/sensor_state/cliff
2023-01-05	19:35:25.580 INFO     156244nanosecs 		for topic=tb3_0/imu/angular_velocity_covariance
2023-01-05	19:35:27.364 INFO     286486nanosecs 		for topic=tb3_0/odom/header/seq
2023-01-05	19:35:28.571 INFO     152033nanosecs 		for topic=tb3_0/diagnostics/header/frame_id
2023-01-05	19:35:30.826 INFO     206085nanosecs 		for topic=tb3_0/battery_state/percentage
2023-01-05	19:35:31.614 INFO     300146nanosecs 		for topic=tb3_0/odom/header/stamp/nsecs
2023-01-05	19:35:31.882 INFO     201044nanosecs 		for topic=tb3_0/firmware_version/hardware
2023-01-05	19:35:34.530 INFO     288766nanosecs 		for topic=tb3_0/odom/header/frame_id
2023-01-05	19:35:35.688 INFO     185423nanosecs 		for topic=tb3_0/diagnostics/header/stamp/secs
2023-01-05	19:35:37.645 INFO     158523nanosecs 		for topic=tb3_0/diagnostics/header/stamp/nsecs
2023-01-05	19:35:37.645 INFO     266385nanosecs 		for topic=tb3_0/odom/header/stamp/secs
2023-01-05	19:35:38.899 INFO     182164nanosecs 		for topic=tb3_0/version_info/software
2023-01-05	19:35:38.950 INFO     281056nanosecs 		for topic=tb3_0/joint_states/name
2023-01-05	19:35:39.524 INFO     261165nanosecs 		for topic=tb3_0/magnetic_field/magnetic_field_covariance
2023-01-05	19:35:40.202 INFO     244476nanosecs 		for topic=tb3_0/cmd_vel/linear/x
2023-01-05	19:35:42.012 INFO     249157nanosecs 		for topic=tb3_0/rpms/data
2023-01-05	19:35:42.455 INFO     209905nanosecs 		for topic=tb3_0/scan/ranges
2023-01-05	19:35:44.205 INFO     258666nanosecs 		for topic=tb3_0/diagnostics/header/seq
2023-01-05	19:35:44.649 INFO     164894nanosecs 		for topic=tb3_0/sensor_state/cliff
2023-01-05	19:35:44.836 INFO     202245nanosecs 		for topic=tb3_0/imu/angular_velocity_covariance
2023-01-05	19:35:45.483 INFO     237875nanosecs 		for topic=tb3_0/odom/header/seq
2023-01-05	19:35:47.516 INFO     256316nanosecs 		for topic=tb3_0/battery_state/percentage
2023-01-05	19:35:47.889 INFO     165654nanosecs 		for topic=tb3_0/diagnostics/header/frame_id
2023-01-05	19:35:47.895 INFO     260316nanosecs 		for topic=tb3_0/odom/header/stamp/nsecs
2023-01-05	19:35:48.714 INFO     250375nanosecs 		for topic=tb3_0/firmware_version/hardware
2023-01-05	19:35:48.835 INFO     275836nanosecs 		for topic=tb3_0/odom/header/frame_id
2023-01-05	19:35:49.461 INFO     167223nanosecs 		for topic=tb3_0/diagnostics/header/stamp/secs
2023-01-05	19:35:49.921 INFO     150183nanosecs 		for topic=tb3_0/diagnostics/header/stamp/nsecs
2023-01-05	19:35:50.353 INFO     266955nanosecs 		for topic=tb3_0/odom/header/stamp/secs
2023-01-05	19:35:50.459 INFO     173094nanosecs 		for topic=tb3_0/version_info/software
2023-01-05	19:35:50.611 INFO     229464nanosecs 		for topic=tb3_0/joint_states/name
2023-01-05	19:35:52.049 INFO     200224nanosecs 		for topic=tb3_0/magnetic_field/magnetic_field_covariance
2023-01-05	19:35:52.282 INFO     201455nanosecs 		for topic=tb3_0/cmd_vel/linear/x
2023-01-05	19:35:52.338 INFO     165314nanosecs 		for topic=tb3_0/rpms/data
2023-01-05	19:35:52.616 INFO     177974nanosecs 		for topic=tb3_0/scan/ranges
2023-01-05	19:35:52.981 INFO     228305nanosecs 		for topic=tb3_0/diagnostics/header/seq
2023-01-05	19:35:55.383 INFO     190694nanosecs 		for topic=tb3_0/sensor_state/cliff
2023-01-05	19:35:56.662 INFO     215005nanosecs 		for topic=tb3_0/imu/angular_velocity_covariance
2023-01-05	19:35:56.740 INFO     221155nanosecs 		for topic=tb3_0/battery_state/percentage
2023-01-05	19:35:57.492 INFO     158444nanosecs 		for topic=tb3_0/odom/header/seq
2023-01-05	19:35:58.115 INFO     174614nanosecs 		for topic=tb3_0/diagnostics/header/frame_id
2023-01-05	19:35:59.029 INFO     225325nanosecs 		for topic=tb3_0/odom/header/stamp/nsecs
2023-01-05	19:35:59.327 INFO     251875nanosecs 		for topic=tb3_0/odom/header/frame_id
2023-01-05	19:35:59.367 INFO     200045nanosecs 		for topic=tb3_0/firmware_version/hardware
2023-01-05	19:35:59.372 INFO     207205nanosecs 		for topic=tb3_0/diagnostics/header/stamp/secs
2023-01-05	19:36:00.080 INFO     176614nanosecs 		for topic=tb3_0/diagnostics/header/stamp/nsecs
2023-01-05	19:36:00.450 INFO     257026nanosecs 		for topic=tb3_0/odom/header/stamp/secs
2023-01-05	19:36:00.526 INFO     173634nanosecs 		for topic=tb3_0/version_info/software
2023-01-05	19:36:01.107 INFO     243455nanosecs 		for topic=tb3_0/joint_states/name
2023-01-05	19:36:02.609 INFO     266446nanosecs 		for topic=tb3_0/magnetic_field/magnetic_field_covariance
2023-01-05	19:36:02.639 INFO     213595nanosecs 		for topic=tb3_0/cmd_vel/linear/x
2023-01-05	19:36:02.846 INFO     172223nanosecs 		for topic=tb3_0/rpms/data
2023-01-05	19:36:03.770 INFO     257176nanosecs 		for topic=tb3_0/scan/ranges
2023-01-05	19:36:04.951 INFO     272275nanosecs 		for topic=tb3_0/diagnostics/header/seq
2023-01-05	19:36:05.921 INFO     199624nanosecs 		for topic=tb3_0/sensor_state/cliff
2023-01-05	19:36:06.482 INFO     10399960nanosecs 		for topic=tb3_0/imu/angular_velocity_covariance
2023-01-05	19:36:07.012 INFO     156193nanosecs 		for topic=tb3_0/battery_state/percentage
2023-01-05	19:36:07.487 INFO     202634nanosecs 		for topic=tb3_0/odom/header/seq
2023-01-05	19:36:08.240 INFO     163823nanosecs 		for topic=tb3_0/diagnostics/header/frame_id
2023-01-05	19:36:12.546 INFO     185294nanosecs 		for topic=tb3_0/odom/header/stamp/nsecs
2023-01-05	19:36:12.614 INFO     272306nanosecs 		for topic=tb3_0/odom/header/frame_id
2023-01-05	19:36:15.920 INFO     133142nanosecs 		for topic=tb3_0/firmware_version/hardware
2023-01-05	19:36:15.970 INFO     191794nanosecs 		for topic=tb3_0/diagnostics/header/stamp/secs
2023-01-05	19:36:17.083 INFO     183204nanosecs 		for topic=tb3_0/diagnostics/header/stamp/nsecs
2023-01-05	19:36:18.866 INFO     273556nanosecs 		for topic=tb3_0/version_info/software
2023-01-05	19:36:19.296 INFO     223355nanosecs 		for topic=tb3_0/joint_states/name
2023-01-05	19:36:19.957 INFO     295607nanosecs 		for topic=tb3_0/odom/header/stamp/secs
2023-01-05	19:36:19.964 INFO     246905nanosecs 		for topic=tb3_0/magnetic_field/magnetic_field_covariance
2023-01-05	19:36:23.065 INFO     158124nanosecs 		for topic=tb3_0/cmd_vel/linear/x
2023-01-05	19:36:23.631 INFO     172493nanosecs 		for topic=tb3_0/rpms/data
2023-01-05	19:36:24.556 INFO     254736nanosecs 		for topic=tb3_0/scan/ranges
2023-01-05	19:36:26.927 INFO     5247401nanosecs 		for topic=tb3_0/imu/angular_velocity_covariance
2023-01-05	19:36:27.897 INFO     293237nanosecs 		for topic=tb3_0/sensor_state/cliff
2023-01-05	19:36:28.125 INFO     441910nanosecs 		for topic=tb3_0/battery_state/percentage
2023-01-05	19:36:28.803 INFO     282466nanosecs 		for topic=tb3_0/diagnostics/header/seq
2023-01-05	19:36:30.738 INFO     297667nanosecs 		for topic=tb3_0/odom/header/seq
2023-01-05	19:36:33.315 INFO     204724nanosecs 		for topic=tb3_0/odom/header/stamp/nsecs
2023-01-05	19:36:33.836 INFO     278675nanosecs 		for topic=tb3_0/odom/header/frame_id
2023-01-05	19:36:34.362 INFO     125993nanosecs 		for topic=tb3_0/firmware_version/hardware
2023-01-05	19:36:34.595 INFO     261596nanosecs 		for topic=tb3_0/diagnostics/header/frame_id
2023-01-05	19:36:36.238 INFO     238565nanosecs 		for topic=tb3_0/diagnostics/header/stamp/nsecs
2023-01-05	19:36:36.323 INFO     226864nanosecs 		for topic=tb3_0/diagnostics/header/stamp/secs
2023-01-05	19:36:36.809 INFO     249355nanosecs 		for topic=tb3_0/version_info/software
2023-01-05	19:36:37.269 INFO     296886nanosecs 		for topic=tb3_0/joint_states/name
2023-01-05	19:36:38.641 INFO     274385nanosecs 		for topic=tb3_0/odom/header/stamp/secs
2023-01-05	19:36:38.676 INFO     224946nanosecs 		for topic=tb3_0/magnetic_field/magnetic_field_covariance
2023-01-05	19:36:40.819 INFO     131594nanosecs 		for topic=tb3_0/cmd_vel/linear/x
2023-01-05	19:36:40.900 INFO     154042nanosecs 		for topic=tb3_0/scan/ranges
2023-01-05	19:36:41.689 INFO     258536nanosecs 		for topic=tb3_0/rpms/data
2023-01-05	19:36:42.589 INFO     321117nanosecs 		for topic=tb3_0/imu/angular_velocity_covariance
2023-01-05	19:36:43.949 INFO     275746nanosecs 		for topic=tb3_0/sensor_state/cliff
2023-01-05	19:36:50.262 INFO     216365nanosecs 		for topic=tb3_0/battery_state/percentage
2023-01-05	19:36:50.748 INFO     282155nanosecs 		for topic=tb3_0/diagnostics/header/seq
2023-01-05	19:36:51.270 INFO     284216nanosecs 		for topic=tb3_0/odom/header/seq
2023-01-05	19:36:51.395 INFO     202014nanosecs 		for topic=tb3_0/odom/header/stamp/nsecs
2023-01-05	19:36:52.532 INFO     159623nanosecs 		for topic=tb3_0/firmware_version/hardware
2023-01-05	19:36:52.538 INFO     278026nanosecs 		for topic=tb3_0/diagnostics/header/stamp/nsecs
2023-01-05	19:36:53.129 INFO     221454nanosecs 		for topic=tb3_0/odom/header/frame_id
2023-01-05	19:36:53.134 INFO     265675nanosecs 		for topic=tb3_0/diagnostics/header/stamp/secs
2023-01-05	19:36:53.608 INFO     263586nanosecs 		for topic=tb3_0/diagnostics/header/frame_id
2023-01-05	19:36:53.746 INFO     189013nanosecs 		for topic=tb3_0/version_info/software
2023-01-05	19:36:53.923 INFO     253615nanosecs 		for topic=tb3_0/joint_states/name
2023-01-05	19:36:55.356 INFO     261256nanosecs 		for topic=tb3_0/odom/header/stamp/secs
2023-01-05	19:36:56.781 INFO     205925nanosecs 		for topic=tb3_0/magnetic_field/magnetic_field_covariance
2023-01-05	19:36:57.131 INFO     153593nanosecs 		for topic=tb3_0/cmd_vel/linear/x
2023-01-05	19:36:57.217 INFO     247316nanosecs 		for topic=tb3_0/scan/ranges
2023-01-05	19:36:57.580 INFO     146883nanosecs 		for topic=tb3_0/rpms/data
2023-01-05	19:36:59.041 INFO     506151nanosecs 		for topic=tb3_0/imu/angular_velocity_covariance
2023-01-05	19:36:59.081 INFO     254616nanosecs 		for topic=tb3_0/sensor_state/cliff
2023-01-05	19:36:59.227 INFO     139663nanosecs 		for topic=tb3_0/battery_state/percentage
2023-01-05	19:37:00.006 INFO     427319nanosecs 		for topic=tb3_0/diagnostics/header/seq
2023-01-05	19:37:02.407 INFO     307497nanosecs 		for topic=tb3_0/odom/header/seq
2023-01-05	19:37:03.150 INFO     410018nanosecs 		for topic=tb3_0/odom/header/stamp/nsecs
2023-01-05	19:37:03.873 INFO     174365nanosecs 		for topic=tb3_0/diagnostics/header/stamp/nsecs
2023-01-05	19:37:04.029 INFO     173645nanosecs 		for topic=tb3_0/firmware_version/hardware
2023-01-05	19:37:04.034 INFO     166824nanosecs 		for topic=tb3_0/odom/header/frame_id
2023-01-05	19:37:05.015 INFO     251736nanosecs 		for topic=tb3_0/diagnostics/header/frame_id
2023-01-05	19:37:05.171 INFO     183525nanosecs 		for topic=tb3_0/diagnostics/header/stamp/secs
2023-01-05	19:37:05.208 INFO     181903nanosecs 		for topic=tb3_0/version_info/software
2023-01-05	19:37:05.475 INFO     185294nanosecs 		for topic=tb3_0/joint_states/name
2023-01-05	19:37:06.078 INFO     278486nanosecs 		for topic=tb3_0/odom/header/stamp/secs
2023-01-05	19:37:06.928 INFO     261475nanosecs 		for topic=tb3_0/magnetic_field/magnetic_field_covariance
2023-01-05	19:37:09.925 INFO     215115nanosecs 		for topic=tb3_0/scan/ranges
2023-01-05	19:37:10.789 INFO     174623nanosecs 		for topic=tb3_0/cmd_vel/linear/x
2023-01-05	19:37:11.157 INFO     111852nanosecs 		for topic=tb3_0/rpms/data
2023-01-05	19:37:11.865 INFO     189654nanosecs 		for topic=tb3_0/imu/angular_velocity_covariance
2023-01-05	19:37:12.124 INFO     254505nanosecs 		for topic=tb3_0/sensor_state/cliff
2023-01-05	19:37:12.840 INFO     218363nanosecs 		for topic=tb3_0/battery_state/percentage
2023-01-05	19:37:13.421 INFO     260275nanosecs 		for topic=tb3_0/diagnostics/header/seq
2023-01-05	19:37:13.624 INFO     258646nanosecs 		for topic=tb3_0/odom/header/seq
2023-01-05	19:37:14.221 INFO     186765nanosecs 		for topic=tb3_0/odom/header/stamp/nsecs
2023-01-05	19:37:14.792 INFO     222586nanosecs 		for topic=tb3_0/diagnostics/header/stamp/nsecs
2023-01-05	19:37:15.434 INFO     144003nanosecs 		for topic=tb3_0/firmware_version/hardware
2023-01-05	19:37:16.424 INFO     170133nanosecs 		for topic=tb3_0/odom/header/frame_id
2023-01-05	19:37:18.380 INFO     250596nanosecs 		for topic=tb3_0/diagnostics/header/frame_id
2023-01-05	19:37:19.502 INFO     272305nanosecs 		for topic=tb3_0/diagnostics/header/stamp/secs
2023-01-05	19:37:19.502 INFO     209214nanosecs 		for topic=tb3_0/version_info/software
2023-01-05	19:37:20.133 INFO     222575nanosecs 		for topic=tb3_0/joint_states/name
2023-01-05	19:37:21.004 INFO     310775nanosecs 		for topic=tb3_0/odom/header/stamp/secs
2023-01-05	19:37:22.034 INFO     280916nanosecs 		for topic=tb3_0/magnetic_field/magnetic_field_covariance
2023-01-05	19:37:22.233 INFO     214053nanosecs 		for topic=tb3_0/scan/ranges
2023-01-05	19:37:22.739 INFO     261656nanosecs 		for topic=tb3_0/cmd_vel/linear/x
2023-01-05	19:37:24.285 INFO     142633nanosecs 		for topic=tb3_0/rpms/data
2023-01-05	19:37:24.694 INFO     170153nanosecs 		for topic=tb3_0/imu/angular_velocity_covariance
2023-01-05	19:37:26.221 INFO     232434nanosecs 		for topic=tb3_0/sensor_state/cliff
2023-01-05	19:37:27.620 INFO     266897nanosecs 		for topic=tb3_0/diagnostics/header/seq
2023-01-05	19:37:27.979 INFO     188423nanosecs 		for topic=tb3_0/battery_state/percentage
2023-01-05	19:37:28.587 INFO     219665nanosecs 		for topic=tb3_0/odom/header/stamp/nsecs
2023-01-05	19:37:29.624 INFO     272135nanosecs 		for topic=tb3_0/diagnostics/header/stamp/nsecs
2023-01-05	19:37:29.707 INFO     293696nanosecs 		for topic=tb3_0/odom/header/seq
2023-01-05	19:37:29.907 INFO     125693nanosecs 		for topic=tb3_0/firmware_version/hardware
2023-01-05	19:37:30.048 INFO     238295nanosecs 		for topic=tb3_0/odom/header/frame_id
2023-01-05	19:37:30.165 INFO     226975nanosecs 		for topic=tb3_0/diagnostics/header/frame_id
2023-01-05	19:37:30.887 INFO     274295nanosecs 		for topic=tb3_0/diagnostics/header/stamp/secs
2023-01-05	19:37:31.019 INFO     237585nanosecs 		for topic=tb3_0/version_info/software
2023-01-05	19:37:31.241 INFO     212144nanosecs 		for topic=tb3_0/joint_states/name
2023-01-05	19:37:31.994 INFO     260056nanosecs 		for topic=tb3_0/odom/header/stamp/secs
2023-01-05	19:37:32.165 INFO     236285nanosecs 		for topic=tb3_0/magnetic_field/magnetic_field_covariance
2023-01-05	19:37:33.439 INFO     203484nanosecs 		for topic=tb3_0/scan/ranges
2023-01-05	19:37:36.711 INFO     211125nanosecs 		for topic=tb3_0/cmd_vel/linear/x
2023-01-05	19:37:37.019 INFO     197875nanosecs 		for topic=tb3_0/rpms/data
2023-01-05	19:37:39.733 INFO     333056nanosecs 		for topic=tb3_0/imu/angular_velocity_covariance
2023-01-05	19:37:40.461 INFO     253006nanosecs 		for topic=tb3_0/diagnostics/header/seq
2023-01-05	19:37:41.420 INFO     195233nanosecs 		for topic=tb3_0/battery_state/percentage
2023-01-05	19:37:41.456 INFO     5375743nanosecs 		for topic=tb3_0/sensor_state/cliff
2023-01-05	19:37:42.168 INFO     5305192nanosecs 		for topic=tb3_0/odom/header/stamp/nsecs
2023-01-05	19:37:42.674 INFO     201804nanosecs 		for topic=tb3_0/diagnostics/header/stamp/nsecs
2023-01-05	19:37:44.654 INFO     190084nanosecs 		for topic=tb3_0/firmware_version/hardware
2023-01-05	19:37:44.755 INFO     273336nanosecs 		for topic=tb3_0/odom/header/frame_id
2023-01-05	19:37:45.054 INFO     267686nanosecs 		for topic=tb3_0/diagnostics/header/frame_id
2023-01-05	19:37:45.190 INFO     428219nanosecs 		for topic=tb3_0/diagnostics/header/stamp/secs
2023-01-05	19:37:45.556 INFO     269626nanosecs 		for topic=tb3_0/odom/header/seq
2023-01-05	19:37:45.594 INFO     210504nanosecs 		for topic=tb3_0/version_info/software
2023-01-05	19:37:45.867 INFO     216605nanosecs 		for topic=tb3_0/joint_states/name
2023-01-05	19:37:48.602 INFO     259115nanosecs 		for topic=tb3_0/magnetic_field/magnetic_field_covariance
2023-01-05	19:37:48.820 INFO     307616nanosecs 		for topic=tb3_0/odom/header/stamp/secs
2023-01-05	19:37:48.880 INFO     177284nanosecs 		for topic=tb3_0/scan/ranges
2023-01-05	19:37:49.542 INFO     251846nanosecs 		for topic=tb3_0/cmd_vel/linear/x
2023-01-05	19:37:49.865 INFO     164764nanosecs 		for topic=tb3_0/imu/angular_velocity_covariance
2023-01-05	19:37:50.477 INFO     229754nanosecs 		for topic=tb3_0/rpms/data
2023-01-05	19:37:51.660 INFO     286966nanosecs 		for topic=tb3_0/diagnostics/header/seq
2023-01-05	19:37:52.528 INFO     224214nanosecs 		for topic=tb3_0/battery_state/percentage
2023-01-05	19:37:52.534 INFO     175624nanosecs 		for topic=tb3_0/sensor_state/cliff
2023-01-05	19:37:52.772 INFO     226415nanosecs 		for topic=tb3_0/odom/header/stamp/nsecs
2023-01-05	19:37:53.813 INFO     124612nanosecs 		for topic=tb3_0/diagnostics/header/stamp/nsecs
2023-01-05	19:37:53.898 INFO     205714nanosecs 		for topic=tb3_0/odom/header/frame_id
2023-01-05	19:37:54.136 INFO     172594nanosecs 		for topic=tb3_0/firmware_version/hardware
2023-01-05	19:37:54.475 INFO     261486nanosecs 		for topic=tb3_0/diagnostics/header/frame_id
2023-01-05	19:37:54.869 INFO     187513nanosecs 		for topic=tb3_0/diagnostics/header/stamp/secs
2023-01-05	19:37:55.091 INFO     261735nanosecs 		for topic=tb3_0/odom/header/seq
2023-01-05	19:37:56.704 INFO     261035nanosecs 		for topic=tb3_0/joint_states/name
2023-01-05	19:37:56.759 INFO     234455nanosecs 		for topic=tb3_0/version_info/software
2023-01-05	19:37:57.148 INFO     210775nanosecs 		for topic=tb3_0/magnetic_field/magnetic_field_covariance
2023-01-05	19:37:57.807 INFO     291036nanosecs 		for topic=tb3_0/odom/header/stamp/secs
2023-01-05	19:37:57.847 INFO     226204nanosecs 		for topic=tb3_0/scan/ranges
2023-01-05	19:37:57.918 INFO     248475nanosecs 		for topic=tb3_0/cmd_vel/linear/x
2023-01-05	19:37:58.120 INFO     203153nanosecs 		for topic=tb3_0/imu/angular_velocity_covariance
2023-01-05	19:37:58.555 INFO     233514nanosecs 		for topic=tb3_0/rpms/data
2023-01-05	19:37:58.712 INFO     192704nanosecs 		for topic=tb3_0/diagnostics/header/seq
2023-01-05	19:37:58.887 INFO     227074nanosecs 		for topic=tb3_0/battery_state/percentage
2023-01-05	19:37:59.752 INFO     213305nanosecs 		for topic=tb3_0/sensor_state/cliff
2023-01-05	19:38:01.335 INFO     378578nanosecs 		for topic=tb3_0/odom/header/stamp/nsecs
2023-01-05	19:38:01.403 INFO     154724nanosecs 		for topic=tb3_0/diagnostics/header/stamp/nsecs
2023-01-05	19:38:02.338 INFO     210765nanosecs 		for topic=tb3_0/odom/header/frame_id
2023-01-05	19:38:02.652 INFO     145293nanosecs 		for topic=tb3_0/firmware_version/hardware
2023-01-05	19:38:04.099 INFO     328057nanosecs 		for topic=tb3_0/diagnostics/header/frame_id
2023-01-05	19:38:06.315 INFO     296137nanosecs 		for topic=tb3_0/odom/header/seq
2023-01-05	19:38:06.599 INFO     247006nanosecs 		for topic=tb3_0/joint_states/name
2023-01-05	19:38:07.006 INFO     192143nanosecs 		for topic=tb3_0/diagnostics/header/stamp/secs
2023-01-05	19:38:07.711 INFO     221275nanosecs 		for topic=tb3_0/version_info/software
2023-01-05	19:38:08.333 INFO     285506nanosecs 		for topic=tb3_0/odom/header/stamp/secs
2023-01-05	19:38:09.262 INFO     172794nanosecs 		for topic=tb3_0/scan/ranges
2023-01-05	19:38:09.359 INFO     278165nanosecs 		for topic=tb3_0/magnetic_field/magnetic_field_covariance
2023-01-05	19:38:09.763 INFO     234475nanosecs 		for topic=tb3_0/cmd_vel/linear/x
2023-01-05	19:38:09.848 INFO     156644nanosecs 		for topic=tb3_0/imu/angular_velocity_covariance
2023-01-05	19:38:10.101 INFO     194475nanosecs 		for topic=tb3_0/rpms/data
2023-01-05	19:38:10.747 INFO     132913nanosecs 		for topic=tb3_0/diagnostics/header/seq
2023-01-05	19:38:11.696 INFO     219634nanosecs 		for topic=tb3_0/sensor_state/cliff
2023-01-05	19:38:11.893 INFO     235695nanosecs 		for topic=tb3_0/odom/header/stamp/nsecs
2023-01-05	19:38:13.440 INFO     136212nanosecs 		for topic=tb3_0/battery_state/percentage
2023-01-05	19:38:13.956 INFO     251166nanosecs 		for topic=tb3_0/odom/header/frame_id
2023-01-05	19:38:14.077 INFO     134323nanosecs 		for topic=tb3_0/diagnostics/header/stamp/nsecs
2023-01-05	19:38:14.527 INFO     234075nanosecs 		for topic=tb3_0/firmware_version/hardware
2023-01-05	19:38:14.780 INFO     255205nanosecs 		for topic=tb3_0/diagnostics/header/frame_id
2023-01-05	19:38:17.285 INFO     275306nanosecs 		for topic=tb3_0/odom/header/seq
2023-01-05	19:38:17.301 INFO     247675nanosecs 		for topic=tb3_0/diagnostics/header/stamp/secs
2023-01-05	19:38:17.614 INFO     152653nanosecs 		for topic=tb3_0/joint_states/name
2023-01-05	19:38:17.620 INFO     148794nanosecs 		for topic=tb3_0/version_info/software
2023-01-05	19:38:18.399 INFO     288417nanosecs 		for topic=tb3_0/odom/header/stamp/secs
2023-01-05	19:38:18.707 INFO     251795nanosecs 		for topic=tb3_0/scan/ranges
2023-01-05	19:38:18.884 INFO     218575nanosecs 		for topic=tb3_0/magnetic_field/magnetic_field_covariance
2023-01-05	19:38:19.004 INFO     166374nanosecs 		for topic=tb3_0/cmd_vel/linear/x
2023-01-05	19:38:19.302 INFO     239196nanosecs 		for topic=tb3_0/imu/angular_velocity_covariance
2023-01-05	19:38:19.797 INFO     193254nanosecs 		for topic=tb3_0/rpms/data
2023-01-05	19:38:21.617 INFO     191914nanosecs 		for topic=tb3_0/diagnostics/header/seq
2023-01-05	19:38:21.900 INFO     270386nanosecs 		for topic=tb3_0/sensor_state/cliff
2023-01-05	19:38:23.208 INFO     186723nanosecs 		for topic=tb3_0/odom/header/stamp/nsecs
2023-01-05	19:38:23.293 INFO     207935nanosecs 		for topic=tb3_0/battery_state/percentage
2023-01-05	19:38:23.329 INFO     193273nanosecs 		for topic=tb3_0/odom/header/frame_id
2023-01-05	19:38:24.111 INFO     128253nanosecs 		for topic=tb3_0/firmware_version/hardware
2023-01-05	19:38:24.142 INFO     191494nanosecs 		for topic=tb3_0/diagnostics/header/stamp/nsecs
2023-01-05	19:38:25.222 INFO     272265nanosecs 		for topic=tb3_0/diagnostics/header/frame_id
2023-01-05	19:38:26.511 INFO     291436nanosecs 		for topic=tb3_0/odom/header/seq
2023-01-05	19:38:26.647 INFO     266705nanosecs 		for topic=tb3_0/diagnostics/header/stamp/secs
2023-01-05	19:38:26.728 INFO     171544nanosecs 		for topic=tb3_0/joint_states/name
2023-01-05	19:38:27.011 INFO     162335nanosecs 		for topic=tb3_0/version_info/software
2023-01-05	19:38:28.315 INFO     296057nanosecs 		for topic=tb3_0/odom/header/stamp/secs
2023-01-05	19:38:28.791 INFO     262635nanosecs 		for topic=tb3_0/scan/ranges
2023-01-05	19:38:29.857 INFO     191944nanosecs 		for topic=tb3_0/magnetic_field/magnetic_field_covariance
2023-01-05	19:38:30.337 INFO     202494nanosecs 		for topic=tb3_0/cmd_vel/linear/x
2023-01-05	19:38:30.993 INFO     176863nanosecs 		for topic=tb3_0/imu/angular_velocity_covariance
2023-01-05	19:38:31.221 INFO     165164nanosecs 		for topic=tb3_0/rpms/data
2023-01-05	19:38:31.605 INFO     230906nanosecs 		for topic=tb3_0/diagnostics/header/seq
2023-01-05	19:38:32.591 INFO     249235nanosecs 		for topic=tb3_0/sensor_state/cliff
2023-01-05	19:38:32.672 INFO     206784nanosecs 		for topic=tb3_0/odom/header/stamp/nsecs
2023-01-05	19:38:33.127 INFO     286746nanosecs 		for topic=tb3_0/battery_state/percentage
2023-01-05	19:38:34.133 INFO     273886nanosecs 		for topic=tb3_0/odom/header/frame_id
2023-01-05	19:38:34.320 INFO     214565nanosecs 		for topic=tb3_0/diagnostics/header/stamp/nsecs
2023-01-05	19:38:35.377 INFO     267405nanosecs 		for topic=tb3_0/firmware_version/hardware
2023-01-05	19:38:38.045 INFO     268335nanosecs 		for topic=tb3_0/diagnostics/header/frame_id
2023-01-05	19:38:38.125 INFO     273336nanosecs 		for topic=tb3_0/odom/header/seq
2023-01-05	19:38:39.505 INFO     233305nanosecs 		for topic=tb3_0/diagnostics/header/stamp/secs
2023-01-05	19:38:39.652 INFO     184884nanosecs 		for topic=tb3_0/joint_states/name
2023-01-05	19:38:42.124 INFO     145413nanosecs 		for topic=tb3_0/version_info/software
2023-01-05	19:38:44.721 INFO     363036nanosecs 		for topic=tb3_0/odom/header/stamp/secs
2023-01-05	19:38:47.021 INFO     206685nanosecs 		for topic=tb3_0/magnetic_field/magnetic_field_covariance
2023-01-05	19:38:47.632 INFO     277116nanosecs 		for topic=tb3_0/cmd_vel/linear/x
2023-01-05	19:38:47.893 INFO     297085nanosecs 		for topic=tb3_0/scan/ranges
2023-01-05	19:38:47.960 INFO     253106nanosecs 		for topic=tb3_0/imu/angular_velocity_covariance
2023-01-05	19:38:48.061 INFO     148164nanosecs 		for topic=tb3_0/rpms/data
2023-01-05	19:38:48.108 INFO     250875nanosecs 		for topic=tb3_0/diagnostics/header/seq
2023-01-05	19:38:48.487 INFO     271536nanosecs 		for topic=tb3_0/sensor_state/cliff
2023-01-05	19:38:49.791 INFO     328388nanosecs 		for topic=tb3_0/odom/header/stamp/nsecs
2023-01-05	19:38:51.156 INFO     290236nanosecs 		for topic=tb3_0/battery_state/percentage
2023-01-05	19:38:52.208 INFO     307717nanosecs 		for topic=tb3_0/odom/header/frame_id
2023-01-05	19:38:52.390 INFO     234164nanosecs 		for topic=tb3_0/diagnostics/header/stamp/nsecs
