2023-01-05	19:44:02.770 INFO     Watching for file changes with StatReloader
2023-01-05	19:44:02.888 INFO     Connection to ROS ready.
2023-01-05	19:44:02.889 INFO     Successfully connected to ROS bridge from listener
2023-01-05	19:44:02.889 INFO     Starting factory <roslibpy.comm.comm_autobahn.AutobahnRosBridgeClientFactory object at 0x7fa892fe2640>
2023-01-05	19:44:07.004 INFO     Connection to ROS ready.
2023-01-05	19:44:07.005 INFO     Successfully connected to ROS bridge from Ros Connector
2023-01-05	19:44:07.005 INFO     Generating new MQTT Forwarder
2023-01-05	19:44:07.005 INFO     local mqtt is set up
2023-01-05	19:44:13.489 INFO     Created subscriber on cmd_vel
2023-01-05	19:44:13.490 INFO     Created subscriber on battery_state
2023-01-05	19:44:13.490 INFO     Created subscriber on diagnostics
2023-01-05	19:44:13.491 INFO     Created subscriber on joint_states
2023-01-05	19:44:13.492 INFO     Created subscriber on motor_power
2023-01-05	19:44:13.492 INFO     Created subscriber on cmd_vel_rc100
2023-01-05	19:44:13.492 INFO     Created subscriber on rpms
2023-01-05	19:44:13.492 INFO     Created subscriber on firmware_version
2023-01-05	19:44:13.493 INFO     Created subscriber on sensor_state
2023-01-05	19:44:13.493 INFO     Created subscriber on sound
2023-01-05	19:44:13.493 INFO     Created subscriber on version_info
2023-01-05	19:44:13.493 INFO     Created subscriber on odom
2023-01-05	19:44:13.494 INFO     Created subscriber on reset
2023-01-05	19:44:13.495 INFO     Created subscriber on scan
2023-01-05	19:44:13.495 INFO     Created subscriber on imu
2023-01-05	19:44:13.510 INFO     Created subscriber on magnetic_field
2023-01-05	19:44:13.582 INFO     472280nanosecs 		for topic=tb3_0/magnetic_field/magnetic_field_covariance
2023-01-05	19:44:13.585 INFO     196534nanosecs 		for topic=tb3_0/rpms/data
2023-01-05	19:44:13.770 INFO     183995nanosecs 		for topic=tb3_0/joint_states/name
2023-01-05	19:44:13.771 INFO     506800nanosecs 		for topic=tb3_0/odom/header/seq
2023-01-05	19:44:13.771 INFO     225285nanosecs 		for topic=tb3_0/odom/header/stamp/nsecs
2023-01-05	19:44:13.772 INFO     212755nanosecs 		for topic=tb3_0/odom/header/frame_id
2023-01-05	19:44:13.794 INFO     299176nanosecs 		for topic=tb3_0/sensor_state/cliff
2023-01-05	19:44:13.795 INFO     240565nanosecs 		for topic=tb3_0/imu/angular_velocity_covariance
2023-01-05	19:44:13.795 INFO     221815nanosecs 		for topic=tb3_0/battery_state/percentage
2023-01-05	19:44:13.800 INFO     206744nanosecs 		for topic=tb3_0/odom/header/stamp/secs
2023-01-05	19:44:13.801 INFO     173213nanosecs 		for topic=tb3_0/cmd_vel/linear/x
2023-01-05	19:44:13.869 INFO     211664nanosecs 		for topic=tb3_0/scan/ranges
2023-01-05	19:44:13.887 INFO     114573nanosecs 		for topic=tb3_0/diagnostics/header/seq
2023-01-05	19:44:14.051 INFO     302756nanosecs 		for topic=tb3_0/diagnostics/header/stamp/secs
2023-01-05	19:44:14.051 INFO     203584nanosecs 		for topic=tb3_0/diagnostics/header/frame_id
2023-01-05	19:44:14.052 INFO     191854nanosecs 		for topic=tb3_0/diagnostics/header/stamp/nsecs
2023-01-05	19:44:14.086 INFO     190464nanosecs 		for topic=tb3_0/version_info/software
2023-01-05	19:44:15.263 INFO     179564nanosecs 		for topic=tb3_0/firmware_version/hardware
2023-01-05	19:44:15.303 INFO     204864nanosecs 		for topic=tb3_0/magnetic_field/magnetic_field_covariance
2023-01-05	19:44:15.500 INFO     189854nanosecs 		for topic=tb3_0/rpms/data
2023-01-05	19:44:15.907 INFO     292436nanosecs 		for topic=tb3_0/joint_states/name
2023-01-05	19:44:17.237 INFO     239205nanosecs 		for topic=tb3_0/odom/header/seq
2023-01-05	19:44:19.241 INFO     180524nanosecs 		for topic=tb3_0/odom/header/stamp/nsecs
2023-01-05	19:44:19.272 INFO     290106nanosecs 		for topic=tb3_0/odom/header/frame_id
2023-01-05	19:44:20.590 INFO     213334nanosecs 		for topic=tb3_0/sensor_state/cliff
2023-01-05	19:44:21.227 INFO     274705nanosecs 		for topic=tb3_0/battery_state/percentage
2023-01-05	19:44:21.302 INFO     291097nanosecs 		for topic=tb3_0/imu/angular_velocity_covariance
2023-01-05	19:44:21.308 INFO     173853nanosecs 		for topic=tb3_0/odom/header/stamp/secs
2023-01-05	19:44:22.371 INFO     199644nanosecs 		for topic=tb3_0/cmd_vel/linear/x
2023-01-05	19:44:23.250 INFO     267417nanosecs 		for topic=tb3_0/scan/ranges
2023-01-05	19:44:23.256 INFO     247755nanosecs 		for topic=tb3_0/diagnostics/header/seq
2023-01-05	19:44:23.375 INFO     268255nanosecs 		for topic=tb3_0/diagnostics/header/stamp/secs
2023-01-05	19:44:23.658 INFO     173464nanosecs 		for topic=tb3_0/diagnostics/header/frame_id
2023-01-05	19:44:24.132 INFO     139062nanosecs 		for topic=tb3_0/diagnostics/header/stamp/nsecs
2023-01-05	19:44:24.340 INFO     283156nanosecs 		for topic=tb3_0/version_info/software
2023-01-05	19:44:25.008 INFO     258766nanosecs 		for topic=tb3_0/magnetic_field/magnetic_field_covariance
2023-01-05	19:44:25.598 INFO     175484nanosecs 		for topic=tb3_0/firmware_version/hardware
2023-01-05	19:44:26.617 INFO     278517nanosecs 		for topic=tb3_0/joint_states/name
2023-01-05	19:44:27.011 INFO     227084nanosecs 		for topic=tb3_0/odom/header/seq
2023-01-05	19:44:27.054 INFO     270176nanosecs 		for topic=tb3_0/rpms/data
2023-01-05	19:44:27.148 INFO     234585nanosecs 		for topic=tb3_0/odom/header/stamp/nsecs
2023-01-05	19:44:27.187 INFO     294926nanosecs 		for topic=tb3_0/odom/header/frame_id
2023-01-05	19:44:27.566 INFO     209995nanosecs 		for topic=tb3_0/sensor_state/cliff
2023-01-05	19:44:28.329 INFO     282946nanosecs 		for topic=tb3_0/battery_state/percentage
2023-01-05	19:44:28.350 INFO     274805nanosecs 		for topic=tb3_0/imu/angular_velocity_covariance
2023-01-05	19:44:28.576 INFO     176233nanosecs 		for topic=tb3_0/cmd_vel/linear/x
2023-01-05	19:44:30.002 INFO     188934nanosecs 		for topic=tb3_0/odom/header/stamp/secs
2023-01-05	19:44:30.421 INFO     211015nanosecs 		for topic=tb3_0/scan/ranges
2023-01-05	19:44:30.628 INFO     255415nanosecs 		for topic=tb3_0/diagnostics/header/seq
2023-01-05	19:44:34.905 INFO     201774nanosecs 		for topic=tb3_0/diagnostics/header/stamp/secs
2023-01-05	19:44:37.187 INFO     192405nanosecs 		for topic=tb3_0/diagnostics/header/stamp/nsecs
2023-01-05	19:44:37.197 INFO     212515nanosecs 		for topic=tb3_0/diagnostics/header/frame_id
2023-01-05	19:44:37.550 INFO     415829nanosecs 		for topic=tb3_0/version_info/software
2023-01-05	19:44:37.717 INFO     261016nanosecs 		for topic=tb3_0/magnetic_field/magnetic_field_covariance
2023-01-05	19:44:37.990 INFO     122563nanosecs 		for topic=tb3_0/firmware_version/hardware
2023-01-05	19:44:38.047 INFO     234714nanosecs 		for topic=tb3_0/joint_states/name
2023-01-05	19:44:38.087 INFO     242815nanosecs 		for topic=tb3_0/odom/header/seq
2023-01-05	19:44:38.462 INFO     238625nanosecs 		for topic=tb3_0/rpms/data
2023-01-05	19:44:40.549 INFO     162103nanosecs 		for topic=tb3_0/sensor_state/cliff
2023-01-05	19:44:40.550 INFO     346178nanosecs 		for topic=tb3_0/odom/header/stamp/nsecs
2023-01-05	19:44:42.481 INFO     296876nanosecs 		for topic=tb3_0/odom/header/frame_id
2023-01-05	19:44:42.481 INFO     207844nanosecs 		for topic=tb3_0/battery_state/percentage
2023-01-05	19:44:46.010 INFO     305387nanosecs 		for topic=tb3_0/imu/angular_velocity_covariance
2023-01-05	19:44:48.350 INFO     307447nanosecs 		for topic=tb3_0/cmd_vel/linear/x
2023-01-05	19:44:49.583 INFO     204394nanosecs 		for topic=tb3_0/odom/header/stamp/secs
2023-01-05	19:44:49.705 INFO     263525nanosecs 		for topic=tb3_0/scan/ranges
2023-01-05	19:44:49.796 INFO     269966nanosecs 		for topic=tb3_0/diagnostics/header/seq
2023-01-05	19:44:52.925 INFO     228155nanosecs 		for topic=tb3_0/diagnostics/header/stamp/secs
2023-01-05	19:44:58.497 INFO     246275nanosecs 		for topic=tb3_0/diagnostics/header/stamp/nsecs
2023-01-05	19:44:58.992 INFO     195755nanosecs 		for topic=tb3_0/version_info/software
2023-01-05	19:44:58.992 INFO     121952nanosecs 		for topic=tb3_0/diagnostics/header/frame_id
2023-01-05	19:44:59.105 INFO     247915nanosecs 		for topic=tb3_0/magnetic_field/magnetic_field_covariance
2023-01-05	19:44:59.402 INFO     163093nanosecs 		for topic=tb3_0/firmware_version/hardware
2023-01-05	19:45:00.113 INFO     226395nanosecs 		for topic=tb3_0/joint_states/name
2023-01-05	19:45:00.593 INFO     203154nanosecs 		for topic=tb3_0/odom/header/seq
2023-01-05	19:45:00.876 INFO     194534nanosecs 		for topic=tb3_0/rpms/data
2023-01-05	19:45:02.046 INFO     193624nanosecs 		for topic=tb3_0/sensor_state/cliff
2023-01-05	19:45:02.053 INFO     273546nanosecs 		for topic=tb3_0/odom/header/stamp/nsecs
2023-01-05	19:45:05.774 INFO     288885nanosecs 		for topic=tb3_0/odom/header/frame_id
2023-01-05	19:45:06.982 INFO     243505nanosecs 		for topic=tb3_0/battery_state/percentage
2023-01-05	19:45:07.022 INFO     262766nanosecs 		for topic=tb3_0/imu/angular_velocity_covariance
2023-01-05	19:45:08.170 INFO     255945nanosecs 		for topic=tb3_0/cmd_vel/linear/x
2023-01-05	19:45:08.280 INFO     178474nanosecs 		for topic=tb3_0/odom/header/stamp/secs
2023-01-05	19:45:08.442 INFO     281465nanosecs 		for topic=tb3_0/scan/ranges
2023-01-05	19:45:09.742 INFO     267425nanosecs 		for topic=tb3_0/diagnostics/header/seq
2023-01-05	19:45:10.013 INFO     180423nanosecs 		for topic=tb3_0/diagnostics/header/stamp/nsecs
2023-01-05	19:45:10.153 INFO     259176nanosecs 		for topic=tb3_0/diagnostics/header/stamp/secs
2023-01-05	19:45:10.886 INFO     193764nanosecs 		for topic=tb3_0/version_info/software
2023-01-05	19:45:11.689 INFO     200334nanosecs 		for topic=tb3_0/diagnostics/header/frame_id
2023-01-05	19:45:12.437 INFO     256336nanosecs 		for topic=tb3_0/magnetic_field/magnetic_field_covariance
2023-01-05	19:45:14.029 INFO     193364nanosecs 		for topic=tb3_0/firmware_version/hardware
2023-01-05	19:45:17.428 INFO     248325nanosecs 		for topic=tb3_0/odom/header/seq
2023-01-05	19:45:17.558 INFO     159213nanosecs 		for topic=tb3_0/joint_states/name
2023-01-05	19:45:17.599 INFO     196264nanosecs 		for topic=tb3_0/rpms/data
2023-01-05	19:45:17.692 INFO     205725nanosecs 		for topic=tb3_0/sensor_state/cliff
2023-01-05	19:45:18.511 INFO     197305nanosecs 		for topic=tb3_0/odom/header/stamp/nsecs
2023-01-05	19:45:19.751 INFO     281146nanosecs 		for topic=tb3_0/odom/header/frame_id
2023-01-05	19:45:19.938 INFO     206874nanosecs 		for topic=tb3_0/battery_state/percentage
2023-01-05	19:45:22.693 INFO     290566nanosecs 		for topic=tb3_0/cmd_vel/linear/x
2023-01-05	19:45:22.733 INFO     208204nanosecs 		for topic=tb3_0/odom/header/stamp/secs
2023-01-05	19:45:24.492 INFO     217165nanosecs 		for topic=tb3_0/imu/angular_velocity_covariance
2023-01-05	19:45:24.509 INFO     298627nanosecs 		for topic=tb3_0/scan/ranges
2023-01-05	19:45:26.443 INFO     236036nanosecs 		for topic=tb3_0/diagnostics/header/stamp/nsecs
2023-01-05	19:45:26.443 INFO     264556nanosecs 		for topic=tb3_0/diagnostics/header/seq
2023-01-05	19:45:26.731 INFO     208835nanosecs 		for topic=tb3_0/diagnostics/header/stamp/secs
2023-01-05	19:45:27.276 INFO     213924nanosecs 		for topic=tb3_0/version_info/software
2023-01-05	19:45:28.313 INFO     211215nanosecs 		for topic=tb3_0/diagnostics/header/frame_id
2023-01-05	19:45:28.789 INFO     251756nanosecs 		for topic=tb3_0/magnetic_field/magnetic_field_covariance
2023-01-05	19:45:29.933 INFO     371377nanosecs 		for topic=tb3_0/firmware_version/hardware
2023-01-05	19:45:31.232 INFO     213155nanosecs 		for topic=tb3_0/odom/header/seq
2023-01-05	19:45:31.353 INFO     163993nanosecs 		for topic=tb3_0/joint_states/name
2023-01-05	19:45:31.692 INFO     241615nanosecs 		for topic=tb3_0/rpms/data
2023-01-05	19:45:31.849 INFO     184715nanosecs 		for topic=tb3_0/sensor_state/cliff
2023-01-05	19:45:32.408 INFO     170293nanosecs 		for topic=tb3_0/odom/header/stamp/nsecs
2023-01-05	19:45:34.471 INFO     293007nanosecs 		for topic=tb3_0/odom/header/frame_id
2023-01-05	19:45:35.656 INFO     243986nanosecs 		for topic=tb3_0/battery_state/percentage
2023-01-05	19:45:37.303 INFO     224464nanosecs 		for topic=tb3_0/cmd_vel/linear/x
2023-01-05	19:45:38.248 INFO     233814nanosecs 		for topic=tb3_0/odom/header/stamp/secs
2023-01-05	19:45:39.158 INFO     279716nanosecs 		for topic=tb3_0/imu/angular_velocity_covariance
2023-01-05	19:45:39.644 INFO     269296nanosecs 		for topic=tb3_0/scan/ranges
2023-01-05	19:45:40.473 INFO     188125nanosecs 		for topic=tb3_0/diagnostics/header/seq
2023-01-05	19:45:40.634 INFO     268866nanosecs 		for topic=tb3_0/diagnostics/header/stamp/nsecs
2023-01-05	19:45:41.064 INFO     189794nanosecs 		for topic=tb3_0/diagnostics/header/stamp/secs
2023-01-05	19:45:41.741 INFO     201655nanosecs 		for topic=tb3_0/diagnostics/header/frame_id
2023-01-05	19:45:41.760 INFO     182283nanosecs 		for topic=tb3_0/version_info/software
2023-01-05	19:45:42.310 INFO     270046nanosecs 		for topic=tb3_0/magnetic_field/magnetic_field_covariance
2023-01-05	19:45:42.420 INFO     150133nanosecs 		for topic=tb3_0/firmware_version/hardware
2023-01-05	19:45:42.744 INFO     263535nanosecs 		for topic=tb3_0/odom/header/seq
2023-01-05	19:45:43.882 INFO     239306nanosecs 		for topic=tb3_0/joint_states/name
2023-01-05	19:45:47.173 INFO     195964nanosecs 		for topic=tb3_0/rpms/data
2023-01-05	19:45:47.891 INFO     274436nanosecs 		for topic=tb3_0/sensor_state/cliff
2023-01-05	19:45:47.962 INFO     202495nanosecs 		for topic=tb3_0/odom/header/stamp/nsecs
2023-01-05	19:45:48.356 INFO     293166nanosecs 		for topic=tb3_0/odom/header/frame_id
2023-01-05	19:45:49.362 INFO     206904nanosecs 		for topic=tb3_0/cmd_vel/linear/x
2023-01-05	19:45:49.923 INFO     310217nanosecs 		for topic=tb3_0/odom/header/stamp/secs
2023-01-05	19:45:50.255 INFO     279556nanosecs 		for topic=tb3_0/battery_state/percentage
2023-01-05	19:45:52.495 INFO     287316nanosecs 		for topic=tb3_0/scan/ranges
2023-01-05	19:45:52.954 INFO     290477nanosecs 		for topic=tb3_0/imu/angular_velocity_covariance
2023-01-05	19:45:53.085 INFO     169464nanosecs 		for topic=tb3_0/diagnostics/header/seq
2023-01-05	19:45:53.120 INFO     177614nanosecs 		for topic=tb3_0/diagnostics/header/stamp/nsecs
2023-01-05	19:45:53.994 INFO     277326nanosecs 		for topic=tb3_0/diagnostics/header/stamp/secs
2023-01-05	19:45:54.665 INFO     265705nanosecs 		for topic=tb3_0/diagnostics/header/frame_id
2023-01-05	19:45:54.681 INFO     111922nanosecs 		for topic=tb3_0/version_info/software
2023-01-05	19:45:55.031 INFO     261655nanosecs 		for topic=tb3_0/magnetic_field/magnetic_field_covariance
2023-01-05	19:45:55.698 INFO     212405nanosecs 		for topic=tb3_0/firmware_version/hardware
2023-01-05	19:45:57.934 INFO     266886nanosecs 		for topic=tb3_0/joint_states/name
2023-01-05	19:45:58.990 INFO     280416nanosecs 		for topic=tb3_0/odom/header/seq
2023-01-05	19:45:59.849 INFO     250244nanosecs 		for topic=tb3_0/sensor_state/cliff
2023-01-05	19:46:00.148 INFO     247435nanosecs 		for topic=tb3_0/rpms/data
2023-01-05	19:46:01.210 INFO     252685nanosecs 		for topic=tb3_0/odom/header/frame_id
2023-01-05	19:46:01.477 INFO     199714nanosecs 		for topic=tb3_0/cmd_vel/linear/x
2023-01-05	19:46:02.352 INFO     252775nanosecs 		for topic=tb3_0/odom/header/stamp/secs
2023-01-05	19:46:03.221 INFO     176723nanosecs 		for topic=tb3_0/odom/header/stamp/nsecs
2023-01-05	19:46:03.227 INFO     271086nanosecs 		for topic=tb3_0/battery_state/percentage
2023-01-05	19:46:04.867 INFO     200344nanosecs 		for topic=tb3_0/imu/angular_velocity_covariance
2023-01-05	19:46:04.868 INFO     138892nanosecs 		for topic=tb3_0/scan/ranges
2023-01-05	19:46:06.434 INFO     194494nanosecs 		for topic=tb3_0/diagnostics/header/seq
2023-01-05	19:46:07.554 INFO     191053nanosecs 		for topic=tb3_0/diagnostics/header/stamp/nsecs
2023-01-05	19:46:08.207 INFO     275075nanosecs 		for topic=tb3_0/diagnostics/header/stamp/secs
2023-01-05	19:46:08.857 INFO     215004nanosecs 		for topic=tb3_0/diagnostics/header/frame_id
2023-01-05	19:46:10.063 INFO     203275nanosecs 		for topic=tb3_0/version_info/software
2023-01-05	19:46:10.484 INFO     252675nanosecs 		for topic=tb3_0/magnetic_field/magnetic_field_covariance
2023-01-05	19:46:11.620 INFO     149373nanosecs 		for topic=tb3_0/firmware_version/hardware
2023-01-05	19:46:11.715 INFO     270676nanosecs 		for topic=tb3_0/joint_states/name
2023-01-05	19:46:13.439 INFO     265027nanosecs 		for topic=tb3_0/sensor_state/cliff
2023-01-05	19:46:14.770 INFO     221395nanosecs 		for topic=tb3_0/odom/header/seq
2023-01-05	19:46:15.040 INFO     259646nanosecs 		for topic=tb3_0/rpms/data
2023-01-05	19:46:15.237 INFO     266985nanosecs 		for topic=tb3_0/odom/header/frame_id
2023-01-05	19:46:16.005 INFO     211134nanosecs 		for topic=tb3_0/cmd_vel/linear/x
2023-01-05	19:46:16.248 INFO     244306nanosecs 		for topic=tb3_0/odom/header/stamp/secs
2023-01-05	19:46:17.703 INFO     304866nanosecs 		for topic=tb3_0/odom/header/stamp/nsecs
2023-01-05	19:46:18.556 INFO     224305nanosecs 		for topic=tb3_0/battery_state/percentage
2023-01-05	19:46:18.677 INFO     261026nanosecs 		for topic=tb3_0/imu/angular_velocity_covariance
2023-01-05	19:46:19.025 INFO     234914nanosecs 		for topic=tb3_0/scan/ranges
2023-01-05	19:46:19.802 INFO     198085nanosecs 		for topic=tb3_0/diagnostics/header/seq
2023-01-05	19:46:21.519 INFO     219755nanosecs 		for topic=tb3_0/diagnostics/header/stamp/secs
2023-01-05	19:46:22.072 INFO     210906nanosecs 		for topic=tb3_0/diagnostics/header/stamp/nsecs
2023-01-05	19:46:22.126 INFO     200444nanosecs 		for topic=tb3_0/version_info/software
2023-01-05	19:46:22.621 INFO     207954nanosecs 		for topic=tb3_0/diagnostics/header/frame_id
2023-01-05	19:46:23.047 INFO     302266nanosecs 		for topic=tb3_0/magnetic_field/magnetic_field_covariance
2023-01-05	19:46:23.533 INFO     183594nanosecs 		for topic=tb3_0/firmware_version/hardware
2023-01-05	19:46:24.241 INFO     231665nanosecs 		for topic=tb3_0/joint_states/name
2023-01-05	19:46:25.170 INFO     262655nanosecs 		for topic=tb3_0/sensor_state/cliff
2023-01-05	19:46:25.261 INFO     255525nanosecs 		for topic=tb3_0/odom/header/seq
2023-01-05	19:46:25.892 INFO     259935nanosecs 		for topic=tb3_0/rpms/data
2023-01-05	19:46:25.903 INFO     229655nanosecs 		for topic=tb3_0/odom/header/frame_id
2023-01-05	19:46:26.120 INFO     202604nanosecs 		for topic=tb3_0/cmd_vel/linear/x
2023-01-05	19:46:28.052 INFO     220665nanosecs 		for topic=tb3_0/odom/header/stamp/secs
2023-01-05	19:46:28.527 INFO     299057nanosecs 		for topic=tb3_0/odom/header/stamp/nsecs
2023-01-05	19:46:30.331 INFO     171573nanosecs 		for topic=tb3_0/battery_state/percentage
2023-01-05	19:46:32.049 INFO     228515nanosecs 		for topic=tb3_0/imu/angular_velocity_covariance
2023-01-05	19:46:32.212 INFO     253566nanosecs 		for topic=tb3_0/diagnostics/header/stamp/secs
2023-01-05	19:46:32.241 INFO     180034nanosecs 		for topic=tb3_0/diagnostics/header/seq
2023-01-05	19:46:32.281 INFO     241035nanosecs 		for topic=tb3_0/scan/ranges
2023-01-05	19:46:32.307 INFO     205534nanosecs 		for topic=tb3_0/diagnostics/header/stamp/nsecs
2023-01-05	19:46:33.334 INFO     202795nanosecs 		for topic=tb3_0/version_info/software
2023-01-05	19:46:35.134 INFO     206434nanosecs 		for topic=tb3_0/diagnostics/header/frame_id
2023-01-05	19:46:36.280 INFO     273446nanosecs 		for topic=tb3_0/magnetic_field/magnetic_field_covariance
2023-01-05	19:46:37.340 INFO     173624nanosecs 		for topic=tb3_0/firmware_version/hardware
2023-01-05	19:46:37.997 INFO     216885nanosecs 		for topic=tb3_0/joint_states/name
2023-01-05	19:46:38.168 INFO     216505nanosecs 		for topic=tb3_0/sensor_state/cliff
2023-01-05	19:46:40.765 INFO     224445nanosecs 		for topic=tb3_0/odom/header/seq
2023-01-05	19:46:44.432 INFO     174713nanosecs 		for topic=tb3_0/rpms/data
2023-01-05	19:46:46.844 INFO     305567nanosecs 		for topic=tb3_0/cmd_vel/linear/x
2023-01-05	19:46:49.838 INFO     292696nanosecs 		for topic=tb3_0/odom/header/frame_id
2023-01-05	19:46:53.083 INFO     267405nanosecs 		for topic=tb3_0/odom/header/stamp/secs
2023-01-05	19:46:53.488 INFO     336096nanosecs 		for topic=tb3_0/odom/header/stamp/nsecs
2023-01-05	19:46:58.243 INFO     188835nanosecs 		for topic=tb3_0/imu/angular_velocity_covariance
2023-01-05	19:46:58.864 INFO     185583nanosecs 		for topic=tb3_0/diagnostics/header/stamp/secs
2023-01-05	19:46:59.060 INFO     179154nanosecs 		for topic=tb3_0/diagnostics/header/seq
2023-01-05	19:46:59.071 INFO     311257nanosecs 		for topic=tb3_0/battery_state/percentage
2023-01-05	19:46:59.565 INFO     208944nanosecs 		for topic=tb3_0/scan/ranges
2023-01-05	19:46:59.749 INFO     161143nanosecs 		for topic=tb3_0/diagnostics/header/stamp/nsecs
2023-01-05	19:47:00.892 INFO     268515nanosecs 		for topic=tb3_0/version_info/software
2023-01-05	19:47:01.685 INFO     234505nanosecs 		for topic=tb3_0/diagnostics/header/frame_id
2023-01-05	19:47:03.565 INFO     263205nanosecs 		for topic=tb3_0/magnetic_field/magnetic_field_covariance
2023-01-05	19:47:03.727 INFO     234335nanosecs 		for topic=tb3_0/firmware_version/hardware
2023-01-05	19:47:06.638 INFO     211645nanosecs 		for topic=tb3_0/joint_states/name
2023-01-05	19:47:07.694 INFO     194504nanosecs 		for topic=tb3_0/sensor_state/cliff
2023-01-05	19:47:07.705 INFO     304886nanosecs 		for topic=tb3_0/odom/header/seq
2023-01-05	19:47:07.952 INFO     129512nanosecs 		for topic=tb3_0/rpms/data
2023-01-05	19:47:08.043 INFO     262826nanosecs 		for topic=tb3_0/cmd_vel/linear/x
2023-01-05	19:47:09.464 INFO     251715nanosecs 		for topic=tb3_0/odom/header/frame_id
2023-01-05	19:47:10.832 INFO     270876nanosecs 		for topic=tb3_0/odom/header/stamp/nsecs
2023-01-05	19:47:10.943 INFO     267536nanosecs 		for topic=tb3_0/odom/header/stamp/secs
2023-01-05	19:47:10.954 INFO     218646nanosecs 		for topic=tb3_0/imu/angular_velocity_covariance
2023-01-05	19:47:11.476 INFO     242635nanosecs 		for topic=tb3_0/diagnostics/header/stamp/secs
2023-01-05	19:47:11.941 INFO     182105nanosecs 		for topic=tb3_0/diagnostics/header/seq
2023-01-05	19:47:12.209 INFO     234105nanosecs 		for topic=tb3_0/battery_state/percentage
2023-01-05	19:47:13.280 INFO     155043nanosecs 		for topic=tb3_0/scan/ranges
2023-01-05	19:47:13.372 INFO     184564nanosecs 		for topic=tb3_0/diagnostics/header/stamp/nsecs
2023-01-05	19:47:15.111 INFO     180734nanosecs 		for topic=tb3_0/version_info/software
2023-01-05	19:47:18.487 INFO     139403nanosecs 		for topic=tb3_0/diagnostics/header/frame_id
2023-01-05	19:47:19.013 INFO     187084nanosecs 		for topic=tb3_0/magnetic_field/magnetic_field_covariance
2023-01-05	19:47:19.796 INFO     119642nanosecs 		for topic=tb3_0/joint_states/name
2023-01-05	19:47:20.034 INFO     157703nanosecs 		for topic=tb3_0/sensor_state/cliff
2023-01-05	19:47:20.039 INFO     130653nanosecs 		for topic=tb3_0/firmware_version/hardware
2023-01-05	19:47:20.888 INFO     231866nanosecs 		for topic=tb3_0/odom/header/seq
2023-01-05	19:47:21.671 INFO     179724nanosecs 		for topic=tb3_0/rpms/data
2023-01-05	19:47:22.004 INFO     270156nanosecs 		for topic=tb3_0/cmd_vel/linear/x
2023-01-05	19:47:23.784 INFO     303287nanosecs 		for topic=tb3_0/odom/header/frame_id
2023-01-05	19:47:23.931 INFO     291827nanosecs 		for topic=tb3_0/odom/header/stamp/nsecs
2023-01-05	19:47:25.558 INFO     307787nanosecs 		for topic=tb3_0/odom/header/stamp/secs
2023-01-05	19:47:25.563 INFO     221305nanosecs 		for topic=tb3_0/imu/angular_velocity_covariance
2023-01-05	19:47:27.864 INFO     169825nanosecs 		for topic=tb3_0/battery_state/percentage
2023-01-05	19:47:27.903 INFO     114733nanosecs 		for topic=tb3_0/diagnostics/header/seq
2023-01-05	19:47:27.904 INFO     256696nanosecs 		for topic=tb3_0/diagnostics/header/stamp/secs
2023-01-05	19:47:28.850 INFO     223016nanosecs 		for topic=tb3_0/diagnostics/header/stamp/nsecs
2023-01-05	19:47:29.446 INFO     203274nanosecs 		for topic=tb3_0/scan/ranges
2023-01-05	19:47:30.007 INFO     129253nanosecs 		for topic=tb3_0/version_info/software
2023-01-05	19:47:30.270 INFO     276056nanosecs 		for topic=tb3_0/diagnostics/header/frame_id
2023-01-05	19:47:30.301 INFO     282606nanosecs 		for topic=tb3_0/magnetic_field/magnetic_field_covariance
2023-01-05	19:47:31.179 INFO     226805nanosecs 		for topic=tb3_0/joint_states/name
2023-01-05	19:47:31.190 INFO     147284nanosecs 		for topic=tb3_0/sensor_state/cliff
2023-01-05	19:47:32.333 INFO     267106nanosecs 		for topic=tb3_0/firmware_version/hardware
2023-01-05	19:47:34.694 INFO     231075nanosecs 		for topic=tb3_0/rpms/data
2023-01-05	19:47:35.176 INFO     256105nanosecs 		for topic=tb3_0/cmd_vel/linear/x
2023-01-05	19:47:35.767 INFO     295466nanosecs 		for topic=tb3_0/odom/header/frame_id
2023-01-05	19:47:35.832 INFO     226874nanosecs 		for topic=tb3_0/odom/header/seq
2023-01-05	19:47:36.814 INFO     234405nanosecs 		for topic=tb3_0/odom/header/stamp/nsecs
2023-01-05	19:47:37.325 INFO     272775nanosecs 		for topic=tb3_0/odom/header/stamp/secs
2023-01-05	19:47:37.785 INFO     270996nanosecs 		for topic=tb3_0/battery_state/percentage
2023-01-05	19:47:38.007 INFO     181013nanosecs 		for topic=tb3_0/imu/angular_velocity_covariance
2023-01-05	19:47:38.412 INFO     115812nanosecs 		for topic=tb3_0/diagnostics/header/seq
2023-01-05	19:47:38.716 INFO     244305nanosecs 		for topic=tb3_0/diagnostics/header/stamp/secs
2023-01-05	19:47:42.062 INFO     193544nanosecs 		for topic=tb3_0/scan/ranges
2023-01-05	19:47:42.628 INFO     250006nanosecs 		for topic=tb3_0/diagnostics/header/stamp/nsecs
2023-01-05	19:47:44.468 INFO     236695nanosecs 		for topic=tb3_0/version_info/software
2023-01-05	19:47:44.548 INFO     142882nanosecs 		for topic=tb3_0/diagnostics/header/frame_id
2023-01-05	19:47:48.693 INFO     289945nanosecs 		for topic=tb3_0/magnetic_field/magnetic_field_covariance
2023-01-05	19:47:48.865 INFO     201434nanosecs 		for topic=tb3_0/joint_states/name
2023-01-05	19:47:50.488 INFO     211484nanosecs 		for topic=tb3_0/sensor_state/cliff
2023-01-05	19:47:50.812 INFO     249895nanosecs 		for topic=tb3_0/firmware_version/hardware
2023-01-05	19:47:51.398 INFO     262355nanosecs 		for topic=tb3_0/rpms/data
2023-01-05	19:47:51.783 INFO     264085nanosecs 		for topic=tb3_0/cmd_vel/linear/x
2023-01-05	19:47:53.335 INFO     176484nanosecs 		for topic=tb3_0/odom/header/seq
2023-01-05	19:47:53.745 INFO     304907nanosecs 		for topic=tb3_0/odom/header/frame_id
2023-01-05	19:47:54.128 INFO     211085nanosecs 		for topic=tb3_0/odom/header/stamp/nsecs
