2023-01-07	14:35:02.122 INFO     310027nanosecs 		for topic=open_manipulator/states/open_manipulator_actuator_state
2023-01-07	14:35:03.438 INFO     291206nanosecs 		for topic=open_manipulator/gripper_position/command/data
2023-01-07	14:35:03.952 INFO     243845nanosecs 		for topic=open_manipulator/gripper_sub_position/command/data
2023-01-07	14:35:05.057 INFO     261326nanosecs 		for topic=open_manipulator/joint3_position/command/data
2023-01-07	14:35:05.888 INFO     290537nanosecs 		for topic=open_manipulator/gripper/kinematics_pose/pose/position/z
2023-01-07	14:35:07.748 INFO     336547nanosecs 		for topic=open_manipulator/joint_states/effort
2023-01-07	14:35:09.337 INFO     311177nanosecs 		for topic=open_manipulator/joint2_position/command/data
2023-01-07	14:35:11.295 INFO     272665nanosecs 		for topic=open_manipulator/gripper_position/state/process_value_dot
2023-01-07	14:35:11.322 INFO     307217nanosecs 		for topic=open_manipulator/states/open_manipulator_actuator_state
2023-01-07	14:35:11.323 INFO     274557nanosecs 		for topic=open_manipulator/joint4_position/command/data
2023-01-07	14:35:11.330 INFO     192804nanosecs 		for topic=open_manipulator/gripper_sub_position/state/command
2023-01-07	14:35:13.867 INFO     288217nanosecs 		for topic=open_manipulator/joint1_position/command/data
2023-01-07	14:35:14.985 INFO     220595nanosecs 		for topic=open_manipulator/gripper_position/command/data
2023-01-07	14:35:15.193 INFO     271696nanosecs 		for topic=open_manipulator/gripper_sub_position/command/data
2023-01-07	14:35:16.274 INFO     225234nanosecs 		for topic=open_manipulator/joint3_position/command/data
2023-01-07	14:35:16.302 INFO     344906nanosecs 		for topic=open_manipulator/gripper/kinematics_pose/pose/position/z
2023-01-07	14:35:19.055 INFO     303236nanosecs 		for topic=open_manipulator/joint2_position/command/data
2023-01-07	14:35:20.556 INFO     356538nanosecs 		for topic=open_manipulator/gripper_position/state/process_value_dot
2023-01-07	14:35:20.588 INFO     227076nanosecs 		for topic=open_manipulator/states/open_manipulator_actuator_state
2023-01-07	14:35:20.826 INFO     338607nanosecs 		for topic=open_manipulator/joint_states/effort
2023-01-07	14:35:21.662 INFO     213325nanosecs 		for topic=open_manipulator/joint4_position/command/data
2023-01-07	14:35:24.337 INFO     197694nanosecs 		for topic=open_manipulator/gripper_position/command/data
2023-01-07	14:35:24.456 INFO     334016nanosecs 		for topic=open_manipulator/gripper_sub_position/state/command
2023-01-07	14:35:24.524 INFO     294346nanosecs 		for topic=open_manipulator/gripper_sub_position/command/data
2023-01-07	14:35:25.929 INFO     330257nanosecs 		for topic=open_manipulator/joint3_position/command/data
2023-01-07	14:35:26.045 INFO     233795nanosecs 		for topic=open_manipulator/gripper/kinematics_pose/pose/position/z
2023-01-07	14:35:26.055 INFO     239395nanosecs 		for topic=open_manipulator/states/open_manipulator_actuator_state
2023-01-07	14:35:27.392 INFO     354838nanosecs 		for topic=open_manipulator/joint1_position/command/data
2023-01-07	14:35:27.633 INFO     303346nanosecs 		for topic=open_manipulator/joint4_position/command/data
2023-01-07	14:35:27.800 INFO     313906nanosecs 		for topic=open_manipulator/joint_states/effort
2023-01-07	14:35:27.842 INFO     280036nanosecs 		for topic=open_manipulator/gripper_position/state/process_value_dot
2023-01-07	14:35:28.378 INFO     341477nanosecs 		for topic=open_manipulator/joint2_position/command/data
2023-01-07	14:35:29.357 INFO     213955nanosecs 		for topic=open_manipulator/gripper_position/command/data
2023-01-07	14:35:30.640 INFO     254925nanosecs 		for topic=open_manipulator/gripper_sub_position/command/data
2023-01-07	14:35:30.868 INFO     290686nanosecs 		for topic=open_manipulator/states/open_manipulator_actuator_state
2023-01-07	14:35:31.576 INFO     339688nanosecs 		for topic=open_manipulator/gripper/kinematics_pose/pose/position/z
2023-01-07	14:35:31.584 INFO     248605nanosecs 		for topic=open_manipulator/joint4_position/command/data
2023-01-07	14:35:31.985 INFO     230966nanosecs 		for topic=open_manipulator/joint3_position/command/data
2023-01-07	14:35:32.408 INFO     332868nanosecs 		for topic=open_manipulator/joint_states/effort
2023-01-07	14:35:32.645 INFO     192655nanosecs 		for topic=open_manipulator/gripper_position/command/data
2023-01-07	14:35:33.270 INFO     294146nanosecs 		for topic=open_manipulator/gripper_sub_position/state/command
2023-01-07	14:35:33.953 INFO     303627nanosecs 		for topic=open_manipulator/gripper_position/state/process_value_dot
2023-01-07	14:35:34.555 INFO     235925nanosecs 		for topic=open_manipulator/gripper_sub_position/command/data
2023-01-07	14:35:34.588 INFO     334227nanosecs 		for topic=open_manipulator/joint1_position/command/data
2023-01-07	14:35:34.588 INFO     326317nanosecs 		for topic=open_manipulator/states/open_manipulator_actuator_state
2023-01-07	14:35:34.793 INFO     262476nanosecs 		for topic=open_manipulator/joint2_position/command/data
2023-01-07	14:35:35.171 INFO     227855nanosecs 		for topic=open_manipulator/joint4_position/command/data
2023-01-07	14:35:36.341 INFO     338737nanosecs 		for topic=open_manipulator/gripper/kinematics_pose/pose/position/z
2023-01-07	14:35:37.504 INFO     362598nanosecs 		for topic=open_manipulator/joint_states/effort
2023-01-07	14:35:38.227 INFO     233105nanosecs 		for topic=open_manipulator/joint3_position/command/data
2023-01-07	14:35:39.113 INFO     294096nanosecs 		for topic=open_manipulator/gripper_position/command/data
2023-01-07	14:35:39.186 INFO     313146nanosecs 		for topic=open_manipulator/gripper_sub_position/state/command
2023-01-07	14:35:39.332 INFO     203174nanosecs 		for topic=open_manipulator/gripper_sub_position/command/data
2023-01-07	14:35:39.848 INFO     206405nanosecs 		for topic=open_manipulator/gripper_position/state/process_value_dot
2023-01-07	14:35:41.923 INFO     292526nanosecs 		for topic=open_manipulator/states/open_manipulator_actuator_state
2023-01-07	14:35:43.229 INFO     300927nanosecs 		for topic=open_manipulator/joint1_position/command/data
2023-01-07	14:35:43.521 INFO     206434nanosecs 		for topic=open_manipulator/joint4_position/command/data
2023-01-07	14:35:44.565 INFO     313617nanosecs 		for topic=open_manipulator/joint2_position/command/data
2023-01-07	14:35:45.491 INFO     351478nanosecs 		for topic=open_manipulator/gripper/kinematics_pose/pose/position/z
2023-01-07	14:35:46.082 INFO     321227nanosecs 		for topic=open_manipulator/joint_states/effort
2023-01-07	14:35:46.088 INFO     196794nanosecs 		for topic=open_manipulator/gripper_position/command/data
2023-01-07	14:35:46.971 INFO     321347nanosecs 		for topic=open_manipulator/joint3_position/command/data
2023-01-07	14:35:47.537 INFO     141743nanosecs 		for topic=open_manipulator/gripper_sub_position/command/data
2023-01-07	14:35:48.547 INFO     396649nanosecs 		for topic=open_manipulator/gripper_sub_position/state/command
2023-01-07	14:35:51.127 INFO     250036nanosecs 		for topic=open_manipulator/states/open_manipulator_actuator_state
2023-01-07	14:35:52.087 INFO     322817nanosecs 		for topic=open_manipulator/gripper_position/state/process_value_dot
2023-01-07	14:35:54.112 INFO     377589nanosecs 		for topic=open_manipulator/joint4_position/command/data
2023-01-07	14:35:55.236 INFO     275496nanosecs 		for topic=open_manipulator/joint1_position/command/data
2023-01-07	14:35:57.516 INFO     341108nanosecs 		for topic=open_manipulator/gripper/kinematics_pose/pose/position/z
2023-01-07	14:35:58.729 INFO     274416nanosecs 		for topic=open_manipulator/joint2_position/command/data
2023-01-07	14:35:59.672 INFO     320367nanosecs 		for topic=open_manipulator/joint_states/effort
2023-01-07	14:36:00.041 INFO     316107nanosecs 		for topic=open_manipulator/gripper_position/command/data
2023-01-07	14:36:02.767 INFO     187644nanosecs 		for topic=open_manipulator/joint3_position/command/data
2023-01-07	14:36:02.789 INFO     194584nanosecs 		for topic=open_manipulator/gripper_sub_position/command/data
2023-01-07	14:36:04.010 INFO     343807nanosecs 		for topic=open_manipulator/states/open_manipulator_actuator_state
2023-01-07	14:36:04.224 INFO     259316nanosecs 		for topic=open_manipulator/joint4_position/command/data
2023-01-07	14:36:04.854 INFO     325017nanosecs 		for topic=open_manipulator/gripper_sub_position/state/command
2023-01-07	14:36:06.421 INFO     293147nanosecs 		for topic=open_manipulator/gripper_position/state/process_value_dot
2023-01-07	14:36:07.086 INFO     172944nanosecs 		for topic=open_manipulator/gripper/kinematics_pose/pose/position/z
2023-01-07	14:36:09.120 INFO     626713nanosecs 		for topic=open_manipulator/joint_states/effort
2023-01-07	14:36:10.561 INFO     348437nanosecs 		for topic=open_manipulator/joint2_position/command/data
2023-01-07	14:36:10.584 INFO     225545nanosecs 		for topic=open_manipulator/gripper_sub_position/command/data
2023-01-07	14:36:10.750 INFO     345327nanosecs 		for topic=open_manipulator/joint1_position/command/data
2023-01-07	14:36:10.750 INFO     244776nanosecs 		for topic=open_manipulator/gripper_position/command/data
2023-01-07	14:36:11.821 INFO     292157nanosecs 		for topic=open_manipulator/states/open_manipulator_actuator_state
2023-01-07	14:36:12.705 INFO     323726nanosecs 		for topic=open_manipulator/joint3_position/command/data
2023-01-07	14:36:12.706 INFO     280706nanosecs 		for topic=open_manipulator/joint4_position/command/data
2023-01-07	14:36:17.159 INFO     326217nanosecs 		for topic=open_manipulator/gripper_position/state/process_value_dot
2023-01-07	14:36:17.208 INFO     244055nanosecs 		for topic=open_manipulator/gripper_sub_position/state/command
2023-01-07	14:36:17.635 INFO     327547nanosecs 		for topic=open_manipulator/gripper/kinematics_pose/pose/position/z
2023-01-07	14:36:18.767 INFO     336438nanosecs 		for topic=open_manipulator/joint_states/effort
2023-01-07	14:36:19.764 INFO     149083nanosecs 		for topic=open_manipulator/gripper_sub_position/command/data
2023-01-07	14:36:20.451 INFO     218895nanosecs 		for topic=open_manipulator/joint2_position/command/data
2023-01-07	14:36:22.040 INFO     299146nanosecs 		for topic=open_manipulator/gripper_position/command/data
2023-01-07	14:36:23.309 INFO     213584nanosecs 		for topic=open_manipulator/states/open_manipulator_actuator_state
2023-01-07	14:36:24.581 INFO     263625nanosecs 		for topic=open_manipulator/joint1_position/command/data
2023-01-07	14:36:25.080 INFO     334497nanosecs 		for topic=open_manipulator/joint4_position/command/data
2023-01-07	14:36:25.162 INFO     318667nanosecs 		for topic=open_manipulator/joint3_position/command/data
2023-01-07	14:36:27.171 INFO     345418nanosecs 		for topic=open_manipulator/gripper/kinematics_pose/pose/position/z
2023-01-07	14:36:28.500 INFO     367468nanosecs 		for topic=open_manipulator/gripper_position/state/process_value_dot
2023-01-07	14:36:28.988 INFO     354497nanosecs 		for topic=open_manipulator/joint_states/effort
2023-01-07	14:36:33.081 INFO     338887nanosecs 		for topic=open_manipulator/gripper_sub_position/command/data
2023-01-07	14:36:33.710 INFO     196604nanosecs 		for topic=open_manipulator/states/open_manipulator_actuator_state
2023-01-07	14:36:33.730 INFO     236555nanosecs 		for topic=open_manipulator/gripper_position/command/data
2023-01-07	14:36:35.446 INFO     339387nanosecs 		for topic=open_manipulator/joint2_position/command/data
2023-01-07	14:36:36.783 INFO     306217nanosecs 		for topic=open_manipulator/joint4_position/command/data
2023-01-07	14:36:38.302 INFO     310487nanosecs 		for topic=open_manipulator/joint1_position/command/data
2023-01-07	14:36:39.568 INFO     169493nanosecs 		for topic=open_manipulator/joint3_position/command/data
2023-01-07	14:36:39.951 INFO     307446nanosecs 		for topic=open_manipulator/gripper/kinematics_pose/pose/position/z
2023-01-07	14:36:41.264 INFO     308357nanosecs 		for topic=open_manipulator/gripper_position/state/process_value_dot
2023-01-07	14:36:41.264 INFO     311568nanosecs 		for topic=open_manipulator/joint_states/effort
2023-01-07	14:36:42.821 INFO     275966nanosecs 		for topic=open_manipulator/gripper_sub_position/command/data
2023-01-07	14:36:43.563 INFO     284826nanosecs 		for topic=open_manipulator/states/open_manipulator_actuator_state
2023-01-07	14:36:44.395 INFO     322657nanosecs 		for topic=open_manipulator/gripper_sub_position/state/command
2023-01-07	14:36:44.990 INFO     303897nanosecs 		for topic=open_manipulator/gripper_position/command/data
2023-01-07	14:36:45.747 INFO     275935nanosecs 		for topic=open_manipulator/joint4_position/command/data
2023-01-07	14:36:47.301 INFO     184814nanosecs 		for topic=open_manipulator/joint2_position/command/data
2023-01-07	14:36:48.101 INFO     314246nanosecs 		for topic=open_manipulator/joint3_position/command/data
2023-01-07	14:36:48.781 INFO     303596nanosecs 		for topic=open_manipulator/gripper/kinematics_pose/pose/position/z
2023-01-07	14:36:49.632 INFO     285596nanosecs 		for topic=open_manipulator/joint1_position/command/data
2023-01-07	14:36:51.424 INFO     333168nanosecs 		for topic=open_manipulator/joint_states/effort
2023-01-07	14:36:51.828 INFO     288487nanosecs 		for topic=open_manipulator/gripper_position/state/process_value_dot
2023-01-07	14:36:52.658 INFO     296426nanosecs 		for topic=open_manipulator/gripper_sub_position/command/data
2023-01-07	14:36:52.940 INFO     309418nanosecs 		for topic=open_manipulator/states/open_manipulator_actuator_state
2023-01-07	14:36:54.871 INFO     207465nanosecs 		for topic=open_manipulator/gripper_position/command/data
2023-01-07	14:36:56.408 INFO     328577nanosecs 		for topic=open_manipulator/joint4_position/command/data
2023-01-07	14:36:56.536 INFO     288877nanosecs 		for topic=open_manipulator/gripper_sub_position/state/command
2023-01-07	14:36:57.336 INFO     283436nanosecs 		for topic=open_manipulator/joint3_position/command/data
2023-01-07	14:36:57.641 INFO     186874nanosecs 		for topic=open_manipulator/gripper/kinematics_pose/pose/position/z
2023-01-07	14:36:58.399 INFO     259105nanosecs 		for topic=open_manipulator/joint_states/effort
2023-01-07	14:36:59.702 INFO     320926nanosecs 		for topic=open_manipulator/gripper_sub_position/command/data
2023-01-07	14:36:59.980 INFO     321857nanosecs 		for topic=open_manipulator/joint2_position/command/data
2023-01-07	14:37:00.915 INFO     295607nanosecs 		for topic=open_manipulator/states/open_manipulator_actuator_state
2023-01-07	14:37:01.086 INFO     319567nanosecs 		for topic=open_manipulator/joint1_position/command/data
2023-01-07	14:37:01.491 INFO     326196nanosecs 		for topic=open_manipulator/gripper_position/state/process_value_dot
2023-01-07	14:37:01.664 INFO     209035nanosecs 		for topic=open_manipulator/gripper_position/command/data
2023-01-07	14:37:02.713 INFO     344077nanosecs 		for topic=open_manipulator/joint4_position/command/data
2023-01-07	14:37:03.384 INFO     327337nanosecs 		for topic=open_manipulator/gripper_sub_position/command/data
2023-01-07	14:37:03.922 INFO     294806nanosecs 		for topic=open_manipulator/joint3_position/command/data
2023-01-07	14:37:03.928 INFO     333207nanosecs 		for topic=open_manipulator/gripper/kinematics_pose/pose/position/z
2023-01-07	14:37:04.713 INFO     350057nanosecs 		for topic=open_manipulator/joint_states/effort
2023-01-07	14:37:04.725 INFO     269156nanosecs 		for topic=open_manipulator/gripper_sub_position/state/command
2023-01-07	14:37:04.789 INFO     534612nanosecs 		for topic=open_manipulator/states/open_manipulator_actuator_state
2023-01-07	14:37:07.294 INFO     351337nanosecs 		for topic=open_manipulator/gripper_position/state/process_value_dot
2023-01-07	14:37:07.299 INFO     313997nanosecs 		for topic=open_manipulator/gripper_position/command/data
2023-01-07	14:37:07.305 INFO     177954nanosecs 		for topic=open_manipulator/joint2_position/command/data
2023-01-07	14:37:07.476 INFO     216154nanosecs 		for topic=open_manipulator/joint4_position/command/data
2023-01-07	14:37:07.616 INFO     281276nanosecs 		for topic=open_manipulator/gripper_sub_position/command/data
2023-01-07	14:37:07.955 INFO     273557nanosecs 		for topic=open_manipulator/joint1_position/command/data
2023-01-07	14:37:08.567 INFO     556302nanosecs 		for topic=open_manipulator/gripper/kinematics_pose/pose/position/z
2023-01-07	14:37:08.875 INFO     297296nanosecs 		for topic=open_manipulator/joint3_position/command/data
2023-01-07	14:37:09.712 INFO     300827nanosecs 		for topic=open_manipulator/states/open_manipulator_actuator_state
2023-01-07	14:37:09.719 INFO     300897nanosecs 		for topic=open_manipulator/joint_states/effort
2023-01-07	14:37:10.744 INFO     359598nanosecs 		for topic=open_manipulator/gripper_sub_position/state/command
2023-01-07	14:37:12.124 INFO     290317nanosecs 		for topic=open_manipulator/gripper_position/state/process_value_dot
2023-01-07	14:37:12.873 INFO     282407nanosecs 		for topic=open_manipulator/gripper_position/command/data
2023-01-07	14:37:13.888 INFO     308416nanosecs 		for topic=open_manipulator/joint4_position/command/data
2023-01-07	14:37:14.166 INFO     284916nanosecs 		for topic=open_manipulator/gripper_sub_position/command/data
2023-01-07	14:37:15.116 INFO     325827nanosecs 		for topic=open_manipulator/joint2_position/command/data
2023-01-07	14:37:16.733 INFO     193084nanosecs 		for topic=open_manipulator/gripper/kinematics_pose/pose/position/z
2023-01-07	14:37:18.576 INFO     285016nanosecs 		for topic=open_manipulator/joint3_position/command/data
2023-01-07	14:37:18.577 INFO     303068nanosecs 		for topic=open_manipulator/joint1_position/command/data
2023-01-07	14:37:18.795 INFO     129683nanosecs 		for topic=open_manipulator/states/open_manipulator_actuator_state
2023-01-07	14:37:19.229 INFO     322457nanosecs 		for topic=open_manipulator/joint_states/effort
2023-01-07	14:37:22.196 INFO     302626nanosecs 		for topic=open_manipulator/gripper_position/state/process_value_dot
2023-01-07	14:37:22.271 INFO     306426nanosecs 		for topic=open_manipulator/gripper_sub_position/state/command
2023-01-07	14:37:23.613 INFO     325517nanosecs 		for topic=open_manipulator/gripper_position/command/data
2023-01-07	14:37:23.803 INFO     282026nanosecs 		for topic=open_manipulator/joint4_position/command/data
2023-01-07	14:37:24.836 INFO     323036nanosecs 		for topic=open_manipulator/gripper_sub_position/command/data
2023-01-07	14:37:27.839 INFO     308067nanosecs 		for topic=open_manipulator/joint2_position/command/data
2023-01-07	14:37:28.045 INFO     329187nanosecs 		for topic=open_manipulator/gripper/kinematics_pose/pose/position/z
2023-01-07	14:37:30.054 INFO     172433nanosecs 		for topic=open_manipulator/joint3_position/command/data
2023-01-07	14:37:34.611 INFO     295166nanosecs 		for topic=open_manipulator/states/open_manipulator_actuator_state
2023-01-07	14:37:35.533 INFO     304156nanosecs 		for topic=open_manipulator/joint1_position/command/data
2023-01-07	14:37:35.783 INFO     325357nanosecs 		for topic=open_manipulator/joint_states/effort
2023-01-07	14:37:36.673 INFO     284666nanosecs 		for topic=open_manipulator/gripper_position/command/data
2023-01-07	14:37:37.733 INFO     287437nanosecs 		for topic=open_manipulator/gripper_position/state/process_value_dot
2023-01-07	14:37:37.796 INFO     233235nanosecs 		for topic=open_manipulator/joint4_position/command/data
2023-01-07	14:37:38.131 INFO     350167nanosecs 		for topic=open_manipulator/gripper_sub_position/state/command
2023-01-07	14:37:38.305 INFO     202004nanosecs 		for topic=open_manipulator/gripper_sub_position/command/data
2023-01-07	14:37:41.276 INFO     305896nanosecs 		for topic=open_manipulator/joint2_position/command/data
2023-01-07	14:37:41.282 INFO     294766nanosecs 		for topic=open_manipulator/gripper/kinematics_pose/pose/position/z
2023-01-07	14:37:41.629 INFO     284176nanosecs 		for topic=open_manipulator/states/open_manipulator_actuator_state
2023-01-07	14:37:42.808 INFO     119783nanosecs 		for topic=open_manipulator/joint3_position/command/data
2023-01-07	14:37:44.525 INFO     289737nanosecs 		for topic=open_manipulator/gripper_position/command/data
2023-01-07	14:37:44.912 INFO     309346nanosecs 		for topic=open_manipulator/joint_states/effort
2023-01-07	14:37:45.255 INFO     229876nanosecs 		for topic=open_manipulator/joint4_position/command/data
2023-01-07	14:37:46.252 INFO     315197nanosecs 		for topic=open_manipulator/joint1_position/command/data
2023-01-07	14:37:46.259 INFO     169194nanosecs 		for topic=open_manipulator/gripper_sub_position/command/data
2023-01-07	14:37:47.060 INFO     263105nanosecs 		for topic=open_manipulator/gripper_position/state/process_value_dot
2023-01-07	14:37:48.329 INFO     310716nanosecs 		for topic=open_manipulator/gripper_sub_position/state/command
2023-01-07	14:37:48.330 INFO     311316nanosecs 		for topic=open_manipulator/gripper/kinematics_pose/pose/position/z
2023-01-07	14:37:48.337 INFO     226995nanosecs 		for topic=open_manipulator/states/open_manipulator_actuator_state
2023-01-07	14:37:50.088 INFO     330037nanosecs 		for topic=open_manipulator/joint2_position/command/data
2023-01-07	14:37:50.645 INFO     326637nanosecs 		for topic=open_manipulator/joint3_position/command/data
2023-01-07	14:37:51.553 INFO     191914nanosecs 		for topic=open_manipulator/gripper_position/command/data
2023-01-07	14:37:52.316 INFO     295506nanosecs 		for topic=open_manipulator/joint_states/effort
2023-01-07	14:37:52.317 INFO     260466nanosecs 		for topic=open_manipulator/joint4_position/command/data
2023-01-07	14:37:53.928 INFO     230195nanosecs 		for topic=open_manipulator/gripper_sub_position/command/data
2023-01-07	14:37:56.272 INFO     311197nanosecs 		for topic=open_manipulator/states/open_manipulator_actuator_state
2023-01-07	14:37:56.428 INFO     347408nanosecs 		for topic=open_manipulator/gripper/kinematics_pose/pose/position/z
2023-01-07	14:37:56.429 INFO     186724nanosecs 		for topic=open_manipulator/joint1_position/command/data
2023-01-07	14:37:56.699 INFO     285205nanosecs 		for topic=open_manipulator/gripper_position/state/process_value_dot
2023-01-07	14:37:57.661 INFO     503350nanosecs 		for topic=open_manipulator/gripper_sub_position/state/command
2023-01-07	14:37:57.956 INFO     222375nanosecs 		for topic=open_manipulator/gripper_position/command/data
2023-01-07	14:37:58.338 INFO     196354nanosecs 		for topic=open_manipulator/joint3_position/command/data
2023-01-07	14:37:59.473 INFO     312237nanosecs 		for topic=open_manipulator/joint2_position/command/data
2023-01-07	14:38:00.546 INFO     311517nanosecs 		for topic=open_manipulator/joint4_position/command/data
2023-01-07	14:38:01.087 INFO     316947nanosecs 		for topic=open_manipulator/joint_states/effort
2023-01-07	14:38:01.093 INFO     251415nanosecs 		for topic=open_manipulator/gripper_sub_position/command/data
2023-01-07	14:38:02.433 INFO     165014nanosecs 		for topic=open_manipulator/states/open_manipulator_actuator_state