2023-01-07	14:39:19.824 INFO     327397nanosecs 		for topic=open_manipulator/gripper_sub_position/command/data
2023-01-07	14:39:19.825 INFO     288677nanosecs 		for topic=open_manipulator/gripper_position/command/data
2023-01-07	14:39:19.881 INFO     156053nanosecs 		for topic=open_manipulator/joint4_position/command/data
2023-01-07	14:39:20.011 INFO     205265nanosecs 		for topic=open_manipulator/states/open_manipulator_actuator_state
2023-01-07	14:39:20.028 INFO     272005nanosecs 		for topic=open_manipulator/gripper/kinematics_pose/pose/position/z
2023-01-07	14:39:20.274 INFO     328928nanosecs 		for topic=open_manipulator/joint_states/effort
2023-01-07	14:39:20.759 INFO     283706nanosecs 		for topic=open_manipulator/joint3_position/command/data
2023-01-07	14:39:21.647 INFO     256716nanosecs 		for topic=open_manipulator/gripper_sub_position/state/command
2023-01-07	14:39:21.648 INFO     269995nanosecs 		for topic=open_manipulator/joint2_position/command/data
2023-01-07	14:39:21.802 INFO     188444nanosecs 		for topic=open_manipulator/gripper_sub_position/command/data
2023-01-07	14:39:21.802 INFO     212135nanosecs 		for topic=open_manipulator/gripper_position/state/process_value_dot
2023-01-07	14:39:22.889 INFO     225195nanosecs 		for topic=open_manipulator/joint1_position/command/data
2023-01-07	14:39:22.901 INFO     275726nanosecs 		for topic=open_manipulator/gripper_position/command/data
2023-01-07	14:39:23.724 INFO     320687nanosecs 		for topic=open_manipulator/joint4_position/command/data
2023-01-07	14:39:25.571 INFO     226795nanosecs 		for topic=open_manipulator/states/open_manipulator_actuator_state
2023-01-07	14:39:27.011 INFO     300037nanosecs 		for topic=open_manipulator/gripper/kinematics_pose/pose/position/z
2023-01-07	14:39:27.613 INFO     332476nanosecs 		for topic=open_manipulator/joint_states/effort
2023-01-07	14:39:28.280 INFO     341847nanosecs 		for topic=open_manipulator/joint3_position/command/data
2023-01-07	14:39:29.195 INFO     274316nanosecs 		for topic=open_manipulator/gripper_sub_position/state/command
2023-01-07	14:39:29.597 INFO     161523nanosecs 		for topic=open_manipulator/gripper_sub_position/command/data
2023-01-07	14:39:30.554 INFO     189375nanosecs 		for topic=open_manipulator/joint2_position/command/data
2023-01-07	14:39:31.661 INFO     269506nanosecs 		for topic=open_manipulator/gripper_position/command/data
2023-01-07	14:39:33.464 INFO     243355nanosecs 		for topic=open_manipulator/joint4_position/command/data
2023-01-07	14:39:33.948 INFO     327197nanosecs 		for topic=open_manipulator/joint1_position/command/data
2023-01-07	14:39:34.146 INFO     282846nanosecs 		for topic=open_manipulator/gripper_position/state/process_value_dot
2023-01-07	14:39:34.232 INFO     142213nanosecs 		for topic=open_manipulator/gripper/kinematics_pose/pose/position/z
2023-01-07	14:39:35.097 INFO     612813nanosecs 		for topic=open_manipulator/joint_states/effort
2023-01-07	14:39:35.097 INFO     211145nanosecs 		for topic=open_manipulator/states/open_manipulator_actuator_state
2023-01-07	14:39:36.466 INFO     299736nanosecs 		for topic=open_manipulator/joint3_position/command/data
2023-01-07	14:39:36.984 INFO     326277nanosecs 		for topic=open_manipulator/gripper_sub_position/command/data
2023-01-07	14:39:37.967 INFO     346018nanosecs 		for topic=open_manipulator/gripper_sub_position/state/command
2023-01-07	14:39:38.560 INFO     323807nanosecs 		for topic=open_manipulator/joint4_position/command/data
2023-01-07	14:39:38.561 INFO     554462nanosecs 		for topic=open_manipulator/gripper_position/command/data
2023-01-07	14:39:40.340 INFO     195074nanosecs 		for topic=open_manipulator/joint2_position/command/data
2023-01-07	14:39:41.586 INFO     197764nanosecs 		for topic=open_manipulator/gripper/kinematics_pose/pose/position/z
2023-01-07	14:39:41.856 INFO     328608nanosecs 		for topic=open_manipulator/joint_states/effort
2023-01-07	14:39:43.172 INFO     353228nanosecs 		for topic=open_manipulator/gripper_position/state/process_value_dot
2023-01-07	14:39:43.178 INFO     255807nanosecs 		for topic=open_manipulator/states/open_manipulator_actuator_state
2023-01-07	14:39:43.551 INFO     645253nanosecs 		for topic=open_manipulator/joint1_position/command/data
2023-01-07	14:39:44.967 INFO     171043nanosecs 		for topic=open_manipulator/joint3_position/command/data
2023-01-07	14:39:44.973 INFO     284086nanosecs 		for topic=open_manipulator/gripper_sub_position/command/data
2023-01-07	14:39:46.925 INFO     260946nanosecs 		for topic=open_manipulator/joint4_position/command/data
2023-01-07	14:39:47.322 INFO     240235nanosecs 		for topic=open_manipulator/gripper_position/command/data
2023-01-07	14:39:49.476 INFO     357508nanosecs 		for topic=open_manipulator/gripper/kinematics_pose/pose/position/z
2023-01-07	14:39:49.819 INFO     223865nanosecs 		for topic=open_manipulator/joint_states/effort
2023-01-07	14:39:49.820 INFO     321017nanosecs 		for topic=open_manipulator/joint2_position/command/data
2023-01-07	14:39:50.316 INFO     334378nanosecs 		for topic=open_manipulator/gripper_sub_position/state/command
2023-01-07	14:39:50.781 INFO     257685nanosecs 		for topic=open_manipulator/states/open_manipulator_actuator_state
2023-01-07	14:39:51.724 INFO     248865nanosecs 		for topic=open_manipulator/gripper_sub_position/command/data
2023-01-07	14:39:51.929 INFO     331288nanosecs 		for topic=open_manipulator/gripper_position/state/process_value_dot
2023-01-07	14:39:52.213 INFO     219575nanosecs 		for topic=open_manipulator/joint4_position/command/data
2023-01-07	14:39:52.998 INFO     308876nanosecs 		for topic=open_manipulator/gripper_position/command/data
2023-01-07	14:39:53.159 INFO     279686nanosecs 		for topic=open_manipulator/joint3_position/command/data
2023-01-07	14:39:54.518 INFO     591823nanosecs 		for topic=open_manipulator/gripper/kinematics_pose/pose/position/z
2023-01-07	14:39:55.210 INFO     289476nanosecs 		for topic=open_manipulator/joint1_position/command/data
2023-01-07	14:39:56.646 INFO     222095nanosecs 		for topic=open_manipulator/joint_states/effort
2023-01-07	14:39:57.056 INFO     336708nanosecs 		for topic=open_manipulator/states/open_manipulator_actuator_state
2023-01-07	14:39:57.057 INFO     316727nanosecs 		for topic=open_manipulator/gripper_sub_position/command/data
2023-01-07	14:39:57.700 INFO     279845nanosecs 		for topic=open_manipulator/joint2_position/command/data
2023-01-07	14:39:57.754 INFO     213896nanosecs 		for topic=open_manipulator/joint4_position/command/data
2023-01-07	14:39:58.262 INFO     653504nanosecs 		for topic=open_manipulator/gripper_sub_position/state/command
2023-01-07	14:39:58.433 INFO     314757nanosecs 		for topic=open_manipulator/gripper_position/command/data
2023-01-07	14:39:58.924 INFO     186605nanosecs 		for topic=open_manipulator/gripper/kinematics_pose/pose/position/z
2023-01-07	14:39:59.227 INFO     180734nanosecs 		for topic=open_manipulator/joint3_position/command/data
2023-01-07	14:39:59.244 INFO     344147nanosecs 		for topic=open_manipulator/gripper_position/state/process_value_dot
2023-01-07	14:39:59.431 INFO     251835nanosecs 		for topic=open_manipulator/states/open_manipulator_actuator_state
2023-01-07	14:39:59.587 INFO     184324nanosecs 		for topic=open_manipulator/joint_states/effort
2023-01-07	14:40:00.478 INFO     327417nanosecs 		for topic=open_manipulator/gripper_sub_position/command/data
2023-01-07	14:40:01.814 INFO     295277nanosecs 		for topic=open_manipulator/joint1_position/command/data
2023-01-07	14:40:01.849 INFO     313307nanosecs 		for topic=open_manipulator/joint4_position/command/data
2023-01-07	14:40:02.553 INFO     153553nanosecs 		for topic=open_manipulator/gripper_position/command/data
2023-01-07	14:40:02.692 INFO     298137nanosecs 		for topic=open_manipulator/joint2_position/command/data
2023-01-07	14:40:02.967 INFO     246345nanosecs 		for topic=open_manipulator/gripper/kinematics_pose/pose/position/z
2023-01-07	14:40:04.483 INFO     190984nanosecs 		for topic=open_manipulator/joint3_position/command/data
2023-01-07	14:40:05.145 INFO     315357nanosecs 		for topic=open_manipulator/gripper_sub_position/state/command
2023-01-07	14:40:05.759 INFO     311606nanosecs 		for topic=open_manipulator/states/open_manipulator_actuator_state
2023-01-07	14:40:06.192 INFO     358008nanosecs 		for topic=open_manipulator/joint_states/effort
2023-01-07	14:40:06.411 INFO     243895nanosecs 		for topic=open_manipulator/gripper_sub_position/command/data
2023-01-07	14:40:07.425 INFO     294467nanosecs 		for topic=open_manipulator/gripper_position/state/process_value_dot
2023-01-07	14:40:07.436 INFO     465310nanosecs 		for topic=open_manipulator/joint4_position/command/data
2023-01-07	14:40:08.109 INFO     306397nanosecs 		for topic=open_manipulator/gripper_position/command/data
2023-01-07	14:40:09.740 INFO     365088nanosecs 		for topic=open_manipulator/gripper/kinematics_pose/pose/position/z
2023-01-07	14:40:10.665 INFO     269257nanosecs 		for topic=open_manipulator/joint1_position/command/data
2023-01-07	14:40:10.671 INFO     166483nanosecs 		for topic=open_manipulator/joint2_position/command/data
2023-01-07	14:40:10.752 INFO     267196nanosecs 		for topic=open_manipulator/states/open_manipulator_actuator_state
2023-01-07	14:40:10.857 INFO     211385nanosecs 		for topic=open_manipulator/joint3_position/command/data
2023-01-07	14:40:12.664 INFO     331597nanosecs 		for topic=open_manipulator/gripper_sub_position/state/command
2023-01-07	14:40:12.845 INFO     248295nanosecs 		for topic=open_manipulator/joint_states/effort
2023-01-07	14:40:12.851 INFO     271065nanosecs 		for topic=open_manipulator/gripper_sub_position/command/data
2023-01-07	14:40:15.196 INFO     255075nanosecs 		for topic=open_manipulator/joint4_position/command/data
2023-01-07	14:40:15.356 INFO     167104nanosecs 		for topic=open_manipulator/gripper_position/state/process_value_dot
2023-01-07	14:40:16.708 INFO     301567nanosecs 		for topic=open_manipulator/gripper_position/command/data
2023-01-07	14:40:17.985 INFO     294135nanosecs 		for topic=open_manipulator/gripper/kinematics_pose/pose/position/z
2023-01-07	14:40:19.468 INFO     322396nanosecs 		for topic=open_manipulator/states/open_manipulator_actuator_state
2023-01-07	14:40:21.416 INFO     315047nanosecs 		for topic=open_manipulator/joint3_position/command/data
2023-01-07	14:40:22.044 INFO     321886nanosecs 		for topic=open_manipulator/joint2_position/command/data
2023-01-07	14:40:22.045 INFO     251566nanosecs 		for topic=open_manipulator/joint_states/effort
2023-01-07	14:40:22.235 INFO     319796nanosecs 		for topic=open_manipulator/joint1_position/command/data
2023-01-07	14:40:23.047 INFO     559023nanosecs 		for topic=open_manipulator/gripper_sub_position/command/data
2023-01-07	14:40:23.288 INFO     265976nanosecs 		for topic=open_manipulator/gripper_sub_position/state/command
2023-01-07	14:40:23.288 INFO     356867nanosecs 		for topic=open_manipulator/joint4_position/command/data
2023-01-07	14:40:24.512 INFO     295856nanosecs 		for topic=open_manipulator/gripper_position/command/data
2023-01-07	14:40:25.713 INFO     313037nanosecs 		for topic=open_manipulator/gripper_position/state/process_value_dot
2023-01-07	14:40:25.720 INFO     294387nanosecs 		for topic=open_manipulator/gripper/kinematics_pose/pose/position/z
2023-01-07	14:40:25.925 INFO     289276nanosecs 		for topic=open_manipulator/states/open_manipulator_actuator_state
2023-01-07	14:40:27.585 INFO     276306nanosecs 		for topic=open_manipulator/joint3_position/command/data
2023-01-07	14:40:28.742 INFO     313017nanosecs 		for topic=open_manipulator/joint_states/effort
2023-01-07	14:40:28.832 INFO     209585nanosecs 		for topic=open_manipulator/joint2_position/command/data
2023-01-07	14:40:30.038 INFO     282956nanosecs 		for topic=open_manipulator/joint4_position/command/data
2023-01-07	14:40:30.581 INFO     301467nanosecs 		for topic=open_manipulator/gripper_sub_position/command/data
2023-01-07	14:40:31.359 INFO     230056nanosecs 		for topic=open_manipulator/gripper_position/command/data
2023-01-07	14:40:31.905 INFO     381428nanosecs 		for topic=open_manipulator/gripper_sub_position/state/command
2023-01-07	14:40:32.940 INFO     344427nanosecs 		for topic=open_manipulator/joint1_position/command/data
2023-01-07	14:40:32.946 INFO     326376nanosecs 		for topic=open_manipulator/gripper/kinematics_pose/pose/position/z
2023-01-07	14:40:33.409 INFO     202785nanosecs 		for topic=open_manipulator/states/open_manipulator_actuator_state
2023-01-07	14:40:33.673 INFO     358128nanosecs 		for topic=open_manipulator/gripper_position/state/process_value_dot
2023-01-07	14:40:33.986 INFO     302466nanosecs 		for topic=open_manipulator/joint3_position/command/data
2023-01-07	14:40:34.795 INFO     298096nanosecs 		for topic=open_manipulator/joint_states/effort
2023-01-07	14:40:35.583 INFO     306687nanosecs 		for topic=open_manipulator/joint4_position/command/data
2023-01-07	14:40:36.364 INFO     135883nanosecs 		for topic=open_manipulator/gripper_position/command/data
2023-01-07	14:40:36.764 INFO     286486nanosecs 		for topic=open_manipulator/joint2_position/command/data
2023-01-07	14:40:37.367 INFO     240095nanosecs 		for topic=open_manipulator/gripper_sub_position/command/data
2023-01-07	14:40:38.596 INFO     287566nanosecs 		for topic=open_manipulator/gripper_sub_position/state/command
2023-01-07	14:40:40.159 INFO     290696nanosecs 		for topic=open_manipulator/joint1_position/command/data
2023-01-07	14:40:41.492 INFO     307038nanosecs 		for topic=open_manipulator/states/open_manipulator_actuator_state
2023-01-07	14:40:41.675 INFO     326578nanosecs 		for topic=open_manipulator/gripper/kinematics_pose/pose/position/z
2023-01-07	14:40:43.109 INFO     249315nanosecs 		for topic=open_manipulator/joint3_position/command/data
2023-01-07	14:40:43.375 INFO     205984nanosecs 		for topic=open_manipulator/joint4_position/command/data
2023-01-07	14:40:43.650 INFO     305348nanosecs 		for topic=open_manipulator/joint_states/effort
2023-01-07	14:40:44.562 INFO     283555nanosecs 		for topic=open_manipulator/gripper_position/state/process_value_dot
2023-01-07	14:40:45.156 INFO     293196nanosecs 		for topic=open_manipulator/gripper_position/command/data
2023-01-07	14:40:47.255 INFO     300706nanosecs 		for topic=open_manipulator/gripper_sub_position/command/data
2023-01-07	14:40:47.751 INFO     273805nanosecs 		for topic=open_manipulator/joint2_position/command/data
2023-01-07	14:40:48.644 INFO     342377nanosecs 		for topic=open_manipulator/states/open_manipulator_actuator_state
2023-01-07	14:40:49.333 INFO     329888nanosecs 		for topic=open_manipulator/gripper/kinematics_pose/pose/position/z
2023-01-07	14:40:50.449 INFO     572272nanosecs 		for topic=open_manipulator/joint4_position/command/data
2023-01-07	14:40:50.683 INFO     213955nanosecs 		for topic=open_manipulator/joint3_position/command/data
2023-01-07	14:40:50.690 INFO     259445nanosecs 		for topic=open_manipulator/gripper_sub_position/state/command
2023-01-07	14:40:52.315 INFO     321247nanosecs 		for topic=open_manipulator/joint1_position/command/data
2023-01-07	14:40:52.581 INFO     335137nanosecs 		for topic=open_manipulator/joint_states/effort
2023-01-07	14:40:54.059 INFO     320997nanosecs 		for topic=open_manipulator/gripper_position/command/data
2023-01-07	14:40:54.308 INFO     324037nanosecs 		for topic=open_manipulator/gripper_sub_position/command/data
2023-01-07	14:40:55.022 INFO     238725nanosecs 		for topic=open_manipulator/states/open_manipulator_actuator_state
2023-01-07	14:40:55.318 INFO     271576nanosecs 		for topic=open_manipulator/gripper_position/state/process_value_dot
2023-01-07	14:40:56.391 INFO     328808nanosecs 		for topic=open_manipulator/joint4_position/command/data
2023-01-07	14:40:56.625 INFO     609643nanosecs 		for topic=open_manipulator/gripper/kinematics_pose/pose/position/z
2023-01-07	14:40:56.798 INFO     340647nanosecs 		for topic=open_manipulator/joint2_position/command/data
2023-01-07	14:40:59.534 INFO     359238nanosecs 		for topic=open_manipulator/joint3_position/command/data
2023-01-07	14:41:00.171 INFO     298376nanosecs 		for topic=open_manipulator/gripper_sub_position/state/command
2023-01-07	14:41:00.338 INFO     345357nanosecs 		for topic=open_manipulator/joint_states/effort
2023-01-07	14:41:00.338 INFO     281336nanosecs 		for topic=open_manipulator/gripper_position/command/data
2023-01-07	14:41:01.599 INFO     356078nanosecs 		for topic=open_manipulator/joint1_position/command/data
2023-01-07	14:41:02.032 INFO     150873nanosecs 		for topic=open_manipulator/gripper_sub_position/command/data
2023-01-07	14:41:04.150 INFO     317686nanosecs 		for topic=open_manipulator/states/open_manipulator_actuator_state
2023-01-07	14:41:07.745 INFO     310486nanosecs 		for topic=open_manipulator/joint4_position/command/data
2023-01-07	14:41:08.290 INFO     310566nanosecs 		for topic=open_manipulator/gripper/kinematics_pose/pose/position/z
2023-01-07	14:41:08.609 INFO     243025nanosecs 		for topic=open_manipulator/gripper_position/state/process_value_dot
2023-01-07	14:41:08.785 INFO     312527nanosecs 		for topic=open_manipulator/joint3_position/command/data
2023-01-07	14:41:09.597 INFO     219415nanosecs 		for topic=open_manipulator/joint2_position/command/data
2023-01-07	14:41:10.087 INFO     281856nanosecs 		for topic=open_manipulator/gripper_position/command/data
2023-01-07	14:41:10.401 INFO     366898nanosecs 		for topic=open_manipulator/joint_states/effort
2023-01-07	14:41:11.247 INFO     172054nanosecs 		for topic=open_manipulator/gripper_sub_position/state/command
2023-01-07	14:41:11.489 INFO     158233nanosecs 		for topic=open_manipulator/gripper_sub_position/command/data
2023-01-07	14:41:11.490 INFO     283756nanosecs 		for topic=open_manipulator/states/open_manipulator_actuator_state
2023-01-07	14:41:11.498 INFO     267855nanosecs 		for topic=open_manipulator/joint4_position/command/data
2023-01-07	14:41:13.180 INFO     309357nanosecs 		for topic=open_manipulator/gripper/kinematics_pose/pose/position/z
2023-01-07	14:41:14.575 INFO     279336nanosecs 		for topic=open_manipulator/joint1_position/command/data
2023-01-07	14:41:14.782 INFO     244785nanosecs 		for topic=open_manipulator/gripper_position/state/process_value_dot
2023-01-07	14:41:15.579 INFO     342258nanosecs 		for topic=open_manipulator/joint3_position/command/data
2023-01-07	14:41:15.832 INFO     207885nanosecs 		for topic=open_manipulator/gripper_position/command/data
2023-01-07	14:41:16.100 INFO     150194nanosecs 		for topic=open_manipulator/gripper_sub_position/command/data
2023-01-07	14:41:16.200 INFO     189954nanosecs 		for topic=open_manipulator/joint2_position/command/data
2023-01-07	14:41:16.302 INFO     270816nanosecs 		for topic=open_manipulator/joint_states/effort
2023-01-07	14:41:16.581 INFO     297226nanosecs 		for topic=open_manipulator/states/open_manipulator_actuator_state
2023-01-07	14:41:17.746 INFO     280537nanosecs 		for topic=open_manipulator/joint4_position/command/data
2023-01-07	14:41:18.125 INFO     286867nanosecs 		for topic=open_manipulator/gripper_sub_position/state/command
2023-01-07	14:41:18.125 INFO     277346nanosecs 		for topic=open_manipulator/gripper/kinematics_pose/pose/position/z
2023-01-07	14:41:20.984 INFO     212144nanosecs 		for topic=open_manipulator/joint1_position/command/data
2023-01-07	14:41:20.990 INFO     315658nanosecs 		for topic=open_manipulator/joint3_position/command/data
2023-01-07	14:41:21.176 INFO     237495nanosecs 		for topic=open_manipulator/gripper_position/state/process_value_dot
2023-01-07	14:41:21.520 INFO     267296nanosecs 		for topic=open_manipulator/gripper_position/command/data
2023-01-07	14:41:21.521 INFO     174864nanosecs 		for topic=open_manipulator/gripper_sub_position/command/data
2023-01-07	14:41:22.272 INFO     194094nanosecs 		for topic=open_manipulator/states/open_manipulator_actuator_state
2023-01-07	14:41:22.819 INFO     286197nanosecs 		for topic=open_manipulator/joint4_position/command/data
2023-01-07	14:41:23.005 INFO     212815nanosecs 		for topic=open_manipulator/joint_states/effort
2023-01-07	14:41:23.480 INFO     229355nanosecs 		for topic=open_manipulator/joint2_position/command/data
2023-01-07	14:41:25.260 INFO     218164nanosecs 		for topic=open_manipulator/gripper/kinematics_pose/pose/position/z
2023-01-07	14:41:26.389 INFO     326767nanosecs 		for topic=open_manipulator/joint3_position/command/data
2023-01-07	14:41:26.604 INFO     206465nanosecs 		for topic=open_manipulator/gripper_sub_position/state/command
2023-01-07	14:41:27.845 INFO     203884nanosecs 		for topic=open_manipulator/joint1_position/command/data
2023-01-07	14:41:27.922 INFO     259316nanosecs 		for topic=open_manipulator/gripper_position/command/data
2023-01-07	14:41:28.564 INFO     271626nanosecs 		for topic=open_manipulator/gripper_sub_position/command/data
2023-01-07	14:41:29.787 INFO     260566nanosecs 		for topic=open_manipulator/gripper_position/state/process_value_dot
2023-01-07	14:41:30.108 INFO     313997nanosecs 		for topic=open_manipulator/joint4_position/command/data
2023-01-07	14:41:30.108 INFO     209994nanosecs 		for topic=open_manipulator/states/open_manipulator_actuator_state
2023-01-07	14:41:31.109 INFO     328998nanosecs 		for topic=open_manipulator/joint_states/effort
2023-01-07	14:41:32.065 INFO     268196nanosecs 		for topic=open_manipulator/gripper/kinematics_pose/pose/position/z
2023-01-07	14:41:33.115 INFO     369257nanosecs 		for topic=open_manipulator/joint2_position/command/data
2023-01-07	14:41:33.261 INFO     227775nanosecs 		for topic=open_manipulator/joint3_position/command/data
2023-01-07	14:41:34.549 INFO     243416nanosecs 		for topic=open_manipulator/gripper_sub_position/state/command
2023-01-07	14:41:34.991 INFO     229345nanosecs 		for topic=open_manipulator/gripper_position/command/data
2023-01-07	14:41:35.694 INFO     309007nanosecs 		for topic=open_manipulator/gripper_sub_position/command/data
2023-01-07	14:41:37.311 INFO     147203nanosecs 		for topic=open_manipulator/joint1_position/command/data
2023-01-07	14:41:37.720 INFO     322677nanosecs 		for topic=open_manipulator/states/open_manipulator_actuator_state
2023-01-07	14:41:37.740 INFO     260155nanosecs 		for topic=open_manipulator/joint4_position/command/data
2023-01-07	14:41:39.091 INFO     267735nanosecs 		for topic=open_manipulator/gripper/kinematics_pose/pose/position/z
2023-01-07	14:41:39.091 INFO     263966nanosecs 		for topic=open_manipulator/joint_states/effort
2023-01-07	14:41:39.092 INFO     243915nanosecs 		for topic=open_manipulator/gripper_position/state/process_value_dot
2023-01-07	14:41:40.830 INFO     275806nanosecs 		for topic=open_manipulator/joint3_position/command/data
2023-01-07	14:41:40.965 INFO     199384nanosecs 		for topic=open_manipulator/gripper_position/command/data
2023-01-07	14:41:41.730 INFO     205134nanosecs 		for topic=open_manipulator/joint2_position/command/data
2023-01-07	14:41:42.293 INFO     208664nanosecs 		for topic=open_manipulator/gripper_sub_position/command/data
2023-01-07	14:41:43.522 INFO     356668nanosecs 		for topic=open_manipulator/gripper_sub_position/state/command
2023-01-07	14:41:43.615 INFO     237015nanosecs 		for topic=open_manipulator/states/open_manipulator_actuator_state
2023-01-07	14:41:45.143 INFO     314467nanosecs 		for topic=open_manipulator/joint4_position/command/data
2023-01-07	14:41:45.497 INFO     314498nanosecs 		for topic=open_manipulator/joint1_position/command/data
2023-01-07	14:41:45.777 INFO     307326nanosecs 		for topic=open_manipulator/joint_states/effort
2023-01-07	14:41:45.777 INFO     300767nanosecs 		for topic=open_manipulator/gripper/kinematics_pose/pose/position/z
2023-01-07	14:41:47.305 INFO     355217nanosecs 		for topic=open_manipulator/gripper_position/command/data
2023-01-07	14:41:47.734 INFO     277396nanosecs 		for topic=open_manipulator/joint3_position/command/data
2023-01-07	14:41:48.011 INFO     304426nanosecs 		for topic=open_manipulator/gripper_position/state/process_value_dot
2023-01-07	14:41:51.909 INFO     314546nanosecs 		for topic=open_manipulator/joint2_position/command/data
2023-01-07	14:41:52.178 INFO     201444nanosecs 		for topic=open_manipulator/states/open_manipulator_actuator_state
2023-01-07	14:41:52.185 INFO     271896nanosecs 		for topic=open_manipulator/gripper_sub_position/command/data
2023-01-07	14:41:52.964 INFO     275506nanosecs 		for topic=open_manipulator/joint4_position/command/data
2023-01-07	14:41:54.144 INFO     385008nanosecs 		for topic=open_manipulator/gripper_sub_position/state/command
2023-01-07	14:41:54.553 INFO     339018nanosecs 		for topic=open_manipulator/joint_states/effort
2023-01-07	14:41:55.164 INFO     239675nanosecs 		for topic=open_manipulator/gripper_position/command/data
2023-01-07	14:41:55.236 INFO     234215nanosecs 		for topic=open_manipulator/gripper/kinematics_pose/pose/position/z
2023-01-07	14:41:56.249 INFO     147333nanosecs 		for topic=open_manipulator/joint3_position/command/data
2023-01-07	14:41:57.347 INFO     245655nanosecs 		for topic=open_manipulator/joint1_position/command/data
2023-01-07	14:41:57.517 INFO     232304nanosecs 		for topic=open_manipulator/gripper_position/state/process_value_dot
2023-01-07	14:41:57.913 INFO     348307nanosecs 		for topic=open_manipulator/states/open_manipulator_actuator_state
2023-01-07	14:41:58.608 INFO     262205nanosecs 		for topic=open_manipulator/joint2_position/command/data
2023-01-07	14:41:59.598 INFO     276866nanosecs 		for topic=open_manipulator/joint4_position/command/data
2023-01-07	14:41:59.609 INFO     258756nanosecs 		for topic=open_manipulator/gripper_sub_position/command/data
2023-01-07	14:42:00.314 INFO     280926nanosecs 		for topic=open_manipulator/gripper_position/command/data
2023-01-07	14:42:00.446 INFO     255695nanosecs 		for topic=open_manipulator/joint_states/effort
2023-01-07	14:42:00.759 INFO     268626nanosecs 		for topic=open_manipulator/gripper/kinematics_pose/pose/position/z
2023-01-07	14:42:01.379 INFO     323788nanosecs 		for topic=open_manipulator/gripper_sub_position/state/command
2023-01-07	14:42:02.623 INFO     252535nanosecs 		for topic=open_manipulator/joint3_position/command/data
2023-01-07	14:42:02.630 INFO     317787nanosecs 		for topic=open_manipulator/states/open_manipulator_actuator_state
2023-01-07	14:42:03.732 INFO     328617nanosecs 		for topic=open_manipulator/gripper_position/state/process_value_dot
2023-01-07	14:42:04.153 INFO     287358nanosecs 		for topic=open_manipulator/joint4_position/command/data
2023-01-07	14:42:04.579 INFO     289726nanosecs 		for topic=open_manipulator/joint1_position/command/data
2023-01-07	14:42:05.243 INFO     220914nanosecs 		for topic=open_manipulator/gripper_sub_position/command/data
2023-01-07	14:42:06.454 INFO     237295nanosecs 		for topic=open_manipulator/joint2_position/command/data
2023-01-07	14:42:07.061 INFO     302387nanosecs 		for topic=open_manipulator/gripper_position/command/data
2023-01-07	14:42:07.061 INFO     241145nanosecs 		for topic=open_manipulator/joint_states/effort
2023-01-07	14:42:08.254 INFO     337126nanosecs 		for topic=open_manipulator/gripper/kinematics_pose/pose/position/z
2023-01-07	14:42:09.397 INFO     220475nanosecs 		for topic=open_manipulator/joint3_position/command/data
2023-01-07	14:42:09.517 INFO     247655nanosecs 		for topic=open_manipulator/gripper_sub_position/state/command
2023-01-07	14:42:10.823 INFO     292266nanosecs 		for topic=open_manipulator/states/open_manipulator_actuator_state
2023-01-07	14:42:12.190 INFO     289596nanosecs 		for topic=open_manipulator/joint4_position/command/data
2023-01-07	14:42:12.797 INFO     319128nanosecs 		for topic=open_manipulator/gripper_position/state/process_value_dot
2023-01-07	14:42:13.205 INFO     302416nanosecs 		for topic=open_manipulator/gripper_sub_position/command/data
2023-01-07	14:42:15.980 INFO     220785nanosecs 		for topic=open_manipulator/gripper_position/command/data
2023-01-07	14:42:15.980 INFO     170473nanosecs 		for topic=open_manipulator/joint1_position/command/data
2023-01-07	14:42:16.237 INFO     155704nanosecs 		for topic=open_manipulator/joint2_position/command/data
2023-01-07	14:42:16.888 INFO     347169nanosecs 		for topic=open_manipulator/joint_states/effort
2023-01-07	14:42:18.154 INFO     280036nanosecs 		for topic=open_manipulator/gripper/kinematics_pose/pose/position/z
2023-01-07	14:42:19.229 INFO     293107nanosecs 		for topic=open_manipulator/states/open_manipulator_actuator_state
2023-01-07	14:42:19.657 INFO     312386nanosecs 		for topic=open_manipulator/joint3_position/command/data
2023-01-07	14:42:19.658 INFO     146322nanosecs 		for topic=open_manipulator/joint4_position/command/data