2023-01-05	21:11:28.319 INFO     Watching for file changes with StatReloader
2023-01-05	21:11:28.439 INFO     Connection to ROS ready.
2023-01-05	21:11:28.439 INFO     Successfully connected to ROS bridge from listener
2023-01-05	21:11:28.439 INFO     Starting factory <roslibpy.comm.comm_autobahn.AutobahnRosBridgeClientFactory object at 0x7f9ccc8a05e0>
2023-01-05	21:11:33.012 INFO     Connection to ROS ready.
2023-01-05	21:11:33.012 INFO     Successfully connected to ROS bridge from Ros Connector
2023-01-05	21:11:33.013 INFO     Generating new MQTT Forwarder
2023-01-05	21:11:33.013 INFO     local mqtt is set up
2023-01-05	21:11:39.040 INFO     Created subscriber on cmd_vel
2023-01-05	21:11:39.040 INFO     Created subscriber on battery_state
2023-01-05	21:11:39.041 INFO     Created subscriber on diagnostics
2023-01-05	21:11:39.041 INFO     Created subscriber on cmd_vel_rc100
2023-01-05	21:11:39.041 INFO     Created subscriber on firmware_version
2023-01-05	21:11:39.041 INFO     Created subscriber on joint_states
2023-01-05	21:11:39.047 INFO     Created subscriber on version_info
2023-01-05	21:11:39.051 INFO     Created subscriber on odom
2023-01-05	21:11:39.051 INFO     Created subscriber on reset
2023-01-05	21:11:39.051 INFO     Created subscriber on rpms
2023-01-05	21:11:39.051 INFO     Created subscriber on scan
2023-01-05	21:11:39.052 INFO     Created subscriber on motor_power
2023-01-05	21:11:39.052 INFO     Created subscriber on sound
2023-01-05	21:11:39.056 INFO     Created subscriber on imu
2023-01-05	21:11:39.062 INFO     Created subscriber on sensor_state
2023-01-05	21:11:39.073 INFO     Created subscriber on magnetic_field
2023-01-05	21:11:40.998 INFO     1361ms delay	 >> tb3_0/odom/header/seq
2023-01-05	21:11:40.998 INFO     1361ms delay	 >> tb3_0/odom/header/frame_id
2023-01-05	21:11:41.010 INFO     1714ms delay	 >> tb3_0/diagnostics/header/seq
2023-01-05	21:11:41.117 INFO     1821ms delay	 >> tb3_0/diagnostics/header/stamp/secs
2023-01-05	21:11:41.118 INFO     1822ms delay	 >> tb3_0/diagnostics/header/frame_id
2023-01-05	21:11:41.118 INFO     1465ms delay	 >> tb3_0/magnetic_field/magnetic_field_covariance
2023-01-05	21:11:41.118 INFO     1498ms delay	 >> tb3_0/scan/ranges
2023-01-05	21:11:41.288 INFO     1992ms delay	 >> tb3_0/diagnostics/header/stamp/nsecs
2023-01-05	21:11:41.332 INFO     1695ms delay	 >> tb3_0/odom/header/stamp/secs
2023-01-05	21:11:41.344 INFO     1708ms delay	 >> tb3_0/sensor_state/cliff
2023-01-05	21:11:41.751 INFO     2114ms delay	 >> tb3_0/odom/header/stamp/nsecs
2023-01-05	21:11:42.471 INFO     427ms delay	 >> tb3_0/cmd_vel/linear/x
2023-01-05	21:11:43.176 INFO     7ms delay	 >> tb3_0/battery_state/percentage
2023-01-05	21:11:43.224 INFO     55ms delay	 >> tb3_0/firmware_version/hardware
2023-01-05	21:11:44.334 INFO     1167ms delay	 >> tb3_0/rpms/data
2023-01-05	21:11:44.481 INFO     1305ms delay	 >> tb3_0/odom/header/frame_id
2023-01-05	21:11:44.628 INFO     82ms delay	 >> tb3_0/diagnostics/header/seq
2023-01-05	21:11:44.947 INFO     275ms delay	 >> tb3_0/imu/angular_velocity_covariance
2023-01-05	21:11:44.947 INFO     401ms delay	 >> tb3_0/version_info/software
2023-01-05	21:11:44.956 INFO     285ms delay	 >> tb3_0/odom/header/seq
2023-01-05	21:11:45.032 INFO     23ms delay	 >> tb3_0/joint_states/name
2023-01-05	21:11:46.632 INFO     1624ms delay	 >> tb3_0/diagnostics/header/frame_id
2023-01-05	21:11:47.168 INFO     1ms delay	 >> tb3_0/magnetic_field/magnetic_field_covariance
2023-01-05	21:11:47.202 INFO     35ms delay	 >> tb3_0/diagnostics/header/stamp/secs
2023-01-05	21:11:48.255 INFO     1088ms delay	 >> tb3_0/diagnostics/header/stamp/nsecs
2023-01-05	21:11:48.474 INFO     1162ms delay	 >> tb3_0/scan/ranges
2023-01-05	21:11:48.475 INFO     1144ms delay	 >> tb3_0/odom/header/stamp/secs
2023-01-05	21:11:49.273 INFO     358ms delay	 >> tb3_0/odom/header/stamp/nsecs
2023-01-05	21:11:49.793 INFO     164ms delay	 >> tb3_0/sensor_state/cliff
2023-01-05	21:11:50.798 INFO     753ms delay	 >> tb3_0/odom/header/frame_id
2023-01-05	21:11:51.921 INFO     3122ms delay	 >> tb3_0/firmware_version/hardware
2023-01-05	21:11:52.023 INFO     115ms delay	 >> tb3_0/cmd_vel/linear/x
2023-01-05	21:11:52.024 INFO     3213ms delay	 >> tb3_0/diagnostics/header/seq
2023-01-05	21:11:52.042 INFO     130ms delay	 >> tb3_0/battery_state/percentage
2023-01-05	21:11:52.984 INFO     918ms delay	 >> tb3_0/rpms/data
2023-01-05	21:11:54.494 INFO     777ms delay	 >> tb3_0/odom/header/seq
2023-01-05	21:11:55.410 INFO     2ms delay	 >> tb3_0/imu/angular_velocity_covariance
2023-01-05	21:11:56.845 INFO     3125ms delay	 >> tb3_0/diagnostics/header/frame_id
2023-01-05	21:11:56.905 INFO     1497ms delay	 >> tb3_0/magnetic_field/magnetic_field_covariance
2023-01-05	21:11:57.122 INFO     3401ms delay	 >> tb3_0/version_info/software
2023-01-05	21:11:57.480 INFO     3760ms delay	 >> tb3_0/diagnostics/header/stamp/nsecs
2023-01-05	21:11:57.611 INFO     1ms delay	 >> tb3_0/odom/header/stamp/secs
2023-01-05	21:11:57.611 INFO     1ms delay	 >> tb3_0/odom/header/stamp/nsecs
2023-01-05	21:11:57.926 INFO     18ms delay	 >> tb3_0/diagnostics/header/stamp/secs
2023-01-05	21:11:58.735 INFO     824ms delay	 >> tb3_0/odom/header/frame_id
2023-01-05	21:11:58.853 INFO     6ms delay	 >> tb3_0/sensor_state/cliff
2023-01-05	21:11:58.921 INFO     73ms delay	 >> tb3_0/joint_states/name
2023-01-05	21:11:59.020 INFO     173ms delay	 >> tb3_0/diagnostics/header/seq
2023-01-05	21:11:59.537 INFO     700ms delay	 >> tb3_0/scan/ranges
2023-01-05	21:12:00.684 INFO     70ms delay	 >> tb3_0/cmd_vel/linear/x
2023-01-05	21:12:01.028 INFO     244ms delay	 >> tb3_0/firmware_version/hardware
2023-01-05	21:12:01.458 INFO     280ms delay	 >> tb3_0/battery_state/percentage
2023-01-05	21:12:03.165 INFO     984ms delay	 >> tb3_0/odom/header/seq
2023-01-05	21:12:03.463 INFO     13ms delay	 >> tb3_0/diagnostics/header/frame_id
2023-01-05	21:12:03.479 INFO     18ms delay	 >> tb3_0/magnetic_field/magnetic_field_covariance
2023-01-05	21:12:05.790 INFO     651ms delay	 >> tb3_0/imu/angular_velocity_covariance
2023-01-05	21:12:06.985 INFO     107ms delay	 >> tb3_0/diagnostics/header/stamp/nsecs
2023-01-05	21:12:07.112 INFO     13ms delay	 >> tb3_0/rpms/data
2023-01-05	21:12:08.824 INFO     490ms delay	 >> tb3_0/odom/header/stamp/secs
2023-01-05	21:12:08.846 INFO     520ms delay	 >> tb3_0/version_info/software
2023-01-05	21:12:10.459 INFO     511ms delay	 >> tb3_0/odom/header/stamp/nsecs
2023-01-05	21:12:11.183 INFO     3ms delay	 >> tb3_0/odom/header/frame_id
2023-01-05	21:12:13.358 INFO     2181ms delay	 >> tb3_0/diagnostics/header/stamp/secs
2023-01-05	21:12:13.364 INFO     2187ms delay	 >> tb3_0/diagnostics/header/seq
2023-01-05	21:12:13.441 INFO     903ms delay	 >> tb3_0/sensor_state/cliff
2023-01-05	21:12:14.567 INFO     2032ms delay	 >> tb3_0/scan/ranges
2023-01-05	21:12:15.935 INFO     10ms delay	 >> tb3_0/cmd_vel/linear/x
2023-01-05	21:12:15.962 INFO     33ms delay	 >> tb3_0/joint_states/name
2023-01-05	21:12:16.109 INFO     182ms delay	 >> tb3_0/odom/header/seq
2023-01-05	21:12:17.412 INFO     1261ms delay	 >> tb3_0/diagnostics/header/frame_id
2023-01-05	21:12:18.078 INFO     193ms delay	 >> tb3_0/magnetic_field/magnetic_field_covariance
2023-01-05	21:12:18.726 INFO     458ms delay	 >> tb3_0/battery_state/percentage
2023-01-05	21:12:18.726 INFO     525ms delay	 >> tb3_0/firmware_version/hardware
2023-01-05	21:12:19.958 INFO     1768ms delay	 >> tb3_0/diagnostics/header/stamp/nsecs
2023-01-05	21:12:20.865 INFO     2056ms delay	 >> tb3_0/odom/header/stamp/secs
2023-01-05	21:12:22.695 INFO     92ms delay	 >> tb3_0/imu/angular_velocity_covariance
2023-01-05	21:12:24.543 INFO     1758ms delay	 >> tb3_0/odom/header/frame_id
2023-01-05	21:12:24.549 INFO     1764ms delay	 >> tb3_0/odom/header/stamp/nsecs
2023-01-05	21:12:24.649 INFO     8ms delay	 >> tb3_0/rpms/data
2023-01-05	21:12:25.684 INFO     910ms delay	 >> tb3_0/diagnostics/header/stamp/secs
2023-01-05	21:12:25.684 INFO     910ms delay	 >> tb3_0/diagnostics/header/seq
2023-01-05	21:12:26.262 INFO     397ms delay	 >> tb3_0/version_info/software
2023-01-05	21:12:27.998 INFO     0ms delay	 >> tb3_0/sensor_state/cliff
2023-01-05	21:12:28.199 INFO     565ms delay	 >> tb3_0/scan/ranges
2023-01-05	21:12:29.364 INFO     952ms delay	 >> tb3_0/odom/header/seq
2023-01-05	21:12:29.633 INFO     206ms delay	 >> tb3_0/magnetic_field/magnetic_field_covariance
2023-01-05	21:12:30.157 INFO     2522ms delay	 >> tb3_0/diagnostics/header/stamp/nsecs
2023-01-05	21:12:30.157 INFO     189ms delay	 >> tb3_0/cmd_vel/linear/x
2023-01-05	21:12:30.394 INFO     42ms delay	 >> tb3_0/diagnostics/header/frame_id
2023-01-05	21:12:31.259 INFO     2ms delay	 >> tb3_0/odom/header/stamp/secs
2023-01-05	21:12:31.743 INFO     268ms delay	 >> tb3_0/joint_states/name
2023-01-05	21:12:31.831 INFO     355ms delay	 >> tb3_0/odom/header/frame_id
2023-01-05	21:12:32.335 INFO     860ms delay	 >> tb3_0/battery_state/percentage
2023-01-05	21:12:32.629 INFO     2252ms delay	 >> tb3_0/firmware_version/hardware
2023-01-05	21:12:32.696 INFO     1220ms delay	 >> tb3_0/odom/header/stamp/nsecs
2023-01-05	21:12:34.981 INFO     661ms delay	 >> tb3_0/imu/angular_velocity_covariance
2023-01-05	21:12:36.631 INFO     440ms delay	 >> tb3_0/rpms/data
2023-01-05	21:12:37.999 INFO     2999ms delay	 >> tb3_0/diagnostics/header/stamp/secs
2023-01-05	21:12:38.562 INFO     3562ms delay	 >> tb3_0/diagnostics/header/seq
2023-01-05	21:12:39.987 INFO     826ms delay	 >> tb3_0/sensor_state/cliff
2023-01-05	21:12:41.618 INFO     3ms delay	 >> tb3_0/odom/header/seq
2023-01-05	21:12:41.937 INFO     752ms delay	 >> tb3_0/version_info/software
2023-01-05	21:12:42.285 INFO     363ms delay	 >> tb3_0/magnetic_field/magnetic_field_covariance
2023-01-05	21:12:42.286 INFO     671ms delay	 >> tb3_0/scan/ranges
2023-01-05	21:12:42.921 INFO     1736ms delay	 >> tb3_0/diagnostics/header/stamp/nsecs
2023-01-05	21:12:43.537 INFO     49ms delay	 >> tb3_0/diagnostics/header/frame_id
2023-01-05	21:12:43.974 INFO     440ms delay	 >> tb3_0/odom/header/stamp/secs
2023-01-05	21:12:44.491 INFO     172ms delay	 >> tb3_0/cmd_vel/linear/x
2023-01-05	21:12:45.026 INFO     391ms delay	 >> tb3_0/odom/header/frame_id
2023-01-05	21:12:46.005 INFO     300ms delay	 >> tb3_0/odom/header/stamp/nsecs
2023-01-05	21:12:47.699 INFO     911ms delay	 >> tb3_0/diagnostics/header/stamp/secs
2023-01-05	21:12:48.386 INFO     418ms delay	 >> tb3_0/joint_states/name
2023-01-05	21:12:48.488 INFO     1700ms delay	 >> tb3_0/diagnostics/header/seq
2023-01-05	21:12:48.505 INFO     4ms delay	 >> tb3_0/battery_state/percentage
2023-01-05	21:12:48.516 INFO     566ms delay	 >> tb3_0/firmware_version/hardware
2023-01-05	21:12:49.364 INFO     440ms delay	 >> tb3_0/odom/header/seq
2023-01-05	21:12:49.850 INFO     924ms delay	 >> tb3_0/sensor_state/cliff
2023-01-05	21:12:50.320 INFO     381ms delay	 >> tb3_0/imu/angular_velocity_covariance
2023-01-05	21:12:51.626 INFO     317ms delay	 >> tb3_0/rpms/data
2023-01-05	21:12:51.936 INFO     615ms delay	 >> tb3_0/magnetic_field/magnetic_field_covariance
2023-01-05	21:12:52.071 INFO     2160ms delay	 >> tb3_0/diagnostics/header/stamp/nsecs
2023-01-05	21:12:52.331 INFO     1023ms delay	 >> tb3_0/scan/ranges
2023-01-05	21:12:52.975 INFO     597ms delay	 >> tb3_0/version_info/software
2023-01-05	21:12:55.141 INFO     396ms delay	 >> tb3_0/odom/header/frame_id
2023-01-05	21:12:55.233 INFO     488ms delay	 >> tb3_0/odom/header/stamp/secs
2023-01-05	21:12:56.406 INFO     437ms delay	 >> tb3_0/diagnostics/header/frame_id
2023-01-05	21:12:56.809 INFO     730ms delay	 >> tb3_0/odom/header/stamp/nsecs
2023-01-05	21:12:59.544 INFO     1741ms delay	 >> tb3_0/cmd_vel/linear/x
2023-01-05	21:13:02.067 INFO     1799ms delay	 >> tb3_0/diagnostics/header/stamp/secs
2023-01-05	21:13:04.601 INFO     4333ms delay	 >> tb3_0/diagnostics/header/seq
2023-01-05	21:13:06.104 INFO     13ms delay	 >> tb3_0/joint_states/name
2023-01-05	21:13:06.111 INFO     19ms delay	 >> tb3_0/odom/header/seq
2023-01-05	21:13:07.715 INFO     298ms delay	 >> tb3_0/battery_state/percentage
2023-01-05	21:13:07.812 INFO     64ms delay	 >> tb3_0/sensor_state/cliff
2023-01-05	21:13:09.437 INFO     1697ms delay	 >> tb3_0/magnetic_field/magnetic_field_covariance
2023-01-05	21:13:10.061 INFO     3970ms delay	 >> tb3_0/firmware_version/hardware
2023-01-05	21:13:10.760 INFO     252ms delay	 >> tb3_0/imu/angular_velocity_covariance
2023-01-05	21:13:10.978 INFO     49ms delay	 >> tb3_0/diagnostics/header/stamp/nsecs
2023-01-05	21:13:11.149 INFO     183ms delay	 >> tb3_0/rpms/data
2023-01-05	21:13:11.658 INFO     412ms delay	 >> tb3_0/scan/ranges
2023-01-05	21:13:12.878 INFO     992ms delay	 >> tb3_0/odom/header/stamp/secs
2023-01-05	21:13:13.477 INFO     496ms delay	 >> tb3_0/odom/header/frame_id
2023-01-05	21:13:13.856 INFO     885ms delay	 >> tb3_0/diagnostics/header/frame_id
2023-01-05	21:13:15.017 INFO     949ms delay	 >> tb3_0/odom/header/stamp/nsecs
2023-01-05	21:13:16.100 INFO     447ms delay	 >> tb3_0/diagnostics/header/stamp/secs
2023-01-05	21:13:16.595 INFO     942ms delay	 >> tb3_0/version_info/software
2023-01-05	21:13:16.854 INFO     1201ms delay	 >> tb3_0/diagnostics/header/seq
2023-01-05	21:13:17.355 INFO     793ms delay	 >> tb3_0/cmd_vel/linear/x
2023-01-05	21:13:18.918 INFO     169ms delay	 >> tb3_0/odom/header/seq
2023-01-05	21:13:21.345 INFO     8ms delay	 >> tb3_0/joint_states/name
2023-01-05	21:13:21.769 INFO     328ms delay	 >> tb3_0/sensor_state/cliff
2023-01-05	21:13:22.389 INFO     947ms delay	 >> tb3_0/battery_state/percentage
2023-01-05	21:13:23.543 INFO     1076ms delay	 >> tb3_0/magnetic_field/magnetic_field_covariance
2023-01-05	21:13:25.959 INFO     1887ms delay	 >> tb3_0/firmware_version/hardware
2023-01-05	21:13:29.580 INFO     2202ms delay	 >> tb3_0/diagnostics/header/stamp/nsecs
2023-01-05	21:13:29.586 INFO     2045ms delay	 >> tb3_0/scan/ranges
2023-01-05	21:13:29.860 INFO     1ms delay	 >> tb3_0/odom/header/stamp/secs
2023-01-05	21:13:30.487 INFO     17ms delay	 >> tb3_0/imu/angular_velocity_covariance
2023-01-05	21:13:31.410 INFO     704ms delay	 >> tb3_0/odom/header/frame_id
2023-01-05	21:13:31.944 INFO     231ms delay	 >> tb3_0/diagnostics/header/frame_id
2023-01-05	21:13:31.951 INFO     209ms delay	 >> tb3_0/odom/header/stamp/nsecs
2023-01-05	21:13:32.695 INFO     982ms delay	 >> tb3_0/diagnostics/header/stamp/secs
2023-01-05	21:13:32.712 INFO     306ms delay	 >> tb3_0/rpms/data
2023-01-05	21:13:34.758 INFO     3045ms delay	 >> tb3_0/diagnostics/header/seq
2023-01-05	21:13:36.485 INFO     2538ms delay	 >> tb3_0/odom/header/seq
2023-01-05	21:13:39.344 INFO     546ms delay	 >> tb3_0/sensor_state/cliff
2023-01-05	21:13:39.344 INFO     544ms delay	 >> tb3_0/magnetic_field/magnetic_field_covariance
2023-01-05	21:13:39.438 INFO     4ms delay	 >> tb3_0/cmd_vel/linear/x
2023-01-05	21:13:40.558 INFO     652ms delay	 >> tb3_0/version_info/software
2023-01-05	21:13:41.419 INFO     1513ms delay	 >> tb3_0/diagnostics/header/stamp/nsecs
2023-01-05	21:13:41.552 INFO     900ms delay	 >> tb3_0/battery_state/percentage
2023-01-05	21:13:42.810 INFO     2907ms delay	 >> tb3_0/firmware_version/hardware
2023-01-05	21:13:42.842 INFO     1059ms delay	 >> tb3_0/scan/ranges
2023-01-05	21:13:42.944 INFO     1158ms delay	 >> tb3_0/odom/header/stamp/secs
2023-01-05	21:13:43.662 INFO     1876ms delay	 >> tb3_0/joint_states/name
2023-01-05	21:13:45.532 INFO     935ms delay	 >> tb3_0/odom/header/frame_id
2023-01-05	21:13:46.676 INFO     384ms delay	 >> tb3_0/diagnostics/header/frame_id
2023-01-05	21:13:46.926 INFO     632ms delay	 >> tb3_0/odom/header/stamp/nsecs
2023-01-05	21:13:47.550 INFO     1258ms delay	 >> tb3_0/diagnostics/header/stamp/secs
2023-01-05	21:13:47.979 INFO     93ms delay	 >> tb3_0/imu/angular_velocity_covariance
2023-01-05	21:13:49.725 INFO     219ms delay	 >> tb3_0/diagnostics/header/seq
2023-01-05	21:13:50.526 INFO     326ms delay	 >> tb3_0/odom/header/seq
2023-01-05	21:13:51.319 INFO     70ms delay	 >> tb3_0/rpms/data
2023-01-05	21:13:51.840 INFO     589ms delay	 >> tb3_0/sensor_state/cliff
2023-01-05	21:13:52.371 INFO     87ms delay	 >> tb3_0/magnetic_field/magnetic_field_covariance
2023-01-05	21:13:54.546 INFO     427ms delay	 >> tb3_0/cmd_vel/linear/x
2023-01-05	21:13:54.560 INFO     2279ms delay	 >> tb3_0/diagnostics/header/stamp/nsecs
2023-01-05	21:13:57.586 INFO     15ms delay	 >> tb3_0/scan/ranges
2023-01-05	21:13:57.591 INFO     6ms delay	 >> tb3_0/odom/header/stamp/secs
2023-01-05	21:13:57.592 INFO     8ms delay	 >> tb3_0/battery_state/percentage
2023-01-05	21:13:57.713 INFO     46ms delay	 >> tb3_0/version_info/software
2023-01-05	21:13:59.454 INFO     1755ms delay	 >> tb3_0/firmware_version/hardware
2023-01-05	21:13:59.740 INFO     481ms delay	 >> tb3_0/odom/header/frame_id
2023-01-05	21:14:02.077 INFO     973ms delay	 >> tb3_0/diagnostics/header/frame_id
2023-01-05	21:14:02.843 INFO     1630ms delay	 >> tb3_0/joint_states/name
2023-01-05	21:14:02.865 INFO     1651ms delay	 >> tb3_0/odom/header/stamp/nsecs
2023-01-05	21:14:03.255 INFO     350ms delay	 >> tb3_0/diagnostics/header/stamp/secs
2023-01-05	21:14:04.253 INFO     1348ms delay	 >> tb3_0/diagnostics/header/seq
2023-01-05	21:14:04.916 INFO     470ms delay	 >> tb3_0/odom/header/seq
2023-01-05	21:14:06.970 INFO     1258ms delay	 >> tb3_0/imu/angular_velocity_covariance
2023-01-05	21:14:07.430 INFO     238ms delay	 >> tb3_0/sensor_state/cliff
2023-01-05	21:14:07.635 INFO     441ms delay	 >> tb3_0/magnetic_field/magnetic_field_covariance
2023-01-05	21:14:09.169 INFO     1140ms delay	 >> tb3_0/diagnostics/header/stamp/nsecs
2023-01-05	21:14:09.175 INFO     1135ms delay	 >> tb3_0/rpms/data
2023-01-05	21:14:10.684 INFO     1088ms delay	 >> tb3_0/cmd_vel/linear/x
2023-01-05	21:14:11.837 INFO     29ms delay	 >> tb3_0/odom/header/stamp/secs
2023-01-05	21:14:12.983 INFO     105ms delay	 >> tb3_0/scan/ranges
2023-01-05	21:14:14.640 INFO     623ms delay	 >> tb3_0/odom/header/frame_id
2023-01-05	21:14:15.332 INFO     4609ms delay	 >> tb3_0/diagnostics/header/frame_id
2023-01-05	21:14:15.818 INFO     412ms delay	 >> tb3_0/battery_state/percentage
2023-01-05	21:14:16.312 INFO     338ms delay	 >> tb3_0/version_info/software
2023-01-05	21:14:16.312 INFO     338ms delay	 >> tb3_0/odom/header/stamp/nsecs
2023-01-05	21:14:16.414 INFO     12ms delay	 >> tb3_0/firmware_version/hardware
2023-01-05	21:14:17.883 INFO     1481ms delay	 >> tb3_0/diagnostics/header/stamp/secs
2023-01-05	21:14:17.910 INFO     1124ms delay	 >> tb3_0/odom/header/seq
2023-01-05	21:14:18.869 INFO     2467ms delay	 >> tb3_0/diagnostics/header/seq
2023-01-05	21:14:18.913 INFO     2502ms delay	 >> tb3_0/joint_states/name
2023-01-05	21:14:19.265 INFO     21ms delay	 >> tb3_0/sensor_state/cliff
2023-01-05	21:14:20.116 INFO     873ms delay	 >> tb3_0/magnetic_field/magnetic_field_covariance
2023-01-05	21:14:21.636 INFO     1156ms delay	 >> tb3_0/imu/angular_velocity_covariance
2023-01-05	21:14:22.321 INFO     23ms delay	 >> tb3_0/odom/header/stamp/secs
2023-01-05	21:14:23.542 INFO     1628ms delay	 >> tb3_0/diagnostics/header/stamp/nsecs
2023-01-05	21:14:23.558 INFO     0ms delay	 >> tb3_0/odom/header/frame_id
2023-01-05	21:14:23.653 INFO     1352ms delay	 >> tb3_0/scan/ranges
2023-01-05	21:14:23.877 INFO     1560ms delay	 >> tb3_0/cmd_vel/linear/x
2023-01-05	21:14:24.233 INFO     108ms delay	 >> tb3_0/diagnostics/header/frame_id
2023-01-05	21:14:24.910 INFO     800ms delay	 >> tb3_0/rpms/data
2023-01-05	21:14:26.536 INFO     12ms delay	 >> tb3_0/battery_state/percentage
2023-01-05	21:14:27.282 INFO     245ms delay	 >> tb3_0/odom/header/stamp/nsecs
2023-01-05	21:14:28.987 INFO     1147ms delay	 >> tb3_0/version_info/software
2023-01-05	21:14:29.602 INFO     627ms delay	 >> tb3_0/odom/header/seq
2023-01-05	21:14:29.756 INFO     2726ms delay	 >> tb3_0/diagnostics/header/stamp/secs
2023-01-05	21:14:31.116 INFO     4086ms delay	 >> tb3_0/diagnostics/header/seq
2023-01-05	21:14:31.712 INFO     3871ms delay	 >> tb3_0/firmware_version/hardware
2023-01-05	21:14:31.750 INFO     38ms delay	 >> tb3_0/magnetic_field/magnetic_field_covariance
2023-01-05	21:14:32.007 INFO     317ms delay	 >> tb3_0/sensor_state/cliff
2023-01-05	21:14:33.575 INFO     1248ms delay	 >> tb3_0/joint_states/name
2023-01-05	21:14:34.005 INFO     2308ms delay	 >> tb3_0/odom/header/stamp/secs
2023-01-05	21:14:35.751 INFO     8721ms delay	 >> tb3_0/diagnostics/header/stamp/nsecs
2023-01-05	21:14:35.934 INFO     78ms delay	 >> tb3_0/odom/header/frame_id
2023-01-05	21:14:36.518 INFO     6ms delay	 >> tb3_0/scan/ranges
2023-01-05	21:14:36.526 INFO     690ms delay	 >> tb3_0/diagnostics/header/frame_id
2023-01-05	21:14:38.076 INFO     1584ms delay	 >> tb3_0/odom/header/stamp/nsecs
2023-01-05	21:14:38.089 INFO     1597ms delay	 >> tb3_0/odom/header/seq
2023-01-05	21:14:38.121 INFO     173ms delay	 >> tb3_0/imu/angular_velocity_covariance
2023-01-05	21:14:38.395 INFO     447ms delay	 >> tb3_0/cmd_vel/linear/x
2023-01-05	21:14:40.262 INFO     1523ms delay	 >> tb3_0/battery_state/percentage
2023-01-05	21:14:40.397 INFO     1672ms delay	 >> tb3_0/diagnostics/header/stamp/secs
2023-01-05	21:14:40.412 INFO     1688ms delay	 >> tb3_0/diagnostics/header/seq
2023-01-05	21:14:40.714 INFO     1370ms delay	 >> tb3_0/magnetic_field/magnetic_field_covariance
2023-01-05	21:14:40.893 INFO     1558ms delay	 >> tb3_0/rpms/data
2023-01-05	21:14:41.446 INFO     2492ms delay	 >> tb3_0/sensor_state/cliff
2023-01-05	21:14:41.446 INFO     2694ms delay	 >> tb3_0/version_info/software
2023-01-05	21:14:41.990 INFO     25ms delay	 >> tb3_0/odom/header/stamp/secs
2023-01-05	21:14:42.533 INFO     576ms delay	 >> tb3_0/firmware_version/hardware
2023-01-05	21:14:43.796 INFO     1850ms delay	 >> tb3_0/diagnostics/header/stamp/nsecs
2023-01-05	21:14:44.077 INFO     2112ms delay	 >> tb3_0/odom/header/frame_id
2023-01-05	21:14:44.865 INFO     2906ms delay	 >> tb3_0/joint_states/name
2023-01-05	21:14:45.862 INFO     968ms delay	 >> tb3_0/scan/ranges
2023-01-05	21:14:46.204 INFO     4258ms delay	 >> tb3_0/diagnostics/header/frame_id
2023-01-05	21:14:47.714 INFO     387ms delay	 >> tb3_0/odom/header/seq
2023-01-05	21:14:47.952 INFO     99ms delay	 >> tb3_0/odom/header/stamp/nsecs
2023-01-05	21:14:49.034 INFO     2271ms delay	 >> tb3_0/diagnostics/header/stamp/secs
2023-01-05	21:14:50.004 INFO     3241ms delay	 >> tb3_0/diagnostics/header/seq
2023-01-05	21:14:50.499 INFO     237ms delay	 >> tb3_0/cmd_vel/linear/x
2023-01-05	21:14:51.036 INFO     96ms delay	 >> tb3_0/battery_state/percentage
2023-01-05	21:14:52.377 INFO     25ms delay	 >> tb3_0/magnetic_field/magnetic_field_covariance
2023-01-05	21:14:52.941 INFO     202ms delay	 >> tb3_0/imu/angular_velocity_covariance
2023-01-05	21:14:54.037 INFO     928ms delay	 >> tb3_0/sensor_state/cliff
2023-01-05	21:14:55.350 INFO     4406ms delay	 >> tb3_0/diagnostics/header/stamp/nsecs
2023-01-05	21:14:55.386 INFO     46ms delay	 >> tb3_0/rpms/data
2023-01-05	21:14:56.913 INFO     1360ms delay	 >> tb3_0/version_info/software
2023-01-05	21:14:57.182 INFO     1626ms delay	 >> tb3_0/odom/header/frame_id
2023-01-05	21:14:57.488 INFO     1933ms delay	 >> tb3_0/firmware_version/hardware
2023-01-05	21:14:57.931 INFO     3ms delay	 >> tb3_0/odom/header/stamp/secs
2023-01-05	21:15:01.887 INFO     2963ms delay	 >> tb3_0/diagnostics/header/frame_id
2023-01-05	21:15:02.711 INFO     28ms delay	 >> tb3_0/joint_states/name
2023-01-05	21:15:02.723 INFO     27ms delay	 >> tb3_0/scan/ranges
2023-01-05	21:15:04.517 INFO     5594ms delay	 >> tb3_0/diagnostics/header/stamp/secs
2023-01-05	21:15:04.804 INFO     6ms delay	 >> tb3_0/odom/header/stamp/nsecs
2023-01-05	21:15:04.805 INFO     5882ms delay	 >> tb3_0/diagnostics/header/seq
2023-01-05	21:15:06.036 INFO     1237ms delay	 >> tb3_0/odom/header/seq
2023-01-05	21:15:09.341 INFO     287ms delay	 >> tb3_0/cmd_vel/linear/x
2023-01-05	21:15:09.361 INFO     317ms delay	 >> tb3_0/magnetic_field/magnetic_field_covariance
2023-01-05	21:15:09.835 INFO     356ms delay	 >> tb3_0/battery_state/percentage
2023-01-05	21:15:10.297 INFO     88ms delay	 >> tb3_0/sensor_state/cliff
2023-01-05	21:15:12.796 INFO     1240ms delay	 >> tb3_0/odom/header/frame_id
2023-01-05	21:15:12.813 INFO     8ms delay	 >> tb3_0/odom/header/stamp/secs
2023-01-05	21:15:12.875 INFO     2747ms delay	 >> tb3_0/diagnostics/header/stamp/nsecs
2023-01-05	21:15:12.886 INFO     80ms delay	 >> tb3_0/imu/angular_velocity_covariance
2023-01-05	21:15:15.461 INFO     1835ms delay	 >> tb3_0/version_info/software
2023-01-05	21:15:15.461 INFO     1035ms delay	 >> tb3_0/rpms/data
2023-01-05	21:15:15.602 INFO     1909ms delay	 >> tb3_0/firmware_version/hardware
2023-01-05	21:15:16.694 INFO     3051ms delay	 >> tb3_0/diagnostics/header/frame_id
2023-01-05	21:15:17.611 INFO     60ms delay	 >> tb3_0/scan/ranges
2023-01-05	21:15:18.782 INFO     1230ms delay	 >> tb3_0/diagnostics/header/stamp/secs
2023-01-05	21:15:20.382 INFO     288ms delay	 >> tb3_0/joint_states/name
2023-01-05	21:15:21.510 INFO     44ms delay	 >> tb3_0/odom/header/stamp/nsecs
2023-01-05	21:15:21.516 INFO     50ms delay	 >> tb3_0/odom/header/seq
2023-01-05	21:15:21.822 INFO     414ms delay	 >> tb3_0/diagnostics/header/seq
2023-01-05	21:15:23.246 INFO     35ms delay	 >> tb3_0/cmd_vel/linear/x
