2023-01-05	21:24:36.968 INFO     Watching for file changes with StatReloader
2023-01-05	21:24:37.091 INFO     Connection to ROS ready.
2023-01-05	21:24:37.091 INFO     Successfully connected to ROS bridge from listener
2023-01-05	21:24:37.091 INFO     Starting factory <roslibpy.comm.comm_autobahn.AutobahnRosBridgeClientFactory object at 0x7f5ae8d3a5e0>
2023-01-05	21:24:42.008 INFO     Connection to ROS ready.
2023-01-05	21:24:42.009 INFO     Successfully connected to ROS bridge from Ros Connector
2023-01-05	21:24:42.009 INFO     Generating new MQTT Forwarder
2023-01-05	21:24:42.009 INFO     local mqtt is set up
2023-01-05	21:24:50.309 INFO     publishing topic >>	tb3_0/meta
2023-01-05	21:24:51.509 INFO     Created subscriber on cmd_vel
2023-01-05	21:24:51.509 INFO     Created subscriber on battery_state
2023-01-05	21:24:51.509 INFO     Created subscriber on diagnostics
2023-01-05	21:24:51.510 INFO     Created subscriber on joint_states
2023-01-05	21:24:51.511 INFO     Created subscriber on firmware_version
2023-01-05	21:24:51.511 INFO     Created subscriber on cmd_vel_rc100
2023-01-05	21:24:51.511 INFO     Created subscriber on odom
2023-01-05	21:24:51.517 INFO     Created subscriber on sensor_state
2023-01-05	21:24:51.517 INFO     Created subscriber on sound
2023-01-05	21:24:51.517 INFO     Created subscriber on motor_power
2023-01-05	21:24:51.517 INFO     Created subscriber on reset
2023-01-05	21:24:51.518 INFO     Created subscriber on rpms
2023-01-05	21:24:51.518 INFO     publishing topic >>	tb3_0/scan/ranges
2023-01-05	21:24:51.527 INFO     Created subscriber on magnetic_field
2023-01-05	21:24:51.527 INFO     Created subscriber on version_info
2023-01-05	21:24:51.527 INFO     publishing topic >>	tb3_0/battery_state/percentage
2023-01-05	21:24:51.528 INFO     publishing topic >>	tb3_0/cmd_vel/linear/x
2023-01-05	21:24:51.547 INFO     Created subscriber on imu
2023-01-05	21:24:51.547 INFO     Created subscriber on scan
2023-01-05	21:24:54.225 INFO     publishing topic >>	tb3_0/scan/ranges
2023-01-05	21:24:56.964 INFO     publishing topic >>	tb3_0/cmd_vel/linear/x
2023-01-05	21:25:00.891 INFO     publishing topic >>	tb3_0/battery_state/percentage
2023-01-05	21:25:02.994 INFO     publishing topic >>	tb3_0/scan/ranges
2023-01-05	21:25:06.358 INFO     publishing topic >>	tb3_0/cmd_vel/linear/x
2023-01-05	21:25:06.901 INFO     publishing topic >>	tb3_0/battery_state/percentage
2023-01-05	21:25:08.136 INFO     publishing topic >>	tb3_0/cmd_vel/linear/x
2023-01-05	21:25:08.391 INFO     publishing topic >>	tb3_0/scan/ranges
2023-01-05	21:25:09.525 INFO     publishing topic >>	tb3_0/scan/ranges
2023-01-05	21:25:10.672 INFO     publishing topic >>	tb3_0/battery_state/percentage
2023-01-05	21:25:10.798 INFO     publishing topic >>	tb3_0/cmd_vel/linear/x
2023-01-05	21:25:15.169 INFO     publishing topic >>	tb3_0/scan/ranges
2023-01-05	21:25:18.073 INFO     publishing topic >>	tb3_0/battery_state/percentage
2023-01-05	21:25:18.737 INFO     publishing topic >>	tb3_0/cmd_vel/linear/x
2023-01-05	21:25:19.218 INFO     publishing topic >>	tb3_0/scan/ranges
2023-01-05	21:25:20.030 INFO     publishing topic >>	tb3_0/cmd_vel/linear/x
2023-01-05	21:25:21.193 INFO     publishing topic >>	tb3_0/cmd_vel/linear/x
2023-01-05	21:25:21.498 INFO     publishing topic >>	tb3_0/battery_state/percentage
2023-01-05	21:25:23.203 INFO     publishing topic >>	tb3_0/scan/ranges
2023-01-05	21:25:24.832 INFO     publishing topic >>	tb3_0/battery_state/percentage
2023-01-05	21:25:24.838 INFO     publishing topic >>	tb3_0/cmd_vel/linear/x
2023-01-05	21:25:27.287 INFO     publishing topic >>	tb3_0/cmd_vel/linear/x
2023-01-05	21:25:27.799 INFO     publishing topic >>	tb3_0/scan/ranges
2023-01-05	21:25:28.440 INFO     publishing topic >>	tb3_0/cmd_vel/linear/x
2023-01-05	21:25:28.462 INFO     publishing topic >>	tb3_0/battery_state/percentage
2023-01-05	21:25:29.454 INFO     publishing topic >>	tb3_0/scan/ranges
2023-01-05	21:25:31.056 INFO     publishing topic >>	tb3_0/cmd_vel/linear/x
2023-01-05	21:25:32.381 INFO     publishing topic >>	tb3_0/battery_state/percentage
2023-01-05	21:25:34.377 INFO     publishing topic >>	tb3_0/cmd_vel/linear/x
2023-01-05	21:25:34.856 INFO     publishing topic >>	tb3_0/scan/ranges
2023-01-05	21:25:35.729 INFO     publishing topic >>	tb3_0/battery_state/percentage
2023-01-05	21:25:35.874 INFO     publishing topic >>	tb3_0/cmd_vel/linear/x
2023-01-05	21:25:37.173 INFO     publishing topic >>	tb3_0/cmd_vel/linear/x
2023-01-05	21:25:38.403 INFO     publishing topic >>	tb3_0/cmd_vel/linear/x
2023-01-05	21:25:39.130 INFO     publishing topic >>	tb3_0/scan/ranges
2023-01-05	21:25:39.750 INFO     publishing topic >>	tb3_0/battery_state/percentage
2023-01-05	21:25:40.222 INFO     publishing topic >>	tb3_0/scan/ranges
2023-01-05	21:25:40.320 INFO     publishing topic >>	tb3_0/cmd_vel/linear/x
2023-01-05	21:25:41.668 INFO     publishing topic >>	tb3_0/scan/ranges
2023-01-05	21:25:42.429 INFO     publishing topic >>	tb3_0/cmd_vel/linear/x
2023-01-05	21:25:44.078 INFO     publishing topic >>	tb3_0/cmd_vel/linear/x
2023-01-05	21:25:45.443 INFO     publishing topic >>	tb3_0/battery_state/percentage
2023-01-05	21:25:47.075 INFO     publishing topic >>	tb3_0/cmd_vel/linear/x
2023-01-05	21:25:47.737 INFO     publishing topic >>	tb3_0/scan/ranges
2023-01-05	21:25:48.413 INFO     publishing topic >>	tb3_0/cmd_vel/linear/x
2023-01-05	21:25:50.608 INFO     publishing topic >>	tb3_0/battery_state/percentage
2023-01-05	21:25:54.026 INFO     publishing topic >>	tb3_0/scan/ranges
2023-01-05	21:25:54.165 INFO     publishing topic >>	tb3_0/cmd_vel/linear/x
2023-01-05	21:25:55.872 INFO     publishing topic >>	tb3_0/cmd_vel/linear/x
2023-01-05	21:25:56.168 INFO     publishing topic >>	tb3_0/battery_state/percentage
2023-01-05	21:25:56.358 INFO     publishing topic >>	tb3_0/scan/ranges
2023-01-05	21:25:57.161 INFO     publishing topic >>	tb3_0/cmd_vel/linear/x
2023-01-05	21:25:58.689 INFO     publishing topic >>	tb3_0/scan/ranges
2023-01-05	21:25:59.057 INFO     publishing topic >>	tb3_0/cmd_vel/linear/x
2023-01-05	21:25:59.492 INFO     publishing topic >>	tb3_0/battery_state/percentage
2023-01-05	21:26:00.114 INFO     publishing topic >>	tb3_0/cmd_vel/linear/x
2023-01-05	21:26:02.132 INFO     publishing topic >>	tb3_0/scan/ranges
2023-01-05	21:26:03.771 INFO     publishing topic >>	tb3_0/battery_state/percentage
2023-01-05	21:26:04.836 INFO     publishing topic >>	tb3_0/cmd_vel/linear/x
2023-01-05	21:26:06.231 INFO     publishing topic >>	tb3_0/cmd_vel/linear/x
2023-01-05	21:26:07.249 INFO     publishing topic >>	tb3_0/scan/ranges
2023-01-05	21:26:07.464 INFO     publishing topic >>	tb3_0/cmd_vel/linear/x
2023-01-05	21:26:09.021 INFO     publishing topic >>	tb3_0/cmd_vel/linear/x
2023-01-05	21:26:09.026 INFO     publishing topic >>	tb3_0/battery_state/percentage
2023-01-05	21:26:09.721 INFO     publishing topic >>	tb3_0/scan/ranges
2023-01-05	21:26:11.001 INFO     publishing topic >>	tb3_0/cmd_vel/linear/x
2023-01-05	21:26:12.194 INFO     publishing topic >>	tb3_0/scan/ranges
2023-01-05	21:26:12.315 INFO     publishing topic >>	tb3_0/cmd_vel/linear/x
2023-01-05	21:26:13.589 INFO     publishing topic >>	tb3_0/cmd_vel/linear/x
2023-01-05	21:26:13.604 INFO     publishing topic >>	tb3_0/battery_state/percentage
2023-01-05	21:26:14.469 INFO     publishing topic >>	tb3_0/scan/ranges
2023-01-05	21:26:15.021 INFO     publishing topic >>	tb3_0/cmd_vel/linear/x
2023-01-05	21:26:16.078 INFO     publishing topic >>	tb3_0/cmd_vel/linear/x
2023-01-05	21:26:16.121 INFO     publishing topic >>	tb3_0/scan/ranges
2023-01-05	21:26:16.775 INFO     publishing topic >>	tb3_0/battery_state/percentage
2023-01-05	21:26:17.465 INFO     publishing topic >>	tb3_0/scan/ranges
2023-01-05	21:26:17.498 INFO     publishing topic >>	tb3_0/cmd_vel/linear/x
2023-01-05	21:26:18.852 INFO     publishing topic >>	tb3_0/cmd_vel/linear/x
2023-01-05	21:26:19.798 INFO     publishing topic >>	tb3_0/battery_state/percentage
2023-01-05	21:26:19.960 INFO     publishing topic >>	tb3_0/cmd_vel/linear/x
2023-01-05	21:26:21.579 INFO     publishing topic >>	tb3_0/cmd_vel/linear/x
2023-01-05	21:26:22.773 INFO     publishing topic >>	tb3_0/scan/ranges
2023-01-05	21:26:22.784 INFO     publishing topic >>	tb3_0/cmd_vel/linear/x
2023-01-05	21:26:24.300 INFO     publishing topic >>	tb3_0/cmd_vel/linear/x
2023-01-05	21:26:24.427 INFO     publishing topic >>	tb3_0/battery_state/percentage
2023-01-05	21:26:24.675 INFO     publishing topic >>	tb3_0/scan/ranges
2023-01-05	21:26:25.947 INFO     publishing topic >>	tb3_0/cmd_vel/linear/x
2023-01-05	21:26:26.253 INFO     publishing topic >>	tb3_0/scan/ranges
2023-01-05	21:26:27.441 INFO     publishing topic >>	tb3_0/cmd_vel/linear/x
2023-01-05	21:26:29.073 INFO     publishing topic >>	tb3_0/battery_state/percentage
2023-01-05	21:26:29.848 INFO     publishing topic >>	tb3_0/scan/ranges
2023-01-05	21:26:30.423 INFO     publishing topic >>	tb3_0/cmd_vel/linear/x
2023-01-05	21:26:31.896 INFO     publishing topic >>	tb3_0/scan/ranges
2023-01-05	21:26:32.597 INFO     publishing topic >>	tb3_0/battery_state/percentage
2023-01-05	21:26:32.889 INFO     publishing topic >>	tb3_0/cmd_vel/linear/x
2023-01-05	21:26:34.895 INFO     publishing topic >>	tb3_0/cmd_vel/linear/x
2023-01-05	21:26:35.282 INFO     publishing topic >>	tb3_0/scan/ranges
2023-01-05	21:26:36.129 INFO     publishing topic >>	tb3_0/cmd_vel/linear/x
2023-01-05	21:26:36.663 INFO     publishing topic >>	tb3_0/battery_state/percentage
2023-01-05	21:26:38.161 INFO     publishing topic >>	tb3_0/cmd_vel/linear/x
2023-01-05	21:26:39.684 INFO     publishing topic >>	tb3_0/battery_state/percentage
2023-01-05	21:26:39.712 INFO     publishing topic >>	tb3_0/scan/ranges
2023-01-05	21:26:40.028 INFO     publishing topic >>	tb3_0/cmd_vel/linear/x
2023-01-05	21:26:42.404 INFO     publishing topic >>	tb3_0/scan/ranges
2023-01-05	21:26:42.404 INFO     publishing topic >>	tb3_0/cmd_vel/linear/x
2023-01-05	21:26:42.942 INFO     publishing topic >>	tb3_0/battery_state/percentage
2023-01-05	21:26:45.163 INFO     publishing topic >>	tb3_0/scan/ranges
2023-01-05	21:26:46.330 INFO     publishing topic >>	tb3_0/cmd_vel/linear/x
2023-01-05	21:26:50.940 INFO     publishing topic >>	tb3_0/battery_state/percentage
2023-01-05	21:26:52.135 INFO     publishing topic >>	tb3_0/scan/ranges
2023-01-05	21:26:52.140 INFO     publishing topic >>	tb3_0/cmd_vel/linear/x
2023-01-05	21:26:53.747 INFO     publishing topic >>	tb3_0/cmd_vel/linear/x
2023-01-05	21:26:54.999 INFO     publishing topic >>	tb3_0/battery_state/percentage
2023-01-05	21:26:57.619 INFO     publishing topic >>	tb3_0/cmd_vel/linear/x
2023-01-05	21:26:57.780 INFO     publishing topic >>	tb3_0/scan/ranges
2023-01-05	21:26:58.470 INFO     publishing topic >>	tb3_0/battery_state/percentage
2023-01-05	21:27:00.324 INFO     publishing topic >>	tb3_0/cmd_vel/linear/x
2023-01-05	21:27:01.844 INFO     publishing topic >>	tb3_0/scan/ranges
2023-01-05	21:27:04.059 INFO     publishing topic >>	tb3_0/cmd_vel/linear/x
2023-01-05	21:27:05.581 INFO     publishing topic >>	tb3_0/battery_state/percentage
2023-01-05	21:27:06.970 INFO     publishing topic >>	tb3_0/cmd_vel/linear/x
2023-01-05	21:27:07.079 INFO     publishing topic >>	tb3_0/scan/ranges
2023-01-05	21:27:07.995 INFO     publishing topic >>	tb3_0/cmd_vel/linear/x
2023-01-05	21:27:08.626 INFO     publishing topic >>	tb3_0/battery_state/percentage
2023-01-05	21:27:10.401 INFO     publishing topic >>	tb3_0/cmd_vel/linear/x
2023-01-05	21:27:10.721 INFO     publishing topic >>	tb3_0/scan/ranges
2023-01-05	21:27:11.486 INFO     publishing topic >>	tb3_0/cmd_vel/linear/x
2023-01-05	21:27:12.160 INFO     publishing topic >>	tb3_0/battery_state/percentage
2023-01-05	21:27:12.658 INFO     publishing topic >>	tb3_0/scan/ranges
2023-01-05	21:27:12.658 INFO     publishing topic >>	tb3_0/cmd_vel/linear/x
2023-01-05	21:27:14.690 INFO     publishing topic >>	tb3_0/cmd_vel/linear/x
2023-01-05	21:27:14.733 INFO     publishing topic >>	tb3_0/scan/ranges
2023-01-05	21:27:15.220 INFO     publishing topic >>	tb3_0/battery_state/percentage
2023-01-05	21:27:16.527 INFO     publishing topic >>	tb3_0/cmd_vel/linear/x
2023-01-05	21:27:17.757 INFO     publishing topic >>	tb3_0/cmd_vel/linear/x
2023-01-05	21:27:19.877 INFO     publishing topic >>	tb3_0/battery_state/percentage
2023-01-05	21:27:19.927 INFO     publishing topic >>	tb3_0/scan/ranges
2023-01-05	21:27:20.693 INFO     publishing topic >>	tb3_0/cmd_vel/linear/x
2023-01-05	21:27:21.353 INFO     publishing topic >>	tb3_0/scan/ranges
2023-01-05	21:27:22.699 INFO     publishing topic >>	tb3_0/cmd_vel/linear/x
2023-01-05	21:27:23.024 INFO     publishing topic >>	tb3_0/battery_state/percentage
2023-01-05	21:27:25.103 INFO     publishing topic >>	tb3_0/scan/ranges
2023-01-05	21:27:28.205 INFO     publishing topic >>	tb3_0/battery_state/percentage
2023-01-05	21:27:28.577 INFO     publishing topic >>	tb3_0/cmd_vel/linear/x
2023-01-05	21:27:29.958 INFO     publishing topic >>	tb3_0/scan/ranges
2023-01-05	21:27:31.139 INFO     publishing topic >>	tb3_0/cmd_vel/linear/x
2023-01-05	21:27:32.160 INFO     publishing topic >>	tb3_0/battery_state/percentage
2023-01-05	21:27:34.128 INFO     publishing topic >>	tb3_0/scan/ranges
2023-01-05	21:27:39.280 INFO     publishing topic >>	tb3_0/cmd_vel/linear/x
2023-01-05	21:27:42.054 INFO     publishing topic >>	tb3_0/scan/ranges
2023-01-05	21:27:42.693 INFO     publishing topic >>	tb3_0/battery_state/percentage
2023-01-05	21:27:44.761 INFO     publishing topic >>	tb3_0/cmd_vel/linear/x
2023-01-05	21:27:44.808 INFO     publishing topic >>	tb3_0/scan/ranges
2023-01-05	21:27:48.723 INFO     publishing topic >>	tb3_0/battery_state/percentage
2023-01-05	21:27:49.458 INFO     publishing topic >>	tb3_0/cmd_vel/linear/x
2023-01-05	21:27:50.424 INFO     publishing topic >>	tb3_0/scan/ranges
2023-01-05	21:27:52.710 INFO     publishing topic >>	tb3_0/cmd_vel/linear/x
2023-01-05	21:27:52.715 INFO     publishing topic >>	tb3_0/battery_state/percentage
2023-01-05	21:27:52.862 INFO     publishing topic >>	tb3_0/scan/ranges
2023-01-05	21:27:53.900 INFO     publishing topic >>	tb3_0/cmd_vel/linear/x
2023-01-05	21:27:55.310 INFO     publishing topic >>	tb3_0/scan/ranges
2023-01-05	21:27:56.903 INFO     publishing topic >>	tb3_0/battery_state/percentage
2023-01-05	21:27:58.193 INFO     publishing topic >>	tb3_0/cmd_vel/linear/x
2023-01-05	21:28:00.138 INFO     publishing topic >>	tb3_0/scan/ranges
2023-01-05	21:28:00.195 INFO     publishing topic >>	tb3_0/cmd_vel/linear/x
2023-01-05	21:28:02.479 INFO     publishing topic >>	tb3_0/cmd_vel/linear/x
2023-01-05	21:28:02.885 INFO     publishing topic >>	tb3_0/battery_state/percentage
2023-01-05	21:28:04.241 INFO     publishing topic >>	tb3_0/scan/ranges
2023-01-05	21:28:04.607 INFO     publishing topic >>	tb3_0/cmd_vel/linear/x
2023-01-05	21:28:08.223 INFO     publishing topic >>	tb3_0/battery_state/percentage
2023-01-05	21:28:10.837 INFO     publishing topic >>	tb3_0/cmd_vel/linear/x
2023-01-05	21:28:11.090 INFO     publishing topic >>	tb3_0/scan/ranges
2023-01-05	21:28:13.473 INFO     publishing topic >>	tb3_0/scan/ranges
2023-01-05	21:28:13.499 INFO     publishing topic >>	tb3_0/cmd_vel/linear/x
2023-01-05	21:28:14.547 INFO     publishing topic >>	tb3_0/cmd_vel/linear/x
2023-01-05	21:28:15.797 INFO     publishing topic >>	tb3_0/scan/ranges
2023-01-05	21:28:16.857 INFO     publishing topic >>	tb3_0/cmd_vel/linear/x
2023-01-05	21:28:17.494 INFO     publishing topic >>	tb3_0/scan/ranges
2023-01-05	21:28:17.733 INFO     publishing topic >>	tb3_0/battery_state/percentage
2023-01-05	21:28:17.877 INFO     publishing topic >>	tb3_0/cmd_vel/linear/x
2023-01-05	21:28:20.071 INFO     publishing topic >>	tb3_0/scan/ranges
2023-01-05	21:28:21.244 INFO     publishing topic >>	tb3_0/battery_state/percentage
2023-01-05	21:28:21.255 INFO     publishing topic >>	tb3_0/cmd_vel/linear/x
2023-01-05	21:28:25.939 INFO     publishing topic >>	tb3_0/battery_state/percentage
2023-01-05	21:28:26.063 INFO     publishing topic >>	tb3_0/scan/ranges
2023-01-05	21:28:26.537 INFO     publishing topic >>	tb3_0/cmd_vel/linear/x
2023-01-05	21:28:28.586 INFO     publishing topic >>	tb3_0/scan/ranges
2023-01-05	21:28:29.738 INFO     publishing topic >>	tb3_0/cmd_vel/linear/x
2023-01-05	21:28:30.889 INFO     publishing topic >>	tb3_0/battery_state/percentage
2023-01-05	21:28:30.921 INFO     publishing topic >>	tb3_0/scan/ranges
2023-01-05	21:28:31.319 INFO     publishing topic >>	tb3_0/cmd_vel/linear/x
2023-01-05	21:28:33.593 INFO     publishing topic >>	tb3_0/cmd_vel/linear/x
2023-01-05	21:28:33.915 INFO     publishing topic >>	tb3_0/battery_state/percentage
2023-01-05	21:28:34.297 INFO     publishing topic >>	tb3_0/scan/ranges
2023-01-05	21:28:35.812 INFO     publishing topic >>	tb3_0/cmd_vel/linear/x
2023-01-05	21:28:37.024 INFO     publishing topic >>	tb3_0/battery_state/percentage
2023-01-05	21:28:37.888 INFO     publishing topic >>	tb3_0/scan/ranges
2023-01-05	21:28:41.079 INFO     publishing topic >>	tb3_0/cmd_vel/linear/x
2023-01-05	21:28:41.335 INFO     publishing topic >>	tb3_0/battery_state/percentage
2023-01-05	21:28:42.388 INFO     publishing topic >>	tb3_0/cmd_vel/linear/x
2023-01-05	21:28:42.506 INFO     publishing topic >>	tb3_0/scan/ranges
