2023-01-04 15:16:49 UTC INFO     Watching for file changes with StatReloader
2023-01-04 15:16:49 UTC INFO     Connection to ROS ready.
2023-01-04 15:16:49 UTC INFO     Successfully connected to ROS bridge from listener
2023-01-04 15:16:49 UTC INFO     Starting factory <roslibpy.comm.comm_autobahn.AutobahnRosBridgeClientFactory object at 0x7fe960c12c10>
2023-01-04 15:16:54 UTC INFO     Connection to ROS ready.
2023-01-04 15:16:54 UTC INFO     Successfully connected to ROS bridge from Ros Connector
2023-01-04 15:16:54 UTC INFO     Generating new MQTT Forwarder
2023-01-04 15:16:54 UTC INFO     local mqtt is set up
2023-01-04 15:16:58 UTC INFO     Created subscriber on imu
2023-01-04 15:16:58 UTC INFO     Created subscriber on cmd_vel
2023-01-04 15:16:58 UTC INFO     Created subscriber on odom
2023-01-04 15:16:58 UTC INFO     Created subscriber on scan
2023-01-04 15:16:58 UTC INFO     Created subscriber on joint_states
2023-01-04 15:17:00 UTC INFO     246ms 		for topic=tb3_0/scan/ranges
2023-01-04 15:17:01 UTC INFO     422ms 		for topic=tb3_0/cmd_vel/linear/x
2023-01-04 15:17:01 UTC INFO     396ms 		for topic=tb3_0/scan/ranges
2023-01-04 15:17:03 UTC INFO     1333ms 		for topic=tb3_0/scan/ranges
2023-01-04 15:17:05 UTC INFO     1677ms 		for topic=tb3_0/cmd_vel/linear/x
2023-01-04 15:17:05 UTC INFO     3052ms 		for topic=tb3_0/scan/ranges
2023-01-04 15:17:06 UTC INFO     771ms 		for topic=tb3_0/scan/ranges
2023-01-04 15:17:07 UTC INFO     391ms 		for topic=tb3_0/scan/ranges
2023-01-04 15:17:07 UTC INFO     3ms 		for topic=tb3_0/cmd_vel/linear/x
2023-01-04 15:17:08 UTC INFO     541ms 		for topic=tb3_0/scan/ranges
2023-01-04 15:17:10 UTC INFO     12ms 		for topic=tb3_0/scan/ranges
2023-01-04 15:17:11 UTC INFO     35ms 		for topic=tb3_0/cmd_vel/linear/x
2023-01-04 15:17:12 UTC INFO     2ms 		for topic=tb3_0/scan/ranges
2023-01-04 15:17:13 UTC INFO     777ms 		for topic=tb3_0/scan/ranges
2023-01-04 15:17:13 UTC INFO     32ms 		for topic=tb3_0/cmd_vel/linear/x
2023-01-04 15:17:14 UTC INFO     336ms 		for topic=tb3_0/scan/ranges
2023-01-04 15:17:16 UTC INFO     596ms 		for topic=tb3_0/scan/ranges
2023-01-04 15:17:16 UTC INFO     81ms 		for topic=tb3_0/cmd_vel/linear/x
2023-01-04 15:17:17 UTC INFO     736ms 		for topic=tb3_0/scan/ranges
2023-01-04 15:17:18 UTC INFO     24ms 		for topic=tb3_0/scan/ranges
2023-01-04 15:17:19 UTC INFO     207ms 		for topic=tb3_0/cmd_vel/linear/x
2023-01-04 15:17:19 UTC INFO     292ms 		for topic=tb3_0/scan/ranges
2023-01-04 15:17:20 UTC INFO     1033ms 		for topic=tb3_0/scan/ranges
2023-01-04 15:17:22 UTC INFO     12ms 		for topic=tb3_0/cmd_vel/linear/x
2023-01-04 15:17:22 UTC INFO     53ms 		for topic=tb3_0/scan/ranges
2023-01-04 15:17:23 UTC INFO     338ms 		for topic=tb3_0/scan/ranges
2023-01-04 15:17:24 UTC INFO     602ms 		for topic=tb3_0/cmd_vel/linear/x
2023-01-04 15:17:24 UTC INFO     640ms 		for topic=tb3_0/scan/ranges
2023-01-04 15:17:26 UTC INFO     58ms 		for topic=tb3_0/scan/ranges
2023-01-04 15:17:27 UTC INFO     375ms 		for topic=tb3_0/scan/ranges
2023-01-04 15:17:27 UTC INFO     90ms 		for topic=tb3_0/cmd_vel/linear/x
2023-01-04 15:17:28 UTC INFO     314ms 		for topic=tb3_0/scan/ranges
2023-01-04 15:17:30 UTC INFO     602ms 		for topic=tb3_0/cmd_vel/linear/x
2023-01-04 15:17:30 UTC INFO     670ms 		for topic=tb3_0/scan/ranges
2023-01-04 15:17:32 UTC INFO     195ms 		for topic=tb3_0/scan/ranges
2023-01-04 15:17:33 UTC INFO     6ms 		for topic=tb3_0/cmd_vel/linear/x
2023-01-04 15:17:33 UTC INFO     89ms 		for topic=tb3_0/scan/ranges
2023-01-04 15:17:34 UTC INFO     916ms 		for topic=tb3_0/scan/ranges
2023-01-04 15:17:35 UTC INFO     125ms 		for topic=tb3_0/cmd_vel/linear/x
2023-01-04 15:17:35 UTC INFO     103ms 		for topic=tb3_0/scan/ranges
2023-01-04 15:17:36 UTC INFO     260ms 		for topic=tb3_0/scan/ranges
2023-01-04 15:17:38 UTC INFO     589ms 		for topic=tb3_0/scan/ranges
2023-01-04 15:17:38 UTC INFO     418ms 		for topic=tb3_0/cmd_vel/linear/x
2023-01-04 15:17:39 UTC INFO     1829ms 		for topic=tb3_0/scan/ranges
2023-01-04 15:17:40 UTC INFO     244ms 		for topic=tb3_0/scan/ranges
2023-01-04 15:17:41 UTC INFO     862ms 		for topic=tb3_0/cmd_vel/linear/x
2023-01-04 15:17:41 UTC INFO     115ms 		for topic=tb3_0/scan/ranges
2023-01-04 15:17:42 UTC INFO     728ms 		for topic=tb3_0/scan/ranges
2023-01-04 15:17:43 UTC INFO     123ms 		for topic=tb3_0/cmd_vel/linear/x
2023-01-04 15:17:43 UTC INFO     68ms 		for topic=tb3_0/scan/ranges
2023-01-04 15:17:45 UTC INFO     93ms 		for topic=tb3_0/scan/ranges
2023-01-04 15:17:46 UTC INFO     845ms 		for topic=tb3_0/scan/ranges
2023-01-04 15:17:46 UTC INFO     529ms 		for topic=tb3_0/cmd_vel/linear/x
2023-01-04 15:17:47 UTC INFO     230ms 		for topic=tb3_0/scan/ranges
2023-01-04 15:17:48 UTC INFO     289ms 		for topic=tb3_0/scan/ranges
2023-01-04 15:17:49 UTC INFO     821ms 		for topic=tb3_0/cmd_vel/linear/x
2023-01-04 15:17:49 UTC INFO     1493ms 		for topic=tb3_0/scan/ranges
2023-01-04 15:17:51 UTC INFO     2945ms 		for topic=tb3_0/scan/ranges
2023-01-04 15:17:51 UTC INFO     10ms 		for topic=tb3_0/cmd_vel/linear/x
2023-01-04 15:17:52 UTC INFO     16ms 		for topic=tb3_0/scan/ranges
2023-01-04 15:17:53 UTC INFO     275ms 		for topic=tb3_0/scan/ranges
2023-01-04 15:17:54 UTC INFO     858ms 		for topic=tb3_0/cmd_vel/linear/x
2023-01-04 15:17:54 UTC INFO     86ms 		for topic=tb3_0/scan/ranges
2023-01-04 15:17:56 UTC INFO     85ms 		for topic=tb3_0/scan/ranges
2023-01-04 15:17:57 UTC INFO     574ms 		for topic=tb3_0/scan/ranges
2023-01-04 15:17:57 UTC INFO     762ms 		for topic=tb3_0/cmd_vel/linear/x
2023-01-04 15:17:58 UTC INFO     108ms 		for topic=tb3_0/scan/ranges
2023-01-04 15:17:59 UTC INFO     326ms 		for topic=tb3_0/scan/ranges
2023-01-04 15:18:00 UTC INFO     215ms 		for topic=tb3_0/cmd_vel/linear/x
2023-01-04 15:18:01 UTC INFO     704ms 		for topic=tb3_0/scan/ranges
2023-01-04 15:18:02 UTC INFO     569ms 		for topic=tb3_0/scan/ranges
2023-01-04 15:18:03 UTC INFO     189ms 		for topic=tb3_0/scan/ranges
2023-01-04 15:18:03 UTC INFO     602ms 		for topic=tb3_0/cmd_vel/linear/x
2023-01-04 15:18:04 UTC INFO     504ms 		for topic=tb3_0/scan/ranges
2023-01-04 15:18:06 UTC INFO     774ms 		for topic=tb3_0/cmd_vel/linear/x
2023-01-04 15:18:06 UTC INFO     822ms 		for topic=tb3_0/scan/ranges
2023-01-04 15:18:07 UTC INFO     527ms 		for topic=tb3_0/scan/ranges
2023-01-04 15:18:08 UTC INFO     232ms 		for topic=tb3_0/scan/ranges
2023-01-04 15:18:09 UTC INFO     347ms 		for topic=tb3_0/cmd_vel/linear/x
2023-01-04 15:18:10 UTC INFO     327ms 		for topic=tb3_0/scan/ranges
2023-01-04 15:18:11 UTC INFO     1232ms 		for topic=tb3_0/scan/ranges
2023-01-04 15:18:12 UTC INFO     736ms 		for topic=tb3_0/cmd_vel/linear/x
2023-01-04 15:18:13 UTC INFO     462ms 		for topic=tb3_0/scan/ranges
2023-01-04 15:18:14 UTC INFO     467ms 		for topic=tb3_0/scan/ranges
2023-01-04 15:18:14 UTC INFO     225ms 		for topic=tb3_0/cmd_vel/linear/x
2023-01-04 15:18:15 UTC INFO     75ms 		for topic=tb3_0/scan/ranges
2023-01-04 15:18:17 UTC INFO     450ms 		for topic=tb3_0/scan/ranges
2023-01-04 15:18:17 UTC INFO     96ms 		for topic=tb3_0/cmd_vel/linear/x
2023-01-04 15:18:18 UTC INFO     265ms 		for topic=tb3_0/scan/ranges
2023-01-04 15:18:20 UTC INFO     543ms 		for topic=tb3_0/scan/ranges
2023-01-04 15:18:20 UTC INFO     537ms 		for topic=tb3_0/cmd_vel/linear/x
2023-01-04 15:18:21 UTC INFO     5ms 		for topic=tb3_0/scan/ranges
2023-01-04 15:18:22 UTC INFO     766ms 		for topic=tb3_0/scan/ranges
2023-01-04 15:18:23 UTC INFO     1815ms 		for topic=tb3_0/scan/ranges
2023-01-04 15:18:23 UTC INFO     217ms 		for topic=tb3_0/cmd_vel/linear/x
2023-01-04 15:18:25 UTC INFO     360ms 		for topic=tb3_0/scan/ranges
2023-01-04 15:18:26 UTC INFO     460ms 		for topic=tb3_0/cmd_vel/linear/x
2023-01-04 15:18:26 UTC INFO     489ms 		for topic=tb3_0/scan/ranges
2023-01-04 15:18:27 UTC INFO     133ms 		for topic=tb3_0/scan/ranges
2023-01-04 15:18:28 UTC INFO     219ms 		for topic=tb3_0/scan/ranges
2023-01-04 15:18:28 UTC INFO     22ms 		for topic=tb3_0/cmd_vel/linear/x
2023-01-04 15:18:29 UTC INFO     223ms 		for topic=tb3_0/scan/ranges
2023-01-04 15:18:30 UTC INFO     315ms 		for topic=tb3_0/scan/ranges
2023-01-04 15:18:31 UTC INFO     305ms 		for topic=tb3_0/cmd_vel/linear/x
2023-01-04 15:18:32 UTC INFO     353ms 		for topic=tb3_0/scan/ranges
2023-01-04 15:18:34 UTC INFO     1011ms 		for topic=tb3_0/scan/ranges
2023-01-04 15:18:35 UTC INFO     713ms 		for topic=tb3_0/cmd_vel/linear/x
2023-01-04 15:18:35 UTC INFO     76ms 		for topic=tb3_0/scan/ranges
2023-01-04 15:18:36 UTC INFO     392ms 		for topic=tb3_0/scan/ranges
2023-01-04 15:18:37 UTC INFO     452ms 		for topic=tb3_0/scan/ranges
2023-01-04 15:18:38 UTC INFO     781ms 		for topic=tb3_0/cmd_vel/linear/x
2023-01-04 15:18:38 UTC INFO     125ms 		for topic=tb3_0/scan/ranges
2023-01-04 15:18:40 UTC INFO     1930ms 		for topic=tb3_0/scan/ranges
2023-01-04 15:18:41 UTC INFO     2631ms 		for topic=tb3_0/cmd_vel/linear/x
2023-01-04 15:18:42 UTC INFO     1039ms 		for topic=tb3_0/scan/ranges
2023-01-04 15:18:44 UTC INFO     78ms 		for topic=tb3_0/scan/ranges
2023-01-04 15:18:44 UTC INFO     249ms 		for topic=tb3_0/cmd_vel/linear/x
2023-01-04 15:18:45 UTC INFO     1044ms 		for topic=tb3_0/scan/ranges
2023-01-04 15:18:46 UTC INFO     239ms 		for topic=tb3_0/scan/ranges
2023-01-04 15:18:47 UTC INFO     923ms 		for topic=tb3_0/cmd_vel/linear/x
2023-01-04 15:18:48 UTC INFO     1989ms 		for topic=tb3_0/scan/ranges
2023-01-04 15:18:50 UTC INFO     830ms 		for topic=tb3_0/scan/ranges
2023-01-04 15:18:50 UTC INFO     861ms 		for topic=tb3_0/cmd_vel/linear/x
2023-01-04 15:18:51 UTC INFO     1889ms 		for topic=tb3_0/scan/ranges
2023-01-04 15:18:52 UTC INFO     2910ms 		for topic=tb3_0/scan/ranges
2023-01-04 15:18:54 UTC INFO     740ms 		for topic=tb3_0/scan/ranges
2023-01-04 15:18:54 UTC INFO     746ms 		for topic=tb3_0/cmd_vel/linear/x
2023-01-04 15:18:55 UTC INFO     215ms 		for topic=tb3_0/scan/ranges
2023-01-04 15:18:56 UTC INFO     871ms 		for topic=tb3_0/scan/ranges
2023-01-04 15:18:57 UTC INFO     125ms 		for topic=tb3_0/cmd_vel/linear/x
2023-01-04 15:18:57 UTC INFO     81ms 		for topic=tb3_0/scan/ranges
2023-01-04 15:18:58 UTC INFO     189ms 		for topic=tb3_0/scan/ranges
2023-01-04 15:18:59 UTC INFO     684ms 		for topic=tb3_0/cmd_vel/linear/x
2023-01-04 15:19:00 UTC INFO     222ms 		for topic=tb3_0/scan/ranges
2023-01-04 15:19:01 UTC INFO     1388ms 		for topic=tb3_0/scan/ranges
2023-01-04 15:19:02 UTC INFO     470ms 		for topic=tb3_0/scan/ranges
2023-01-04 15:19:02 UTC INFO     1001ms 		for topic=tb3_0/cmd_vel/linear/x
2023-01-04 15:19:03 UTC INFO     746ms 		for topic=tb3_0/scan/ranges
2023-01-04 15:19:04 UTC INFO     934ms 		for topic=tb3_0/scan/ranges
2023-01-04 15:19:05 UTC INFO     53ms 		for topic=tb3_0/cmd_vel/linear/x
2023-01-04 15:19:06 UTC INFO     557ms 		for topic=tb3_0/scan/ranges
2023-01-04 15:19:07 UTC INFO     68ms 		for topic=tb3_0/scan/ranges
2023-01-04 15:19:07 UTC INFO     17ms 		for topic=tb3_0/cmd_vel/linear/x
2023-01-04 15:19:08 UTC INFO     9ms 		for topic=tb3_0/scan/ranges
2023-01-04 15:19:10 UTC INFO     1982ms 		for topic=tb3_0/scan/ranges
2023-01-04 15:19:10 UTC INFO     111ms 		for topic=tb3_0/cmd_vel/linear/x
2023-01-04 15:19:11 UTC INFO     107ms 		for topic=tb3_0/scan/ranges
2023-01-04 15:19:12 UTC INFO     10ms 		for topic=tb3_0/scan/ranges
2023-01-04 15:19:12 UTC INFO     261ms 		for topic=tb3_0/cmd_vel/linear/x
2023-01-04 15:19:13 UTC INFO     174ms 		for topic=tb3_0/scan/ranges
2023-01-04 15:19:14 UTC INFO     107ms 		for topic=tb3_0/scan/ranges
2023-01-04 15:19:15 UTC INFO     48ms 		for topic=tb3_0/cmd_vel/linear/x
2023-01-04 15:19:15 UTC INFO     369ms 		for topic=tb3_0/scan/ranges
2023-01-04 15:19:16 UTC INFO     172ms 		for topic=tb3_0/scan/ranges
2023-01-04 15:19:17 UTC INFO     677ms 		for topic=tb3_0/scan/ranges
2023-01-04 15:19:18 UTC INFO     1059ms 		for topic=tb3_0/cmd_vel/linear/x
2023-01-04 15:19:18 UTC INFO     1702ms 		for topic=tb3_0/scan/ranges
2023-01-04 15:19:19 UTC INFO     164ms 		for topic=tb3_0/scan/ranges
2023-01-04 15:19:20 UTC INFO     665ms 		for topic=tb3_0/cmd_vel/linear/x
2023-01-04 15:19:21 UTC INFO     1251ms 		for topic=tb3_0/scan/ranges
2023-01-04 15:19:22 UTC INFO     238ms 		for topic=tb3_0/scan/ranges
2023-01-04 15:19:23 UTC INFO     123ms 		for topic=tb3_0/cmd_vel/linear/x
2023-01-04 15:19:24 UTC INFO     438ms 		for topic=tb3_0/scan/ranges
2023-01-04 15:19:25 UTC INFO     32ms 		for topic=tb3_0/scan/ranges
2023-01-04 15:19:26 UTC INFO     524ms 		for topic=tb3_0/cmd_vel/linear/x
2023-01-04 15:19:26 UTC INFO     840ms 		for topic=tb3_0/scan/ranges
2023-01-04 15:19:27 UTC INFO     249ms 		for topic=tb3_0/scan/ranges
2023-01-04 15:19:29 UTC INFO     541ms 		for topic=tb3_0/scan/ranges
2023-01-04 15:19:29 UTC INFO     541ms 		for topic=tb3_0/cmd_vel/linear/x
2023-01-04 15:19:30 UTC INFO     585ms 		for topic=tb3_0/scan/ranges
2023-01-04 15:19:32 UTC INFO     614ms 		for topic=tb3_0/scan/ranges
2023-01-04 15:19:32 UTC INFO     511ms 		for topic=tb3_0/cmd_vel/linear/x
2023-01-04 15:19:33 UTC INFO     712ms 		for topic=tb3_0/scan/ranges
2023-01-04 15:19:34 UTC INFO     51ms 		for topic=tb3_0/scan/ranges
2023-01-04 15:19:35 UTC INFO     613ms 		for topic=tb3_0/cmd_vel/linear/x
2023-01-04 15:19:35 UTC INFO     33ms 		for topic=tb3_0/scan/ranges
2023-01-04 15:19:36 UTC INFO     2ms 		for topic=tb3_0/scan/ranges
2023-01-04 15:19:37 UTC INFO     389ms 		for topic=tb3_0/scan/ranges
2023-01-04 15:19:37 UTC INFO     389ms 		for topic=tb3_0/cmd_vel/linear/x
2023-01-04 15:19:38 UTC INFO     825ms 		for topic=tb3_0/scan/ranges
2023-01-04 15:19:40 UTC INFO     342ms 		for topic=tb3_0/scan/ranges
2023-01-04 15:19:40 UTC INFO     442ms 		for topic=tb3_0/cmd_vel/linear/x
2023-01-04 15:19:41 UTC INFO     124ms 		for topic=tb3_0/scan/ranges
2023-01-04 15:19:42 UTC INFO     90ms 		for topic=tb3_0/scan/ranges
2023-01-04 15:19:43 UTC INFO     1062ms 		for topic=tb3_0/scan/ranges
2023-01-04 15:19:44 UTC INFO     46ms 		for topic=tb3_0/cmd_vel/linear/x
2023-01-04 15:19:44 UTC INFO     543ms 		for topic=tb3_0/scan/ranges
2023-01-04 15:19:45 UTC INFO     610ms 		for topic=tb3_0/scan/ranges
2023-01-04 15:19:46 UTC INFO     212ms 		for topic=tb3_0/cmd_vel/linear/x
2023-01-04 15:19:46 UTC INFO     266ms 		for topic=tb3_0/scan/ranges
2023-01-04 15:19:48 UTC INFO     3ms 		for topic=tb3_0/scan/ranges
2023-01-04 15:19:49 UTC INFO     276ms 		for topic=tb3_0/cmd_vel/linear/x
2023-01-04 15:19:49 UTC INFO     249ms 		for topic=tb3_0/scan/ranges
2023-01-04 15:19:50 UTC INFO     602ms 		for topic=tb3_0/scan/ranges
2023-01-04 15:19:52 UTC INFO     865ms 		for topic=tb3_0/cmd_vel/linear/x
2023-01-04 15:19:52 UTC INFO     1ms 		for topic=tb3_0/scan/ranges
2023-01-04 15:19:53 UTC INFO     798ms 		for topic=tb3_0/scan/ranges
2023-01-04 15:19:54 UTC INFO     293ms 		for topic=tb3_0/cmd_vel/linear/x
2023-01-04 15:19:55 UTC INFO     996ms 		for topic=tb3_0/scan/ranges
2023-01-04 15:19:56 UTC INFO     2374ms 		for topic=tb3_0/scan/ranges
2023-01-04 15:19:57 UTC INFO     987ms 		for topic=tb3_0/scan/ranges
2023-01-04 15:19:58 UTC INFO     375ms 		for topic=tb3_0/cmd_vel/linear/x
2023-01-04 15:19:58 UTC INFO     172ms 		for topic=tb3_0/scan/ranges
2023-01-04 15:20:00 UTC INFO     114ms 		for topic=tb3_0/scan/ranges
2023-01-04 15:20:00 UTC INFO     307ms 		for topic=tb3_0/cmd_vel/linear/x
2023-01-04 15:20:01 UTC INFO     547ms 		for topic=tb3_0/scan/ranges
2023-01-04 15:20:02 UTC INFO     653ms 		for topic=tb3_0/scan/ranges
2023-01-04 15:20:03 UTC INFO     48ms 		for topic=tb3_0/cmd_vel/linear/x
2023-01-04 15:20:03 UTC INFO     38ms 		for topic=tb3_0/scan/ranges
2023-01-04 15:20:04 UTC INFO     217ms 		for topic=tb3_0/scan/ranges
2023-01-04 15:20:06 UTC INFO     711ms 		for topic=tb3_0/cmd_vel/linear/x
2023-01-04 15:20:06 UTC INFO     849ms 		for topic=tb3_0/scan/ranges
2023-01-04 15:20:07 UTC INFO     757ms 		for topic=tb3_0/scan/ranges
2023-01-04 15:20:09 UTC INFO     551ms 		for topic=tb3_0/scan/ranges
2023-01-04 15:20:09 UTC INFO     24ms 		for topic=tb3_0/cmd_vel/linear/x
2023-01-04 15:20:10 UTC INFO     35ms 		for topic=tb3_0/scan/ranges
2023-01-04 15:20:12 UTC INFO     1596ms 		for topic=tb3_0/scan/ranges
2023-01-04 15:20:12 UTC INFO     1759ms 		for topic=tb3_0/cmd_vel/linear/x
2023-01-04 15:20:13 UTC INFO     112ms 		for topic=tb3_0/scan/ranges
2023-01-04 15:20:14 UTC INFO     726ms 		for topic=tb3_0/cmd_vel/linear/x
2023-01-04 15:20:15 UTC INFO     784ms 		for topic=tb3_0/scan/ranges
2023-01-04 15:20:16 UTC INFO     8ms 		for topic=tb3_0/scan/ranges
2023-01-04 15:20:17 UTC INFO     457ms 		for topic=tb3_0/scan/ranges
2023-01-04 15:20:17 UTC INFO     297ms 		for topic=tb3_0/cmd_vel/linear/x
2023-01-04 15:20:18 UTC INFO     92ms 		for topic=tb3_0/scan/ranges
2023-01-04 15:20:19 UTC INFO     54ms 		for topic=tb3_0/scan/ranges
2023-01-04 15:20:20 UTC INFO     3ms 		for topic=tb3_0/cmd_vel/linear/x
2023-01-04 15:20:21 UTC INFO     633ms 		for topic=tb3_0/scan/ranges
2023-01-04 15:20:22 UTC INFO     93ms 		for topic=tb3_0/scan/ranges
2023-01-04 15:20:23 UTC INFO     58ms 		for topic=tb3_0/cmd_vel/linear/x
2023-01-04 15:20:23 UTC INFO     423ms 		for topic=tb3_0/scan/ranges
