2023-01-07	13:50:54.462 INFO     Watching for file changes with StatReloader
2023-01-07	13:50:54.585 INFO     Connection to ROS ready.
2023-01-07	13:50:54.585 INFO     Successfully connected to ROS bridge from listener
2023-01-07	13:50:54.585 INFO     Starting factory <roslibpy.comm.comm_autobahn.AutobahnRosBridgeClientFactory object at 0x7fd0fbf115e0>
2023-01-07	13:50:59.008 INFO     Connection to ROS ready.
2023-01-07	13:50:59.008 INFO     Successfully connected to ROS bridge from Ros Connector
2023-01-07	13:50:59.008 INFO     Generating new MQTT Forwarder
2023-01-07	13:50:59.008 INFO     local mqtt is set up
2023-01-07	13:51:14.769 INFO     Created subscriber on gripper_position/command
2023-01-07	13:51:14.769 INFO     Created subscriber on gripper_position/state
2023-01-07	13:51:14.770 INFO     Created subscriber on gripper_position/pid/parameter_updates
2023-01-07	13:51:14.770 INFO     Created subscriber on gripper_sub_position/pid/parameter_descriptions
2023-01-07	13:51:14.771 INFO     Created subscriber on gripper_sub_position/pid/parameter_updates
2023-01-07	13:51:14.771 INFO     Created subscriber on gripper_sub_position/state
2023-01-07	13:51:14.771 INFO     Created subscriber on joint1_position/command
2023-01-07	13:51:14.771 INFO     Created subscriber on gripper_position/pid/parameter_descriptions
2023-01-07	13:51:14.772 INFO     Created subscriber on states
2023-01-07	13:51:14.772 INFO     Created subscriber on gripper_sub_position/command
2023-01-07	13:51:14.772 INFO     Created subscriber on joint3_position/command
2023-01-07	13:51:14.773 INFO     Created subscriber on joint4_position/command
2023-01-07	13:51:14.774 INFO     Created subscriber on joint_states
2023-01-07	13:51:14.775 INFO     Created subscriber on joint2_position/command
2023-01-07	13:51:14.776 INFO     Created subscriber on gripper/kinematics_pose
2023-01-07	13:51:15.993 INFO     18ms delay	 >> open_manipulator/states/open_manipulator_actuator_state
2023-01-07	13:51:16.405 INFO     199ms delay	 >> open_manipulator/joint_states/effort
2023-01-07	13:51:17.168 INFO     133ms delay	 >> open_manipulator/states/open_manipulator_actuator_state
2023-01-07	13:51:18.522 INFO     7ms delay	 >> open_manipulator/joint_states/effort
2023-01-07	13:51:20.089 INFO     517ms delay	 >> open_manipulator/states/open_manipulator_actuator_state
2023-01-07	13:51:20.820 INFO     51ms delay	 >> open_manipulator/joint_states/effort
2023-01-07	13:51:21.185 INFO     291ms delay	 >> open_manipulator/states/open_manipulator_actuator_state
2023-01-07	13:51:22.372 INFO     84ms delay	 >> open_manipulator/joint_states/effort
2023-01-07	13:51:23.103 INFO     3ms delay	 >> open_manipulator/states/open_manipulator_actuator_state
2023-01-07	13:51:25.025 INFO     0ms delay	 >> open_manipulator/joint_states/effort
2023-01-07	13:51:28.061 INFO     1141ms delay	 >> open_manipulator/states/open_manipulator_actuator_state
2023-01-07	13:51:28.062 INFO     1142ms delay	 >> open_manipulator/joint_states/effort
2023-01-07	13:51:31.159 INFO     728ms delay	 >> open_manipulator/states/open_manipulator_actuator_state
2023-01-07	13:51:31.768 INFO     1ms delay	 >> open_manipulator/joint_states/effort
2023-01-07	13:51:33.413 INFO     288ms delay	 >> open_manipulator/states/open_manipulator_actuator_state
2023-01-07	13:51:34.207 INFO     705ms delay	 >> open_manipulator/joint_states/effort
2023-01-07	13:51:36.194 INFO     195ms delay	 >> open_manipulator/states/open_manipulator_actuator_state
2023-01-07	13:51:37.177 INFO     1ms delay	 >> open_manipulator/joint_states/effort
2023-01-07	13:51:37.281 INFO     107ms delay	 >> open_manipulator/states/open_manipulator_actuator_state
2023-01-07	13:51:38.758 INFO     47ms delay	 >> open_manipulator/joint_states/effort
2023-01-07	13:51:38.851 INFO     141ms delay	 >> open_manipulator/states/open_manipulator_actuator_state
2023-01-07	13:51:40.205 INFO     69ms delay	 >> open_manipulator/states/open_manipulator_actuator_state
2023-01-07	13:51:40.572 INFO     361ms delay	 >> open_manipulator/joint_states/effort
2023-01-07	13:51:42.042 INFO     3ms delay	 >> open_manipulator/states/open_manipulator_actuator_state
2023-01-07	13:51:42.432 INFO     57ms delay	 >> open_manipulator/joint_states/effort
2023-01-07	13:51:43.638 INFO     290ms delay	 >> open_manipulator/states/open_manipulator_actuator_state
2023-01-07	13:51:44.629 INFO     38ms delay	 >> open_manipulator/joint_states/effort
2023-01-07	13:51:45.926 INFO     178ms delay	 >> open_manipulator/states/open_manipulator_actuator_state
2023-01-07	13:51:47.472 INFO     423ms delay	 >> open_manipulator/joint_states/effort
2023-01-07	13:51:47.685 INFO     149ms delay	 >> open_manipulator/states/open_manipulator_actuator_state
2023-01-07	13:51:49.585 INFO     497ms delay	 >> open_manipulator/states/open_manipulator_actuator_state
2023-01-07	13:51:49.605 INFO     516ms delay	 >> open_manipulator/joint_states/effort
2023-01-07	13:51:50.711 INFO     409ms delay	 >> open_manipulator/states/open_manipulator_actuator_state
2023-01-07	13:51:52.113 INFO     0ms delay	 >> open_manipulator/joint_states/effort
2023-01-07	13:51:52.454 INFO     36ms delay	 >> open_manipulator/states/open_manipulator_actuator_state
2023-01-07	13:51:54.111 INFO     453ms delay	 >> open_manipulator/states/open_manipulator_actuator_state
2023-01-07	13:51:54.206 INFO     85ms delay	 >> open_manipulator/joint_states/effort
2023-01-07	13:51:55.271 INFO     12ms delay	 >> open_manipulator/states/open_manipulator_actuator_state
2023-01-07	13:51:56.014 INFO     230ms delay	 >> open_manipulator/joint_states/effort
2023-01-07	13:51:56.316 INFO     17ms delay	 >> open_manipulator/states/open_manipulator_actuator_state
2023-01-07	13:51:57.777 INFO     63ms delay	 >> open_manipulator/joint_states/effort
2023-01-07	13:51:58.620 INFO     525ms delay	 >> open_manipulator/states/open_manipulator_actuator_state
2023-01-07	13:52:00.758 INFO     43ms delay	 >> open_manipulator/joint_states/effort
2023-01-07	13:52:01.145 INFO     432ms delay	 >> open_manipulator/states/open_manipulator_actuator_state
2023-01-07	13:52:03.192 INFO     124ms delay	 >> open_manipulator/joint_states/effort
2023-01-07	13:52:05.725 INFO     1ms delay	 >> open_manipulator/states/open_manipulator_actuator_state
2023-01-07	13:52:06.638 INFO     138ms delay	 >> open_manipulator/joint_states/effort
2023-01-07	13:52:08.637 INFO     288ms delay	 >> open_manipulator/states/open_manipulator_actuator_state
2023-01-07	13:52:10.521 INFO     0ms delay	 >> open_manipulator/joint_states/effort
2023-01-07	13:52:11.073 INFO     343ms delay	 >> open_manipulator/states/open_manipulator_actuator_state
2023-01-07	13:52:12.436 INFO     137ms delay	 >> open_manipulator/joint_states/effort
2023-01-07	13:52:13.274 INFO     94ms delay	 >> open_manipulator/states/open_manipulator_actuator_state
2023-01-07	13:52:14.907 INFO     2ms delay	 >> open_manipulator/joint_states/effort
2023-01-07	13:52:15.356 INFO     176ms delay	 >> open_manipulator/states/open_manipulator_actuator_state
2023-01-07	13:52:17.444 INFO     429ms delay	 >> open_manipulator/joint_states/effort
2023-01-07	13:52:18.092 INFO     7ms delay	 >> open_manipulator/states/open_manipulator_actuator_state
2023-01-07	13:52:20.222 INFO     49ms delay	 >> open_manipulator/joint_states/effort
2023-01-07	13:52:20.228 INFO     54ms delay	 >> open_manipulator/states/open_manipulator_actuator_state
2023-01-07	13:52:22.258 INFO     809ms delay	 >> open_manipulator/joint_states/effort
2023-01-07	13:52:22.532 INFO     1084ms delay	 >> open_manipulator/states/open_manipulator_actuator_state
2023-01-07	13:52:24.923 INFO     1146ms delay	 >> open_manipulator/states/open_manipulator_actuator_state
2023-01-07	13:52:25.826 INFO     432ms delay	 >> open_manipulator/joint_states/effort
2023-01-07	13:52:26.716 INFO     859ms delay	 >> open_manipulator/states/open_manipulator_actuator_state
2023-01-07	13:52:27.966 INFO     2109ms delay	 >> open_manipulator/joint_states/effort
2023-01-07	13:52:30.060 INFO     286ms delay	 >> open_manipulator/states/open_manipulator_actuator_state
2023-01-07	13:52:30.189 INFO     68ms delay	 >> open_manipulator/joint_states/effort
2023-01-07	13:52:33.789 INFO     751ms delay	 >> open_manipulator/states/open_manipulator_actuator_state
2023-01-07	13:52:34.474 INFO     1447ms delay	 >> open_manipulator/joint_states/effort
2023-01-07	13:52:36.177 INFO     1708ms delay	 >> open_manipulator/states/open_manipulator_actuator_state
2023-01-07	13:52:37.760 INFO     360ms delay	 >> open_manipulator/joint_states/effort
2023-01-07	13:52:38.719 INFO     45ms delay	 >> open_manipulator/states/open_manipulator_actuator_state
2023-01-07	13:52:40.509 INFO     510ms delay	 >> open_manipulator/states/open_manipulator_actuator_state
2023-01-07	13:52:40.520 INFO     790ms delay	 >> open_manipulator/joint_states/effort
2023-01-07	13:52:41.857 INFO     39ms delay	 >> open_manipulator/states/open_manipulator_actuator_state
2023-01-07	13:52:42.706 INFO     869ms delay	 >> open_manipulator/joint_states/effort
2023-01-07	13:52:44.284 INFO     2466ms delay	 >> open_manipulator/states/open_manipulator_actuator_state
2023-01-07	13:52:45.185 INFO     1336ms delay	 >> open_manipulator/joint_states/effort
2023-01-07	13:52:45.472 INFO     3653ms delay	 >> open_manipulator/states/open_manipulator_actuator_state
2023-01-07	13:52:47.347 INFO     23ms delay	 >> open_manipulator/joint_states/effort
2023-01-07	13:52:48.312 INFO     976ms delay	 >> open_manipulator/states/open_manipulator_actuator_state
2023-01-07	13:52:49.179 INFO     215ms delay	 >> open_manipulator/joint_states/effort
2023-01-07	13:52:49.380 INFO     2ms delay	 >> open_manipulator/states/open_manipulator_actuator_state
2023-01-07	13:52:50.570 INFO     1186ms delay	 >> open_manipulator/states/open_manipulator_actuator_state
2023-01-07	13:52:50.752 INFO     198ms delay	 >> open_manipulator/joint_states/effort
2023-01-07	13:52:51.802 INFO     730ms delay	 >> open_manipulator/states/open_manipulator_actuator_state
2023-01-07	13:52:52.469 INFO     9ms delay	 >> open_manipulator/joint_states/effort
2023-01-07	13:52:53.197 INFO     116ms delay	 >> open_manipulator/states/open_manipulator_actuator_state
2023-01-07	13:52:54.060 INFO     3ms delay	 >> open_manipulator/joint_states/effort
2023-01-07	13:52:54.566 INFO     506ms delay	 >> open_manipulator/states/open_manipulator_actuator_state
2023-01-07	13:52:56.496 INFO     77ms delay	 >> open_manipulator/joint_states/effort
2023-01-07	13:52:56.507 INFO     89ms delay	 >> open_manipulator/states/open_manipulator_actuator_state
2023-01-07	13:52:58.648 INFO     9ms delay	 >> open_manipulator/joint_states/effort
2023-01-07	13:52:58.648 INFO     5ms delay	 >> open_manipulator/states/open_manipulator_actuator_state
2023-01-07	13:53:01.882 INFO     300ms delay	 >> open_manipulator/states/open_manipulator_actuator_state
2023-01-07	13:53:02.093 INFO     13ms delay	 >> open_manipulator/joint_states/effort
2023-01-07	13:53:03.140 INFO     14ms delay	 >> open_manipulator/states/open_manipulator_actuator_state
2023-01-07	13:53:05.897 INFO     369ms delay	 >> open_manipulator/joint_states/effort
2023-01-07	13:53:07.968 INFO     1294ms delay	 >> open_manipulator/joint_states/effort
2023-01-07	13:53:07.969 INFO     1295ms delay	 >> open_manipulator/states/open_manipulator_actuator_state
2023-01-07	13:53:09.994 INFO     20ms delay	 >> open_manipulator/joint_states/effort
2023-01-07	13:53:10.276 INFO     300ms delay	 >> open_manipulator/states/open_manipulator_actuator_state
2023-01-07	13:53:12.248 INFO     54ms delay	 >> open_manipulator/joint_states/effort
2023-01-07	13:53:13.091 INFO     895ms delay	 >> open_manipulator/states/open_manipulator_actuator_state
2023-01-07	13:53:14.749 INFO     9ms delay	 >> open_manipulator/states/open_manipulator_actuator_state
2023-01-07	13:53:15.217 INFO     120ms delay	 >> open_manipulator/joint_states/effort
2023-01-07	13:53:17.400 INFO     738ms delay	 >> open_manipulator/states/open_manipulator_actuator_state
2023-01-07	13:53:17.596 INFO     19ms delay	 >> open_manipulator/joint_states/effort
2023-01-07	13:53:19.194 INFO     644ms delay	 >> open_manipulator/states/open_manipulator_actuator_state
2023-01-07	13:53:20.001 INFO     1449ms delay	 >> open_manipulator/joint_states/effort
2023-01-07	13:53:20.537 INFO     1987ms delay	 >> open_manipulator/states/open_manipulator_actuator_state
2023-01-07	13:53:22.219 INFO     49ms delay	 >> open_manipulator/joint_states/effort
2023-01-07	13:53:22.527 INFO     358ms delay	 >> open_manipulator/states/open_manipulator_actuator_state
2023-01-07	13:53:23.884 INFO     253ms delay	 >> open_manipulator/states/open_manipulator_actuator_state
2023-01-07	13:53:24.857 INFO     3ms delay	 >> open_manipulator/joint_states/effort
2023-01-07	13:53:24.994 INFO     64ms delay	 >> open_manipulator/states/open_manipulator_actuator_state
2023-01-07	13:53:26.013 INFO     292ms delay	 >> open_manipulator/states/open_manipulator_actuator_state
2023-01-07	13:53:27.158 INFO     1436ms delay	 >> open_manipulator/joint_states/effort
2023-01-07	13:53:29.252 INFO     106ms delay	 >> open_manipulator/joint_states/effort
2023-01-07	13:53:29.565 INFO     1552ms delay	 >> open_manipulator/states/open_manipulator_actuator_state
2023-01-07	13:53:30.875 INFO     295ms delay	 >> open_manipulator/states/open_manipulator_actuator_state
2023-01-07	13:53:31.169 INFO     42ms delay	 >> open_manipulator/joint_states/effort
2023-01-07	13:53:32.730 INFO     741ms delay	 >> open_manipulator/states/open_manipulator_actuator_state
2023-01-07	13:53:33.474 INFO     1486ms delay	 >> open_manipulator/joint_states/effort
2023-01-07	13:53:33.892 INFO     438ms delay	 >> open_manipulator/states/open_manipulator_actuator_state
2023-01-07	13:53:36.191 INFO     946ms delay	 >> open_manipulator/states/open_manipulator_actuator_state
2023-01-07	13:53:37.153 INFO     912ms delay	 >> open_manipulator/joint_states/effort
2023-01-07	13:53:37.460 INFO     1217ms delay	 >> open_manipulator/states/open_manipulator_actuator_state
2023-01-07	13:53:38.894 INFO     994ms delay	 >> open_manipulator/states/open_manipulator_actuator_state
2023-01-07	13:53:39.879 INFO     111ms delay	 >> open_manipulator/joint_states/effort
2023-01-07	13:53:40.657 INFO     362ms delay	 >> open_manipulator/states/open_manipulator_actuator_state
2023-01-07	13:53:41.688 INFO     193ms delay	 >> open_manipulator/states/open_manipulator_actuator_state
2023-01-07	13:53:41.991 INFO     173ms delay	 >> open_manipulator/joint_states/effort
2023-01-07	13:53:42.972 INFO     15ms delay	 >> open_manipulator/states/open_manipulator_actuator_state
2023-01-07	13:53:43.588 INFO     7ms delay	 >> open_manipulator/joint_states/effort
2023-01-07	13:53:44.177 INFO     5ms delay	 >> open_manipulator/states/open_manipulator_actuator_state
2023-01-07	13:53:45.805 INFO     876ms delay	 >> open_manipulator/states/open_manipulator_actuator_state
2023-01-07	13:53:46.193 INFO     350ms delay	 >> open_manipulator/joint_states/effort
2023-01-07	13:53:46.896 INFO     8ms delay	 >> open_manipulator/states/open_manipulator_actuator_state
2023-01-07	13:53:48.289 INFO     356ms delay	 >> open_manipulator/joint_states/effort
2023-01-07	13:53:48.708 INFO     150ms delay	 >> open_manipulator/states/open_manipulator_actuator_state
2023-01-07	13:53:51.366 INFO     652ms delay	 >> open_manipulator/joint_states/effort
2023-01-07	13:53:51.546 INFO     827ms delay	 >> open_manipulator/states/open_manipulator_actuator_state
2023-01-07	13:53:53.984 INFO     463ms delay	 >> open_manipulator/joint_states/effort
2023-01-07	13:53:54.823 INFO     605ms delay	 >> open_manipulator/states/open_manipulator_actuator_state
2023-01-07	13:53:55.765 INFO     279ms delay	 >> open_manipulator/joint_states/effort
2023-01-07	13:53:56.050 INFO     557ms delay	 >> open_manipulator/states/open_manipulator_actuator_state
2023-01-07	13:53:59.337 INFO     1144ms delay	 >> open_manipulator/joint_states/effort
2023-01-07	13:53:59.338 INFO     1145ms delay	 >> open_manipulator/states/open_manipulator_actuator_state
2023-01-07	13:54:01.262 INFO     2ms delay	 >> open_manipulator/joint_states/effort
2023-01-07	13:54:01.733 INFO     2ms delay	 >> open_manipulator/states/open_manipulator_actuator_state
2023-01-07	13:54:03.991 INFO     1217ms delay	 >> open_manipulator/states/open_manipulator_actuator_state
2023-01-07	13:54:04.056 INFO     6ms delay	 >> open_manipulator/joint_states/effort
2023-01-07	13:54:05.324 INFO     264ms delay	 >> open_manipulator/states/open_manipulator_actuator_state
2023-01-07	13:54:06.138 INFO     1079ms delay	 >> open_manipulator/joint_states/effort
2023-01-07	13:54:06.369 INFO     217ms delay	 >> open_manipulator/states/open_manipulator_actuator_state
2023-01-07	13:54:07.765 INFO     333ms delay	 >> open_manipulator/joint_states/effort
2023-01-07	13:54:07.989 INFO     195ms delay	 >> open_manipulator/states/open_manipulator_actuator_state
2023-01-07	13:54:09.096 INFO     561ms delay	 >> open_manipulator/states/open_manipulator_actuator_state
2023-01-07	13:54:09.563 INFO     455ms delay	 >> open_manipulator/joint_states/effort
2023-01-07	13:54:10.425 INFO     201ms delay	 >> open_manipulator/states/open_manipulator_actuator_state
2023-01-07	13:54:11.758 INFO     87ms delay	 >> open_manipulator/states/open_manipulator_actuator_state
2023-01-07	13:54:12.035 INFO     365ms delay	 >> open_manipulator/joint_states/effort
2023-01-07	13:54:13.737 INFO     8ms delay	 >> open_manipulator/states/open_manipulator_actuator_state
2023-01-07	13:54:13.879 INFO     1ms delay	 >> open_manipulator/joint_states/effort
2023-01-07	13:54:15.455 INFO     561ms delay	 >> open_manipulator/joint_states/effort
2023-01-07	13:54:15.455 INFO     556ms delay	 >> open_manipulator/states/open_manipulator_actuator_state
2023-01-07	13:54:18.986 INFO     601ms delay	 >> open_manipulator/joint_states/effort
2023-01-07	13:54:20.194 INFO     34ms delay	 >> open_manipulator/states/open_manipulator_actuator_state
2023-01-07	13:54:20.563 INFO     123ms delay	 >> open_manipulator/joint_states/effort
2023-01-07	13:54:21.337 INFO     517ms delay	 >> open_manipulator/states/open_manipulator_actuator_state
2023-01-07	13:54:22.924 INFO     2104ms delay	 >> open_manipulator/states/open_manipulator_actuator_state
2023-01-07	13:54:23.874 INFO     822ms delay	 >> open_manipulator/joint_states/effort
2023-01-07	13:54:26.032 INFO     1450ms delay	 >> open_manipulator/states/open_manipulator_actuator_state
2023-01-07	13:54:26.340 INFO     148ms delay	 >> open_manipulator/joint_states/effort
2023-01-07	13:54:27.139 INFO     51ms delay	 >> open_manipulator/states/open_manipulator_actuator_state
2023-01-07	13:54:28.201 INFO     829ms delay	 >> open_manipulator/joint_states/effort
2023-01-07	13:54:29.665 INFO     226ms delay	 >> open_manipulator/states/open_manipulator_actuator_state
2023-01-07	13:54:30.262 INFO     0ms delay	 >> open_manipulator/joint_states/effort
2023-01-07	13:54:31.513 INFO     671ms delay	 >> open_manipulator/states/open_manipulator_actuator_state
2023-01-07	13:54:32.586 INFO     161ms delay	 >> open_manipulator/joint_states/effort
2023-01-07	13:54:33.340 INFO     28ms delay	 >> open_manipulator/states/open_manipulator_actuator_state
2023-01-07	13:54:34.662 INFO     15ms delay	 >> open_manipulator/states/open_manipulator_actuator_state
2023-01-07	13:54:34.966 INFO     89ms delay	 >> open_manipulator/joint_states/effort
2023-01-07	13:54:36.182 INFO     572ms delay	 >> open_manipulator/states/open_manipulator_actuator_state
2023-01-07	13:54:37.207 INFO     495ms delay	 >> open_manipulator/joint_states/effort
2023-01-07	13:54:37.309 INFO     596ms delay	 >> open_manipulator/states/open_manipulator_actuator_state
2023-01-07	13:54:39.329 INFO     1602ms delay	 >> open_manipulator/joint_states/effort
2023-01-07	13:54:39.502 INFO     944ms delay	 >> open_manipulator/states/open_manipulator_actuator_state
2023-01-07	13:54:41.151 INFO     12ms delay	 >> open_manipulator/states/open_manipulator_actuator_state
2023-01-07	13:54:41.159 INFO     21ms delay	 >> open_manipulator/joint_states/effort
2023-01-07	13:54:42.975 INFO     1ms delay	 >> open_manipulator/states/open_manipulator_actuator_state
2023-01-07	13:54:43.858 INFO     885ms delay	 >> open_manipulator/joint_states/effort
2023-01-07	13:54:44.410 INFO     1436ms delay	 >> open_manipulator/states/open_manipulator_actuator_state
2023-01-07	13:54:45.470 INFO     178ms delay	 >> open_manipulator/states/open_manipulator_actuator_state
2023-01-07	13:54:45.900 INFO     609ms delay	 >> open_manipulator/joint_states/effort
