2023-01-07	14:58:00.995 INFO     92ms delay for topic >> open_manipulator/gripper_sub_position/state/command
2023-01-07	14:58:02.982 INFO     1ms delay for topic >> open_manipulator/joint2_position/command/data
2023-01-07	14:58:02.993 INFO     13ms delay for topic >> open_manipulator/gripper_position/command/data
2023-01-07	14:58:03.872 INFO     892ms delay for topic >> open_manipulator/gripper_sub_position/command/data
2023-01-07	14:58:06.457 INFO     349ms delay for topic >> open_manipulator/states/open_manipulator_actuator_state
2023-01-07	14:58:06.714 INFO     252ms delay for topic >> open_manipulator/joint1_position/command/data
2023-01-07	14:58:07.971 INFO     133ms delay for topic >> open_manipulator/gripper/kinematics_pose/pose/position/z
2023-01-07	14:58:09.237 INFO     18ms delay for topic >> open_manipulator/joint_states/effort
2023-01-07	14:58:09.450 INFO     0ms delay for topic >> open_manipulator/joint3_position/command/data
2023-01-07	14:58:09.585 INFO     136ms delay for topic >> open_manipulator/joint4_position/command/data
2023-01-07	14:58:11.622 INFO     1050ms delay for topic >> open_manipulator/gripper_position/state/process_value_dot
2023-01-07	14:58:11.623 INFO     1051ms delay for topic >> open_manipulator/gripper_position/command/data
2023-01-07	14:58:12.279 INFO     652ms delay for topic >> open_manipulator/gripper_sub_position/command/data
2023-01-07	14:58:12.280 INFO     654ms delay for topic >> open_manipulator/gripper_sub_position/state/command
2023-01-07	14:58:12.957 INFO     434ms delay for topic >> open_manipulator/states/open_manipulator_actuator_state
2023-01-07	14:58:12.958 INFO     434ms delay for topic >> open_manipulator/joint2_position/command/data
2023-01-07	14:58:13.818 INFO     124ms delay for topic >> open_manipulator/gripper/kinematics_pose/pose/position/z
2023-01-07	14:58:14.187 INFO     16ms delay for topic >> open_manipulator/joint_states/effort
2023-01-07	14:58:14.470 INFO     125ms delay for topic >> open_manipulator/joint4_position/command/data
2023-01-07	14:58:15.719 INFO     1375ms delay for topic >> open_manipulator/joint3_position/command/data
2023-01-07	14:58:15.965 INFO     205ms delay for topic >> open_manipulator/gripper_sub_position/command/data
2023-01-07	14:58:16.547 INFO     126ms delay for topic >> open_manipulator/joint1_position/command/data
2023-01-07	14:58:16.606 INFO     185ms delay for topic >> open_manipulator/gripper_position/command/data
2023-01-07	14:58:16.971 INFO     551ms delay for topic >> open_manipulator/gripper_position/state/process_value_dot
2023-01-07	14:58:17.912 INFO     394ms delay for topic >> open_manipulator/states/open_manipulator_actuator_state
2023-01-07	14:58:18.992 INFO     296ms delay for topic >> open_manipulator/gripper/kinematics_pose/pose/position/z
2023-01-07	14:58:19.548 INFO     229ms delay for topic >> open_manipulator/joint_states/effort
2023-01-07	14:58:19.651 INFO     334ms delay for topic >> open_manipulator/gripper_sub_position/command/data
2023-01-07	14:58:19.657 INFO     340ms delay for topic >> open_manipulator/joint4_position/command/data
2023-01-07	14:58:19.769 INFO     450ms delay for topic >> open_manipulator/gripper_sub_position/state/command
2023-01-07	14:58:19.769 INFO     450ms delay for topic >> open_manipulator/joint2_position/command/data
2023-01-07	14:58:21.268 INFO     211ms delay for topic >> open_manipulator/joint3_position/command/data
2023-01-07	14:58:21.269 INFO     210ms delay for topic >> open_manipulator/gripper_position/command/data
2023-01-07	14:58:22.257 INFO     572ms delay for topic >> open_manipulator/states/open_manipulator_actuator_state
2023-01-07	14:58:23.208 INFO     257ms delay for topic >> open_manipulator/gripper_position/state/process_value_dot
2023-01-07	14:58:23.489 INFO     0ms delay for topic >> open_manipulator/joint_states/effort
2023-01-07	14:58:23.813 INFO     3ms delay for topic >> open_manipulator/gripper/kinematics_pose/pose/position/z
2023-01-07	14:58:23.845 INFO     33ms delay for topic >> open_manipulator/joint1_position/command/data
2023-01-07	14:58:25.017 INFO     175ms delay for topic >> open_manipulator/gripper_sub_position/command/data
2023-01-07	14:58:25.137 INFO     295ms delay for topic >> open_manipulator/joint4_position/command/data
2023-01-07	14:58:28.648 INFO     1ms delay for topic >> open_manipulator/joint2_position/command/data
2023-01-07	14:58:28.945 INFO     182ms delay for topic >> open_manipulator/gripper_position/command/data
2023-01-07	14:58:29.919 INFO     671ms delay for topic >> open_manipulator/joint3_position/command/data
2023-01-07	14:58:29.997 INFO     1ms delay for topic >> open_manipulator/states/open_manipulator_actuator_state
2023-01-07	14:58:30.512 INFO     4ms delay for topic >> open_manipulator/gripper_sub_position/state/command
2023-01-07	14:58:32.368 INFO     602ms delay for topic >> open_manipulator/joint_states/effort
2023-01-07	14:58:32.368 INFO     603ms delay for topic >> open_manipulator/gripper/kinematics_pose/pose/position/z
2023-01-07	14:58:32.644 INFO     879ms delay for topic >> open_manipulator/gripper_sub_position/command/data
2023-01-07	14:58:33.585 INFO     443ms delay for topic >> open_manipulator/gripper_position/state/process_value_dot
2023-01-07	14:58:33.852 INFO     114ms delay for topic >> open_manipulator/joint4_position/command/data
2023-01-07	14:58:35.419 INFO     85ms delay for topic >> open_manipulator/joint1_position/command/data
2023-01-07	14:58:36.048 INFO     612ms delay for topic >> open_manipulator/gripper_position/command/data
2023-01-07	14:58:37.394 INFO     131ms delay for topic >> open_manipulator/joint2_position/command/data
2023-01-07	14:58:37.932 INFO     2ms delay for topic >> open_manipulator/states/open_manipulator_actuator_state
2023-01-07	14:58:38.195 INFO     35ms delay for topic >> open_manipulator/joint3_position/command/data
2023-01-07	14:58:39.722 INFO     107ms delay for topic >> open_manipulator/joint_states/effort
2023-01-07	14:58:40.425 INFO     810ms delay for topic >> open_manipulator/gripper/kinematics_pose/pose/position/z
2023-01-07	14:58:40.471 INFO     857ms delay for topic >> open_manipulator/gripper_sub_position/command/data
2023-01-07	14:58:42.756 INFO     264ms delay for topic >> open_manipulator/gripper_sub_position/state/command
2023-01-07	14:58:43.592 INFO     358ms delay for topic >> open_manipulator/joint4_position/command/data
2023-01-07	14:58:44.402 INFO     743ms delay for topic >> open_manipulator/gripper_position/command/data
2023-01-07	14:58:44.402 INFO     744ms delay for topic >> open_manipulator/states/open_manipulator_actuator_state
2023-01-07	14:58:45.527 INFO     130ms delay for topic >> open_manipulator/gripper_position/state/process_value_dot
2023-01-07	14:58:46.574 INFO     1178ms delay for topic >> open_manipulator/joint2_position/command/data
2023-01-07	14:58:47.752 INFO     4ms delay for topic >> open_manipulator/joint1_position/command/data
2023-01-07	14:58:47.757 INFO     8ms delay for topic >> open_manipulator/joint3_position/command/data
2023-01-07	14:58:52.196 INFO     153ms delay for topic >> open_manipulator/gripper/kinematics_pose/pose/position/z
2023-01-07	14:58:52.197 INFO     156ms delay for topic >> open_manipulator/joint_states/effort
2023-01-07	14:58:52.950 INFO     133ms delay for topic >> open_manipulator/gripper_sub_position/command/data
2023-01-07	14:58:55.435 INFO     927ms delay for topic >> open_manipulator/gripper_sub_position/state/command
2023-01-07	14:58:55.471 INFO     0ms delay for topic >> open_manipulator/gripper_position/command/data
2023-01-07	14:58:55.785 INFO     251ms delay for topic >> open_manipulator/states/open_manipulator_actuator_state
2023-01-07	14:58:56.499 INFO     964ms delay for topic >> open_manipulator/joint4_position/command/data
2023-01-07	14:58:58.488 INFO     792ms delay for topic >> open_manipulator/gripper_position/state/process_value_dot
2023-01-07	14:58:58.524 INFO     828ms delay for topic >> open_manipulator/joint2_position/command/data
2023-01-07	14:59:00.739 INFO     0ms delay for topic >> open_manipulator/joint3_position/command/data
2023-01-07	14:59:01.202 INFO     231ms delay for topic >> open_manipulator/gripper/kinematics_pose/pose/position/z
2023-01-07	14:59:01.275 INFO     303ms delay for topic >> open_manipulator/joint1_position/command/data
2023-01-07	14:59:01.441 INFO     472ms delay for topic >> open_manipulator/joint_states/effort
2023-01-07	14:59:01.895 INFO     923ms delay for topic >> open_manipulator/gripper_sub_position/command/data
2023-01-07	14:59:04.170 INFO     380ms delay for topic >> open_manipulator/gripper_position/command/data
2023-01-07	14:59:04.452 INFO     661ms delay for topic >> open_manipulator/gripper_sub_position/state/command
2023-01-07	14:59:05.114 INFO     439ms delay for topic >> open_manipulator/states/open_manipulator_actuator_state
2023-01-07	14:59:07.668 INFO     162ms delay for topic >> open_manipulator/joint4_position/command/data
2023-01-07	14:59:09.608 INFO     403ms delay for topic >> open_manipulator/gripper/kinematics_pose/pose/position/z
2023-01-07	14:59:09.673 INFO     466ms delay for topic >> open_manipulator/joint3_position/command/data
2023-01-07	14:59:10.324 INFO     367ms delay for topic >> open_manipulator/gripper_position/command/data
2023-01-07	14:59:10.448 INFO     482ms delay for topic >> open_manipulator/joint2_position/command/data
2023-01-07	14:59:10.550 INFO     8ms delay for topic >> open_manipulator/joint_states/effort
2023-01-07	14:59:10.701 INFO     152ms delay for topic >> open_manipulator/gripper_position/state/process_value_dot
2023-01-07	14:59:11.616 INFO     3ms delay for topic >> open_manipulator/gripper_sub_position/command/data
2023-01-07	14:59:11.617 INFO     4ms delay for topic >> open_manipulator/states/open_manipulator_actuator_state
2023-01-07	14:59:12.040 INFO     828ms delay for topic >> open_manipulator/joint4_position/command/data
2023-01-07	14:59:12.277 INFO     663ms delay for topic >> open_manipulator/joint1_position/command/data
2023-01-07	14:59:12.277 INFO     666ms delay for topic >> open_manipulator/gripper_sub_position/state/command
2023-01-07	14:59:12.459 INFO     846ms delay for topic >> open_manipulator/gripper/kinematics_pose/pose/position/z
2023-01-07	14:59:14.323 INFO     3ms delay for topic >> open_manipulator/gripper_position/command/data
2023-01-07	14:59:14.863 INFO     541ms delay for topic >> open_manipulator/joint3_position/command/data
2023-01-07	14:59:16.724 INFO     442ms delay for topic >> open_manipulator/joint_states/effort
2023-01-07	14:59:16.798 INFO     1ms delay for topic >> open_manipulator/joint2_position/command/data
2023-01-07	14:59:17.248 INFO     6ms delay for topic >> open_manipulator/gripper_sub_position/command/data
2023-01-07	14:59:18.163 INFO     319ms delay for topic >> open_manipulator/gripper_position/state/process_value_dot
2023-01-07	14:59:18.278 INFO     410ms delay for topic >> open_manipulator/joint4_position/command/data
2023-01-07	14:59:18.911 INFO     260ms delay for topic >> open_manipulator/states/open_manipulator_actuator_state
2023-01-07	14:59:21.701 INFO     1592ms delay for topic >> open_manipulator/gripper/kinematics_pose/pose/position/z
2023-01-07	14:59:22.260 INFO     48ms delay for topic >> open_manipulator/gripper_sub_position/state/command
2023-01-07	14:59:22.614 INFO     359ms delay for topic >> open_manipulator/joint1_position/command/data
2023-01-07	14:59:24.253 INFO     501ms delay for topic >> open_manipulator/joint3_position/command/data
2023-01-07	14:59:24.255 INFO     492ms delay for topic >> open_manipulator/gripper_position/command/data
2023-01-07	14:59:26.062 INFO     409ms delay for topic >> open_manipulator/joint_states/effort
2023-01-07	14:59:28.225 INFO     712ms delay for topic >> open_manipulator/gripper_sub_position/command/data
2023-01-07	14:59:28.351 INFO     797ms delay for topic >> open_manipulator/joint4_position/command/data
2023-01-07	14:59:28.499 INFO     944ms delay for topic >> open_manipulator/joint2_position/command/data
2023-01-07	14:59:29.162 INFO     10ms delay for topic >> open_manipulator/gripper_position/state/process_value_dot
2023-01-07	14:59:30.670 INFO     144ms delay for topic >> open_manipulator/gripper/kinematics_pose/pose/position/z
2023-01-07	14:59:31.140 INFO     346ms delay for topic >> open_manipulator/states/open_manipulator_actuator_state
2023-01-07	14:59:31.940 INFO     486ms delay for topic >> open_manipulator/gripper_position/command/data
2023-01-07	14:59:32.450 INFO     164ms delay for topic >> open_manipulator/gripper_sub_position/state/command
2023-01-07	14:59:34.438 INFO     624ms delay for topic >> open_manipulator/joint3_position/command/data
2023-01-07	14:59:35.127 INFO     371ms delay for topic >> open_manipulator/joint1_position/command/data
2023-01-07	14:59:35.709 INFO     947ms delay for topic >> open_manipulator/gripper_sub_position/command/data
2023-01-07	14:59:36.377 INFO     1612ms delay for topic >> open_manipulator/joint_states/effort
2023-01-07	14:59:36.377 INFO     1615ms delay for topic >> open_manipulator/joint4_position/command/data
2023-01-07	14:59:38.580 INFO     1041ms delay for topic >> open_manipulator/gripper/kinematics_pose/pose/position/z
2023-01-07	14:59:38.580 INFO     1042ms delay for topic >> open_manipulator/states/open_manipulator_actuator_state
2023-01-07	14:59:38.808 INFO     1278ms delay for topic >> open_manipulator/gripper_position/command/data
2023-01-07	14:59:40.157 INFO     843ms delay for topic >> open_manipulator/gripper_position/state/process_value_dot
2023-01-07	14:59:40.170 INFO     855ms delay for topic >> open_manipulator/joint2_position/command/data
2023-01-07	14:59:40.892 INFO     330ms delay for topic >> open_manipulator/joint3_position/command/data
2023-01-07	14:59:40.933 INFO     3143ms delay for topic >> open_manipulator/gripper_sub_position/state/command
2023-01-07	14:59:42.322 INFO     103ms delay for topic >> open_manipulator/gripper_sub_position/command/data
2023-01-07	14:59:43.370 INFO     546ms delay for topic >> open_manipulator/joint4_position/command/data
2023-01-07	14:59:43.371 INFO     887ms delay for topic >> open_manipulator/joint_states/effort
2023-01-07	14:59:43.424 INFO     602ms delay for topic >> open_manipulator/joint1_position/command/data
2023-01-07	14:59:44.037 INFO     541ms delay for topic >> open_manipulator/gripper/kinematics_pose/pose/position/z
2023-01-07	14:59:44.039 INFO     540ms delay for topic >> open_manipulator/states/open_manipulator_actuator_state
2023-01-07	14:59:44.742 INFO     464ms delay for topic >> open_manipulator/gripper_position/command/data
2023-01-07	14:59:47.314 INFO     1652ms delay for topic >> open_manipulator/gripper_position/state/process_value_dot
2023-01-07	14:59:47.930 INFO     2260ms delay for topic >> open_manipulator/joint2_position/command/data
2023-01-07	14:59:48.326 INFO     12ms delay for topic >> open_manipulator/joint3_position/command/data
2023-01-07	14:59:48.820 INFO     369ms delay for topic >> open_manipulator/gripper_sub_position/command/data
2023-01-07	14:59:49.047 INFO     234ms delay for topic >> open_manipulator/joint4_position/command/data
2023-01-07	14:59:50.271 INFO     224ms delay for topic >> open_manipulator/joint_states/effort
2023-01-07	14:59:50.657 INFO     136ms delay for topic >> open_manipulator/gripper_sub_position/state/command
2023-01-07	14:59:52.150 INFO     1159ms delay for topic >> open_manipulator/states/open_manipulator_actuator_state
2023-01-07	14:59:52.162 INFO     7ms delay for topic >> open_manipulator/gripper/kinematics_pose/pose/position/z
2023-01-07	14:59:54.035 INFO     949ms delay for topic >> open_manipulator/gripper_position/command/data
2023-01-07	14:59:55.292 INFO     483ms delay for topic >> open_manipulator/joint1_position/command/data
2023-01-07	14:59:56.117 INFO     7ms delay for topic >> open_manipulator/gripper_position/state/process_value_dot
2023-01-07	14:59:57.309 INFO     2254ms delay for topic >> open_manipulator/gripper_sub_position/command/data
2023-01-07	14:59:57.479 INFO     826ms delay for topic >> open_manipulator/joint3_position/command/data
2023-01-07	14:59:57.958 INFO     91ms delay for topic >> open_manipulator/joint2_position/command/data
2023-01-07	14:59:59.305 INFO     1ms delay for topic >> open_manipulator/joint4_position/command/data
2023-01-07	14:59:59.562 INFO     10ms delay for topic >> open_manipulator/joint_states/effort
2023-01-07	14:59:59.887 INFO     206ms delay for topic >> open_manipulator/states/open_manipulator_actuator_state
2023-01-07	15:00:00.454 INFO     305ms delay for topic >> open_manipulator/gripper_position/command/data
2023-01-07	15:00:01.511 INFO     11ms delay for topic >> open_manipulator/gripper/kinematics_pose/pose/position/z
2023-01-07	15:00:01.731 INFO     223ms delay for topic >> open_manipulator/gripper_sub_position/state/command
2023-01-07	15:00:04.701 INFO     302ms delay for topic >> open_manipulator/gripper_sub_position/command/data
2023-01-07	15:00:04.724 INFO     334ms delay for topic >> open_manipulator/joint1_position/command/data
2023-01-07	15:00:06.621 INFO     4ms delay for topic >> open_manipulator/gripper_position/state/process_value_dot
2023-01-07	15:00:06.990 INFO     373ms delay for topic >> open_manipulator/joint4_position/command/data
2023-01-07	15:00:07.007 INFO     389ms delay for topic >> open_manipulator/joint3_position/command/data
2023-01-07	15:00:07.974 INFO     759ms delay for topic >> open_manipulator/joint2_position/command/data
2023-01-07	15:00:07.974 INFO     753ms delay for topic >> open_manipulator/joint_states/effort
2023-01-07	15:00:10.009 INFO     1ms delay for topic >> open_manipulator/states/open_manipulator_actuator_state
2023-01-07	15:00:10.298 INFO     204ms delay for topic >> open_manipulator/gripper_position/command/data
2023-01-07	15:00:11.972 INFO     155ms delay for topic >> open_manipulator/gripper/kinematics_pose/pose/position/z
2023-01-07	15:00:12.312 INFO     194ms delay for topic >> open_manipulator/gripper_sub_position/command/data
2023-01-07	15:00:13.950 INFO     1116ms delay for topic >> open_manipulator/gripper_sub_position/state/command
2023-01-07	15:00:13.957 INFO     3ms delay for topic >> open_manipulator/joint4_position/command/data
2023-01-07	15:00:14.780 INFO     826ms delay for topic >> open_manipulator/joint3_position/command/data
2023-01-07	15:00:15.584 INFO     2748ms delay for topic >> open_manipulator/gripper_position/state/process_value_dot
2023-01-07	15:00:15.727 INFO     1775ms delay for topic >> open_manipulator/joint1_position/command/data
2023-01-07	15:00:16.392 INFO     2439ms delay for topic >> open_manipulator/joint_states/effort
2023-01-07	15:00:16.607 INFO     2650ms delay for topic >> open_manipulator/joint2_position/command/data
2023-01-07	15:00:18.089 INFO     524ms delay for topic >> open_manipulator/states/open_manipulator_actuator_state
2023-01-07	15:00:19.360 INFO     531ms delay for topic >> open_manipulator/gripper_position/command/data
2023-01-07	15:00:20.274 INFO     0ms delay for topic >> open_manipulator/gripper/kinematics_pose/pose/position/z
2023-01-07	15:00:20.398 INFO     145ms delay for topic >> open_manipulator/gripper_sub_position/command/data
2023-01-07	15:00:22.916 INFO     526ms delay for topic >> open_manipulator/joint4_position/command/data
2023-01-07	15:00:24.009 INFO     395ms delay for topic >> open_manipulator/gripper_sub_position/state/command
2023-01-07	15:00:24.992 INFO     547ms delay for topic >> open_manipulator/joint3_position/command/data
2023-01-07	15:00:26.680 INFO     803ms delay for topic >> open_manipulator/gripper_position/state/process_value_dot
2023-01-07	15:00:26.681 INFO     804ms delay for topic >> open_manipulator/gripper_position/command/data
2023-01-07	15:00:26.860 INFO     166ms delay for topic >> open_manipulator/joint_states/effort
2023-01-07	15:00:27.548 INFO     500ms delay for topic >> open_manipulator/states/open_manipulator_actuator_state
2023-01-07	15:00:27.560 INFO     512ms delay for topic >> open_manipulator/gripper/kinematics_pose/pose/position/z
2023-01-07	15:00:27.857 INFO     286ms delay for topic >> open_manipulator/gripper_sub_position/command/data
2023-01-07	15:00:28.193 INFO     1501ms delay for topic >> open_manipulator/joint1_position/command/data
2023-01-07	15:00:28.444 INFO     209ms delay for topic >> open_manipulator/joint2_position/command/data
2023-01-07	15:00:29.905 INFO     21ms delay for topic >> open_manipulator/joint4_position/command/data
2023-01-07	15:00:30.795 INFO     538ms delay for topic >> open_manipulator/joint3_position/command/data
2023-01-07	15:00:31.325 INFO     227ms delay for topic >> open_manipulator/gripper_sub_position/state/command
2023-01-07	15:00:32.586 INFO     529ms delay for topic >> open_manipulator/gripper_position/command/data
2023-01-07	15:00:34.123 INFO     214ms delay for topic >> open_manipulator/gripper_position/state/process_value_dot
2023-01-07	15:00:34.150 INFO     7ms delay for topic >> open_manipulator/joint_states/effort
2023-01-07	15:00:34.892 INFO     68ms delay for topic >> open_manipulator/states/open_manipulator_actuator_state
2023-01-07	15:00:36.213 INFO     700ms delay for topic >> open_manipulator/gripper/kinematics_pose/pose/position/z
2023-01-07	15:00:36.213 INFO     700ms delay for topic >> open_manipulator/gripper_sub_position/command/data
2023-01-07	15:00:37.987 INFO     1658ms delay for topic >> open_manipulator/joint4_position/command/data
2023-01-07	15:00:38.719 INFO     1ms delay for topic >> open_manipulator/joint2_position/command/data
2023-01-07	15:00:39.586 INFO     444ms delay for topic >> open_manipulator/gripper_position/command/data
2023-01-07	15:00:39.586 INFO     444ms delay for topic >> open_manipulator/joint3_position/command/data
2023-01-07	15:00:40.213 INFO     361ms delay for topic >> open_manipulator/gripper_sub_position/state/command
2023-01-07	15:00:40.355 INFO     11ms delay for topic >> open_manipulator/joint1_position/command/data
2023-01-07	15:00:41.790 INFO     241ms delay for topic >> open_manipulator/gripper_position/state/process_value_dot
2023-01-07	15:00:41.838 INFO     289ms delay for topic >> open_manipulator/states/open_manipulator_actuator_state
2023-01-07	15:00:42.702 INFO     859ms delay for topic >> open_manipulator/joint_states/effort
2023-01-07	15:00:42.702 INFO     861ms delay for topic >> open_manipulator/gripper/kinematics_pose/pose/position/z
2023-01-07	15:00:42.714 INFO     8ms delay for topic >> open_manipulator/gripper_sub_position/command/data
2023-01-07	15:00:43.013 INFO     133ms delay for topic >> open_manipulator/joint4_position/command/data
2023-01-07	15:00:44.849 INFO     18ms delay for topic >> open_manipulator/gripper_position/command/data
2023-01-07	15:00:46.389 INFO     174ms delay for topic >> open_manipulator/joint2_position/command/data
2023-01-07	15:00:47.487 INFO     670ms delay for topic >> open_manipulator/joint3_position/command/data
2023-01-07	15:00:51.189 INFO     851ms delay for topic >> open_manipulator/gripper_position/state/process_value_dot
2023-01-07	15:00:51.189 INFO     852ms delay for topic >> open_manipulator/gripper_sub_position/state/command
2023-01-07	15:00:52.218 INFO     586ms delay for topic >> open_manipulator/states/open_manipulator_actuator_state
2023-01-07	15:00:53.388 INFO     303ms delay for topic >> open_manipulator/joint1_position/command/data
2023-01-07	15:00:54.743 INFO     175ms delay for topic >> open_manipulator/joint_states/effort
2023-01-07	15:00:55.905 INFO     452ms delay for topic >> open_manipulator/gripper_sub_position/command/data
2023-01-07	15:00:55.906 INFO     615ms delay for topic >> open_manipulator/gripper/kinematics_pose/pose/position/z
2023-01-07	15:00:56.665 INFO     2103ms delay for topic >> open_manipulator/joint4_position/command/data
2023-01-07	15:00:56.920 INFO     9ms delay for topic >> open_manipulator/gripper_position/command/data
2023-01-07	15:00:59.207 INFO     614ms delay for topic >> open_manipulator/joint3_position/command/data
2023-01-07	15:01:00.000 INFO     334ms delay for topic >> open_manipulator/joint2_position/command/data
2023-01-07	15:01:00.600 INFO     489ms delay for topic >> open_manipulator/states/open_manipulator_actuator_state
