2023-01-04	18:18:42.739 INFO     Watching for file changes with StatReloader
2023-01-04	18:18:42.860 INFO     Connection to ROS ready.
2023-01-04	18:18:42.861 INFO     Successfully connected to ROS bridge from listener
2023-01-04	18:18:42.861 INFO     Starting factory <roslibpy.comm.comm_autobahn.AutobahnRosBridgeClientFactory object at 0x7f17bc7c0610>
2023-01-04	18:18:47.008 INFO     Connection to ROS ready.
2023-01-04	18:18:47.008 INFO     Successfully connected to ROS bridge from Ros Connector
2023-01-04	18:18:47.008 INFO     Generating new MQTT Forwarder
2023-01-04	18:18:47.009 INFO     local mqtt is set up
2023-01-04	18:19:29.162 INFO     Created subscriber on imu
2023-01-04	18:19:29.164 INFO     Created subscriber on scan
2023-01-04	18:19:29.164 INFO     Created subscriber on cmd_vel
2023-01-04	18:19:29.165 INFO     Created subscriber on odom
2023-01-04	18:19:29.165 INFO     Created subscriber on joint_states
2023-01-04	18:19:30.217 INFO     371359nanosecs 		for topic=tb3_0/scan/ranges
2023-01-04	18:19:30.222 INFO     170424nanosecs 		for topic=tb3_0/cmd_vel/linear/x
2023-01-04	18:19:31.183 INFO     354267nanosecs 		for topic=tb3_0/imu/linear_acceleration/x
2023-01-04	18:19:31.184 INFO     328068nanosecs 		for topic=tb3_0/odom/twist/twist/angular/z
2023-01-04	18:19:31.365 INFO     354778nanosecs 		for topic=tb3_0/scan/ranges
2023-01-04	18:19:31.480 INFO     595243nanosecs 		for topic=tb3_0/cmd_vel/linear/x
2023-01-04	18:19:33.326 INFO     330507nanosecs 		for topic=tb3_0/scan/ranges
2023-01-04	18:19:33.378 INFO     262436nanosecs 		for topic=tb3_0/imu/linear_acceleration/x
2023-01-04	18:19:33.759 INFO     352768nanosecs 		for topic=tb3_0/odom/twist/twist/angular/z
2023-01-04	18:19:33.759 INFO     294106nanosecs 		for topic=tb3_0/cmd_vel/linear/x
2023-01-04	18:19:34.302 INFO     365257nanosecs 		for topic=tb3_0/joint_states/position
2023-01-04	18:19:34.399 INFO     261375nanosecs 		for topic=tb3_0/scan/ranges
2023-01-04	18:19:35.340 INFO     303086nanosecs 		for topic=tb3_0/cmd_vel/linear/x
2023-01-04	18:19:35.446 INFO     331598nanosecs 		for topic=tb3_0/imu/linear_acceleration/x
2023-01-04	18:19:35.447 INFO     191835nanosecs 		for topic=tb3_0/scan/ranges
2023-01-04	18:19:36.153 INFO     315637nanosecs 		for topic=tb3_0/odom/twist/twist/angular/z
2023-01-04	18:19:36.549 INFO     307656nanosecs 		for topic=tb3_0/cmd_vel/linear/x
2023-01-04	18:19:36.697 INFO     298117nanosecs 		for topic=tb3_0/scan/ranges
2023-01-04	18:19:37.661 INFO     334448nanosecs 		for topic=tb3_0/imu/linear_acceleration/x
2023-01-04	18:19:37.687 INFO     304726nanosecs 		for topic=tb3_0/cmd_vel/linear/x
2023-01-04	18:19:37.715 INFO     310087nanosecs 		for topic=tb3_0/scan/ranges
2023-01-04	18:19:38.643 INFO     330407nanosecs 		for topic=tb3_0/odom/twist/twist/angular/z
2023-01-04	18:19:38.735 INFO     260945nanosecs 		for topic=tb3_0/cmd_vel/linear/x
2023-01-04	18:19:39.120 INFO     340457nanosecs 		for topic=tb3_0/scan/ranges
2023-01-04	18:19:39.426 INFO     309767nanosecs 		for topic=tb3_0/joint_states/position
2023-01-04	18:19:39.740 INFO     356398nanosecs 		for topic=tb3_0/imu/linear_acceleration/x
2023-01-04	18:19:39.756 INFO     307337nanosecs 		for topic=tb3_0/cmd_vel/linear/x
2023-01-04	18:19:40.152 INFO     548743nanosecs 		for topic=tb3_0/scan/ranges
2023-01-04	18:19:41.018 INFO     369218nanosecs 		for topic=tb3_0/odom/twist/twist/angular/z
2023-01-04	18:19:41.018 INFO     350027nanosecs 		for topic=tb3_0/cmd_vel/linear/x
2023-01-04	18:19:41.166 INFO     328366nanosecs 		for topic=tb3_0/scan/ranges
2023-01-04	18:19:42.235 INFO     265676nanosecs 		for topic=tb3_0/imu/linear_acceleration/x
2023-01-04	18:19:42.245 INFO     289885nanosecs 		for topic=tb3_0/cmd_vel/linear/x
2023-01-04	18:19:42.246 INFO     306177nanosecs 		for topic=tb3_0/scan/ranges
2023-01-04	18:19:43.115 INFO     404108nanosecs 		for topic=tb3_0/odom/twist/twist/angular/z
2023-01-04	18:19:43.339 INFO     315347nanosecs 		for topic=tb3_0/cmd_vel/linear/x
2023-01-04	18:19:43.593 INFO     328617nanosecs 		for topic=tb3_0/scan/ranges
2023-01-04	18:19:44.282 INFO     362278nanosecs 		for topic=tb3_0/imu/linear_acceleration/x
2023-01-04	18:19:44.394 INFO     281605nanosecs 		for topic=tb3_0/cmd_vel/linear/x
2023-01-04	18:19:44.461 INFO     331498nanosecs 		for topic=tb3_0/joint_states/position
2023-01-04	18:19:45.154 INFO     262546nanosecs 		for topic=tb3_0/scan/ranges
2023-01-04	18:19:45.154 INFO     337247nanosecs 		for topic=tb3_0/odom/twist/twist/angular/z
2023-01-04	18:19:45.526 INFO     272787nanosecs 		for topic=tb3_0/cmd_vel/linear/x
2023-01-04	18:19:46.319 INFO     350777nanosecs 		for topic=tb3_0/scan/ranges
2023-01-04	18:19:46.496 INFO     343466nanosecs 		for topic=tb3_0/imu/linear_acceleration/x
2023-01-04	18:19:46.855 INFO     324148nanosecs 		for topic=tb3_0/cmd_vel/linear/x
2023-01-04	18:19:47.411 INFO     280936nanosecs 		for topic=tb3_0/scan/ranges
2023-01-04	18:19:47.411 INFO     312417nanosecs 		for topic=tb3_0/odom/twist/twist/angular/z
2023-01-04	18:19:48.550 INFO     390079nanosecs 		for topic=tb3_0/scan/ranges
2023-01-04	18:19:48.566 INFO     253586nanosecs 		for topic=tb3_0/imu/linear_acceleration/x
2023-01-04	18:19:48.566 INFO     286316nanosecs 		for topic=tb3_0/cmd_vel/linear/x
2023-01-04	18:19:49.502 INFO     365338nanosecs 		for topic=tb3_0/odom/twist/twist/angular/z
2023-01-04	18:19:49.705 INFO     284947nanosecs 		for topic=tb3_0/scan/ranges
2023-01-04	18:19:49.860 INFO     332647nanosecs 		for topic=tb3_0/joint_states/position
2023-01-04	18:19:50.230 INFO     329107nanosecs 		for topic=tb3_0/cmd_vel/linear/x
2023-01-04	18:19:50.996 INFO     300687nanosecs 		for topic=tb3_0/imu/linear_acceleration/x
2023-01-04	18:19:51.448 INFO     289646nanosecs 		for topic=tb3_0/cmd_vel/linear/x
2023-01-04	18:19:51.516 INFO     334477nanosecs 		for topic=tb3_0/scan/ranges
2023-01-04	18:19:52.034 INFO     366908nanosecs 		for topic=tb3_0/odom/twist/twist/angular/z
2023-01-04	18:19:52.763 INFO     357427nanosecs 		for topic=tb3_0/cmd_vel/linear/x
2023-01-04	18:19:53.117 INFO     351098nanosecs 		for topic=tb3_0/imu/linear_acceleration/x
2023-01-04	18:19:53.459 INFO     225445nanosecs 		for topic=tb3_0/scan/ranges
2023-01-04	18:19:53.787 INFO     321638nanosecs 		for topic=tb3_0/cmd_vel/linear/x
2023-01-04	18:19:54.750 INFO     331168nanosecs 		for topic=tb3_0/odom/twist/twist/angular/z
2023-01-04	18:19:54.883 INFO     286776nanosecs 		for topic=tb3_0/joint_states/position
2023-01-04	18:19:54.938 INFO     294467nanosecs 		for topic=tb3_0/scan/ranges
2023-01-04	18:19:55.056 INFO     233035nanosecs 		for topic=tb3_0/cmd_vel/linear/x
2023-01-04	18:19:55.198 INFO     348108nanosecs 		for topic=tb3_0/imu/linear_acceleration/x
2023-01-04	18:19:56.094 INFO     583062nanosecs 		for topic=tb3_0/scan/ranges
2023-01-04	18:19:56.094 INFO     168193nanosecs 		for topic=tb3_0/cmd_vel/linear/x
2023-01-04	18:19:56.769 INFO     354868nanosecs 		for topic=tb3_0/odom/twist/twist/angular/z
2023-01-04	18:19:57.190 INFO     315776nanosecs 		for topic=tb3_0/scan/ranges
2023-01-04	18:19:57.220 INFO     248286nanosecs 		for topic=tb3_0/cmd_vel/linear/x
2023-01-04	18:19:57.226 INFO     271886nanosecs 		for topic=tb3_0/imu/linear_acceleration/x
2023-01-04	18:19:58.253 INFO     358368nanosecs 		for topic=tb3_0/scan/ranges
2023-01-04	18:19:58.258 INFO     161223nanosecs 		for topic=tb3_0/cmd_vel/linear/x
2023-01-04	18:19:59.124 INFO     352568nanosecs 		for topic=tb3_0/odom/twist/twist/angular/z
2023-01-04	18:19:59.425 INFO     330377nanosecs 		for topic=tb3_0/imu/linear_acceleration/x
2023-01-04	18:20:00.048 INFO     382729nanosecs 		for topic=tb3_0/joint_states/position
2023-01-04	18:20:00.049 INFO     385809nanosecs 		for topic=tb3_0/scan/ranges
2023-01-04	18:20:00.049 INFO     173383nanosecs 		for topic=tb3_0/cmd_vel/linear/x
2023-01-04	18:20:01.333 INFO     377448nanosecs 		for topic=tb3_0/odom/twist/twist/angular/z
2023-01-04	18:20:01.441 INFO     366138nanosecs 		for topic=tb3_0/imu/linear_acceleration/x
2023-01-04	18:20:01.598 INFO     327227nanosecs 		for topic=tb3_0/scan/ranges
2023-01-04	18:20:01.998 INFO     299906nanosecs 		for topic=tb3_0/cmd_vel/linear/x
2023-01-04	18:20:03.052 INFO     367317nanosecs 		for topic=tb3_0/scan/ranges
2023-01-04	18:20:03.265 INFO     197565nanosecs 		for topic=tb3_0/cmd_vel/linear/x
2023-01-04	18:20:03.628 INFO     335837nanosecs 		for topic=tb3_0/odom/twist/twist/angular/z
2023-01-04	18:20:04.046 INFO     351567nanosecs 		for topic=tb3_0/imu/linear_acceleration/x
2023-01-04	18:20:04.123 INFO     338707nanosecs 		for topic=tb3_0/scan/ranges
2023-01-04	18:20:04.426 INFO     266495nanosecs 		for topic=tb3_0/cmd_vel/linear/x
2023-01-04	18:20:05.357 INFO     558412nanosecs 		for topic=tb3_0/joint_states/position
2023-01-04	18:20:05.376 INFO     288016nanosecs 		for topic=tb3_0/scan/ranges
2023-01-04	18:20:05.947 INFO     385719nanosecs 		for topic=tb3_0/odom/twist/twist/angular/z
2023-01-04	18:20:06.039 INFO     319757nanosecs 		for topic=tb3_0/cmd_vel/linear/x
2023-01-04	18:20:06.074 INFO     264256nanosecs 		for topic=tb3_0/imu/linear_acceleration/x
2023-01-04	18:20:06.486 INFO     328837nanosecs 		for topic=tb3_0/scan/ranges
2023-01-04	18:20:07.631 INFO     330667nanosecs 		for topic=tb3_0/cmd_vel/linear/x
2023-01-04	18:20:07.683 INFO     306067nanosecs 		for topic=tb3_0/scan/ranges
2023-01-04	18:20:08.403 INFO     291946nanosecs 		for topic=tb3_0/odom/twist/twist/angular/z
2023-01-04	18:20:08.404 INFO     324538nanosecs 		for topic=tb3_0/imu/linear_acceleration/x
2023-01-04	18:20:08.670 INFO     277856nanosecs 		for topic=tb3_0/cmd_vel/linear/x
2023-01-04	18:20:09.559 INFO     326137nanosecs 		for topic=tb3_0/scan/ranges
2023-01-04	18:20:09.924 INFO     268026nanosecs 		for topic=tb3_0/cmd_vel/linear/x
2023-01-04	18:20:10.745 INFO     347797nanosecs 		for topic=tb3_0/imu/linear_acceleration/x
2023-01-04	18:20:10.746 INFO     329977nanosecs 		for topic=tb3_0/scan/ranges
2023-01-04	18:20:10.746 INFO     161173nanosecs 		for topic=tb3_0/joint_states/position
2023-01-04	18:20:10.898 INFO     320016nanosecs 		for topic=tb3_0/odom/twist/twist/angular/z
2023-01-04	18:20:11.059 INFO     256985nanosecs 		for topic=tb3_0/cmd_vel/linear/x
2023-01-04	18:20:12.061 INFO     352977nanosecs 		for topic=tb3_0/scan/ranges
2023-01-04	18:20:12.312 INFO     178413nanosecs 		for topic=tb3_0/cmd_vel/linear/x
2023-01-04	18:20:12.875 INFO     342137nanosecs 		for topic=tb3_0/imu/linear_acceleration/x
2023-01-04	18:20:13.071 INFO     256236nanosecs 		for topic=tb3_0/scan/ranges
2023-01-04	18:20:14.094 INFO     206045nanosecs 		for topic=tb3_0/cmd_vel/linear/x
2023-01-04	18:20:14.266 INFO     221946nanosecs 		for topic=tb3_0/scan/ranges
2023-01-04	18:20:14.384 INFO     325517nanosecs 		for topic=tb3_0/odom/twist/twist/angular/z
2023-01-04	18:20:15.043 INFO     283395nanosecs 		for topic=tb3_0/imu/linear_acceleration/x
2023-01-04	18:20:15.135 INFO     300936nanosecs 		for topic=tb3_0/cmd_vel/linear/x
2023-01-04	18:20:15.556 INFO     260036nanosecs 		for topic=tb3_0/scan/ranges
2023-01-04	18:20:16.386 INFO     233574nanosecs 		for topic=tb3_0/cmd_vel/linear/x
2023-01-04	18:20:16.387 INFO     194504nanosecs 		for topic=tb3_0/joint_states/position
2023-01-04	18:20:16.538 INFO     348307nanosecs 		for topic=tb3_0/odom/twist/twist/angular/z
2023-01-04	18:20:16.742 INFO     356737nanosecs 		for topic=tb3_0/scan/ranges
2023-01-04	18:20:17.160 INFO     352967nanosecs 		for topic=tb3_0/imu/linear_acceleration/x
2023-01-04	18:20:18.498 INFO     402818nanosecs 		for topic=tb3_0/cmd_vel/linear/x
2023-01-04	18:20:18.526 INFO     326328nanosecs 		for topic=tb3_0/scan/ranges
2023-01-04	18:20:18.908 INFO     397409nanosecs 		for topic=tb3_0/odom/twist/twist/angular/z
2023-01-04	18:20:19.193 INFO     366618nanosecs 		for topic=tb3_0/imu/linear_acceleration/x
2023-01-04	18:20:19.516 INFO     312016nanosecs 		for topic=tb3_0/cmd_vel/linear/x
2023-01-04	18:20:19.542 INFO     275997nanosecs 		for topic=tb3_0/scan/ranges
2023-01-04	18:20:20.724 INFO     273205nanosecs 		for topic=tb3_0/scan/ranges
2023-01-04	18:20:20.820 INFO     322048nanosecs 		for topic=tb3_0/cmd_vel/linear/x
2023-01-04	18:20:21.260 INFO     280306nanosecs 		for topic=tb3_0/imu/linear_acceleration/x
2023-01-04	18:20:21.510 INFO     299556nanosecs 		for topic=tb3_0/odom/twist/twist/angular/z
2023-01-04	18:20:21.769 INFO     163273nanosecs 		for topic=tb3_0/scan/ranges
2023-01-04	18:20:21.835 INFO     146193nanosecs 		for topic=tb3_0/joint_states/position
2023-01-04	18:20:21.851 INFO     304427nanosecs 		for topic=tb3_0/cmd_vel/linear/x
2023-01-04	18:20:22.861 INFO     287897nanosecs 		for topic=tb3_0/scan/ranges
2023-01-04	18:20:22.925 INFO     320706nanosecs 		for topic=tb3_0/cmd_vel/linear/x
2023-01-04	18:20:23.517 INFO     359917nanosecs 		for topic=tb3_0/imu/linear_acceleration/x
2023-01-04	18:20:23.581 INFO     313206nanosecs 		for topic=tb3_0/odom/twist/twist/angular/z
2023-01-04	18:20:24.196 INFO     338377nanosecs 		for topic=tb3_0/cmd_vel/linear/x
2023-01-04	18:20:24.197 INFO     254496nanosecs 		for topic=tb3_0/scan/ranges
2023-01-04	18:20:25.522 INFO     317817nanosecs 		for topic=tb3_0/cmd_vel/linear/x
2023-01-04	18:20:25.672 INFO     240455nanosecs 		for topic=tb3_0/scan/ranges
2023-01-04	18:20:25.672 INFO     187214nanosecs 		for topic=tb3_0/odom/twist/twist/angular/z
2023-01-04	18:20:26.928 INFO     336807nanosecs 		for topic=tb3_0/cmd_vel/linear/x
2023-01-04	18:20:26.964 INFO     268536nanosecs 		for topic=tb3_0/scan/ranges
2023-01-04	18:20:26.970 INFO     177395nanosecs 		for topic=tb3_0/joint_states/position
2023-01-04	18:20:27.811 INFO     352698nanosecs 		for topic=tb3_0/imu/linear_acceleration/x
2023-01-04	18:20:28.070 INFO     266386nanosecs 		for topic=tb3_0/odom/twist/twist/angular/z
2023-01-04	18:20:28.076 INFO     294147nanosecs 		for topic=tb3_0/cmd_vel/linear/x
2023-01-04	18:20:28.229 INFO     231035nanosecs 		for topic=tb3_0/scan/ranges
2023-01-04	18:20:29.284 INFO     330217nanosecs 		for topic=tb3_0/cmd_vel/linear/x
2023-01-04	18:20:29.569 INFO     339187nanosecs 		for topic=tb3_0/scan/ranges
2023-01-04	18:20:30.019 INFO     344718nanosecs 		for topic=tb3_0/imu/linear_acceleration/x
2023-01-04	18:20:30.351 INFO     276966nanosecs 		for topic=tb3_0/odom/twist/twist/angular/z
2023-01-04	18:20:31.195 INFO     542421nanosecs 		for topic=tb3_0/cmd_vel/linear/x
2023-01-04	18:20:31.205 INFO     239696nanosecs 		for topic=tb3_0/scan/ranges
2023-01-04	18:20:32.408 INFO     297077nanosecs 		for topic=tb3_0/scan/ranges
2023-01-04	18:20:32.408 INFO     185064nanosecs 		for topic=tb3_0/imu/linear_acceleration/x
2023-01-04	18:20:32.409 INFO     274507nanosecs 		for topic=tb3_0/joint_states/position
2023-01-04	18:20:32.409 INFO     214005nanosecs 		for topic=tb3_0/odom/twist/twist/angular/z
2023-01-04	18:20:32.567 INFO     324867nanosecs 		for topic=tb3_0/cmd_vel/linear/x
2023-01-04	18:20:34.383 INFO     290486nanosecs 		for topic=tb3_0/cmd_vel/linear/x
2023-01-04	18:20:34.389 INFO     166084nanosecs 		for topic=tb3_0/scan/ranges
2023-01-04	18:20:35.033 INFO     338237nanosecs 		for topic=tb3_0/odom/twist/twist/angular/z
2023-01-04	18:20:35.091 INFO     245694nanosecs 		for topic=tb3_0/imu/linear_acceleration/x
2023-01-04	18:20:36.158 INFO     285046nanosecs 		for topic=tb3_0/cmd_vel/linear/x
2023-01-04	18:20:36.208 INFO     267555nanosecs 		for topic=tb3_0/scan/ranges
2023-01-04	18:20:37.201 INFO     221304nanosecs 		for topic=tb3_0/cmd_vel/linear/x
2023-01-04	18:20:37.454 INFO     338827nanosecs 		for topic=tb3_0/odom/twist/twist/angular/z
2023-01-04	18:20:37.455 INFO     258845nanosecs 		for topic=tb3_0/imu/linear_acceleration/x
2023-01-04	18:20:37.674 INFO     213994nanosecs 		for topic=tb3_0/scan/ranges
2023-01-04	18:20:37.987 INFO     290476nanosecs 		for topic=tb3_0/joint_states/position
2023-01-04	18:20:38.221 INFO     242015nanosecs 		for topic=tb3_0/cmd_vel/linear/x
2023-01-04	18:20:39.531 INFO     296536nanosecs 		for topic=tb3_0/scan/ranges
2023-01-04	18:20:39.573 INFO     153214nanosecs 		for topic=tb3_0/cmd_vel/linear/x
2023-01-04	18:20:39.689 INFO     271775nanosecs 		for topic=tb3_0/odom/twist/twist/angular/z
2023-01-04	18:20:40.865 INFO     257455nanosecs 		for topic=tb3_0/scan/ranges
2023-01-04	18:20:40.877 INFO     236615nanosecs 		for topic=tb3_0/imu/linear_acceleration/x
2023-01-04	18:20:41.867 INFO     236615nanosecs 		for topic=tb3_0/cmd_vel/linear/x
2023-01-04	18:20:42.220 INFO     152164nanosecs 		for topic=tb3_0/scan/ranges
2023-01-04	18:20:43.042 INFO     305516nanosecs 		for topic=tb3_0/joint_states/position
2023-01-04	18:20:43.048 INFO     304847nanosecs 		for topic=tb3_0/odom/twist/twist/angular/z
2023-01-04	18:20:43.646 INFO     244196nanosecs 		for topic=tb3_0/imu/linear_acceleration/x
2023-01-04	18:20:43.646 INFO     121143nanosecs 		for topic=tb3_0/cmd_vel/linear/x
2023-01-04	18:20:43.724 INFO     170093nanosecs 		for topic=tb3_0/scan/ranges
2023-01-04	18:20:45.082 INFO     286516nanosecs 		for topic=tb3_0/odom/twist/twist/angular/z
2023-01-04	18:20:45.097 INFO     305717nanosecs 		for topic=tb3_0/cmd_vel/linear/x
2023-01-04	18:20:45.488 INFO     273666nanosecs 		for topic=tb3_0/scan/ranges
2023-01-04	18:20:46.021 INFO     319328nanosecs 		for topic=tb3_0/imu/linear_acceleration/x
2023-01-04	18:20:46.478 INFO     342347nanosecs 		for topic=tb3_0/cmd_vel/linear/x
2023-01-04	18:20:46.585 INFO     259955nanosecs 		for topic=tb3_0/scan/ranges
2023-01-04	18:20:47.776 INFO     321207nanosecs 		for topic=tb3_0/cmd_vel/linear/x
2023-01-04	18:20:47.776 INFO     296407nanosecs 		for topic=tb3_0/scan/ranges
2023-01-04	18:20:47.784 INFO     255185nanosecs 		for topic=tb3_0/odom/twist/twist/angular/z
2023-01-04	18:20:48.641 INFO     404839nanosecs 		for topic=tb3_0/joint_states/position
2023-01-04	18:20:48.706 INFO     335497nanosecs 		for topic=tb3_0/imu/linear_acceleration/x
2023-01-04	18:20:48.919 INFO     237504nanosecs 		for topic=tb3_0/cmd_vel/linear/x
2023-01-04	18:20:50.002 INFO     283065nanosecs 		for topic=tb3_0/cmd_vel/linear/x
2023-01-04	18:20:50.013 INFO     329968nanosecs 		for topic=tb3_0/scan/ranges
2023-01-04	18:20:50.815 INFO     337907nanosecs 		for topic=tb3_0/odom/twist/twist/angular/z
2023-01-04	18:20:51.353 INFO     358128nanosecs 		for topic=tb3_0/imu/linear_acceleration/x
2023-01-04	18:20:51.353 INFO     292716nanosecs 		for topic=tb3_0/cmd_vel/linear/x
2023-01-04	18:20:51.427 INFO     337788nanosecs 		for topic=tb3_0/scan/ranges
2023-01-04	18:20:52.513 INFO     338767nanosecs 		for topic=tb3_0/cmd_vel/linear/x
2023-01-04	18:20:52.940 INFO     319627nanosecs 		for topic=tb3_0/odom/twist/twist/angular/z
2023-01-04	18:20:53.456 INFO     342207nanosecs 		for topic=tb3_0/imu/linear_acceleration/x
2023-01-04	18:20:54.000 INFO     271606nanosecs 		for topic=tb3_0/joint_states/position
2023-01-04	18:20:54.001 INFO     364108nanosecs 		for topic=tb3_0/scan/ranges
2023-01-04	18:20:54.006 INFO     303106nanosecs 		for topic=tb3_0/cmd_vel/linear/x
2023-01-04	18:20:55.412 INFO     344038nanosecs 		for topic=tb3_0/odom/twist/twist/angular/z
2023-01-04	18:20:55.697 INFO     388329nanosecs 		for topic=tb3_0/imu/linear_acceleration/x
2023-01-04	18:20:56.144 INFO     312008nanosecs 		for topic=tb3_0/cmd_vel/linear/x
2023-01-04	18:20:56.144 INFO     298717nanosecs 		for topic=tb3_0/scan/ranges
2023-01-04	18:20:57.440 INFO     295237nanosecs 		for topic=tb3_0/odom/twist/twist/angular/z
2023-01-04	18:20:57.450 INFO     211344nanosecs 		for topic=tb3_0/scan/ranges
2023-01-04	18:20:57.704 INFO     305626nanosecs 		for topic=tb3_0/cmd_vel/linear/x
2023-01-04	18:20:57.816 INFO     336526nanosecs 		for topic=tb3_0/imu/linear_acceleration/x
2023-01-04	18:20:58.486 INFO     249806nanosecs 		for topic=tb3_0/scan/ranges
2023-01-04	18:20:58.782 INFO     312017nanosecs 		for topic=tb3_0/cmd_vel/linear/x
2023-01-04	18:20:59.675 INFO     346137nanosecs 		for topic=tb3_0/odom/twist/twist/angular/z
2023-01-04	18:20:59.676 INFO     404799nanosecs 		for topic=tb3_0/joint_states/position
2023-01-04	18:20:59.676 INFO     243106nanosecs 		for topic=tb3_0/scan/ranges
2023-01-04	18:20:59.849 INFO     276577nanosecs 		for topic=tb3_0/imu/linear_acceleration/x
2023-01-04	18:21:00.458 INFO     333727nanosecs 		for topic=tb3_0/cmd_vel/linear/x
2023-01-04	18:21:01.076 INFO     242215nanosecs 		for topic=tb3_0/scan/ranges
2023-01-04	18:21:01.692 INFO     311967nanosecs 		for topic=tb3_0/cmd_vel/linear/x
2023-01-04	18:21:01.914 INFO     246746nanosecs 		for topic=tb3_0/odom/twist/twist/angular/z
2023-01-04	18:21:02.198 INFO     209664nanosecs 		for topic=tb3_0/scan/ranges
2023-01-04	18:21:02.474 INFO     362918nanosecs 		for topic=tb3_0/imu/linear_acceleration/x
2023-01-04	18:21:02.845 INFO     318117nanosecs 		for topic=tb3_0/cmd_vel/linear/x
2023-01-04	18:21:03.327 INFO     340697nanosecs 		for topic=tb3_0/scan/ranges
2023-01-04	18:21:03.884 INFO     297417nanosecs 		for topic=tb3_0/cmd_vel/linear/x
2023-01-04	18:21:03.940 INFO     320346nanosecs 		for topic=tb3_0/odom/twist/twist/angular/z
2023-01-04	18:21:05.073 INFO     292525nanosecs 		for topic=tb3_0/scan/ranges
2023-01-04	18:21:05.084 INFO     304426nanosecs 		for topic=tb3_0/cmd_vel/linear/x
2023-01-04	18:21:05.090 INFO     313266nanosecs 		for topic=tb3_0/joint_states/position
2023-01-04	18:21:05.090 INFO     184964nanosecs 		for topic=tb3_0/imu/linear_acceleration/x
2023-01-04	18:21:06.657 INFO     297836nanosecs 		for topic=tb3_0/odom/twist/twist/angular/z
2023-01-04	18:21:06.677 INFO     193354nanosecs 		for topic=tb3_0/scan/ranges
2023-01-04	18:21:06.705 INFO     294446nanosecs 		for topic=tb3_0/cmd_vel/linear/x
2023-01-04	18:21:07.754 INFO     328018nanosecs 		for topic=tb3_0/scan/ranges
2023-01-04	18:21:07.754 INFO     348298nanosecs 		for topic=tb3_0/imu/linear_acceleration/x
2023-01-04	18:21:08.275 INFO     336777nanosecs 		for topic=tb3_0/cmd_vel/linear/x
2023-01-04	18:21:08.693 INFO     286927nanosecs 		for topic=tb3_0/odom/twist/twist/angular/z
2023-01-04	18:21:09.452 INFO     273806nanosecs 		for topic=tb3_0/scan/ranges
2023-01-04	18:21:09.934 INFO     297576nanosecs 		for topic=tb3_0/cmd_vel/linear/x
2023-01-04	18:21:10.484 INFO     309478nanosecs 		for topic=tb3_0/scan/ranges
2023-01-04	18:21:10.617 INFO     356768nanosecs 		for topic=tb3_0/imu/linear_acceleration/x
2023-01-04	18:21:10.720 INFO     303027nanosecs 		for topic=tb3_0/joint_states/position
2023-01-04	18:21:10.720 INFO     286086nanosecs 		for topic=tb3_0/odom/twist/twist/angular/z
2023-01-04	18:21:11.273 INFO     323406nanosecs 		for topic=tb3_0/cmd_vel/linear/x
2023-01-04	18:21:11.495 INFO     308557nanosecs 		for topic=tb3_0/scan/ranges
2023-01-04	18:21:12.543 INFO     5395476nanosecs 		for topic=tb3_0/cmd_vel/linear/x
2023-01-04	18:21:12.561 INFO     291457nanosecs 		for topic=tb3_0/scan/ranges
2023-01-04	18:21:12.687 INFO     323167nanosecs 		for topic=tb3_0/imu/linear_acceleration/x
2023-01-04	18:21:12.996 INFO     370228nanosecs 		for topic=tb3_0/odom/twist/twist/angular/z
2023-01-04	18:21:13.905 INFO     361969nanosecs 		for topic=tb3_0/scan/ranges
2023-01-04	18:21:13.906 INFO     5316004nanosecs 		for topic=tb3_0/cmd_vel/linear/x
2023-01-04	18:21:14.749 INFO     396489nanosecs 		for topic=tb3_0/imu/linear_acceleration/x
2023-01-04	18:21:15.115 INFO     253746nanosecs 		for topic=tb3_0/cmd_vel/linear/x
2023-01-04	18:21:15.115 INFO     295967nanosecs 		for topic=tb3_0/scan/ranges
2023-01-04	18:21:15.161 INFO     211364nanosecs 		for topic=tb3_0/odom/twist/twist/angular/z
2023-01-04	18:21:15.781 INFO     340818nanosecs 		for topic=tb3_0/joint_states/position
2023-01-04	18:21:16.271 INFO     325586nanosecs 		for topic=tb3_0/cmd_vel/linear/x
2023-01-04	18:21:16.271 INFO     287657nanosecs 		for topic=tb3_0/scan/ranges
2023-01-04	18:21:17.197 INFO     316306nanosecs 		for topic=tb3_0/imu/linear_acceleration/x
2023-01-04	18:21:17.430 INFO     326317nanosecs 		for topic=tb3_0/odom/twist/twist/angular/z
2023-01-04	18:21:17.476 INFO     289106nanosecs 		for topic=tb3_0/cmd_vel/linear/x
2023-01-04	18:21:17.894 INFO     304526nanosecs 		for topic=tb3_0/scan/ranges
2023-01-04	18:21:18.704 INFO     350788nanosecs 		for topic=tb3_0/cmd_vel/linear/x
2023-01-04	18:21:19.212 INFO     313887nanosecs 		for topic=tb3_0/imu/linear_acceleration/x
2023-01-04	18:21:19.294 INFO     323867nanosecs 		for topic=tb3_0/scan/ranges
2023-01-04	18:21:19.502 INFO     249776nanosecs 		for topic=tb3_0/odom/twist/twist/angular/z
2023-01-04	18:21:19.803 INFO     275276nanosecs 		for topic=tb3_0/cmd_vel/linear/x
2023-01-04	18:21:20.314 INFO     353127nanosecs 		for topic=tb3_0/scan/ranges
2023-01-04	18:21:20.823 INFO     345967nanosecs 		for topic=tb3_0/joint_states/position
2023-01-04	18:21:21.044 INFO     294087nanosecs 		for topic=tb3_0/cmd_vel/linear/x
2023-01-04	18:21:21.248 INFO     299617nanosecs 		for topic=tb3_0/imu/linear_acceleration/x
2023-01-04	18:21:21.363 INFO     322138nanosecs 		for topic=tb3_0/scan/ranges
2023-01-04	18:21:21.624 INFO     279036nanosecs 		for topic=tb3_0/odom/twist/twist/angular/z
2023-01-04	18:21:22.219 INFO     266296nanosecs 		for topic=tb3_0/cmd_vel/linear/x
2023-01-04	18:21:22.534 INFO     308066nanosecs 		for topic=tb3_0/scan/ranges
2023-01-04	18:21:23.360 INFO     369478nanosecs 		for topic=tb3_0/cmd_vel/linear/x
2023-01-04	18:21:23.361 INFO     288476nanosecs 		for topic=tb3_0/imu/linear_acceleration/x
2023-01-04	18:21:23.637 INFO     288367nanosecs 		for topic=tb3_0/scan/ranges
2023-01-04	18:21:24.233 INFO     306796nanosecs 		for topic=tb3_0/odom/twist/twist/angular/z
2023-01-04	18:21:24.434 INFO     321128nanosecs 		for topic=tb3_0/cmd_vel/linear/x
2023-01-04	18:21:24.766 INFO     297766nanosecs 		for topic=tb3_0/scan/ranges
2023-01-04	18:21:25.512 INFO     311486nanosecs 		for topic=tb3_0/cmd_vel/linear/x
2023-01-04	18:21:25.748 INFO     369998nanosecs 		for topic=tb3_0/imu/linear_acceleration/x
2023-01-04	18:21:26.073 INFO     338358nanosecs 		for topic=tb3_0/joint_states/position
2023-01-04	18:21:26.596 INFO     338288nanosecs 		for topic=tb3_0/scan/ranges
2023-01-04	18:21:26.596 INFO     168714nanosecs 		for topic=tb3_0/odom/twist/twist/angular/z
2023-01-04	18:21:26.641 INFO     253765nanosecs 		for topic=tb3_0/cmd_vel/linear/x
2023-01-04	18:21:27.870 INFO     287537nanosecs 		for topic=tb3_0/cmd_vel/linear/x
2023-01-04	18:21:27.881 INFO     324167nanosecs 		for topic=tb3_0/imu/linear_acceleration/x
2023-01-04	18:21:28.000 INFO     318878nanosecs 		for topic=tb3_0/scan/ranges
2023-01-04	18:21:28.732 INFO     375938nanosecs 		for topic=tb3_0/odom/twist/twist/angular/z
2023-01-04	18:21:29.012 INFO     351828nanosecs 		for topic=tb3_0/cmd_vel/linear/x
2023-01-04	18:21:29.040 INFO     204945nanosecs 		for topic=tb3_0/scan/ranges
2023-01-04	18:21:30.029 INFO     358848nanosecs 		for topic=tb3_0/imu/linear_acceleration/x
2023-01-04	18:21:30.319 INFO     347516nanosecs 		for topic=tb3_0/scan/ranges
2023-01-04	18:21:30.340 INFO     304197nanosecs 		for topic=tb3_0/cmd_vel/linear/x
2023-01-04	18:21:31.376 INFO     273976nanosecs 		for topic=tb3_0/cmd_vel/linear/x
2023-01-04	18:21:31.395 INFO     318046nanosecs 		for topic=tb3_0/scan/ranges
2023-01-04	18:21:31.411 INFO     196964nanosecs 		for topic=tb3_0/odom/twist/twist/angular/z
2023-01-04	18:21:31.620 INFO     352887nanosecs 		for topic=tb3_0/joint_states/position
2023-01-04	18:21:32.374 INFO     354748nanosecs 		for topic=tb3_0/imu/linear_acceleration/x
2023-01-04	18:21:32.425 INFO     233135nanosecs 		for topic=tb3_0/cmd_vel/linear/x
2023-01-04	18:21:32.556 INFO     302507nanosecs 		for topic=tb3_0/scan/ranges
2023-01-04	18:21:33.854 INFO     299707nanosecs 		for topic=tb3_0/odom/twist/twist/angular/z
2023-01-04	18:21:34.204 INFO     407398nanosecs 		for topic=tb3_0/scan/ranges
2023-01-04	18:21:34.213 INFO     302188nanosecs 		for topic=tb3_0/cmd_vel/linear/x
2023-01-04	18:21:34.571 INFO     340626nanosecs 		for topic=tb3_0/imu/linear_acceleration/x
2023-01-04	18:21:36.131 INFO     300537nanosecs 		for topic=tb3_0/scan/ranges
2023-01-04	18:21:36.132 INFO     338058nanosecs 		for topic=tb3_0/cmd_vel/linear/x
2023-01-04	18:21:36.649 INFO     256726nanosecs 		for topic=tb3_0/odom/twist/twist/angular/z
2023-01-04	18:21:37.081 INFO     345907nanosecs 		for topic=tb3_0/joint_states/position
2023-01-04	18:21:37.188 INFO     342348nanosecs 		for topic=tb3_0/imu/linear_acceleration/x
2023-01-04	18:21:37.194 INFO     241525nanosecs 		for topic=tb3_0/scan/ranges
2023-01-04	18:21:37.974 INFO     323507nanosecs 		for topic=tb3_0/cmd_vel/linear/x
2023-01-04	18:21:38.227 INFO     201034nanosecs 		for topic=tb3_0/scan/ranges
2023-01-04	18:21:38.665 INFO     189134nanosecs 		for topic=tb3_0/odom/twist/twist/angular/z
2023-01-04	18:21:39.309 INFO     246485nanosecs 		for topic=tb3_0/imu/linear_acceleration/x
2023-01-04	18:21:39.322 INFO     160944nanosecs 		for topic=tb3_0/cmd_vel/linear/x
2023-01-04	18:21:39.323 INFO     365739nanosecs 		for topic=tb3_0/scan/ranges
2023-01-04	18:21:40.712 INFO     248855nanosecs 		for topic=tb3_0/cmd_vel/linear/x
2023-01-04	18:21:41.204 INFO     311777nanosecs 		for topic=tb3_0/scan/ranges
2023-01-04	18:21:41.215 INFO     216344nanosecs 		for topic=tb3_0/odom/twist/twist/angular/z
2023-01-04	18:21:41.773 INFO     326277nanosecs 		for topic=tb3_0/imu/linear_acceleration/x
2023-01-04	18:21:41.918 INFO     227276nanosecs 		for topic=tb3_0/cmd_vel/linear/x
2023-01-04	18:21:42.212 INFO     336837nanosecs 		for topic=tb3_0/joint_states/position
2023-01-04	18:21:42.250 INFO     265936nanosecs 		for topic=tb3_0/scan/ranges
2023-01-04	18:21:43.399 INFO     266915nanosecs 		for topic=tb3_0/cmd_vel/linear/x
2023-01-04	18:21:43.451 INFO     362248nanosecs 		for topic=tb3_0/odom/twist/twist/angular/z
2023-01-04	18:21:43.988 INFO     254156nanosecs 		for topic=tb3_0/imu/linear_acceleration/x
2023-01-04	18:21:44.040 INFO     266215nanosecs 		for topic=tb3_0/scan/ranges
2023-01-04	18:21:44.476 INFO     230785nanosecs 		for topic=tb3_0/cmd_vel/linear/x
2023-01-04	18:21:45.562 INFO     401459nanosecs 		for topic=tb3_0/odom/twist/twist/angular/z
2023-01-04	18:21:45.581 INFO     296716nanosecs 		for topic=tb3_0/scan/ranges
2023-01-04	18:21:45.849 INFO     271386nanosecs 		for topic=tb3_0/cmd_vel/linear/x
2023-01-04	18:21:46.139 INFO     234635nanosecs 		for topic=tb3_0/imu/linear_acceleration/x
2023-01-04	18:21:46.611 INFO     263256nanosecs 		for topic=tb3_0/scan/ranges
2023-01-04	18:21:47.206 INFO     339037nanosecs 		for topic=tb3_0/cmd_vel/linear/x
2023-01-04	18:21:47.596 INFO     329126nanosecs 		for topic=tb3_0/odom/twist/twist/angular/z
2023-01-04	18:21:47.762 INFO     283706nanosecs 		for topic=tb3_0/scan/ranges
2023-01-04	18:21:48.507 INFO     314126nanosecs 		for topic=tb3_0/cmd_vel/linear/x
2023-01-04	18:21:48.520 INFO     263875nanosecs 		for topic=tb3_0/joint_states/position
2023-01-04	18:21:48.521 INFO     288675nanosecs 		for topic=tb3_0/imu/linear_acceleration/x
2023-01-04	18:21:49.753 INFO     360598nanosecs 		for topic=tb3_0/odom/twist/twist/angular/z
2023-01-04	18:21:50.108 INFO     321596nanosecs 		for topic=tb3_0/scan/ranges
2023-01-04	18:21:50.173 INFO     260947nanosecs 		for topic=tb3_0/cmd_vel/linear/x
2023-01-04	18:21:51.850 INFO     307337nanosecs 		for topic=tb3_0/scan/ranges
2023-01-04	18:21:52.051 INFO     329908nanosecs 		for topic=tb3_0/cmd_vel/linear/x
2023-01-04	18:21:52.655 INFO     276296nanosecs 		for topic=tb3_0/imu/linear_acceleration/x
2023-01-04	18:21:52.655 INFO     211585nanosecs 		for topic=tb3_0/odom/twist/twist/angular/z
2023-01-04	18:21:52.885 INFO     237135nanosecs 		for topic=tb3_0/scan/ranges
2023-01-04	18:21:53.471 INFO     331308nanosecs 		for topic=tb3_0/cmd_vel/linear/x
2023-01-04	18:21:54.311 INFO     298877nanosecs 		for topic=tb3_0/scan/ranges
2023-01-04	18:21:54.676 INFO     275075nanosecs 		for topic=tb3_0/cmd_vel/linear/x
2023-01-04	18:21:54.774 INFO     393498nanosecs 		for topic=tb3_0/joint_states/position
2023-01-04	18:21:54.780 INFO     200354nanosecs 		for topic=tb3_0/imu/linear_acceleration/x
2023-01-04	18:21:54.791 INFO     358288nanosecs 		for topic=tb3_0/odom/twist/twist/angular/z
2023-01-04	18:21:55.409 INFO     332507nanosecs 		for topic=tb3_0/scan/ranges
2023-01-04	18:21:55.744 INFO     292176nanosecs 		for topic=tb3_0/cmd_vel/linear/x
2023-01-04	18:21:56.633 INFO     325457nanosecs 		for topic=tb3_0/scan/ranges
2023-01-04	18:21:56.841 INFO     338237nanosecs 		for topic=tb3_0/imu/linear_acceleration/x
2023-01-04	18:21:56.846 INFO     271896nanosecs 		for topic=tb3_0/cmd_vel/linear/x
2023-01-04	18:21:57.641 INFO     368118nanosecs 		for topic=tb3_0/odom/twist/twist/angular/z
2023-01-04	18:21:57.726 INFO     314237nanosecs 		for topic=tb3_0/scan/ranges
2023-01-04	18:21:58.306 INFO     329707nanosecs 		for topic=tb3_0/cmd_vel/linear/x
2023-01-04	18:21:59.060 INFO     335407nanosecs 		for topic=tb3_0/scan/ranges
2023-01-04	18:21:59.593 INFO     309567nanosecs 		for topic=tb3_0/cmd_vel/linear/x
2023-01-04	18:21:59.594 INFO     359128nanosecs 		for topic=tb3_0/imu/linear_acceleration/x
2023-01-04	18:21:59.659 INFO     295206nanosecs 		for topic=tb3_0/odom/twist/twist/angular/z
2023-01-04	18:22:00.150 INFO     280926nanosecs 		for topic=tb3_0/joint_states/position
2023-01-04	18:22:00.150 INFO     198625nanosecs 		for topic=tb3_0/scan/ranges
2023-01-04	18:22:01.605 INFO     275146nanosecs 		for topic=tb3_0/cmd_vel/linear/x
2023-01-04	18:22:02.304 INFO     289326nanosecs 		for topic=tb3_0/imu/linear_acceleration/x
2023-01-04	18:22:02.539 INFO     353508nanosecs 		for topic=tb3_0/odom/twist/twist/angular/z
2023-01-04	18:22:03.118 INFO     341467nanosecs 		for topic=tb3_0/scan/ranges
2023-01-04	18:22:03.129 INFO     282645nanosecs 		for topic=tb3_0/cmd_vel/linear/x
2023-01-04	18:22:04.236 INFO     323377nanosecs 		for topic=tb3_0/cmd_vel/linear/x
2023-01-04	18:22:04.236 INFO     509991nanosecs 		for topic=tb3_0/scan/ranges
2023-01-04	18:22:04.800 INFO     316867nanosecs 		for topic=tb3_0/imu/linear_acceleration/x
2023-01-04	18:22:04.800 INFO     345868nanosecs 		for topic=tb3_0/odom/twist/twist/angular/z
2023-01-04	18:22:05.721 INFO     314416nanosecs 		for topic=tb3_0/joint_states/position
2023-01-04	18:22:05.919 INFO     332408nanosecs 		for topic=tb3_0/cmd_vel/linear/x
2023-01-04	18:22:06.128 INFO     337518nanosecs 		for topic=tb3_0/scan/ranges
2023-01-04	18:22:06.945 INFO     302437nanosecs 		for topic=tb3_0/cmd_vel/linear/x
2023-01-04	18:22:07.432 INFO     379588nanosecs 		for topic=tb3_0/odom/twist/twist/angular/z
2023-01-04	18:22:07.432 INFO     311477nanosecs 		for topic=tb3_0/scan/ranges
2023-01-04	18:22:07.433 INFO     343258nanosecs 		for topic=tb3_0/imu/linear_acceleration/x
2023-01-04	18:22:08.168 INFO     270905nanosecs 		for topic=tb3_0/cmd_vel/linear/x
2023-01-04	18:22:08.833 INFO     352998nanosecs 		for topic=tb3_0/scan/ranges
2023-01-04	18:22:09.321 INFO     328477nanosecs 		for topic=tb3_0/cmd_vel/linear/x
2023-01-04	18:22:09.578 INFO     393887nanosecs 		for topic=tb3_0/odom/twist/twist/angular/z
2023-01-04	18:22:09.579 INFO     321846nanosecs 		for topic=tb3_0/imu/linear_acceleration/x
2023-01-04	18:22:09.864 INFO     325346nanosecs 		for topic=tb3_0/scan/ranges
2023-01-04	18:22:10.744 INFO     315547nanosecs 		for topic=tb3_0/cmd_vel/linear/x
2023-01-04	18:22:10.744 INFO     305157nanosecs 		for topic=tb3_0/joint_states/position
2023-01-04	18:22:11.312 INFO     349048nanosecs 		for topic=tb3_0/scan/ranges
2023-01-04	18:22:13.143 INFO     333196nanosecs 		for topic=tb3_0/imu/linear_acceleration/x
2023-01-04	18:22:13.143 INFO     197544nanosecs 		for topic=tb3_0/odom/twist/twist/angular/z
2023-01-04	18:22:13.143 INFO     268135nanosecs 		for topic=tb3_0/cmd_vel/linear/x
2023-01-04	18:22:13.220 INFO     379867nanosecs 		for topic=tb3_0/scan/ranges
2023-01-04	18:22:14.716 INFO     364027nanosecs 		for topic=tb3_0/scan/ranges
2023-01-04	18:22:14.739 INFO     268515nanosecs 		for topic=tb3_0/cmd_vel/linear/x
2023-01-04	18:22:15.343 INFO     360258nanosecs 		for topic=tb3_0/imu/linear_acceleration/x
2023-01-04	18:22:15.419 INFO     319856nanosecs 		for topic=tb3_0/odom/twist/twist/angular/z
2023-01-04	18:22:15.844 INFO     352608nanosecs 		for topic=tb3_0/scan/ranges
2023-01-04	18:22:15.922 INFO     270697nanosecs 		for topic=tb3_0/cmd_vel/linear/x
2023-01-04	18:22:16.685 INFO     332757nanosecs 		for topic=tb3_0/joint_states/position
2023-01-04	18:22:16.916 INFO     257506nanosecs 		for topic=tb3_0/scan/ranges
2023-01-04	18:22:17.229 INFO     336797nanosecs 		for topic=tb3_0/cmd_vel/linear/x
2023-01-04	18:22:17.392 INFO     386198nanosecs 		for topic=tb3_0/imu/linear_acceleration/x
2023-01-04	18:22:17.580 INFO     305526nanosecs 		for topic=tb3_0/odom/twist/twist/angular/z
2023-01-04	18:22:18.329 INFO     302918nanosecs 		for topic=tb3_0/cmd_vel/linear/x
2023-01-04	18:22:18.330 INFO     360858nanosecs 		for topic=tb3_0/scan/ranges
2023-01-04	18:22:19.448 INFO     370958nanosecs 		for topic=tb3_0/imu/linear_acceleration/x
2023-01-04	18:22:19.774 INFO     330317nanosecs 		for topic=tb3_0/odom/twist/twist/angular/z
2023-01-04	18:22:20.012 INFO     267815nanosecs 		for topic=tb3_0/cmd_vel/linear/x
2023-01-04	18:22:20.105 INFO     334076nanosecs 		for topic=tb3_0/scan/ranges
2023-01-04	18:22:21.136 INFO     323626nanosecs 		for topic=tb3_0/scan/ranges
2023-01-04	18:22:21.136 INFO     139333nanosecs 		for topic=tb3_0/cmd_vel/linear/x
2023-01-04	18:22:21.463 INFO     358058nanosecs 		for topic=tb3_0/imu/linear_acceleration/x
2023-01-04	18:22:21.974 INFO     271476nanosecs 		for topic=tb3_0/joint_states/position
2023-01-04	18:22:22.080 INFO     167484nanosecs 		for topic=tb3_0/odom/twist/twist/angular/z
2023-01-04	18:22:22.287 INFO     220705nanosecs 		for topic=tb3_0/cmd_vel/linear/x
2023-01-04	18:22:22.653 INFO     181174nanosecs 		for topic=tb3_0/scan/ranges
2023-01-04	18:22:23.725 INFO     262775nanosecs 		for topic=tb3_0/cmd_vel/linear/x
2023-01-04	18:22:23.725 INFO     343376nanosecs 		for topic=tb3_0/imu/linear_acceleration/x
2023-01-04	18:22:23.831 INFO     225455nanosecs 		for topic=tb3_0/scan/ranges
2023-01-04	18:22:24.686 INFO     203904nanosecs 		for topic=tb3_0/odom/twist/twist/angular/z
2023-01-04	18:22:24.982 INFO     137224nanosecs 		for topic=tb3_0/cmd_vel/linear/x
2023-01-04	18:22:25.253 INFO     226005nanosecs 		for topic=tb3_0/scan/ranges
2023-01-04	18:22:26.080 INFO     322237nanosecs 		for topic=tb3_0/imu/linear_acceleration/x
2023-01-04	18:22:27.189 INFO     269565nanosecs 		for topic=tb3_0/joint_states/position
2023-01-04	18:22:27.189 INFO     192925nanosecs 		for topic=tb3_0/odom/twist/twist/angular/z
2023-01-04	18:22:27.190 INFO     144773nanosecs 		for topic=tb3_0/scan/ranges
2023-01-04	18:22:27.190 INFO     153863nanosecs 		for topic=tb3_0/cmd_vel/linear/x
2023-01-04	18:22:28.131 INFO     345118nanosecs 		for topic=tb3_0/imu/linear_acceleration/x
2023-01-04	18:22:29.119 INFO     361388nanosecs 		for topic=tb3_0/scan/ranges
2023-01-04	18:22:29.216 INFO     185535nanosecs 		for topic=tb3_0/cmd_vel/linear/x
2023-01-04	18:22:29.819 INFO     255396nanosecs 		for topic=tb3_0/odom/twist/twist/angular/z
2023-01-04	18:22:30.451 INFO     371389nanosecs 		for topic=tb3_0/imu/linear_acceleration/x
2023-01-04	18:22:30.456 INFO     245845nanosecs 		for topic=tb3_0/scan/ranges
2023-01-04	18:22:30.472 INFO     218435nanosecs 		for topic=tb3_0/cmd_vel/linear/x
2023-01-04	18:22:31.585 INFO     438060nanosecs 		for topic=tb3_0/scan/ranges
2023-01-04	18:22:31.976 INFO     324377nanosecs 		for topic=tb3_0/cmd_vel/linear/x
2023-01-04	18:22:32.474 INFO     317116nanosecs 		for topic=tb3_0/imu/linear_acceleration/x
2023-01-04	18:22:32.514 INFO     325777nanosecs 		for topic=tb3_0/odom/twist/twist/angular/z
2023-01-04	18:22:32.622 INFO     309217nanosecs 		for topic=tb3_0/scan/ranges
2023-01-04	18:22:32.789 INFO     218485nanosecs 		for topic=tb3_0/joint_states/position
2023-01-04	18:22:32.991 INFO     317808nanosecs 		for topic=tb3_0/cmd_vel/linear/x
2023-01-04	18:22:33.990 INFO     336407nanosecs 		for topic=tb3_0/scan/ranges
2023-01-04	18:22:34.153 INFO     348698nanosecs 		for topic=tb3_0/cmd_vel/linear/x
2023-01-04	18:22:34.557 INFO     276756nanosecs 		for topic=tb3_0/imu/linear_acceleration/x
2023-01-04	18:22:34.738 INFO     329957nanosecs 		for topic=tb3_0/odom/twist/twist/angular/z
2023-01-04	18:22:35.867 INFO     304327nanosecs 		for topic=tb3_0/cmd_vel/linear/x
2023-01-04	18:22:35.884 INFO     206155nanosecs 		for topic=tb3_0/scan/ranges
2023-01-04	18:22:36.682 INFO     367689nanosecs 		for topic=tb3_0/imu/linear_acceleration/x
2023-01-04	18:22:36.777 INFO     357657nanosecs 		for topic=tb3_0/odom/twist/twist/angular/z
2023-01-04	18:22:37.213 INFO     349277nanosecs 		for topic=tb3_0/scan/ranges
2023-01-04	18:22:37.223 INFO     188594nanosecs 		for topic=tb3_0/cmd_vel/linear/x
2023-01-04	18:22:37.935 INFO     272246nanosecs 		for topic=tb3_0/joint_states/position
2023-01-04	18:22:38.388 INFO     252196nanosecs 		for topic=tb3_0/cmd_vel/linear/x
2023-01-04	18:22:38.623 INFO     228574nanosecs 		for topic=tb3_0/scan/ranges
2023-01-04	18:22:38.711 INFO     417279nanosecs 		for topic=tb3_0/imu/linear_acceleration/x
2023-01-04	18:22:38.936 INFO     389479nanosecs 		for topic=tb3_0/odom/twist/twist/angular/z
2023-01-04	18:22:40.056 INFO     296076nanosecs 		for topic=tb3_0/scan/ranges
2023-01-04	18:22:40.143 INFO     329027nanosecs 		for topic=tb3_0/cmd_vel/linear/x
2023-01-04	18:22:40.728 INFO     309987nanosecs 		for topic=tb3_0/imu/linear_acceleration/x
2023-01-04	18:22:40.974 INFO     280326nanosecs 		for topic=tb3_0/odom/twist/twist/angular/z
2023-01-04	18:22:41.463 INFO     320547nanosecs 		for topic=tb3_0/cmd_vel/linear/x
2023-01-04	18:22:41.463 INFO     308557nanosecs 		for topic=tb3_0/scan/ranges
2023-01-04	18:22:42.746 INFO     301387nanosecs 		for topic=tb3_0/imu/linear_acceleration/x
2023-01-04	18:22:42.752 INFO     338787nanosecs 		for topic=tb3_0/cmd_vel/linear/x
2023-01-04	18:22:43.025 INFO     262535nanosecs 		for topic=tb3_0/odom/twist/twist/angular/z
2023-01-04	18:22:43.041 INFO     291547nanosecs 		for topic=tb3_0/joint_states/position
2023-01-04	18:22:43.041 INFO     193945nanosecs 		for topic=tb3_0/scan/ranges
2023-01-04	18:22:44.339 INFO     255975nanosecs 		for topic=tb3_0/cmd_vel/linear/x
2023-01-04	18:22:45.009 INFO     272505nanosecs 		for topic=tb3_0/scan/ranges
2023-01-04	18:22:45.090 INFO     334667nanosecs 		for topic=tb3_0/imu/linear_acceleration/x
2023-01-04	18:22:45.522 INFO     297367nanosecs 		for topic=tb3_0/cmd_vel/linear/x
2023-01-04	18:22:45.533 INFO     214394nanosecs 		for topic=tb3_0/odom/twist/twist/angular/z
2023-01-04	18:22:46.025 INFO     335647nanosecs 		for topic=tb3_0/scan/ranges
2023-01-04	18:22:47.533 INFO     307997nanosecs 		for topic=tb3_0/imu/linear_acceleration/x
2023-01-04	18:22:47.534 INFO     339727nanosecs 		for topic=tb3_0/cmd_vel/linear/x
2023-01-04	18:22:47.534 INFO     325517nanosecs 		for topic=tb3_0/scan/ranges
2023-01-04	18:22:48.408 INFO     338547nanosecs 		for topic=tb3_0/odom/twist/twist/angular/z
2023-01-04	18:22:48.542 INFO     199884nanosecs 		for topic=tb3_0/joint_states/position
2023-01-04	18:22:48.968 INFO     275486nanosecs 		for topic=tb3_0/cmd_vel/linear/x
2023-01-04	18:22:49.100 INFO     245356nanosecs 		for topic=tb3_0/scan/ranges
2023-01-04	18:22:49.899 INFO     332198nanosecs 		for topic=tb3_0/imu/linear_acceleration/x
2023-01-04	18:22:50.102 INFO     316306nanosecs 		for topic=tb3_0/cmd_vel/linear/x
2023-01-04	18:22:50.142 INFO     320768nanosecs 		for topic=tb3_0/scan/ranges
2023-01-04	18:22:50.498 INFO     311097nanosecs 		for topic=tb3_0/odom/twist/twist/angular/z
