2023-01-05	21:07:00.260 INFO     Watching for file changes with StatReloader
2023-01-05	21:07:00.375 INFO     Connection to ROS ready.
2023-01-05	21:07:00.376 INFO     Successfully connected to ROS bridge from listener
2023-01-05	21:07:00.376 INFO     Starting factory <roslibpy.comm.comm_autobahn.AutobahnRosBridgeClientFactory object at 0x7f9748913610>
2023-01-05	21:07:05.006 INFO     Connection to ROS ready.
2023-01-05	21:07:05.006 INFO     Successfully connected to ROS bridge from Ros Connector
2023-01-05	21:07:05.006 INFO     Generating new MQTT Forwarder
2023-01-05	21:07:05.007 INFO     local mqtt is set up
2023-01-05	21:07:14.174 INFO     Created subscriber on cmd_vel
2023-01-05	21:07:14.175 INFO     Created subscriber on joint_states
2023-01-05	21:07:14.175 INFO     Created subscriber on firmware_version
2023-01-05	21:07:14.176 INFO     Created subscriber on odom
2023-01-05	21:07:14.176 INFO     Created subscriber on reset
2023-01-05	21:07:14.176 INFO     Created subscriber on diagnostics
2023-01-05	21:07:14.185 INFO     Created subscriber on motor_power
2023-01-05	21:07:14.185 INFO     Created subscriber on scan
2023-01-05	21:07:14.186 INFO     Created subscriber on battery_state
2023-01-05	21:07:14.186 INFO     Created subscriber on rpms
2023-01-05	21:07:14.195 INFO     Created subscriber on imu
2023-01-05	21:07:14.195 INFO     Created subscriber on cmd_vel_rc100
2023-01-05	21:07:14.195 INFO     Created subscriber on version_info
2023-01-05	21:07:14.195 INFO     Created subscriber on magnetic_field
2023-01-05	21:07:14.204 INFO     Created subscriber on sensor_state
2023-01-05	21:07:14.205 INFO     Created subscriber on sound
2023-01-05	21:07:15.816 INFO     710ms delay	 >> tb3_0/odom/header/stamp/nsecs
2023-01-05	21:07:15.829 INFO     723ms delay	 >> tb3_0/odom/header/stamp/secs
2023-01-05	21:07:15.836 INFO     730ms delay	 >> tb3_0/odom/header/seq
2023-01-05	21:07:15.908 INFO     1662ms delay	 >> tb3_0/diagnostics/header/seq
2023-01-05	21:07:15.971 INFO     1725ms delay	 >> tb3_0/diagnostics/header/stamp/secs
2023-01-05	21:07:16.047 INFO     941ms delay	 >> tb3_0/odom/header/frame_id
2023-01-05	21:07:16.070 INFO     1824ms delay	 >> tb3_0/diagnostics/header/frame_id
2023-01-05	21:07:16.099 INFO     1853ms delay	 >> tb3_0/diagnostics/header/stamp/nsecs
2023-01-05	21:07:16.333 INFO     1ms delay	 >> tb3_0/magnetic_field/magnetic_field_covariance
2023-01-05	21:07:16.417 INFO     93ms delay	 >> tb3_0/scan/ranges
2023-01-05	21:07:16.635 INFO     302ms delay	 >> tb3_0/sensor_state/cliff
2023-01-05	21:07:18.425 INFO     1699ms delay	 >> tb3_0/firmware_version/hardware
2023-01-05	21:07:19.340 INFO     879ms delay	 >> tb3_0/imu/angular_velocity_covariance
2023-01-05	21:07:19.340 INFO     880ms delay	 >> tb3_0/odom/header/stamp/nsecs
2023-01-05	21:07:19.341 INFO     891ms delay	 >> tb3_0/rpms/data
2023-01-05	21:07:19.398 INFO     1305ms delay	 >> tb3_0/version_info/software
2023-01-05	21:07:19.936 INFO     1476ms delay	 >> tb3_0/odom/header/seq
2023-01-05	21:07:19.954 INFO     1495ms delay	 >> tb3_0/joint_states/name
2023-01-05	21:07:19.960 INFO     1501ms delay	 >> tb3_0/battery_state/percentage
2023-01-05	21:07:20.225 INFO     1765ms delay	 >> tb3_0/cmd_vel/linear/x
2023-01-05	21:07:21.759 INFO     640ms delay	 >> tb3_0/odom/header/stamp/secs
2023-01-05	21:07:21.976 INFO     3883ms delay	 >> tb3_0/diagnostics/header/seq
2023-01-05	21:07:25.183 INFO     1082ms delay	 >> tb3_0/odom/header/frame_id
2023-01-05	21:07:25.352 INFO     7259ms delay	 >> tb3_0/diagnostics/header/stamp/secs
2023-01-05	21:07:25.363 INFO     7270ms delay	 >> tb3_0/diagnostics/header/frame_id
2023-01-05	21:07:27.062 INFO     1160ms delay	 >> tb3_0/diagnostics/header/stamp/nsecs
2023-01-05	21:07:29.231 INFO     321ms delay	 >> tb3_0/sensor_state/cliff
2023-01-05	21:07:29.238 INFO     328ms delay	 >> tb3_0/magnetic_field/magnetic_field_covariance
2023-01-05	21:07:29.238 INFO     342ms delay	 >> tb3_0/scan/ranges
2023-01-05	21:07:30.833 INFO     82ms delay	 >> tb3_0/odom/header/stamp/nsecs
2023-01-05	21:07:32.781 INFO     1619ms delay	 >> tb3_0/firmware_version/hardware
2023-01-05	21:07:35.131 INFO     1215ms delay	 >> tb3_0/rpms/data
2023-01-05	21:07:35.131 INFO     9ms delay	 >> tb3_0/odom/header/seq
2023-01-05	21:07:35.498 INFO     374ms delay	 >> tb3_0/imu/angular_velocity_covariance
2023-01-05	21:07:35.504 INFO     1ms delay	 >> tb3_0/odom/header/stamp/secs
2023-01-05	21:07:36.057 INFO     91ms delay	 >> tb3_0/joint_states/name
2023-01-05	21:07:36.384 INFO     72ms delay	 >> tb3_0/cmd_vel/linear/x
2023-01-05	21:07:36.758 INFO     587ms delay	 >> tb3_0/version_info/software
2023-01-05	21:07:37.053 INFO     743ms delay	 >> tb3_0/odom/header/frame_id
2023-01-05	21:07:37.184 INFO     1ms delay	 >> tb3_0/battery_state/percentage
2023-01-05	21:07:38.153 INFO     1982ms delay	 >> tb3_0/diagnostics/header/seq
2023-01-05	21:07:38.851 INFO     2680ms delay	 >> tb3_0/diagnostics/header/stamp/secs
2023-01-05	21:07:39.233 INFO     3062ms delay	 >> tb3_0/diagnostics/header/frame_id
2023-01-05	21:07:40.559 INFO     1074ms delay	 >> tb3_0/diagnostics/header/stamp/nsecs
2023-01-05	21:07:42.275 INFO     9ms delay	 >> tb3_0/sensor_state/cliff
2023-01-05	21:07:42.282 INFO     12ms delay	 >> tb3_0/magnetic_field/magnetic_field_covariance
2023-01-05	21:07:45.521 INFO     453ms delay	 >> tb3_0/scan/ranges
2023-01-05	21:07:45.527 INFO     461ms delay	 >> tb3_0/odom/header/stamp/nsecs
2023-01-05	21:07:48.182 INFO     2119ms delay	 >> tb3_0/odom/header/seq
2023-01-05	21:07:49.798 INFO     429ms delay	 >> tb3_0/firmware_version/hardware
2023-01-05	21:07:50.748 INFO     21ms delay	 >> tb3_0/odom/header/stamp/secs
2023-01-05	21:07:51.157 INFO     166ms delay	 >> tb3_0/rpms/data
2023-01-05	21:07:53.203 INFO     966ms delay	 >> tb3_0/odom/header/frame_id
2023-01-05	21:07:53.402 INFO     195ms delay	 >> tb3_0/cmd_vel/linear/x
2023-01-05	21:07:53.408 INFO     202ms delay	 >> tb3_0/imu/angular_velocity_covariance
2023-01-05	21:07:54.553 INFO     1064ms delay	 >> tb3_0/joint_states/name
2023-01-05	21:07:55.197 INFO     3640ms delay	 >> tb3_0/diagnostics/header/seq
2023-01-05	21:07:55.284 INFO     3727ms delay	 >> tb3_0/diagnostics/header/stamp/secs
2023-01-05	21:07:55.794 INFO     4236ms delay	 >> tb3_0/version_info/software
2023-01-05	21:07:57.110 INFO     110ms delay	 >> tb3_0/diagnostics/header/frame_id
2023-01-05	21:07:57.550 INFO     550ms delay	 >> tb3_0/diagnostics/header/stamp/nsecs
2023-01-05	21:07:57.954 INFO     903ms delay	 >> tb3_0/sensor_state/cliff
2023-01-05	21:07:57.995 INFO     944ms delay	 >> tb3_0/battery_state/percentage
2023-01-05	21:07:58.096 INFO     310ms delay	 >> tb3_0/magnetic_field/magnetic_field_covariance
2023-01-05	21:07:59.129 INFO     149ms delay	 >> tb3_0/scan/ranges
2023-01-05	21:08:00.763 INFO     1238ms delay	 >> tb3_0/odom/header/stamp/nsecs
2023-01-05	21:08:01.004 INFO     164ms delay	 >> tb3_0/odom/header/stamp/secs
2023-01-05	21:08:01.453 INFO     264ms delay	 >> tb3_0/odom/header/seq
2023-01-05	21:08:02.692 INFO     36ms delay	 >> tb3_0/odom/header/frame_id
2023-01-05	21:08:03.882 INFO     1257ms delay	 >> tb3_0/firmware_version/hardware
2023-01-05	21:08:04.565 INFO     38ms delay	 >> tb3_0/cmd_vel/linear/x
2023-01-05	21:08:05.014 INFO     516ms delay	 >> tb3_0/diagnostics/header/seq
2023-01-05	21:08:05.791 INFO     46ms delay	 >> tb3_0/rpms/data
2023-01-05	21:08:06.331 INFO     654ms delay	 >> tb3_0/diagnostics/header/stamp/secs
2023-01-05	21:08:07.700 INFO     90ms delay	 >> tb3_0/diagnostics/header/frame_id
2023-01-05	21:08:07.700 INFO     1ms delay	 >> tb3_0/joint_states/name
2023-01-05	21:08:07.902 INFO     203ms delay	 >> tb3_0/imu/angular_velocity_covariance
2023-01-05	21:08:08.838 INFO     10ms delay	 >> tb3_0/sensor_state/cliff
2023-01-05	21:08:08.961 INFO     13ms delay	 >> tb3_0/magnetic_field/magnetic_field_covariance
2023-01-05	21:08:09.278 INFO     1668ms delay	 >> tb3_0/diagnostics/header/stamp/nsecs
2023-01-05	21:08:09.286 INFO     1676ms delay	 >> tb3_0/version_info/software
2023-01-05	21:08:09.618 INFO     120ms delay	 >> tb3_0/scan/ranges
2023-01-05	21:08:12.385 INFO     468ms delay	 >> tb3_0/odom/header/stamp/secs
2023-01-05	21:08:13.326 INFO     3ms delay	 >> tb3_0/odom/header/stamp/nsecs
2023-01-05	21:08:13.834 INFO     511ms delay	 >> tb3_0/odom/header/frame_id
2023-01-05	21:08:13.852 INFO     529ms delay	 >> tb3_0/odom/header/seq
2023-01-05	21:08:14.355 INFO     8ms delay	 >> tb3_0/battery_state/percentage
2023-01-05	21:08:16.689 INFO     342ms delay	 >> tb3_0/diagnostics/header/seq
2023-01-05	21:08:17.282 INFO     466ms delay	 >> tb3_0/diagnostics/header/stamp/secs
2023-01-05	21:08:17.289 INFO     480ms delay	 >> tb3_0/cmd_vel/linear/x
2023-01-05	21:08:17.295 INFO     479ms delay	 >> tb3_0/diagnostics/header/frame_id
2023-01-05	21:08:17.813 INFO     1007ms delay	 >> tb3_0/firmware_version/hardware
2023-01-05	21:08:20.299 INFO     519ms delay	 >> tb3_0/rpms/data
2023-01-05	21:08:20.977 INFO     339ms delay	 >> tb3_0/sensor_state/cliff
2023-01-05	21:08:21.039 INFO     401ms delay	 >> tb3_0/joint_states/name
2023-01-05	21:08:21.047 INFO     606ms delay	 >> tb3_0/diagnostics/header/stamp/nsecs
2023-01-05	21:08:21.064 INFO     182ms delay	 >> tb3_0/magnetic_field/magnetic_field_covariance
2023-01-05	21:08:22.951 INFO     856ms delay	 >> tb3_0/imu/angular_velocity_covariance
2023-01-05	21:08:23.490 INFO     4ms delay	 >> tb3_0/odom/header/stamp/nsecs
2023-01-05	21:08:23.883 INFO     453ms delay	 >> tb3_0/scan/ranges
2023-01-05	21:08:23.883 INFO     397ms delay	 >> tb3_0/odom/header/stamp/secs
2023-01-05	21:08:23.895 INFO     409ms delay	 >> tb3_0/odom/header/frame_id
2023-01-05	21:08:24.862 INFO     5094ms delay	 >> tb3_0/version_info/software
2023-01-05	21:08:26.636 INFO     723ms delay	 >> tb3_0/odom/header/seq
2023-01-05	21:08:28.525 INFO     531ms delay	 >> tb3_0/diagnostics/header/seq
2023-01-05	21:08:28.699 INFO     684ms delay	 >> tb3_0/battery_state/percentage
2023-01-05	21:08:32.409 INFO     4415ms delay	 >> tb3_0/diagnostics/header/stamp/secs
2023-01-05	21:08:34.343 INFO     1064ms delay	 >> tb3_0/diagnostics/header/frame_id
2023-01-05	21:08:36.923 INFO     66ms delay	 >> tb3_0/cmd_vel/linear/x
2023-01-05	21:08:37.279 INFO     2175ms delay	 >> tb3_0/firmware_version/hardware
2023-01-05	21:08:38.634 INFO     623ms delay	 >> tb3_0/rpms/data
2023-01-05	21:08:39.349 INFO     2ms delay	 >> tb3_0/sensor_state/cliff
2023-01-05	21:08:39.349 INFO     2491ms delay	 >> tb3_0/diagnostics/header/stamp/nsecs
2023-01-05	21:08:39.376 INFO     28ms delay	 >> tb3_0/magnetic_field/magnetic_field_covariance
2023-01-05	21:08:41.937 INFO     893ms delay	 >> tb3_0/odom/header/stamp/nsecs
2023-01-05	21:08:41.937 INFO     894ms delay	 >> tb3_0/joint_states/name
2023-01-05	21:08:42.022 INFO     983ms delay	 >> tb3_0/scan/ranges
2023-01-05	21:08:42.901 INFO     694ms delay	 >> tb3_0/imu/angular_velocity_covariance
2023-01-05	21:08:43.452 INFO     281ms delay	 >> tb3_0/odom/header/stamp/secs
2023-01-05	21:08:43.967 INFO     98ms delay	 >> tb3_0/odom/header/frame_id
2023-01-05	21:08:46.157 INFO     13ms delay	 >> tb3_0/odom/header/seq
2023-01-05	21:08:47.910 INFO     956ms delay	 >> tb3_0/diagnostics/header/seq
2023-01-05	21:08:48.522 INFO     1568ms delay	 >> tb3_0/diagnostics/header/stamp/secs
2023-01-05	21:08:48.522 INFO     1567ms delay	 >> tb3_0/version_info/software
2023-01-05	21:08:49.413 INFO     547ms delay	 >> tb3_0/diagnostics/header/frame_id
2023-01-05	21:08:50.234 INFO     402ms delay	 >> tb3_0/battery_state/percentage
2023-01-05	21:08:51.731 INFO     653ms delay	 >> tb3_0/sensor_state/cliff
2023-01-05	21:08:51.967 INFO     17ms delay	 >> tb3_0/cmd_vel/linear/x
2023-01-05	21:08:51.973 INFO     34ms delay	 >> tb3_0/diagnostics/header/stamp/nsecs
2023-01-05	21:08:53.090 INFO     41ms delay	 >> tb3_0/firmware_version/hardware
2023-01-05	21:08:53.256 INFO     187ms delay	 >> tb3_0/magnetic_field/magnetic_field_covariance
2023-01-05	21:08:55.358 INFO     2288ms delay	 >> tb3_0/rpms/data
2023-01-05	21:08:55.358 INFO     2289ms delay	 >> tb3_0/scan/ranges
2023-01-05	21:08:55.401 INFO     10ms delay	 >> tb3_0/odom/header/stamp/nsecs
2023-01-05	21:08:56.542 INFO     1151ms delay	 >> tb3_0/odom/header/stamp/secs
2023-01-05	21:08:57.300 INFO     738ms delay	 >> tb3_0/joint_states/name
2023-01-05	21:08:57.300 INFO     737ms delay	 >> tb3_0/odom/header/frame_id
2023-01-05	21:08:58.029 INFO     9ms delay	 >> tb3_0/odom/header/seq
2023-01-05	21:08:59.176 INFO     547ms delay	 >> tb3_0/imu/angular_velocity_covariance
2023-01-05	21:08:59.316 INFO     690ms delay	 >> tb3_0/diagnostics/header/seq
2023-01-05	21:09:00.386 INFO     1760ms delay	 >> tb3_0/diagnostics/header/stamp/secs
2023-01-05	21:09:01.979 INFO     98ms delay	 >> tb3_0/diagnostics/header/frame_id
2023-01-05	21:09:04.706 INFO     494ms delay	 >> tb3_0/sensor_state/cliff
2023-01-05	21:09:05.061 INFO     920ms delay	 >> tb3_0/diagnostics/header/stamp/nsecs
2023-01-05	21:09:05.061 INFO     352ms delay	 >> tb3_0/cmd_vel/linear/x
2023-01-05	21:09:05.088 INFO     377ms delay	 >> tb3_0/battery_state/percentage
2023-01-05	21:09:05.289 INFO     1148ms delay	 >> tb3_0/version_info/software
2023-01-05	21:09:07.346 INFO     5ms delay	 >> tb3_0/magnetic_field/magnetic_field_covariance
2023-01-05	21:09:08.642 INFO     739ms delay	 >> tb3_0/scan/ranges
2023-01-05	21:09:09.200 INFO     505ms delay	 >> tb3_0/odom/header/stamp/nsecs
2023-01-05	21:09:09.211 INFO     1341ms delay	 >> tb3_0/firmware_version/hardware
2023-01-05	21:09:09.588 INFO     375ms delay	 >> tb3_0/odom/header/stamp/secs
2023-01-05	21:09:11.646 INFO     329ms delay	 >> tb3_0/odom/header/frame_id
2023-01-05	21:09:11.687 INFO     1190ms delay	 >> tb3_0/rpms/data
2023-01-05	21:09:13.364 INFO     626ms delay	 >> tb3_0/joint_states/name
2023-01-05	21:09:14.122 INFO     1384ms delay	 >> tb3_0/odom/header/seq
2023-01-05	21:09:16.149 INFO     746ms delay	 >> tb3_0/diagnostics/header/seq
2023-01-05	21:09:17.427 INFO     745ms delay	 >> tb3_0/imu/angular_velocity_covariance
2023-01-05	21:09:17.432 INFO     821ms delay	 >> tb3_0/diagnostics/header/frame_id
2023-01-05	21:09:17.674 INFO     1063ms delay	 >> tb3_0/diagnostics/header/stamp/secs
2023-01-05	21:09:18.702 INFO     212ms delay	 >> tb3_0/sensor_state/cliff
2023-01-05	21:09:20.787 INFO     1304ms delay	 >> tb3_0/diagnostics/header/stamp/nsecs
2023-01-05	21:09:22.579 INFO     1466ms delay	 >> tb3_0/cmd_vel/linear/x
2023-01-05	21:09:23.721 INFO     519ms delay	 >> tb3_0/odom/header/stamp/nsecs
2023-01-05	21:09:23.732 INFO     1032ms delay	 >> tb3_0/scan/ranges
2023-01-05	21:09:23.732 INFO     516ms delay	 >> tb3_0/magnetic_field/magnetic_field_covariance
2023-01-05	21:09:24.598 INFO     849ms delay	 >> tb3_0/version_info/software
2023-01-05	21:09:25.264 INFO     18ms delay	 >> tb3_0/battery_state/percentage
2023-01-05	21:09:26.168 INFO     28ms delay	 >> tb3_0/odom/header/frame_id
2023-01-05	21:09:26.855 INFO     486ms delay	 >> tb3_0/odom/header/stamp/secs
2023-01-05	21:09:26.871 INFO     1628ms delay	 >> tb3_0/firmware_version/hardware
2023-01-05	21:09:27.349 INFO     980ms delay	 >> tb3_0/odom/header/seq
2023-01-05	21:09:29.769 INFO     1480ms delay	 >> tb3_0/rpms/data
2023-01-05	21:09:30.051 INFO     1850ms delay	 >> tb3_0/diagnostics/header/seq
2023-01-05	21:09:30.051 INFO     1850ms delay	 >> tb3_0/diagnostics/header/frame_id
2023-01-05	21:09:30.463 INFO     2164ms delay	 >> tb3_0/joint_states/name
2023-01-05	21:09:33.139 INFO     566ms delay	 >> tb3_0/diagnostics/header/stamp/secs
2023-01-05	21:09:33.141 INFO     491ms delay	 >> tb3_0/sensor_state/cliff
2023-01-05	21:09:33.460 INFO     53ms delay	 >> tb3_0/odom/header/stamp/nsecs
2023-01-05	21:09:33.460 INFO     120ms delay	 >> tb3_0/diagnostics/header/stamp/nsecs
2023-01-05	21:09:33.504 INFO     95ms delay	 >> tb3_0/imu/angular_velocity_covariance
2023-01-05	21:09:33.911 INFO     6ms delay	 >> tb3_0/magnetic_field/magnetic_field_covariance
2023-01-05	21:09:34.703 INFO     432ms delay	 >> tb3_0/scan/ranges
2023-01-05	21:09:34.704 INFO     422ms delay	 >> tb3_0/cmd_vel/linear/x
2023-01-05	21:09:38.280 INFO     689ms delay	 >> tb3_0/odom/header/frame_id
2023-01-05	21:09:38.714 INFO     1123ms delay	 >> tb3_0/odom/header/stamp/secs
2023-01-05	21:09:40.619 INFO     1ms delay	 >> tb3_0/battery_state/percentage
2023-01-05	21:09:40.625 INFO     3126ms delay	 >> tb3_0/version_info/software
2023-01-05	21:09:41.629 INFO     198ms delay	 >> tb3_0/odom/header/seq
2023-01-05	21:09:43.290 INFO     767ms delay	 >> tb3_0/firmware_version/hardware
2023-01-05	21:09:43.383 INFO     862ms delay	 >> tb3_0/diagnostics/header/seq
2023-01-05	21:09:44.280 INFO     1759ms delay	 >> tb3_0/diagnostics/header/frame_id
2023-01-05	21:09:45.370 INFO     2849ms delay	 >> tb3_0/diagnostics/header/stamp/secs
2023-01-05	21:09:45.575 INFO     29ms delay	 >> tb3_0/rpms/data
2023-01-05	21:09:46.342 INFO     224ms delay	 >> tb3_0/sensor_state/cliff
2023-01-05	21:09:46.398 INFO     280ms delay	 >> tb3_0/joint_states/name
2023-01-05	21:09:46.828 INFO     78ms delay	 >> tb3_0/odom/header/stamp/nsecs
2023-01-05	21:09:48.092 INFO     682ms delay	 >> tb3_0/diagnostics/header/stamp/nsecs
2023-01-05	21:09:48.134 INFO     1ms delay	 >> tb3_0/magnetic_field/magnetic_field_covariance
2023-01-05	21:09:48.397 INFO     278ms delay	 >> tb3_0/scan/ranges
2023-01-05	21:09:49.070 INFO     32ms delay	 >> tb3_0/odom/header/frame_id
2023-01-05	21:09:50.021 INFO     2ms delay	 >> tb3_0/odom/header/stamp/secs
2023-01-05	21:09:50.314 INFO     294ms delay	 >> tb3_0/cmd_vel/linear/x
2023-01-05	21:09:50.850 INFO     473ms delay	 >> tb3_0/imu/angular_velocity_covariance
2023-01-05	21:09:53.277 INFO     467ms delay	 >> tb3_0/battery_state/percentage
2023-01-05	21:09:55.450 INFO     1598ms delay	 >> tb3_0/odom/header/seq
2023-01-05	21:09:58.206 INFO     5434ms delay	 >> tb3_0/firmware_version/hardware
2023-01-05	21:09:58.944 INFO     6704ms delay	 >> tb3_0/version_info/software
2023-01-05	21:09:59.350 INFO     48ms delay	 >> tb3_0/diagnostics/header/seq
2023-01-05	21:10:00.115 INFO     813ms delay	 >> tb3_0/diagnostics/header/stamp/secs
2023-01-05	21:10:00.413 INFO     18ms delay	 >> tb3_0/diagnostics/header/frame_id
2023-01-05	21:10:01.600 INFO     1ms delay	 >> tb3_0/odom/header/stamp/nsecs
2023-01-05	21:10:01.986 INFO     2ms delay	 >> tb3_0/sensor_state/cliff
2023-01-05	21:10:02.199 INFO     156ms delay	 >> tb3_0/diagnostics/header/stamp/nsecs
2023-01-05	21:10:03.365 INFO     151ms delay	 >> tb3_0/odom/header/frame_id
2023-01-05	21:10:04.113 INFO     669ms delay	 >> tb3_0/rpms/data
2023-01-05	21:10:04.113 INFO     665ms delay	 >> tb3_0/magnetic_field/magnetic_field_covariance
2023-01-05	21:10:04.119 INFO     676ms delay	 >> tb3_0/scan/ranges
2023-01-05	21:10:04.124 INFO     678ms delay	 >> tb3_0/odom/header/stamp/secs
2023-01-05	21:10:04.682 INFO     488ms delay	 >> tb3_0/joint_states/name
2023-01-05	21:10:05.720 INFO     90ms delay	 >> tb3_0/cmd_vel/linear/x
2023-01-05	21:10:06.515 INFO     14ms delay	 >> tb3_0/odom/header/seq
2023-01-05	21:10:08.194 INFO     1746ms delay	 >> tb3_0/diagnostics/header/seq
2023-01-05	21:10:08.664 INFO     2216ms delay	 >> tb3_0/diagnostics/header/stamp/secs
2023-01-05	21:10:09.093 INFO     933ms delay	 >> tb3_0/battery_state/percentage
2023-01-05	21:10:10.231 INFO     292ms delay	 >> tb3_0/imu/angular_velocity_covariance
2023-01-05	21:10:11.565 INFO     1666ms delay	 >> tb3_0/diagnostics/header/frame_id
2023-01-05	21:10:11.859 INFO     160ms delay	 >> tb3_0/odom/header/stamp/nsecs
2023-01-05	21:10:12.288 INFO     699ms delay	 >> tb3_0/version_info/software
2023-01-05	21:10:13.418 INFO     1796ms delay	 >> tb3_0/firmware_version/hardware
2023-01-05	21:10:17.058 INFO     32ms delay	 >> tb3_0/sensor_state/cliff
2023-01-05	21:10:19.413 INFO     2358ms delay	 >> tb3_0/odom/header/frame_id
2023-01-05	21:10:19.622 INFO     2674ms delay	 >> tb3_0/diagnostics/header/stamp/nsecs
2023-01-05	21:10:23.639 INFO     1325ms delay	 >> tb3_0/magnetic_field/magnetic_field_covariance
2023-01-05	21:10:23.639 INFO     1304ms delay	 >> tb3_0/scan/ranges
2023-01-05	21:10:24.546 INFO     316ms delay	 >> tb3_0/rpms/data
2023-01-05	21:10:25.238 INFO     986ms delay	 >> tb3_0/odom/header/stamp/secs
2023-01-05	21:10:26.039 INFO     732ms delay	 >> tb3_0/odom/header/seq
2023-01-05	21:10:27.093 INFO     388ms delay	 >> tb3_0/diagnostics/header/seq
2023-01-05	21:10:27.112 INFO     407ms delay	 >> tb3_0/diagnostics/header/stamp/secs
2023-01-05	21:10:27.293 INFO     13ms delay	 >> tb3_0/cmd_vel/linear/x
2023-01-05	21:10:29.036 INFO     1091ms delay	 >> tb3_0/diagnostics/header/frame_id
2023-01-05	21:10:29.111 INFO     22ms delay	 >> tb3_0/joint_states/name
2023-01-05	21:10:29.532 INFO     442ms delay	 >> tb3_0/odom/header/stamp/nsecs
2023-01-05	21:10:30.144 INFO     103ms delay	 >> tb3_0/battery_state/percentage
2023-01-05	21:10:30.417 INFO     389ms delay	 >> tb3_0/sensor_state/cliff
2023-01-05	21:10:30.598 INFO     194ms delay	 >> tb3_0/odom/header/frame_id
2023-01-05	21:10:31.211 INFO     808ms delay	 >> tb3_0/diagnostics/header/stamp/nsecs
2023-01-05	21:10:31.480 INFO     245ms delay	 >> tb3_0/imu/angular_velocity_covariance
2023-01-05	21:10:32.178 INFO     149ms delay	 >> tb3_0/magnetic_field/magnetic_field_covariance
2023-01-05	21:10:32.191 INFO     2164ms delay	 >> tb3_0/firmware_version/hardware
2023-01-05	21:10:32.785 INFO     274ms delay	 >> tb3_0/scan/ranges
2023-01-05	21:10:32.802 INFO     349ms delay	 >> tb3_0/version_info/software
2023-01-05	21:10:34.411 INFO     1900ms delay	 >> tb3_0/odom/header/seq
2023-01-05	21:10:34.625 INFO     2151ms delay	 >> tb3_0/diagnostics/header/stamp/secs
2023-01-05	21:10:34.636 INFO     2162ms delay	 >> tb3_0/diagnostics/header/seq
2023-01-05	21:10:34.674 INFO     2163ms delay	 >> tb3_0/odom/header/stamp/secs
2023-01-05	21:10:36.746 INFO     1024ms delay	 >> tb3_0/rpms/data
2023-01-05	21:10:37.190 INFO     1478ms delay	 >> tb3_0/diagnostics/header/frame_id
2023-01-05	21:10:37.630 INFO     440ms delay	 >> tb3_0/odom/header/stamp/nsecs
2023-01-05	21:10:38.228 INFO     598ms delay	 >> tb3_0/cmd_vel/linear/x
2023-01-05	21:10:38.824 INFO     400ms delay	 >> tb3_0/sensor_state/cliff
2023-01-05	21:10:39.245 INFO     27ms delay	 >> tb3_0/odom/header/frame_id
2023-01-05	21:10:39.450 INFO     3738ms delay	 >> tb3_0/diagnostics/header/stamp/nsecs
2023-01-05	21:10:40.336 INFO     98ms delay	 >> tb3_0/joint_states/name
2023-01-05	21:10:40.486 INFO     1279ms delay	 >> tb3_0/battery_state/percentage
2023-01-05	21:10:40.492 INFO     1ms delay	 >> tb3_0/magnetic_field/magnetic_field_covariance
2023-01-05	21:10:41.533 INFO     2ms delay	 >> tb3_0/scan/ranges
2023-01-05	21:10:42.651 INFO     1917ms delay	 >> tb3_0/odom/header/seq
2023-01-05	21:10:42.723 INFO     7011ms delay	 >> tb3_0/diagnostics/header/stamp/secs
2023-01-05	21:10:43.135 INFO     3946ms delay	 >> tb3_0/firmware_version/hardware
2023-01-05	21:10:43.416 INFO     3179ms delay	 >> tb3_0/imu/angular_velocity_covariance
2023-01-05	21:10:44.133 INFO     667ms delay	 >> tb3_0/odom/header/stamp/secs
2023-01-05	21:10:44.446 INFO     1000ms delay	 >> tb3_0/diagnostics/header/seq
2023-01-05	21:10:45.151 INFO     1714ms delay	 >> tb3_0/version_info/software
2023-01-05	21:10:46.795 INFO     1218ms delay	 >> tb3_0/odom/header/stamp/nsecs
2023-01-05	21:10:46.901 INFO     1363ms delay	 >> tb3_0/diagnostics/header/frame_id
2023-01-05	21:10:47.769 INFO     722ms delay	 >> tb3_0/rpms/data
2023-01-05	21:10:48.377 INFO     276ms delay	 >> tb3_0/odom/header/frame_id
2023-01-05	21:10:49.585 INFO     4047ms delay	 >> tb3_0/diagnostics/header/stamp/nsecs
2023-01-05	21:10:50.150 INFO     3071ms delay	 >> tb3_0/cmd_vel/linear/x
2023-01-05	21:10:50.161 INFO     2380ms delay	 >> tb3_0/sensor_state/cliff
2023-01-05	21:10:51.188 INFO     71ms delay	 >> tb3_0/magnetic_field/magnetic_field_covariance
2023-01-05	21:10:53.131 INFO     1487ms delay	 >> tb3_0/diagnostics/header/stamp/secs
2023-01-05	21:10:53.131 INFO     1462ms delay	 >> tb3_0/odom/header/seq
2023-01-05	21:10:53.131 INFO     1462ms delay	 >> tb3_0/joint_states/name
2023-01-05	21:10:53.132 INFO     1489ms delay	 >> tb3_0/scan/ranges
2023-01-05	21:10:54.036 INFO     778ms delay	 >> tb3_0/battery_state/percentage
2023-01-05	21:10:55.583 INFO     56ms delay	 >> tb3_0/firmware_version/hardware
2023-01-05	21:10:56.458 INFO     938ms delay	 >> tb3_0/diagnostics/header/seq
2023-01-05	21:10:57.110 INFO     379ms delay	 >> tb3_0/odom/header/stamp/secs
2023-01-05	21:10:58.771 INFO     1540ms delay	 >> tb3_0/odom/header/stamp/nsecs
2023-01-05	21:10:58.772 INFO     2048ms delay	 >> tb3_0/diagnostics/header/frame_id
2023-01-05	21:10:58.772 INFO     1540ms delay	 >> tb3_0/imu/angular_velocity_covariance
2023-01-05	21:10:59.387 INFO     438ms delay	 >> tb3_0/odom/header/frame_id
2023-01-05	21:11:00.423 INFO     1508ms delay	 >> tb3_0/version_info/software
2023-01-05	21:11:01.432 INFO     757ms delay	 >> tb3_0/diagnostics/header/stamp/nsecs
2023-01-05	21:11:02.306 INFO     295ms delay	 >> tb3_0/rpms/data
2023-01-05	21:11:03.436 INFO     1015ms delay	 >> tb3_0/sensor_state/cliff
2023-01-05	21:11:03.517 INFO     1075ms delay	 >> tb3_0/cmd_vel/linear/x
2023-01-05	21:11:03.518 INFO     1077ms delay	 >> tb3_0/magnetic_field/magnetic_field_covariance
2023-01-05	21:11:04.045 INFO     1618ms delay	 >> tb3_0/diagnostics/header/stamp/secs
