2023-01-07	14:43:33.778 INFO     360278nanosecs 		for topic=open_manipulator/joint4_position/command/data
2023-01-07	14:43:33.779 INFO     284006nanosecs 		for topic=open_manipulator/states/open_manipulator_actuator_state
2023-01-07	14:43:33.780 INFO     233265nanosecs 		for topic=open_manipulator/gripper_sub_position/command/data
2023-01-07	14:43:33.781 INFO     323367nanosecs 		for topic=open_manipulator/gripper_position/command/data
2023-01-07	14:43:34.517 INFO     361288nanosecs 		for topic=open_manipulator/joint_states/effort
2023-01-07	14:43:34.575 INFO     315477nanosecs 		for topic=open_manipulator/gripper/kinematics_pose/pose/position/z
2023-01-07	14:43:34.966 INFO     284006nanosecs 		for topic=open_manipulator/joint3_position/command/data
2023-01-07	14:43:35.856 INFO     243275nanosecs 		for topic=open_manipulator/joint2_position/command/data
2023-01-07	14:43:35.902 INFO     267885nanosecs 		for topic=open_manipulator/gripper_position/state/process_value_dot
2023-01-07	14:43:35.903 INFO     216835nanosecs 		for topic=open_manipulator/gripper_sub_position/state/command
2023-01-07	14:43:37.415 INFO     262846nanosecs 		for topic=open_manipulator/joint1_position/command/data
2023-01-07	14:43:42.316 INFO     226145nanosecs 		for topic=open_manipulator/joint4_position/command/data
2023-01-07	14:43:43.063 INFO     154973nanosecs 		for topic=open_manipulator/gripper_position/command/data
2023-01-07	14:43:43.458 INFO     421779nanosecs 		for topic=open_manipulator/gripper_sub_position/command/data
2023-01-07	14:43:43.463 INFO     186944nanosecs 		for topic=open_manipulator/states/open_manipulator_actuator_state
2023-01-07	14:43:45.280 INFO     545112nanosecs 		for topic=open_manipulator/joint_states/effort
2023-01-07	14:43:45.985 INFO     238426nanosecs 		for topic=open_manipulator/gripper/kinematics_pose/pose/position/z
2023-01-07	14:43:50.140 INFO     492540nanosecs 		for topic=open_manipulator/joint3_position/command/data
2023-01-07	14:43:50.571 INFO     347528nanosecs 		for topic=open_manipulator/joint2_position/command/data
2023-01-07	14:43:50.825 INFO     181993nanosecs 		for topic=open_manipulator/gripper_position/state/process_value_dot
2023-01-07	14:43:51.365 INFO     331478nanosecs 		for topic=open_manipulator/joint4_position/command/data
2023-01-07	14:43:51.366 INFO     326138nanosecs 		for topic=open_manipulator/gripper_sub_position/state/command
2023-01-07	14:43:51.717 INFO     255085nanosecs 		for topic=open_manipulator/gripper_sub_position/command/data
2023-01-07	14:43:51.950 INFO     245535nanosecs 		for topic=open_manipulator/gripper_position/command/data
2023-01-07	14:43:52.825 INFO     317157nanosecs 		for topic=open_manipulator/states/open_manipulator_actuator_state
2023-01-07	14:43:52.826 INFO     317236nanosecs 		for topic=open_manipulator/joint1_position/command/data
2023-01-07	14:43:53.715 INFO     332627nanosecs 		for topic=open_manipulator/gripper/kinematics_pose/pose/position/z
2023-01-07	14:43:53.716 INFO     310686nanosecs 		for topic=open_manipulator/joint_states/effort
2023-01-07	14:43:54.940 INFO     295718nanosecs 		for topic=open_manipulator/joint3_position/command/data
2023-01-07	14:43:56.421 INFO     190434nanosecs 		for topic=open_manipulator/joint2_position/command/data
2023-01-07	14:43:56.817 INFO     232884nanosecs 		for topic=open_manipulator/joint4_position/command/data
2023-01-07	14:43:58.057 INFO     236906nanosecs 		for topic=open_manipulator/gripper_position/state/process_value_dot
2023-01-07	14:43:59.154 INFO     253265nanosecs 		for topic=open_manipulator/gripper_sub_position/command/data
2023-01-07	14:43:59.448 INFO     262545nanosecs 		for topic=open_manipulator/gripper_position/command/data
2023-01-07	14:44:00.280 INFO     330127nanosecs 		for topic=open_manipulator/gripper_sub_position/state/command
2023-01-07	14:44:00.743 INFO     198804nanosecs 		for topic=open_manipulator/states/open_manipulator_actuator_state
2023-01-07	14:44:01.692 INFO     291017nanosecs 		for topic=open_manipulator/gripper/kinematics_pose/pose/position/z
2023-01-07	14:44:01.693 INFO     291156nanosecs 		for topic=open_manipulator/joint_states/effort
2023-01-07	14:44:03.476 INFO     346237nanosecs 		for topic=open_manipulator/joint3_position/command/data
2023-01-07	14:44:03.879 INFO     280006nanosecs 		for topic=open_manipulator/joint1_position/command/data
2023-01-07	14:44:04.163 INFO     223734nanosecs 		for topic=open_manipulator/joint4_position/command/data
2023-01-07	14:44:04.563 INFO     314106nanosecs 		for topic=open_manipulator/gripper_sub_position/command/data
2023-01-07	14:44:04.838 INFO     334008nanosecs 		for topic=open_manipulator/gripper_position/command/data
2023-01-07	14:44:05.217 INFO     310697nanosecs 		for topic=open_manipulator/joint2_position/command/data
2023-01-07	14:44:05.384 INFO     346287nanosecs 		for topic=open_manipulator/states/open_manipulator_actuator_state
2023-01-07	14:44:06.108 INFO     317426nanosecs 		for topic=open_manipulator/gripper/kinematics_pose/pose/position/z
2023-01-07	14:44:06.108 INFO     286397nanosecs 		for topic=open_manipulator/joint_states/effort
2023-01-07	14:44:06.707 INFO     229256nanosecs 		for topic=open_manipulator/gripper_position/state/process_value_dot
2023-01-07	14:44:06.741 INFO     208964nanosecs 		for topic=open_manipulator/gripper_sub_position/command/data
2023-01-07	14:44:07.361 INFO     326717nanosecs 		for topic=open_manipulator/joint3_position/command/data
2023-01-07	14:44:07.362 INFO     297066nanosecs 		for topic=open_manipulator/gripper_position/command/data
2023-01-07	14:44:07.383 INFO     165923nanosecs 		for topic=open_manipulator/joint4_position/command/data
2023-01-07	14:44:07.852 INFO     308386nanosecs 		for topic=open_manipulator/gripper_sub_position/state/command
2023-01-07	14:44:08.514 INFO     261445nanosecs 		for topic=open_manipulator/states/open_manipulator_actuator_state
2023-01-07	14:44:09.256 INFO     496580nanosecs 		for topic=open_manipulator/joint1_position/command/data
2023-01-07	14:44:09.483 INFO     267435nanosecs 		for topic=open_manipulator/gripper/kinematics_pose/pose/position/z
2023-01-07	14:44:10.173 INFO     218374nanosecs 		for topic=open_manipulator/joint2_position/command/data
2023-01-07	14:44:10.494 INFO     241466nanosecs 		for topic=open_manipulator/joint_states/effort
2023-01-07	14:44:10.898 INFO     218175nanosecs 		for topic=open_manipulator/gripper_sub_position/command/data
2023-01-07	14:44:11.824 INFO     370878nanosecs 		for topic=open_manipulator/joint4_position/command/data
2023-01-07	14:44:11.949 INFO     243415nanosecs 		for topic=open_manipulator/gripper_position/command/data
2023-01-07	14:44:12.230 INFO     297787nanosecs 		for topic=open_manipulator/gripper_position/state/process_value_dot
2023-01-07	14:44:12.528 INFO     354867nanosecs 		for topic=open_manipulator/joint3_position/command/data
2023-01-07	14:44:13.798 INFO     315716nanosecs 		for topic=open_manipulator/states/open_manipulator_actuator_state
2023-01-07	14:44:14.263 INFO     242556nanosecs 		for topic=open_manipulator/gripper_sub_position/state/command
2023-01-07	14:44:14.782 INFO     272935nanosecs 		for topic=open_manipulator/gripper/kinematics_pose/pose/position/z
2023-01-07	14:44:15.630 INFO     238736nanosecs 		for topic=open_manipulator/gripper_sub_position/command/data
2023-01-07	14:44:15.827 INFO     268125nanosecs 		for topic=open_manipulator/joint_states/effort
2023-01-07	14:44:16.604 INFO     348127nanosecs 		for topic=open_manipulator/joint1_position/command/data
2023-01-07	14:44:17.284 INFO     263315nanosecs 		for topic=open_manipulator/joint4_position/command/data
2023-01-07	14:44:17.433 INFO     214385nanosecs 		for topic=open_manipulator/joint2_position/command/data
2023-01-07	14:44:17.454 INFO     304756nanosecs 		for topic=open_manipulator/gripper_position/command/data
2023-01-07	14:44:18.772 INFO     337077nanosecs 		for topic=open_manipulator/states/open_manipulator_actuator_state
2023-01-07	14:44:20.859 INFO     330167nanosecs 		for topic=open_manipulator/gripper/kinematics_pose/pose/position/z
2023-01-07	14:44:20.860 INFO     567572nanosecs 		for topic=open_manipulator/joint3_position/command/data
2023-01-07	14:44:20.861 INFO     228945nanosecs 		for topic=open_manipulator/gripper_sub_position/command/data
2023-01-07	14:44:21.182 INFO     262075nanosecs 		for topic=open_manipulator/gripper_position/state/process_value_dot
2023-01-07	14:44:21.219 INFO     189674nanosecs 		for topic=open_manipulator/joint_states/effort
2023-01-07	14:44:22.562 INFO     313577nanosecs 		for topic=open_manipulator/gripper_sub_position/state/command
2023-01-07	14:44:24.440 INFO     279256nanosecs 		for topic=open_manipulator/joint4_position/command/data
2023-01-07	14:44:26.389 INFO     124434nanosecs 		for topic=open_manipulator/joint1_position/command/data
2023-01-07	14:44:26.400 INFO     226395nanosecs 		for topic=open_manipulator/joint2_position/command/data
2023-01-07	14:44:26.411 INFO     171705nanosecs 		for topic=open_manipulator/gripper_position/command/data
2023-01-07	14:44:27.218 INFO     285276nanosecs 		for topic=open_manipulator/states/open_manipulator_actuator_state
2023-01-07	14:44:28.699 INFO     214423nanosecs 		for topic=open_manipulator/gripper/kinematics_pose/pose/position/z
2023-01-07	14:44:29.242 INFO     548873nanosecs 		for topic=open_manipulator/joint3_position/command/data
2023-01-07	14:44:29.804 INFO     173044nanosecs 		for topic=open_manipulator/gripper_sub_position/command/data
2023-01-07	14:44:31.889 INFO     224365nanosecs 		for topic=open_manipulator/joint_states/effort
2023-01-07	14:44:32.796 INFO     406169nanosecs 		for topic=open_manipulator/gripper_position/state/process_value_dot
2023-01-07	14:44:34.028 INFO     191604nanosecs 		for topic=open_manipulator/joint4_position/command/data
2023-01-07	14:44:38.116 INFO     315857nanosecs 		for topic=open_manipulator/joint1_position/command/data
2023-01-07	14:44:38.676 INFO     236875nanosecs 		for topic=open_manipulator/joint2_position/command/data
2023-01-07	14:44:40.660 INFO     281855nanosecs 		for topic=open_manipulator/gripper_sub_position/state/command
2023-01-07	14:44:40.671 INFO     257026nanosecs 		for topic=open_manipulator/gripper_position/command/data
2023-01-07	14:44:41.847 INFO     332377nanosecs 		for topic=open_manipulator/states/open_manipulator_actuator_state
2023-01-07	14:44:43.512 INFO     356577nanosecs 		for topic=open_manipulator/joint3_position/command/data
2023-01-07	14:44:43.680 INFO     301926nanosecs 		for topic=open_manipulator/gripper_sub_position/command/data
2023-01-07	14:44:44.315 INFO     190534nanosecs 		for topic=open_manipulator/gripper/kinematics_pose/pose/position/z
2023-01-07	14:44:45.160 INFO     191805nanosecs 		for topic=open_manipulator/joint_states/effort
2023-01-07	14:44:46.043 INFO     244166nanosecs 		for topic=open_manipulator/joint4_position/command/data
2023-01-07	14:44:47.508 INFO     305047nanosecs 		for topic=open_manipulator/gripper_position/state/process_value_dot
2023-01-07	14:44:49.610 INFO     591302nanosecs 		for topic=open_manipulator/joint1_position/command/data
2023-01-07	14:44:49.845 INFO     327887nanosecs 		for topic=open_manipulator/states/open_manipulator_actuator_state
2023-01-07	14:44:49.967 INFO     230425nanosecs 		for topic=open_manipulator/gripper_position/command/data
2023-01-07	14:44:50.706 INFO     337367nanosecs 		for topic=open_manipulator/joint2_position/command/data
2023-01-07	14:44:50.960 INFO     322537nanosecs 		for topic=open_manipulator/joint3_position/command/data
2023-01-07	14:44:51.874 INFO     282996nanosecs 		for topic=open_manipulator/gripper/kinematics_pose/pose/position/z
2023-01-07	14:44:51.880 INFO     284607nanosecs 		for topic=open_manipulator/gripper_sub_position/state/command
2023-01-07	14:44:51.880 INFO     215154nanosecs 		for topic=open_manipulator/gripper_sub_position/command/data
2023-01-07	14:44:52.358 INFO     239665nanosecs 		for topic=open_manipulator/joint4_position/command/data
2023-01-07	14:44:52.358 INFO     324347nanosecs 		for topic=open_manipulator/joint_states/effort
2023-01-07	14:44:54.754 INFO     373158nanosecs 		for topic=open_manipulator/states/open_manipulator_actuator_state
2023-01-07	14:44:55.116 INFO     184484nanosecs 		for topic=open_manipulator/gripper_position/command/data
2023-01-07	14:44:56.270 INFO     338428nanosecs 		for topic=open_manipulator/gripper_position/state/process_value_dot
2023-01-07	14:44:57.920 INFO     228524nanosecs 		for topic=open_manipulator/gripper/kinematics_pose/pose/position/z
2023-01-07	14:44:58.232 INFO     322048nanosecs 		for topic=open_manipulator/joint2_position/command/data
2023-01-07	14:44:58.350 INFO     229405nanosecs 		for topic=open_manipulator/joint3_position/command/data
2023-01-07	14:44:58.356 INFO     322247nanosecs 		for topic=open_manipulator/joint1_position/command/data
2023-01-07	14:45:00.123 INFO     347008nanosecs 		for topic=open_manipulator/gripper_sub_position/state/command
2023-01-07	14:45:00.128 INFO     239405nanosecs 		for topic=open_manipulator/gripper_sub_position/command/data
2023-01-07	14:45:00.785 INFO     204224nanosecs 		for topic=open_manipulator/joint4_position/command/data
2023-01-07	14:45:02.713 INFO     310566nanosecs 		for topic=open_manipulator/joint_states/effort
2023-01-07	14:45:03.505 INFO     220795nanosecs 		for topic=open_manipulator/gripper_position/command/data
2023-01-07	14:45:04.462 INFO     308418nanosecs 		for topic=open_manipulator/states/open_manipulator_actuator_state
2023-01-07	14:45:07.035 INFO     304118nanosecs 		for topic=open_manipulator/gripper/kinematics_pose/pose/position/z
2023-01-07	14:45:08.403 INFO     217625nanosecs 		for topic=open_manipulator/joint4_position/command/data
2023-01-07	14:45:08.563 INFO     331738nanosecs 		for topic=open_manipulator/joint2_position/command/data
2023-01-07	14:45:08.564 INFO     157544nanosecs 		for topic=open_manipulator/joint3_position/command/data
2023-01-07	14:45:08.570 INFO     207855nanosecs 		for topic=open_manipulator/gripper_sub_position/command/data
2023-01-07	14:45:09.177 INFO     336487nanosecs 		for topic=open_manipulator/gripper_position/state/process_value_dot
2023-01-07	14:45:09.276 INFO     261335nanosecs 		for topic=open_manipulator/gripper_sub_position/state/command
2023-01-07	14:45:09.276 INFO     360427nanosecs 		for topic=open_manipulator/joint_states/effort
2023-01-07	14:45:09.498 INFO     257125nanosecs 		for topic=open_manipulator/gripper_position/command/data
2023-01-07	14:45:11.001 INFO     311286nanosecs 		for topic=open_manipulator/states/open_manipulator_actuator_state
2023-01-07	14:45:11.059 INFO     285936nanosecs 		for topic=open_manipulator/joint1_position/command/data
2023-01-07	14:45:12.366 INFO     344897nanosecs 		for topic=open_manipulator/gripper/kinematics_pose/pose/position/z
2023-01-07	14:45:13.224 INFO     192784nanosecs 		for topic=open_manipulator/joint4_position/command/data
2023-01-07	14:45:15.861 INFO     331057nanosecs 		for topic=open_manipulator/joint3_position/command/data
2023-01-07	14:45:15.867 INFO     251755nanosecs 		for topic=open_manipulator/gripper_sub_position/command/data
2023-01-07	14:45:16.046 INFO     306247nanosecs 		for topic=open_manipulator/joint2_position/command/data
2023-01-07	14:45:17.643 INFO     361288nanosecs 		for topic=open_manipulator/gripper_position/state/process_value_dot
2023-01-07	14:45:18.057 INFO     161183nanosecs 		for topic=open_manipulator/gripper_sub_position/state/command
2023-01-07	14:45:18.341 INFO     315537nanosecs 		for topic=open_manipulator/joint_states/effort
2023-01-07	14:45:19.097 INFO     276215nanosecs 		for topic=open_manipulator/gripper_position/command/data
2023-01-07	14:45:20.089 INFO     323007nanosecs 		for topic=open_manipulator/states/open_manipulator_actuator_state
2023-01-07	14:45:22.672 INFO     335336nanosecs 		for topic=open_manipulator/gripper/kinematics_pose/pose/position/z
2023-01-07	14:45:23.515 INFO     292936nanosecs 		for topic=open_manipulator/joint4_position/command/data
2023-01-07	14:45:24.137 INFO     337147nanosecs 		for topic=open_manipulator/joint1_position/command/data
2023-01-07	14:45:24.486 INFO     155833nanosecs 		for topic=open_manipulator/joint3_position/command/data
2023-01-07	14:45:25.995 INFO     129443nanosecs 		for topic=open_manipulator/gripper_sub_position/command/data
2023-01-07	14:45:26.979 INFO     237385nanosecs 		for topic=open_manipulator/joint2_position/command/data
2023-01-07	14:45:27.571 INFO     291396nanosecs 		for topic=open_manipulator/gripper_position/state/process_value_dot
2023-01-07	14:45:27.991 INFO     305176nanosecs 		for topic=open_manipulator/joint_states/effort
2023-01-07	14:45:28.222 INFO     258105nanosecs 		for topic=open_manipulator/gripper_sub_position/state/command
2023-01-07	14:45:28.335 INFO     222745nanosecs 		for topic=open_manipulator/gripper_position/command/data
2023-01-07	14:45:29.039 INFO     380389nanosecs 		for topic=open_manipulator/gripper/kinematics_pose/pose/position/z
2023-01-07	14:45:29.039 INFO     133584nanosecs 		for topic=open_manipulator/states/open_manipulator_actuator_state
2023-01-07	14:45:29.039 INFO     258625nanosecs 		for topic=open_manipulator/joint4_position/command/data
2023-01-07	14:45:29.356 INFO     313387nanosecs 		for topic=open_manipulator/gripper_sub_position/command/data
2023-01-07	14:45:30.282 INFO     173654nanosecs 		for topic=open_manipulator/joint3_position/command/data
2023-01-07	14:45:32.585 INFO     330386nanosecs 		for topic=open_manipulator/joint_states/effort
2023-01-07	14:45:32.989 INFO     384778nanosecs 		for topic=open_manipulator/gripper_position/state/process_value_dot
2023-01-07	14:45:33.103 INFO     311918nanosecs 		for topic=open_manipulator/joint1_position/command/data
2023-01-07	14:45:33.503 INFO     332628nanosecs 		for topic=open_manipulator/joint2_position/command/data
2023-01-07	14:45:35.037 INFO     298036nanosecs 		for topic=open_manipulator/gripper_position/command/data
2023-01-07	14:45:35.209 INFO     287696nanosecs 		for topic=open_manipulator/states/open_manipulator_actuator_state
2023-01-07	14:45:35.791 INFO     258846nanosecs 		for topic=open_manipulator/joint4_position/command/data
2023-01-07	14:45:36.246 INFO     346027nanosecs 		for topic=open_manipulator/gripper/kinematics_pose/pose/position/z
2023-01-07	14:45:36.864 INFO     231435nanosecs 		for topic=open_manipulator/gripper_sub_position/state/command
2023-01-07	14:45:37.878 INFO     292616nanosecs 		for topic=open_manipulator/gripper_sub_position/command/data
2023-01-07	14:45:39.271 INFO     274826nanosecs 		for topic=open_manipulator/joint_states/effort
2023-01-07	14:45:39.518 INFO     280096nanosecs 		for topic=open_manipulator/gripper_position/command/data
2023-01-07	14:45:40.378 INFO     253226nanosecs 		for topic=open_manipulator/states/open_manipulator_actuator_state
2023-01-07	14:45:40.379 INFO     300878nanosecs 		for topic=open_manipulator/joint4_position/command/data
2023-01-07	14:45:40.529 INFO     277486nanosecs 		for topic=open_manipulator/joint3_position/command/data
2023-01-07	14:45:40.761 INFO     381728nanosecs 		for topic=open_manipulator/gripper_position/state/process_value_dot
2023-01-07	14:45:42.115 INFO     296106nanosecs 		for topic=open_manipulator/joint1_position/command/data
2023-01-07	14:45:42.376 INFO     294816nanosecs 		for topic=open_manipulator/joint2_position/command/data
2023-01-07	14:45:42.849 INFO     322218nanosecs 		for topic=open_manipulator/gripper/kinematics_pose/pose/position/z
2023-01-07	14:45:42.849 INFO     188214nanosecs 		for topic=open_manipulator/states/open_manipulator_actuator_state
2023-01-07	14:45:42.937 INFO     208985nanosecs 		for topic=open_manipulator/joint_states/effort
2023-01-07	14:45:42.943 INFO     328977nanosecs 		for topic=open_manipulator/gripper_position/command/data
2023-01-07	14:45:43.557 INFO     257165nanosecs 		for topic=open_manipulator/gripper_sub_position/state/command
2023-01-07	14:45:43.557 INFO     229625nanosecs 		for topic=open_manipulator/joint4_position/command/data
2023-01-07	14:45:43.620 INFO     244215nanosecs 		for topic=open_manipulator/gripper_sub_position/command/data
2023-01-07	14:45:45.871 INFO     212605nanosecs 		for topic=open_manipulator/joint3_position/command/data
2023-01-07	14:45:46.830 INFO     357578nanosecs 		for topic=open_manipulator/gripper_position/state/process_value_dot
2023-01-07	14:45:48.050 INFO     321857nanosecs 		for topic=open_manipulator/joint2_position/command/data
2023-01-07	14:45:48.115 INFO     291566nanosecs 		for topic=open_manipulator/joint1_position/command/data
2023-01-07	14:45:48.331 INFO     300997nanosecs 		for topic=open_manipulator/states/open_manipulator_actuator_state
2023-01-07	14:45:49.199 INFO     355658nanosecs 		for topic=open_manipulator/gripper/kinematics_pose/pose/position/z
2023-01-07	14:45:49.608 INFO     373317nanosecs 		for topic=open_manipulator/joint_states/effort
2023-01-07	14:45:49.991 INFO     308157nanosecs 		for topic=open_manipulator/gripper_position/command/data
2023-01-07	14:45:51.092 INFO     247586nanosecs 		for topic=open_manipulator/joint4_position/command/data
2023-01-07	14:45:52.193 INFO     256626nanosecs 		for topic=open_manipulator/gripper_sub_position/state/command
2023-01-07	14:45:53.634 INFO     171853nanosecs 		for topic=open_manipulator/gripper_sub_position/command/data
2023-01-07	14:45:54.761 INFO     353877nanosecs 		for topic=open_manipulator/joint3_position/command/data
2023-01-07	14:45:55.256 INFO     332148nanosecs 		for topic=open_manipulator/gripper_position/state/process_value_dot
2023-01-07	14:45:55.626 INFO     289446nanosecs 		for topic=open_manipulator/states/open_manipulator_actuator_state
2023-01-07	14:45:55.887 INFO     288646nanosecs 		for topic=open_manipulator/joint2_position/command/data
2023-01-07	14:45:57.734 INFO     318466nanosecs 		for topic=open_manipulator/joint_states/effort
2023-01-07	14:45:57.959 INFO     317467nanosecs 		for topic=open_manipulator/joint1_position/command/data
2023-01-07	14:45:58.547 INFO     369488nanosecs 		for topic=open_manipulator/gripper/kinematics_pose/pose/position/z
2023-01-07	14:45:59.176 INFO     426378nanosecs 		for topic=open_manipulator/gripper_position/command/data
2023-01-07	14:46:00.182 INFO     233425nanosecs 		for topic=open_manipulator/joint4_position/command/data
2023-01-07	14:46:00.439 INFO     206235nanosecs 		for topic=open_manipulator/gripper_sub_position/command/data
2023-01-07	14:46:02.173 INFO     322237nanosecs 		for topic=open_manipulator/gripper_sub_position/state/command
2023-01-07	14:46:03.171 INFO     192256636nanosecs 		for topic=open_manipulator/joint3_position/command/data
2023-01-07	14:46:03.396 INFO     145613nanosecs 		for topic=open_manipulator/states/open_manipulator_actuator_state
2023-01-07	14:46:04.947 INFO     175275nanosecs 		for topic=open_manipulator/gripper_position/state/process_value_dot
2023-01-07	14:46:06.921 INFO     326777nanosecs 		for topic=open_manipulator/joint_states/effort
2023-01-07	14:46:07.627 INFO     250457nanosecs 		for topic=open_manipulator/joint2_position/command/data
2023-01-07	14:46:07.627 INFO     501581nanosecs 		for topic=open_manipulator/gripper/kinematics_pose/pose/position/z
2023-01-07	14:46:09.896 INFO     315637nanosecs 		for topic=open_manipulator/joint1_position/command/data
2023-01-07	14:46:10.447 INFO     156163nanosecs 		for topic=open_manipulator/joint4_position/command/data
2023-01-07	14:46:10.447 INFO     173013nanosecs 		for topic=open_manipulator/gripper_position/command/data
2023-01-07	14:46:13.768 INFO     311697nanosecs 		for topic=open_manipulator/gripper_sub_position/command/data
2023-01-07	14:46:14.868 INFO     342736nanosecs 		for topic=open_manipulator/gripper_sub_position/state/command
2023-01-07	14:46:15.286 INFO     286697nanosecs 		for topic=open_manipulator/states/open_manipulator_actuator_state
2023-01-07	14:46:16.081 INFO     333207nanosecs 		for topic=open_manipulator/joint3_position/command/data
2023-01-07	14:46:16.607 INFO     431069nanosecs 		for topic=open_manipulator/joint_states/effort
2023-01-07	14:46:17.594 INFO     333377nanosecs 		for topic=open_manipulator/gripper_position/state/process_value_dot
2023-01-07	14:46:17.600 INFO     242736nanosecs 		for topic=open_manipulator/gripper/kinematics_pose/pose/position/z
2023-01-07	14:46:18.945 INFO     196574nanosecs 		for topic=open_manipulator/joint4_position/command/data
2023-01-07	14:46:19.480 INFO     316027nanosecs 		for topic=open_manipulator/gripper_sub_position/command/data
2023-01-07	14:46:19.707 INFO     259286nanosecs 		for topic=open_manipulator/joint2_position/command/data
2023-01-07	14:46:20.343 INFO     182594nanosecs 		for topic=open_manipulator/gripper_position/command/data
2023-01-07	14:46:20.540 INFO     343238nanosecs 		for topic=open_manipulator/states/open_manipulator_actuator_state
2023-01-07	14:46:21.793 INFO     297097nanosecs 		for topic=open_manipulator/joint1_position/command/data
2023-01-07	14:46:22.102 INFO     170523nanosecs 		for topic=open_manipulator/joint3_position/command/data
2023-01-07	14:46:22.185 INFO     228275nanosecs 		for topic=open_manipulator/joint_states/effort
2023-01-07	14:46:22.989 INFO     604332nanosecs 		for topic=open_manipulator/gripper_sub_position/state/command
2023-01-07	14:46:23.783 INFO     296937nanosecs 		for topic=open_manipulator/gripper/kinematics_pose/pose/position/z
2023-01-07	14:46:24.402 INFO     146413nanosecs 		for topic=open_manipulator/joint4_position/command/data
2023-01-07	14:46:24.888 INFO     280636nanosecs 		for topic=open_manipulator/gripper_sub_position/command/data
2023-01-07	14:46:24.931 INFO     202863nanosecs 		for topic=open_manipulator/gripper_position/state/process_value_dot
2023-01-07	14:46:24.962 INFO     217446nanosecs 		for topic=open_manipulator/gripper_position/command/data
2023-01-07	14:46:25.911 INFO     256135nanosecs 		for topic=open_manipulator/states/open_manipulator_actuator_state
2023-01-07	14:46:27.582 INFO     258445nanosecs 		for topic=open_manipulator/joint2_position/command/data
2023-01-07	14:46:27.587 INFO     299956nanosecs 		for topic=open_manipulator/joint3_position/command/data
2023-01-07	14:46:27.915 INFO     284465nanosecs 		for topic=open_manipulator/joint_states/effort
2023-01-07	14:46:28.719 INFO     270955nanosecs 		for topic=open_manipulator/joint1_position/command/data
2023-01-07	14:46:29.130 INFO     165123nanosecs 		for topic=open_manipulator/joint4_position/command/data
2023-01-07	14:46:29.848 INFO     343247nanosecs 		for topic=open_manipulator/gripper_sub_position/state/command
2023-01-07	14:46:29.859 INFO     245245nanosecs 		for topic=open_manipulator/gripper/kinematics_pose/pose/position/z
2023-01-07	14:46:29.860 INFO     345438nanosecs 		for topic=open_manipulator/gripper_sub_position/command/data
2023-01-07	14:46:30.082 INFO     268886nanosecs 		for topic=open_manipulator/gripper_position/command/data
2023-01-07	14:46:30.491 INFO     280766nanosecs 		for topic=open_manipulator/states/open_manipulator_actuator_state
2023-01-07	14:46:32.286 INFO     288447nanosecs 		for topic=open_manipulator/joint2_position/command/data
2023-01-07	14:46:32.293 INFO     233796nanosecs 		for topic=open_manipulator/gripper_position/state/process_value_dot
2023-01-07	14:46:32.546 INFO     277806nanosecs 		for topic=open_manipulator/joint3_position/command/data
2023-01-07	14:46:33.011 INFO     327207nanosecs 		for topic=open_manipulator/joint_states/effort